#
# There is insufficient memory for the Java Runtime Environment to continue.
# Native memory allocation (mmap) failed to map 239075328 bytes for committing reserved memory.
# Possible reasons:
#   The system is out of physical RAM or swap space
#   In 32 bit mode, the process size limit was hit
# Possible solutions:
#   Reduce memory load on the system
#   Increase physical memory or swap space
#   Check if swap backing store is full
#   Use 64 bit Java on a 64 bit OS
#   Decrease Java heap size (-Xmx/-Xms)
#   Decrease number of Java threads
#   Decrease Java thread stack sizes (-Xss)
#   Set larger code cache with -XX:ReservedCodeCacheSize=
# This output file may be truncated or incomplete.
#
#  Out of Memory Error (os_linux.cpp:2627), pid=13128, tid=139882850653952
#
# JRE version: Java(TM) SE Runtime Environment (8.0_73-b02) (build 1.8.0_73-b02)
# Java VM: Java HotSpot(TM) 64-Bit Server VM (25.73-b02 mixed mode linux-amd64 compressed oops)
# Failed to write core dump. Core dumps have been disabled. To enable core dumping, try "ulimit -c unlimited" before starting Java again
#

---------------  T H R E A D  ---------------

Current thread (0x00007f391c074000):  VMThread [stack: 0x00007f39038f9000,0x00007f39039fa000] [id=13136]

Stack: [0x00007f39038f9000,0x00007f39039fa000],  sp=0x00007f39039f8260,  free space=1020k
Native frames: (J=compiled Java code, j=interpreted, Vv=VM code, C=native code)
V  [libjvm.so+0xaba71a]  VMError::report_and_die()+0x2ba
V  [libjvm.so+0x4f9ecb]  report_vm_out_of_memory(char const*, int, unsigned long, VMErrorType, char const*)+0x8b
V  [libjvm.so+0x91b553]  os::Linux::commit_memory_impl(char*, unsigned long, bool)+0x103
V  [libjvm.so+0x91baa9]  os::pd_commit_memory(char*, unsigned long, unsigned long, bool)+0x29
V  [libjvm.so+0x915dba]  os::commit_memory(char*, unsigned long, unsigned long, bool)+0x2a
V  [libjvm.so+0x989463]  PSVirtualSpace::expand_by(unsigned long)+0x53
V  [libjvm.so+0x979d50]  PSOldGen::expand(unsigned long)+0x170
V  [libjvm.so+0x979f5b]  PSOldGen::resize(unsigned long)+0x1cb
V  [libjvm.so+0x981c31]  PSParallelCompact::invoke_no_policy(bool)+0x991
V  [libjvm.so+0x98758d]  PSScavenge::invoke()+0x1ad
V  [libjvm.so+0x93f1b0]  ParallelScavengeHeap::failed_mem_allocate(unsigned long)+0x70
V  [libjvm.so+0xabc137]  VM_ParallelGCFailedAllocation::doit()+0x97
V  [libjvm.so+0xac3b65]  VM_Operation::evaluate()+0x55
V  [libjvm.so+0xac1f3a]  VMThread::evaluate_operation(VM_Operation*)+0xba
V  [libjvm.so+0xac22be]  VMThread::loop()+0x1ce
V  [libjvm.so+0xac2730]  VMThread::run()+0x70
V  [libjvm.so+0x91d918]  java_start(Thread*)+0x108

VM_Operation (0x00007f390291ae80): ParallelGCFailedAllocation, mode: safepoint, requested by thread 0x00007f391c116000


---------------  P R O C E S S  ---------------

Java Threads: ( => current thread )
  0x00007f391c116000 JavaThread "pool-1-thread-1" [_thread_blocked, id=13166, stack(0x00007f390281c000,0x00007f390291d000)]
  0x00007f391c1a0000 JavaThread "pool-2-thread-4" [_thread_blocked, id=13148, stack(0x00007f390291d000,0x00007f3902a1e000)]
  0x00007f391c19e000 JavaThread "pool-2-thread-3" [_thread_blocked, id=13147, stack(0x00007f3902a1e000,0x00007f3902b1f000)]
  0x00007f391c19c800 JavaThread "pool-2-thread-2" [_thread_blocked, id=13146, stack(0x00007f3902b1f000,0x00007f3902c20000)]
  0x00007f391c19b800 JavaThread "pool-3-thread-1" [_thread_blocked, id=13145, stack(0x00007f3902c20000,0x00007f3902d21000)]
  0x00007f391c199000 JavaThread "pool-2-thread-1" [_thread_blocked, id=13144, stack(0x00007f3902d21000,0x00007f3902e22000)]
  0x00007f391c0ba000 JavaThread "Service Thread" daemon [_thread_blocked, id=13142, stack(0x00007f390302a000,0x00007f390312b000)]
  0x00007f391c0b7000 JavaThread "C1 CompilerThread1" daemon [_thread_blocked, id=13141, stack(0x00007f390312b000,0x00007f390322c000)]
  0x00007f391c0b4000 JavaThread "C2 CompilerThread0" daemon [_thread_blocked, id=13140, stack(0x00007f390322c000,0x00007f390332d000)]
  0x00007f391c0b2800 JavaThread "Signal Dispatcher" daemon [_thread_blocked, id=13139, stack(0x00007f390332d000,0x00007f390342e000)]
  0x00007f391c07b000 JavaThread "Finalizer" daemon [_thread_blocked, id=13138, stack(0x00007f39036f7000,0x00007f39037f8000)]
  0x00007f391c079000 JavaThread "Reference Handler" daemon [_thread_blocked, id=13137, stack(0x00007f39037f8000,0x00007f39038f9000)]
  0x00007f391c00a000 JavaThread "main" [_thread_blocked, id=13133, stack(0x00007f3923d5b000,0x00007f3923e5c000)]

Other Threads:
=>0x00007f391c074000 VMThread [stack: 0x00007f39038f9000,0x00007f39039fa000] [id=13136]
  0x00007f391c0bd000 WatcherThread [stack: 0x00007f3902f29000,0x00007f390302a000] [id=13143]

VM state:at safepoint (normal execution)

VM Mutex/Monitor currently owned by a thread:  ([mutex/lock_event])
[0x00007f391c006050] ExpandHeap_lock - owner thread: 0x00007f391c074000
[0x00007f391c0066d0] Threads_lock - owner thread: 0x00007f391c074000
[0x00007f391c006bd0] Heap_lock - owner thread: 0x00007f391c116000

Heap:
 PSYoungGen      total 465920K, used 0K [0x00000000d5580000, 0x0000000100000000, 0x0000000100000000)
  eden space 232960K, 0% used [0x00000000d5580000,0x00000000d5580000,0x00000000e3900000)
  from space 232960K, 0% used [0x00000000e3900000,0x00000000e3900000,0x00000000f1c80000)
  to   space 232960K, 0% used [0x00000000f1c80000,0x00000000f1c80000,0x0000000100000000)
 ParOldGen       total 929280K, used 877905K [0x0000000080000000, 0x00000000b8b80000, 0x00000000d5580000)
  object space 929280K, 94% used [0x0000000080000000,0x00000000b59547d0,0x00000000b8b80000)
 Metaspace       used 6716K, capacity 7384K, committed 7680K, reserved 1056768K
  class space    used 622K, capacity 656K, committed 768K, reserved 1048576K

Card table byte_map: [0x00007f3920724000,0x00007f3920b25000] byte_map_base: 0x00007f3920324000

Marking Bits: (ParMarkBitMap*) 0x00007f392323a100
 Begin Bits: [0x00007f3909000000, 0x00007f390b000000)
 End Bits:   [0x00007f390b000000, 0x00007f390d000000)

Polling page: 0x00007f3923e82000

CodeCache: size=245760Kb used=12301Kb max_used=13067Kb free=233458Kb
 bounds [0x00007f390d000000, 0x00007f390dd00000, 0x00007f391c000000]
 total_blobs=2780 nmethods=2512 adapters=182
 compilation: enabled

Compilation events (10 events):
Event: 64.400 Thread 0x00007f391c0b7000 3173 %     3       com.android.dx.dex.file.TypeListItem::addContents @ 18 (47 bytes)
Event: 64.401 Thread 0x00007f391c0b7000 nmethod 3173% 0x00007f390d852e50 code [0x00007f390d853000, 0x00007f390d853588]
Event: 64.405 Thread 0x00007f391c0b7000 3174       3       com.android.dx.dex.file.TypeListItem::addContents (47 bytes)
Event: 64.405 Thread 0x00007f391c0b7000 nmethod 3174 0x00007f390d754c50 code [0x00007f390d754e00, 0x00007f390d755308]
Event: 64.412 Thread 0x00007f391c0b7000 3175       1       com.android.dx.dex.file.IdItem::getDefiningClass (5 bytes)
Event: 64.412 Thread 0x00007f391c0b7000 nmethod 3175 0x00007f390d425210 code [0x00007f390d425360, 0x00007f390d425470]
Event: 64.412 Thread 0x00007f391c0b7000 3176       2       com.android.dx.dex.file.TypeIdItem::addContents (16 bytes)
Event: 64.412 Thread 0x00007f391c0b7000 nmethod 3176 0x00007f390d754490 code [0x00007f390d754620, 0x00007f390d7549c8]
Event: 64.412 Thread 0x00007f391c0b7000 3177       2       com.android.dx.rop.cst.CstType::getDescriptor (30 bytes)
Event: 64.413 Thread 0x00007f391c0b7000 nmethod 3177 0x00007f390d23cad0 code [0x00007f390d23cc40, 0x00007f390d23ce48]

GC Heap History (10 events):
Event: 58.735 GC heap after
Heap after GC invocations=32 (full 7):
 PSYoungGen      total 468480K, used 167228K [0x00000000d5580000, 0x0000000100000000, 0x0000000100000000)
  eden space 253952K, 0% used [0x00000000d5580000,0x00000000d5580000,0x00000000e4d80000)
  from space 214528K, 77% used [0x00000000e4d80000,0x00000000ef0cf348,0x00000000f1f00000)
  to   space 229376K, 0% used [0x00000000f2000000,0x00000000f2000000,0x0000000100000000)
 ParOldGen       total 929280K, used 667784K [0x0000000080000000, 0x00000000b8b80000, 0x00000000d5580000)
  object space 929280K, 71% used [0x0000000080000000,0x00000000a8c22228,0x00000000b8b80000)
 Metaspace       used 6584K, capacity 7320K, committed 7680K, reserved 1056768K
  class space    used 616K, capacity 656K, committed 768K, reserved 1048576K
}
Event: 59.639 GC heap before
{Heap before GC invocations=33 (full 7):
 PSYoungGen      total 468480K, used 421180K [0x00000000d5580000, 0x0000000100000000, 0x0000000100000000)
  eden space 253952K, 100% used [0x00000000d5580000,0x00000000e4d80000,0x00000000e4d80000)
  from space 214528K, 77% used [0x00000000e4d80000,0x00000000ef0cf348,0x00000000f1f00000)
  to   space 229376K, 0% used [0x00000000f2000000,0x00000000f2000000,0x0000000100000000)
 ParOldGen       total 929280K, used 668096K [0x0000000080000000, 0x00000000b8b80000, 0x00000000d5580000)
  object space 929280K, 71% used [0x0000000080000000,0x00000000a8c70238,0x00000000b8b80000)
 Metaspace       used 6612K, capacity 7320K, committed 7680K, reserved 1056768K
  class space    used 619K, capacity 656K, committed 768K, reserved 1048576K
Event: 59.907 GC heap after
Heap after GC invocations=33 (full 7):
 PSYoungGen      total 462336K, used 203346K [0x00000000d5580000, 0x0000000100000000, 0x0000000100000000)
  eden space 232960K, 0% used [0x00000000d5580000,0x00000000d5580000,0x00000000e3900000)
  from space 229376K, 88% used [0x00000000f2000000,0x00000000fe694850,0x0000000100000000)
  to   space 232960K, 0% used [0x00000000e3900000,0x00000000e3900000,0x00000000f1c80000)
 ParOldGen       total 929280K, used 668096K [0x0000000080000000, 0x00000000b8b80000, 0x00000000d5580000)
  object space 929280K, 71% used [0x0000000080000000,0x00000000a8c70238,0x00000000b8b80000)
 Metaspace       used 6612K, capacity 7320K, committed 7680K, reserved 1056768K
  class space    used 619K, capacity 656K, committed 768K, reserved 1048576K
}
Event: 60.692 GC heap before
{Heap before GC invocations=34 (full 7):
 PSYoungGen      total 462336K, used 436306K [0x00000000d5580000, 0x0000000100000000, 0x0000000100000000)
  eden space 232960K, 100% used [0x00000000d5580000,0x00000000e3900000,0x00000000e3900000)
  from space 229376K, 88% used [0x00000000f2000000,0x00000000fe694850,0x0000000100000000)
  to   space 232960K, 0% used [0x00000000e3900000,0x00000000e3900000,0x00000000f1c80000)
 ParOldGen       total 929280K, used 668098K [0x0000000080000000, 0x00000000b8b80000, 0x00000000d5580000)
  object space 929280K, 71% used [0x0000000080000000,0x00000000a8c709c8,0x00000000b8b80000)
 Metaspace       used 6663K, capacity 7384K, committed 7680K, reserved 1056768K
  class space    used 620K, capacity 656K, committed 768K, reserved 1048576K
Event: 61.031 GC heap after
Heap after GC invocations=34 (full 7):
 PSYoungGen      total 465920K, used 180476K [0x00000000d5580000, 0x0000000100000000, 0x0000000100000000)
  eden space 232960K, 0% used [0x00000000d5580000,0x00000000d5580000,0x00000000e3900000)
  from space 232960K, 77% used [0x00000000e3900000,0x00000000ee93f398,0x00000000f1c80000)
  to   space 232960K, 0% used [0x00000000f1c80000,0x00000000f1c80000,0x0000000100000000)
 ParOldGen       total 929280K, used 725663K [0x0000000080000000, 0x00000000b8b80000, 0x00000000d5580000)
  object space 929280K, 78% used [0x0000000080000000,0x00000000ac4a7de8,0x00000000b8b80000)
 Metaspace       used 6663K, capacity 7384K, committed 7680K, reserved 1056768K
  class space    used 620K, capacity 656K, committed 768K, reserved 1048576K
}
Event: 62.035 GC heap before
{Heap before GC invocations=35 (full 7):
 PSYoungGen      total 465920K, used 413436K [0x00000000d5580000, 0x0000000100000000, 0x0000000100000000)
  eden space 232960K, 100% used [0x00000000d5580000,0x00000000e3900000,0x00000000e3900000)
  from space 232960K, 77% used [0x00000000e3900000,0x00000000ee93f398,0x00000000f1c80000)
  to   space 232960K, 0% used [0x00000000f1c80000,0x00000000f1c80000,0x0000000100000000)
 ParOldGen       total 929280K, used 725663K [0x0000000080000000, 0x00000000b8b80000, 0x00000000d5580000)
  object space 929280K, 78% used [0x0000000080000000,0x00000000ac4a7de8,0x00000000b8b80000)
 Metaspace       used 6692K, capacity 7384K, committed 7680K, reserved 1056768K
  class space    used 622K, capacity 656K, committed 768K, reserved 1048576K
Event: 62.766 GC heap after
Heap after GC invocations=35 (full 7):
 PSYoungGen      total 465920K, used 145447K [0x00000000d5580000, 0x0000000100000000, 0x0000000100000000)
  eden space 232960K, 0% used [0x00000000d5580000,0x00000000d5580000,0x00000000e3900000)
  from space 232960K, 62% used [0x00000000f1c80000,0x00000000faa89da0,0x0000000100000000)
  to   space 232960K, 0% used [0x00000000e3900000,0x00000000e3900000,0x00000000f1c80000)
 ParOldGen       total 929280K, used 796049K [0x0000000080000000, 0x00000000b8b80000, 0x00000000d5580000)
  object space 929280K, 85% used [0x0000000080000000,0x00000000b09645d8,0x00000000b8b80000)
 Metaspace       used 6692K, capacity 7384K, committed 7680K, reserved 1056768K
  class space    used 622K, capacity 656K, committed 768K, reserved 1048576K
}
Event: 64.420 GC heap before
{Heap before GC invocations=36 (full 7):
 PSYoungGen      total 465920K, used 378407K [0x00000000d5580000, 0x0000000100000000, 0x0000000100000000)
  eden space 232960K, 100% used [0x00000000d5580000,0x00000000e3900000,0x00000000e3900000)
  from space 232960K, 62% used [0x00000000f1c80000,0x00000000faa89da0,0x0000000100000000)
  to   space 232960K, 0% used [0x00000000e3900000,0x00000000e3900000,0x00000000f1c80000)
 ParOldGen       total 929280K, used 796049K [0x0000000080000000, 0x00000000b8b80000, 0x00000000d5580000)
  object space 929280K, 85% used [0x0000000080000000,0x00000000b09645d8,0x00000000b8b80000)
 Metaspace       used 6716K, capacity 7384K, committed 7680K, reserved 1056768K
  class space    used 622K, capacity 656K, committed 768K, reserved 1048576K
Event: 65.152 GC heap after
Heap after GC invocations=36 (full 7):
 PSYoungGen      total 465920K, used 111631K [0x00000000d5580000, 0x0000000100000000, 0x0000000100000000)
  eden space 232960K, 0% used [0x00000000d5580000,0x00000000d5580000,0x00000000e3900000)
  from space 232960K, 47% used [0x00000000e3900000,0x00000000ea603cb8,0x00000000f1c80000)
  to   space 232960K, 0% used [0x00000000f1c80000,0x00000000f1c80000,0x0000000100000000)
 ParOldGen       total 929280K, used 868506K [0x0000000080000000, 0x00000000b8b80000, 0x00000000d5580000)
  object space 929280K, 93% used [0x0000000080000000,0x00000000b5026b10,0x00000000b8b80000)
 Metaspace       used 6716K, capacity 7384K, committed 7680K, reserved 1056768K
  class space    used 622K, capacity 656K, committed 768K, reserved 1048576K
}
Event: 65.152 GC heap before
{Heap before GC invocations=37 (full 8):
 PSYoungGen      total 465920K, used 111631K [0x00000000d5580000, 0x0000000100000000, 0x0000000100000000)
  eden space 232960K, 0% used [0x00000000d5580000,0x00000000d5580000,0x00000000e3900000)
  from space 232960K, 47% used [0x00000000e3900000,0x00000000ea603cb8,0x00000000f1c80000)
  to   space 232960K, 0% used [0x00000000f1c80000,0x00000000f1c80000,0x0000000100000000)
 ParOldGen       total 929280K, used 868506K [0x0000000080000000, 0x00000000b8b80000, 0x00000000d5580000)
  object space 929280K, 93% used [0x0000000080000000,0x00000000b5026b10,0x00000000b8b80000)
 Metaspace       used 6716K, capacity 7384K, committed 7680K, reserved 1056768K
  class space    used 622K, capacity 656K, committed 768K, reserved 1048576K

Deoptimization events (10 events):
Event: 59.927 Thread 0x00007f391c116000 Uncommon trap: reason=class_check action=maybe_recompile pc=0x00007f390d8834b4 method=java.util.Arrays.hashCode([Ljava/lang/Object;)I @ 43
Event: 59.927 Thread 0x00007f391c116000 Uncommon trap: reason=class_check action=maybe_recompile pc=0x00007f390d8834b4 method=java.util.Arrays.hashCode([Ljava/lang/Object;)I @ 43
Event: 59.927 Thread 0x00007f391c116000 Uncommon trap: reason=class_check action=maybe_recompile pc=0x00007f390d8834b4 method=java.util.Arrays.hashCode([Ljava/lang/Object;)I @ 43
Event: 60.518 Thread 0x00007f391c19e000 Uncommon trap: reason=unstable_if action=reinterpret pc=0x00007f390d3a532c method=com.android.dx.ssa.SCCP.replaceBranches()V @ 76
Event: 61.393 Thread 0x00007f391c1a0000 Uncommon trap: reason=unstable_if action=reinterpret pc=0x00007f390dcae048 method=com.android.dx.ssa.back.FirstFitLocalCombiningAllocator.findNextUnreservedRopReg(IILcom/android/dx/ssa/back/FirstFitLocalCombiningAllocator$Alignment;)I @ 32
Event: 61.588 Thread 0x00007f391c1a0000 Uncommon trap: reason=unstable_if action=reinterpret pc=0x00007f390d3f56f8 method=com.android.dx.dex.code.OutputFinisher.hasLocalInfo(Lcom/android/dx/dex/code/DalvInsn;)Z @ 24
Event: 61.676 Thread 0x00007f391c1a0000 Uncommon trap: reason=unstable_if action=reinterpret pc=0x00007f390d41392c method=com.android.dx.ssa.back.FirstFitLocalCombiningAllocator.findNextUnreservedRopReg(IILcom/android/dx/ssa/back/FirstFitLocalCombiningAllocator$Alignment;)I @ 32
Event: 61.819 Thread 0x00007f391c199000 Uncommon trap: reason=unstable_if action=reinterpret pc=0x00007f390d5c1088 method=com.android.dx.cf.code.Merger.mergeType(Lcom/android/dx/rop/type/TypeBearer;Lcom/android/dx/rop/type/TypeBearer;)Lcom/android/dx/rop/type/TypeBearer; @ 77
Event: 63.730 Thread 0x00007f391c19c800 Uncommon trap: reason=null_check action=make_not_entrant pc=0x00007f390dce9738 method=com.android.dx.dex.cf.AttributeTranslator.getAnnotations0(Lcom/android/dx/cf/iface/AttributeList;)Lcom/android/dx/rop/annotation/Annotations; @ 8
Event: 63.973 Thread 0x00007f391c19e000 Uncommon trap: reason=null_check action=make_not_entrant pc=0x00007f390d4a9ba8 method=com.android.dx.dex.file.MethodIdsSection.intern(Lcom/android/dx/rop/cst/CstBaseMethodRef;)Lcom/android/dx/dex/file/MethodIdItem; @ 26

Internal exceptions (7 events):
Event: 0.027 Thread 0x00007f391c00a000 Exception <a 'java/lang/NoSuchMethodError': Method sun.misc.Unsafe.defineClass(Ljava/lang/String;[BII)Ljava/lang/Class; name or signature does not match> (0x00000000d5592bf0) thrown at [/HUDSON3/workspace/8-2-build-linux-amd64/jdk8u73/6086/hotspot/src/sha
Event: 0.027 Thread 0x00007f391c00a000 Exception <a 'java/lang/NoSuchMethodError': Method sun.misc.Unsafe.prefetchRead(Ljava/lang/Object;J)V name or signature does not match> (0x00000000d5592ed8) thrown at [/HUDSON3/workspace/8-2-build-linux-amd64/jdk8u73/6086/hotspot/src/share/vm/prims/jni.cp
Event: 1.316 Thread 0x00007f391c19e000 Implicit null exception at 0x00007f390d2e8848 to 0x00007f390d2eaf39
Event: 1.759 Thread 0x00007f391c19c800 Exception <a 'java/lang/ArrayIndexOutOfBoundsException': 18> (0x00000000d6bbfb20) thrown at [/HUDSON3/workspace/8-2-build-linux-amd64/jdk8u73/6086/hotspot/src/share/vm/interpreter/interpreterRuntime.cpp, line 366]
Event: 1.759 Thread 0x00007f391c19c800 Exception <a 'java/lang/ArrayIndexOutOfBoundsException': 145> (0x00000000d6bc16a0) thrown at [/HUDSON3/workspace/8-2-build-linux-amd64/jdk8u73/6086/hotspot/src/share/vm/interpreter/interpreterRuntime.cpp, line 366]
Event: 1.760 Thread 0x00007f391c19c800 Exception <a 'java/lang/ArrayIndexOutOfBoundsException': 40> (0x00000000d6bc2988) thrown at [/HUDSON3/workspace/8-2-build-linux-amd64/jdk8u73/6086/hotspot/src/share/vm/interpreter/interpreterRuntime.cpp, line 366]
Event: 63.730 Thread 0x00007f391c19c800 Implicit null exception at 0x00007f390dce069c to 0x00007f390dce96f1

Events (10 events):
Event: 63.873 Thread 0x00007f391c0b7000 flushing nmethod 0x00007f390db36fd0
Event: 63.873 Thread 0x00007f391c0b7000 flushing nmethod 0x00007f390db73310
Event: 63.941 loading class com/android/dx/dex/file/ProtoIdItem
Event: 63.941 loading class com/android/dx/dex/file/ProtoIdItem done
Event: 63.973 Thread 0x00007f391c19e000 Uncommon trap: trap_request=0xfffffff4 fr.pc=0x00007f390d4a9ba8
Event: 63.973 Thread 0x00007f391c19e000 DEOPT PACKING pc=0x00007f390d4a9ba8 sp=0x00007f3902b1d370
Event: 63.973 Thread 0x00007f391c19e000 DEOPT UNPACKING pc=0x00007f390d005229 sp=0x00007f3902b1d2d0 mode 2
Event: 63.981 Thread 0x00007f391c19c800 DEOPT PACKING pc=0x00007f390d39f001 sp=0x00007f3902c1df40
Event: 63.981 Thread 0x00007f391c19c800 DEOPT UNPACKING pc=0x00007f390d047233 sp=0x00007f3902c1dcf0 mode 0
Event: 64.420 Executing VM operation: ParallelGCFailedAllocation


Dynamic libraries:
00400000-00401000 r-xp 00000000 08:06 1974662                            /home/adament/mkn/android/jdk1.8.0_73/bin/java
00600000-00601000 rw-p 00000000 08:06 1974662                            /home/adament/mkn/android/jdk1.8.0_73/bin/java
006ea000-0072f000 rw-p 00000000 00:00 0                                  [heap]
80000000-b8b80000 rw-p 00000000 00:00 0 
c6f80000-d5580000 ---p 00000000 00:00 0 
d5580000-100000000 rw-p 00000000 00:00 0 
100000000-1000c0000 rw-p 00000000 00:00 0 
1000c0000-140000000 ---p 00000000 00:00 0 
7f38c8000000-7f38c8034000 rw-p 00000000 00:00 0 
7f38c8034000-7f38cc000000 ---p 00000000 00:00 0 
7f38d0000000-7f38d0021000 rw-p 00000000 00:00 0 
7f38d0021000-7f38d4000000 ---p 00000000 00:00 0 
7f38d4000000-7f38d4021000 rw-p 00000000 00:00 0 
7f38d4021000-7f38d8000000 ---p 00000000 00:00 0 
7f38d8000000-7f38d8021000 rw-p 00000000 00:00 0 
7f38d8021000-7f38dc000000 ---p 00000000 00:00 0 
7f38dc000000-7f38dc049000 rw-p 00000000 00:00 0 
7f38dc049000-7f38e0000000 ---p 00000000 00:00 0 
7f38e0000000-7f38e0b1b000 rw-p 00000000 00:00 0 
7f38e0b1b000-7f38e4000000 ---p 00000000 00:00 0 
7f38e4000000-7f38e4021000 rw-p 00000000 00:00 0 
7f38e4021000-7f38e8000000 ---p 00000000 00:00 0 
7f38e8000000-7f38e8021000 rw-p 00000000 00:00 0 
7f38e8021000-7f38ec000000 ---p 00000000 00:00 0 
7f38ec000000-7f38ee29d000 rw-p 00000000 00:00 0 
7f38ee29d000-7f38f0000000 ---p 00000000 00:00 0 
7f38f0000000-7f38f0021000 rw-p 00000000 00:00 0 
7f38f0021000-7f38f4000000 ---p 00000000 00:00 0 
7f38f4000000-7f38f4021000 rw-p 00000000 00:00 0 
7f38f4021000-7f38f8000000 ---p 00000000 00:00 0 
7f38f8000000-7f38f82a6000 rw-p 00000000 00:00 0 
7f38f82a6000-7f38fc000000 ---p 00000000 00:00 0 
7f38fc000000-7f38fc021000 rw-p 00000000 00:00 0 
7f38fc021000-7f3900000000 ---p 00000000 00:00 0 
7f390281c000-7f390281f000 ---p 00000000 00:00 0 
7f390281f000-7f390291d000 rw-p 00000000 00:00 0                          [stack:13166]
7f390291d000-7f3902920000 ---p 00000000 00:00 0 
7f3902920000-7f3902a1e000 rw-p 00000000 00:00 0                          [stack:13148]
7f3902a1e000-7f3902a21000 ---p 00000000 00:00 0 
7f3902a21000-7f3902b1f000 rw-p 00000000 00:00 0                          [stack:13147]
7f3902b1f000-7f3902b22000 ---p 00000000 00:00 0 
7f3902b22000-7f3902c20000 rw-p 00000000 00:00 0                          [stack:13146]
7f3902c20000-7f3902c23000 ---p 00000000 00:00 0 
7f3902c23000-7f3902d21000 rw-p 00000000 00:00 0                          [stack:13145]
7f3902d21000-7f3902d24000 ---p 00000000 00:00 0 
7f3902d24000-7f3902e22000 rw-p 00000000 00:00 0                          [stack:13144]
7f3902e22000-7f3902f29000 r--s 00b5c000 08:06 3806456                    /home/adament/EstiloRobe/estiloRobe/build/intermediates/transforms/jarMerging/debug/jars/1/1f/combined.jar
7f3902f29000-7f3902f2a000 ---p 00000000 00:00 0 
7f3902f2a000-7f390302a000 rw-p 00000000 00:00 0                          [stack:13143]
7f390302a000-7f390302d000 ---p 00000000 00:00 0 
7f390302d000-7f390312b000 rw-p 00000000 00:00 0                          [stack:13142]
7f390312b000-7f390312e000 ---p 00000000 00:00 0 
7f390312e000-7f390322c000 rw-p 00000000 00:00 0                          [stack:13141]
7f390322c000-7f390322f000 ---p 00000000 00:00 0 
7f390322f000-7f390332d000 rw-p 00000000 00:00 0                          [stack:13140]
7f390332d000-7f3903330000 ---p 00000000 00:00 0 
7f3903330000-7f390342e000 rw-p 00000000 00:00 0                          [stack:13139]
7f390342e000-7f39036f7000 r--p 00000000 08:06 138881                     /usr/lib/locale/locale-archive
7f39036f7000-7f39036fa000 ---p 00000000 00:00 0 
7f39036fa000-7f39037f8000 rw-p 00000000 00:00 0                          [stack:13138]
7f39037f8000-7f39037fb000 ---p 00000000 00:00 0 
7f39037fb000-7f39038f9000 rw-p 00000000 00:00 0                          [stack:13137]
7f39038f9000-7f39038fa000 ---p 00000000 00:00 0 
7f39038fa000-7f3904000000 rw-p 00000000 00:00 0                          [stack:13136]
7f3904000000-7f3904021000 rw-p 00000000 00:00 0 
7f3904021000-7f3908000000 ---p 00000000 00:00 0 
7f390808d000-7f3908ac0000 rw-p 00000000 00:00 0 
7f3908ac0000-7f3908c00000 ---p 00000000 00:00 0 
7f3908c00000-7f390d000000 rw-p 00000000 00:00 0 
7f390d000000-7f390dd00000 rwxp 00000000 00:00 0 
7f390dd00000-7f391c000000 ---p 00000000 00:00 0 
7f391c000000-7f391c3a8000 rw-p 00000000 00:00 0 
7f391c3a8000-7f3920000000 ---p 00000000 00:00 0 
7f3920008000-7f3920029000 rw-p 00000000 00:00 0 
7f3920029000-7f3920201000 r--s 03d23000 08:06 2102216                    /home/adament/mkn/android/jdk1.8.0_73/jre/lib/rt.jar
7f3920201000-7f3920277000 rw-p 00000000 00:00 0 
7f3920277000-7f3920278000 ---p 00000000 00:00 0 
7f3920278000-7f3920378000 rw-p 00000000 00:00 0                          [stack:13135]
7f3920378000-7f3920379000 ---p 00000000 00:00 0 
7f3920379000-7f392063f000 rw-p 00000000 00:00 0                          [stack:13134]
7f392063f000-7f3920724000 ---p 00000000 00:00 0 
7f3920724000-7f39208ea000 rw-p 00000000 00:00 0 
7f39208ea000-7f39209ce000 ---p 00000000 00:00 0 
7f39209ce000-7f3920b24000 rw-p 00000000 00:00 0 
7f3920b24000-7f3920b59000 rw-p 00000000 00:00 0 
7f3920b59000-7f3920ee5000 ---p 00000000 00:00 0 
7f3920ee5000-7f3920eff000 r-xp 00000000 08:06 2493507                    /home/adament/mkn/android/jdk1.8.0_73/jre/lib/amd64/libzip.so
7f3920eff000-7f39210ff000 ---p 0001a000 08:06 2493507                    /home/adament/mkn/android/jdk1.8.0_73/jre/lib/amd64/libzip.so
7f39210ff000-7f3921100000 rw-p 0001a000 08:06 2493507                    /home/adament/mkn/android/jdk1.8.0_73/jre/lib/amd64/libzip.so
7f3921100000-7f392110b000 r-xp 00000000 08:06 2363499                    /lib/x86_64-linux-gnu/libnss_files-2.19.so
7f392110b000-7f392130a000 ---p 0000b000 08:06 2363499                    /lib/x86_64-linux-gnu/libnss_files-2.19.so
7f392130a000-7f392130b000 r--p 0000a000 08:06 2363499                    /lib/x86_64-linux-gnu/libnss_files-2.19.so
7f392130b000-7f392130c000 rw-p 0000b000 08:06 2363499                    /lib/x86_64-linux-gnu/libnss_files-2.19.so
7f392130c000-7f3921317000 r-xp 00000000 08:06 2363509                    /lib/x86_64-linux-gnu/libnss_nis-2.19.so
7f3921317000-7f3921516000 ---p 0000b000 08:06 2363509                    /lib/x86_64-linux-gnu/libnss_nis-2.19.so
7f3921516000-7f3921517000 r--p 0000a000 08:06 2363509                    /lib/x86_64-linux-gnu/libnss_nis-2.19.so
7f3921517000-7f3921518000 rw-p 0000b000 08:06 2363509                    /lib/x86_64-linux-gnu/libnss_nis-2.19.so
7f3921518000-7f392152f000 r-xp 00000000 08:06 2363493                    /lib/x86_64-linux-gnu/libnsl-2.19.so
7f392152f000-7f392172e000 ---p 00017000 08:06 2363493                    /lib/x86_64-linux-gnu/libnsl-2.19.so
7f392172e000-7f392172f000 r--p 00016000 08:06 2363493                    /lib/x86_64-linux-gnu/libnsl-2.19.so
7f392172f000-7f3921730000 rw-p 00017000 08:06 2363493                    /lib/x86_64-linux-gnu/libnsl-2.19.so
7f3921730000-7f3921732000 rw-p 00000000 00:00 0 
7f3921732000-7f392173b000 r-xp 00000000 08:06 2363495                    /lib/x86_64-linux-gnu/libnss_compat-2.19.so
7f392173b000-7f392193a000 ---p 00009000 08:06 2363495                    /lib/x86_64-linux-gnu/libnss_compat-2.19.so
7f392193a000-7f392193b000 r--p 00008000 08:06 2363495                    /lib/x86_64-linux-gnu/libnss_compat-2.19.so
7f392193b000-7f392193c000 rw-p 00009000 08:06 2363495                    /lib/x86_64-linux-gnu/libnss_compat-2.19.so
7f392193c000-7f3921966000 r-xp 00000000 08:06 2493472                    /home/adament/mkn/android/jdk1.8.0_73/jre/lib/amd64/libjava.so
7f3921966000-7f3921b66000 ---p 0002a000 08:06 2493472                    /home/adament/mkn/android/jdk1.8.0_73/jre/lib/amd64/libjava.so
7f3921b66000-7f3921b68000 rw-p 0002a000 08:06 2493472                    /home/adament/mkn/android/jdk1.8.0_73/jre/lib/amd64/libjava.so
7f3921b68000-7f3921b75000 r-xp 00000000 08:06 2493506                    /home/adament/mkn/android/jdk1.8.0_73/jre/lib/amd64/libverify.so
7f3921b75000-7f3921d75000 ---p 0000d000 08:06 2493506                    /home/adament/mkn/android/jdk1.8.0_73/jre/lib/amd64/libverify.so
7f3921d75000-7f3921d77000 rw-p 0000d000 08:06 2493506                    /home/adament/mkn/android/jdk1.8.0_73/jre/lib/amd64/libverify.so
7f3921d77000-7f3921d7e000 r-xp 00000000 08:06 2363552                    /lib/x86_64-linux-gnu/librt-2.19.so
7f3921d7e000-7f3921f7d000 ---p 00007000 08:06 2363552                    /lib/x86_64-linux-gnu/librt-2.19.so
7f3921f7d000-7f3921f7e000 r--p 00006000 08:06 2363552                    /lib/x86_64-linux-gnu/librt-2.19.so
7f3921f7e000-7f3921f7f000 rw-p 00007000 08:06 2363552                    /lib/x86_64-linux-gnu/librt-2.19.so
7f3921f7f000-7f3922084000 r-xp 00000000 08:06 2363474                    /lib/x86_64-linux-gnu/libm-2.19.so
7f3922084000-7f3922283000 ---p 00105000 08:06 2363474                    /lib/x86_64-linux-gnu/libm-2.19.so
7f3922283000-7f3922284000 r--p 00104000 08:06 2363474                    /lib/x86_64-linux-gnu/libm-2.19.so
7f3922284000-7f3922285000 rw-p 00105000 08:06 2363474                    /lib/x86_64-linux-gnu/libm-2.19.so
7f3922285000-7f3922f44000 r-xp 00000000 08:06 2624044                    /home/adament/mkn/android/jdk1.8.0_73/jre/lib/amd64/server/libjvm.so
7f3922f44000-7f3923143000 ---p 00cbf000 08:06 2624044                    /home/adament/mkn/android/jdk1.8.0_73/jre/lib/amd64/server/libjvm.so
7f3923143000-7f392321c000 rw-p 00cbe000 08:06 2624044                    /home/adament/mkn/android/jdk1.8.0_73/jre/lib/amd64/server/libjvm.so
7f392321c000-7f3923265000 rw-p 00000000 00:00 0 
7f3923265000-7f3923420000 r-xp 00000000 08:06 2363421                    /lib/x86_64-linux-gnu/libc-2.19.so
7f3923420000-7f3923620000 ---p 001bb000 08:06 2363421                    /lib/x86_64-linux-gnu/libc-2.19.so
7f3923620000-7f3923624000 r--p 001bb000 08:06 2363421                    /lib/x86_64-linux-gnu/libc-2.19.so
7f3923624000-7f3923626000 rw-p 001bf000 08:06 2363421                    /lib/x86_64-linux-gnu/libc-2.19.so
7f3923626000-7f392362b000 rw-p 00000000 00:00 0 
7f392362b000-7f392362e000 r-xp 00000000 08:06 2363438                    /lib/x86_64-linux-gnu/libdl-2.19.so
7f392362e000-7f392382d000 ---p 00003000 08:06 2363438                    /lib/x86_64-linux-gnu/libdl-2.19.so
7f392382d000-7f392382e000 r--p 00002000 08:06 2363438                    /lib/x86_64-linux-gnu/libdl-2.19.so
7f392382e000-7f392382f000 rw-p 00003000 08:06 2363438                    /lib/x86_64-linux-gnu/libdl-2.19.so
7f392382f000-7f3923844000 r-xp 00000000 08:06 2493603                    /home/adament/mkn/android/jdk1.8.0_73/lib/amd64/jli/libjli.so
7f3923844000-7f3923a44000 ---p 00015000 08:06 2493603                    /home/adament/mkn/android/jdk1.8.0_73/lib/amd64/jli/libjli.so
7f3923a44000-7f3923a45000 rw-p 00015000 08:06 2493603                    /home/adament/mkn/android/jdk1.8.0_73/lib/amd64/jli/libjli.so
7f3923a45000-7f3923a5e000 r-xp 00000000 08:06 2363544                    /lib/x86_64-linux-gnu/libpthread-2.19.so
7f3923a5e000-7f3923c5d000 ---p 00019000 08:06 2363544                    /lib/x86_64-linux-gnu/libpthread-2.19.so
7f3923c5d000-7f3923c5e000 r--p 00018000 08:06 2363544                    /lib/x86_64-linux-gnu/libpthread-2.19.so
7f3923c5e000-7f3923c5f000 rw-p 00019000 08:06 2363544                    /lib/x86_64-linux-gnu/libpthread-2.19.so
7f3923c5f000-7f3923c63000 rw-p 00000000 00:00 0 
7f3923c63000-7f3923c86000 r-xp 00000000 08:06 2363395                    /lib/x86_64-linux-gnu/ld-2.19.so
7f3923c8f000-7f3923d5b000 rw-p 00000000 00:00 0 
7f3923d5b000-7f3923d5e000 ---p 00000000 00:00 0 
7f3923d5e000-7f3923e60000 rw-p 00000000 00:00 0                          [stack:13133]
7f3923e69000-7f3923e6a000 rw-p 00000000 00:00 0 
7f3923e6a000-7f3923e79000 r--s 000df000 08:06 2493619                    /home/adament/mkn/android/sdk/build-tools/23.0.2/lib/dx.jar
7f3923e79000-7f3923e81000 rw-s 00000000 08:06 7477801                    /tmp/hsperfdata_adament/13128
7f3923e81000-7f3923e82000 rw-p 00000000 00:00 0 
7f3923e82000-7f3923e83000 ---p 00000000 00:00 0 
7f3923e83000-7f3923e85000 rw-p 00000000 00:00 0 
7f3923e85000-7f3923e86000 r--p 00022000 08:06 2363395                    /lib/x86_64-linux-gnu/ld-2.19.so
7f3923e86000-7f3923e87000 rw-p 00023000 08:06 2363395                    /lib/x86_64-linux-gnu/ld-2.19.so
7f3923e87000-7f3923e88000 rw-p 00000000 00:00 0 
7fff96f25000-7fff96f46000 rw-p 00000000 00:00 0                          [stack]
7fff96fc5000-7fff96fc7000 r-xp 00000000 00:00 0                          [vdso]
ffffffffff600000-ffffffffff601000 r-xp 00000000 00:00 0                  [vsyscall]

VM Arguments:
jvm_args: -Djava.awt.headless=true -Xmx2048M -Dfile.encoding=UTF-8 -Duser.country=IN -Duser.language=en -Duser.variant 
java_command: com.android.dx.command.Main --dex --num-threads=4 --multi-dex --main-dex-list /home/adament/EstiloRobe/estiloRobe/build/intermediates/multi-dex/debug/maindexlist.txt --output /home/adament/EstiloRobe/estiloRobe/build/intermediates/transforms/dex/debug/folders/1000/1f/main /home/adament/EstiloRobe/estiloRobe/build/intermediates/transforms/jarMerging/debug/jars/1/1f/combined.jar
java_class_path (initial): /home/adament/mkn/android/sdk/build-tools/23.0.2/lib/dx.jar
Launcher Type: SUN_STANDARD

Environment Variables:
JAVA_HOME=/home/adament/mkn/android/jdk1.8.0_73
PATH=/usr/local/sbin:/usr/local/bin:/usr/sbin:/usr/bin:/sbin:/bin:/usr/games:/usr/local/games:/home/adament/mkn/android/sdk/platform-tools
USERNAME=adament
LD_LIBRARY_PATH=/home/adament/mkn/android/android-studio/bin:
SHELL=/bin/bash
DISPLAY=:0

Signal Handlers:
SIGSEGV: [libjvm.so+0xabafa0], sa_mask[0]=11111111011111111101111111111110, sa_flags=SA_RESTART|SA_SIGINFO
SIGBUS: [libjvm.so+0xabafa0], sa_mask[0]=11111111011111111101111111111110, sa_flags=SA_RESTART|SA_SIGINFO
SIGFPE: [libjvm.so+0x9183c0], sa_mask[0]=11111111011111111101111111111110, sa_flags=SA_RESTART|SA_SIGINFO
SIGPIPE: [libjvm.so+0x9183c0], sa_mask[0]=11111111011111111101111111111110, sa_flags=SA_RESTART|SA_SIGINFO
SIGXFSZ: [libjvm.so+0x9183c0], sa_mask[0]=11111111011111111101111111111110, sa_flags=SA_RESTART|SA_SIGINFO
SIGILL: [libjvm.so+0x9183c0], sa_mask[0]=11111111011111111101111111111110, sa_flags=SA_RESTART|SA_SIGINFO
SIGUSR1: SIG_DFL, sa_mask[0]=00000000000000000000000000000000, sa_flags=none
SIGUSR2: [libjvm.so+0x9199f0], sa_mask[0]=00100000000000000000000000000000, sa_flags=SA_RESTART|SA_SIGINFO
SIGHUP: [libjvm.so+0x91adf0], sa_mask[0]=11111111011111111101111111111110, sa_flags=SA_RESTART|SA_SIGINFO
SIGINT: [libjvm.so+0x91adf0], sa_mask[0]=11111111011111111101111111111110, sa_flags=SA_RESTART|SA_SIGINFO
SIGTERM: [libjvm.so+0x91adf0], sa_mask[0]=11111111011111111101111111111110, sa_flags=SA_RESTART|SA_SIGINFO
SIGQUIT: [libjvm.so+0x91adf0], sa_mask[0]=11111111011111111101111111111110, sa_flags=SA_RESTART|SA_SIGINFO


---------------  S Y S T E M  ---------------

OS:DISTRIB_ID=LinuxMint
DISTRIB_RELEASE=17.1
DISTRIB_CODENAME=rebecca
DISTRIB_DESCRIPTION="Linux Mint 17.1 Rebecca"

uname:Linux 3.13.0-37-generic #64-Ubuntu SMP Mon Sep 22 21:28:38 UTC 2014 x86_64
libc:glibc 2.19 NPTL 2.19 
rlimit: STACK 8192k, CORE 0k, NPROC 30684, NOFILE 4096, AS infinity
load average:4.03 1.50 0.98

/proc/meminfo:
MemTotal:        3958712 kB
MemFree:          120292 kB
Buffers:            1480 kB
Cached:            84976 kB
SwapCached:        42396 kB
Active:          2652488 kB
Inactive:         969820 kB
Active(anon):    2632812 kB
Inactive(anon):   955364 kB
Active(file):      19676 kB
Inactive(file):    14456 kB
Unevictable:          32 kB
Mlocked:              32 kB
SwapTotal:       1998844 kB
SwapFree:          21584 kB
Dirty:               488 kB
Writeback:         13396 kB
AnonPages:       3494512 kB
Mapped:            28460 kB
Shmem:             52460 kB
Slab:              66772 kB
SReclaimable:      33736 kB
SUnreclaim:        33036 kB
KernelStack:        4704 kB
PageTables:        48944 kB
NFS_Unstable:          0 kB
Bounce:                0 kB
WritebackTmp:          0 kB
CommitLimit:     3978200 kB
Committed_AS:    8753312 kB
VmallocTotal:   34359738367 kB
VmallocUsed:      543744 kB
VmallocChunk:   34359188316 kB
HardwareCorrupted:     0 kB
AnonHugePages:    454656 kB
HugePages_Total:       0
HugePages_Free:        0
HugePages_Rsvd:        0
HugePages_Surp:        0
Hugepagesize:       2048 kB
DirectMap4k:       80936 kB
DirectMap2M:     4024320 kB


CPU:total 2 (2 cores per cpu, 1 threads per core) family 6 model 42 stepping 7, cmov, cx8, fxsr, mmx, sse, sse2, sse3, ssse3, sse4.1, sse4.2, popcnt, clmul, tsc, tscinvbit

/proc/cpuinfo:
processor	: 0
vendor_id	: GenuineIntel
cpu family	: 6
model		: 42
model name	: Intel(R) Pentium(R) CPU G620 @ 2.60GHz
stepping	: 7
microcode	: 0xd
cpu MHz		: 2594.100
cache size	: 3072 KB
physical id	: 0
siblings	: 2
core id		: 0
cpu cores	: 2
apicid		: 0
initial apicid	: 0
fpu		: yes
fpu_exception	: yes
cpuid level	: 13
wp		: yes
flags		: fpu vme de pse tsc msr pae mce cx8 apic sep mtrr pge mca cmov pat pse36 clflush dts acpi mmx fxsr sse sse2 ss ht tm pbe syscall nx rdtscp lm constant_tsc arch_perfmon pebs bts rep_good nopl xtopology nonstop_tsc aperfmperf eagerfpu pni pclmulqdq dtes64 monitor ds_cpl vmx est tm2 ssse3 cx16 xtpr pdcm pcid sse4_1 sse4_2 popcnt tsc_deadline_timer xsave lahf_lm arat epb xsaveopt pln pts dtherm tpr_shadow vnmi flexpriority ept vpid
bogomips	: 5188.20
clflush size	: 64
cache_alignment	: 64
address sizes	: 36 bits physical, 48 bits virtual
power management:

processor	: 1
vendor_id	: GenuineIntel
cpu family	: 6
model		: 42
model name	: Intel(R) Pentium(R) CPU G620 @ 2.60GHz
stepping	: 7
microcode	: 0xd
cpu MHz		: 2594.100
cache size	: 3072 KB
physical id	: 0
siblings	: 2
core id		: 1
cpu cores	: 2
apicid		: 2
initial apicid	: 2
fpu		: yes
fpu_exception	: yes
cpuid level	: 13
wp		: yes
flags		: fpu vme de pse tsc msr pae mce cx8 apic sep mtrr pge mca cmov pat pse36 clflush dts acpi mmx fxsr sse sse2 ss ht tm pbe syscall nx rdtscp lm constant_tsc arch_perfmon pebs bts rep_good nopl xtopology nonstop_tsc aperfmperf eagerfpu pni pclmulqdq dtes64 monitor ds_cpl vmx est tm2 ssse3 cx16 xtpr pdcm pcid sse4_1 sse4_2 popcnt tsc_deadline_timer xsave lahf_lm arat epb xsaveopt pln pts dtherm tpr_shadow vnmi flexpriority ept vpid
bogomips	: 5188.20
clflush size	: 64
cache_alignment	: 64
address sizes	: 36 bits physical, 48 bits virtual
power management:



Memory: 4k page, physical 3958712k(120292k free), swap 1998844k(21584k free)

vm_info: Java HotSpot(TM) 64-Bit Server VM (25.73-b02) for linux-amd64 JRE (1.8.0_73-b02), built on Jan 29 2016 17:39:45 by "java_re" with gcc 4.3.0 20080428 (Red Hat 4.3.0-8)

time: Sat Apr 23 17:53:45 2016
elapsed time: 71 seconds (0d 0h 1m 11s)

