#
# There is insufficient memory for the Java Runtime Environment to continue.
# Native memory allocation (mmap) failed to map 167247872 bytes for committing reserved memory.
# Possible reasons:
#   The system is out of physical RAM or swap space
#   In 32 bit mode, the process size limit was hit
# Possible solutions:
#   Reduce memory load on the system
#   Increase physical memory or swap space
#   Check if swap backing store is full
#   Use 64 bit Java on a 64 bit OS
#   Decrease Java heap size (-Xmx/-Xms)
#   Decrease number of Java threads
#   Decrease Java thread stack sizes (-Xss)
#   Set larger code cache with -XX:ReservedCodeCacheSize=
# This output file may be truncated or incomplete.
#
#  Out of Memory Error (os_linux.cpp:2627), pid=14143, tid=139730577159936
#
# JRE version: Java(TM) SE Runtime Environment (8.0_73-b02) (build 1.8.0_73-b02)
# Java VM: Java HotSpot(TM) 64-Bit Server VM (25.73-b02 mixed mode linux-amd64 compressed oops)
# Failed to write core dump. Core dumps have been disabled. To enable core dumping, try "ulimit -c unlimited" before starting Java again
#

---------------  T H R E A D  ---------------

Current thread (0x00007f15a8074000):  VMThread [stack: 0x00007f158f5a7000,0x00007f158f6a8000] [id=14151]

Stack: [0x00007f158f5a7000,0x00007f158f6a8000],  sp=0x00007f158f6a60e0,  free space=1020k
Native frames: (J=compiled Java code, j=interpreted, Vv=VM code, C=native code)
V  [libjvm.so+0xaba71a]  VMError::report_and_die()+0x2ba
V  [libjvm.so+0x4f9ecb]  report_vm_out_of_memory(char const*, int, unsigned long, VMErrorType, char const*)+0x8b
V  [libjvm.so+0x91b553]  os::Linux::commit_memory_impl(char*, unsigned long, bool)+0x103
V  [libjvm.so+0x91baa9]  os::pd_commit_memory(char*, unsigned long, unsigned long, bool)+0x29
V  [libjvm.so+0x915dba]  os::commit_memory(char*, unsigned long, unsigned long, bool)+0x2a
V  [libjvm.so+0x989463]  PSVirtualSpace::expand_by(unsigned long)+0x53
V  [libjvm.so+0x979d50]  PSOldGen::expand(unsigned long)+0x170
V  [libjvm.so+0x979f5b]  PSOldGen::resize(unsigned long)+0x1cb
V  [libjvm.so+0x981c31]  PSParallelCompact::invoke_no_policy(bool)+0x991
V  [libjvm.so+0x98758d]  PSScavenge::invoke()+0x1ad
V  [libjvm.so+0x93f1b0]  ParallelScavengeHeap::failed_mem_allocate(unsigned long)+0x70
V  [libjvm.so+0xabc137]  VM_ParallelGCFailedAllocation::doit()+0x97
V  [libjvm.so+0xac3b65]  VM_Operation::evaluate()+0x55
V  [libjvm.so+0xac1f3a]  VMThread::evaluate_operation(VM_Operation*)+0xba
V  [libjvm.so+0xac22be]  VMThread::loop()+0x1ce
V  [libjvm.so+0xac2730]  VMThread::run()+0x70
V  [libjvm.so+0x91d918]  java_start(Thread*)+0x108

VM_Operation (0x00007f158eaced60): ParallelGCFailedAllocation, mode: safepoint, requested by thread 0x00007f15a818e800


---------------  P R O C E S S  ---------------

Java Threads: ( => current thread )
  0x00007f15a8195800 JavaThread "pool-2-thread-4" [_thread_blocked, id=14163, stack(0x00007f158e5cc000,0x00007f158e6cd000)]
  0x00007f15a8194000 JavaThread "pool-2-thread-3" [_thread_blocked, id=14162, stack(0x00007f158e6cd000,0x00007f158e7ce000)]
  0x00007f15a8192000 JavaThread "pool-2-thread-2" [_thread_blocked, id=14161, stack(0x00007f158e7ce000,0x00007f158e8cf000)]
  0x00007f15a8191000 JavaThread "pool-3-thread-1" [_thread_blocked, id=14160, stack(0x00007f158e8cf000,0x00007f158e9d0000)]
  0x00007f15a818e800 JavaThread "pool-2-thread-1" [_thread_blocked, id=14159, stack(0x00007f158e9d0000,0x00007f158ead1000)]
  0x00007f15a80c9800 JavaThread "Service Thread" daemon [_thread_blocked, id=14157, stack(0x00007f158ecd8000,0x00007f158edd9000)]
  0x00007f15a80b5000 JavaThread "C1 CompilerThread1" daemon [_thread_blocked, id=14156, stack(0x00007f158edd9000,0x00007f158eeda000)]
  0x00007f15a80b2000 JavaThread "C2 CompilerThread0" daemon [_thread_blocked, id=14155, stack(0x00007f158eeda000,0x00007f158efdb000)]
  0x00007f15a80b0800 JavaThread "Signal Dispatcher" daemon [_thread_blocked, id=14154, stack(0x00007f158efdb000,0x00007f158f0dc000)]
  0x00007f15a807b000 JavaThread "Finalizer" daemon [_thread_blocked, id=14153, stack(0x00007f158f3a5000,0x00007f158f4a6000)]
  0x00007f15a8079000 JavaThread "Reference Handler" daemon [_thread_blocked, id=14152, stack(0x00007f158f4a6000,0x00007f158f5a7000)]
  0x00007f15a800a000 JavaThread "main" [_thread_blocked, id=14148, stack(0x00007f15af97b000,0x00007f15afa7c000)]

Other Threads:
=>0x00007f15a8074000 VMThread [stack: 0x00007f158f5a7000,0x00007f158f6a8000] [id=14151]
  0x00007f15a80cc800 WatcherThread [stack: 0x00007f158ebd7000,0x00007f158ecd8000] [id=14158]

VM state:at safepoint (normal execution)

VM Mutex/Monitor currently owned by a thread:  ([mutex/lock_event])
[0x00007f15a8006050] ExpandHeap_lock - owner thread: 0x00007f15a8074000
[0x00007f15a80066d0] Threads_lock - owner thread: 0x00007f15a8074000
[0x00007f15a8006bd0] Heap_lock - owner thread: 0x00007f15a818e800

Heap:
 PSYoungGen      total 439296K, used 119630K [0x00000000d5580000, 0x0000000100000000, 0x0000000100000000)
  eden space 315904K, 0% used [0x00000000d5580000,0x00000000d5580000,0x00000000e8a00000)
  from space 123392K, 96% used [0x00000000f8780000,0x00000000ffc53a40,0x0000000100000000)
  to   space 191488K, 0% used [0x00000000e8a00000,0x00000000e8a00000,0x00000000f4500000)
 ParOldGen       total 591872K, used 591505K [0x0000000080000000, 0x00000000a4200000, 0x00000000d5580000)
  object space 591872K, 99% used [0x0000000080000000,0x00000000a41a4778,0x00000000a4200000)
 Metaspace       used 6597K, capacity 7320K, committed 7680K, reserved 1056768K
  class space    used 616K, capacity 656K, committed 768K, reserved 1048576K

Card table byte_map: [0x00007f15ac344000,0x00007f15ac745000] byte_map_base: 0x00007f15abf44000

Marking Bits: (ParMarkBitMap*) 0x00007f15aee5a100
 Begin Bits: [0x00007f1594dfe000, 0x00007f1596dfe000)
 End Bits:   [0x00007f1596dfe000, 0x00007f1598dfe000)

Polling page: 0x00007f15afaa2000

CodeCache: size=245760Kb used=13562Kb max_used=14325Kb free=232197Kb
 bounds [0x00007f1599000000, 0x00007f1599e10000, 0x00007f15a8000000]
 total_blobs=3005 nmethods=2737 adapters=182
 compilation: enabled

Compilation events (10 events):
Event: 102.025 Thread 0x00007f15a80b2000 3579       4       com.android.dx.util.IntList::sort (29 bytes)
Event: 102.027 Thread 0x00007f15a80b2000 nmethod 3579 0x00007f15993e8e10 code [0x00007f15993e8f60, 0x00007f15993e9088]
Event: 102.072 Thread 0x00007f15a80b2000 3580       4       com.android.dx.ssa.SCCP::simulateMath (424 bytes)
Event: 102.114 Thread 0x00007f15a80b2000 nmethod 3580 0x00007f1599339410 code [0x00007f1599339660, 0x00007f1599339cd8]
Event: 102.193 Thread 0x00007f15a80b2000 3581       4       com.android.dx.ssa.back.InterferenceGraph::<init> (42 bytes)
Event: 102.235 Thread 0x00007f15a80b2000 nmethod 3581 0x00007f1599619f90 code [0x00007f159961a160, 0x00007f159961acd8]
Event: 102.238 Thread 0x00007f15a80b5000 3582       3       com.android.dx.ssa.SetFactory::makeInterferenceSet (26 bytes)
Event: 102.238 Thread 0x00007f15a80b5000 nmethod 3582 0x00007f159934fd90 code [0x00007f159934ffa0, 0x00007f1599350998]
Event: 102.245 Thread 0x00007f15a80b2000 3588 %     4       java.util.BitSet::or @ 47 (105 bytes)
Event: 102.245 Thread 0x00007f15a80b5000 3583       3       com.android.dx.ssa.back.InterferenceGraph::<init> (42 bytes)

GC Heap History (10 events):
Event: 57.673 GC heap after
Heap after GC invocations=20 (full 5):
 PSYoungGen      total 571392K, used 45400K [0x00000000d5580000, 0x0000000100000000, 0x0000000100000000)
  eden space 494080K, 0% used [0x00000000d5580000,0x00000000d5580000,0x00000000f3800000)
  from space 77312K, 58% used [0x00000000f3800000,0x00000000f6456008,0x00000000f8380000)
  to   space 111104K, 0% used [0x00000000f9380000,0x00000000f9380000,0x0000000100000000)
 ParOldGen       total 456704K, used 343420K [0x0000000080000000, 0x000000009be00000, 0x00000000d5580000)
  object space 456704K, 75% used [0x0000000080000000,0x0000000094f5f108,0x000000009be00000)
 Metaspace       used 6584K, capacity 7320K, committed 7680K, reserved 1056768K
  class space    used 615K, capacity 656K, committed 768K, reserved 1048576K
}
Event: 62.905 GC heap before
{Heap before GC invocations=21 (full 5):
 PSYoungGen      total 571392K, used 539480K [0x00000000d5580000, 0x0000000100000000, 0x0000000100000000)
  eden space 494080K, 100% used [0x00000000d5580000,0x00000000f3800000,0x00000000f3800000)
  from space 77312K, 58% used [0x00000000f3800000,0x00000000f6456008,0x00000000f8380000)
  to   space 111104K, 0% used [0x00000000f9380000,0x00000000f9380000,0x0000000100000000)
 ParOldGen       total 456704K, used 343420K [0x0000000080000000, 0x000000009be00000, 0x00000000d5580000)
  object space 456704K, 75% used [0x0000000080000000,0x0000000094f5f108,0x000000009be00000)
 Metaspace       used 6586K, capacity 7320K, committed 7680K, reserved 1056768K
  class space    used 615K, capacity 656K, committed 768K, reserved 1048576K
Event: 67.207 GC heap after
Heap after GC invocations=21 (full 5):
 PSYoungGen      total 571392K, used 80772K [0x00000000d5580000, 0x0000000100000000, 0x0000000100000000)
  eden space 460288K, 0% used [0x00000000d5580000,0x00000000d5580000,0x00000000f1700000)
  from space 111104K, 72% used [0x00000000f9380000,0x00000000fe261048,0x0000000100000000)
  to   space 119296K, 0% used [0x00000000f1700000,0x00000000f1700000,0x00000000f8b80000)
 ParOldGen       total 456704K, used 386013K [0x0000000080000000, 0x000000009be00000, 0x00000000d5580000)
  object space 456704K, 84% used [0x0000000080000000,0x00000000978f75a8,0x000000009be00000)
 Metaspace       used 6586K, capacity 7320K, committed 7680K, reserved 1056768K
  class space    used 615K, capacity 656K, committed 768K, reserved 1048576K
}
Event: 67.542 GC heap before
{Heap before GC invocations=22 (full 6):
 PSYoungGen      total 571392K, used 80772K [0x00000000d5580000, 0x0000000100000000, 0x0000000100000000)
  eden space 460288K, 0% used [0x00000000d5580000,0x00000000d5580000,0x00000000f1700000)
  from space 111104K, 72% used [0x00000000f9380000,0x00000000fe261048,0x0000000100000000)
  to   space 119296K, 0% used [0x00000000f1700000,0x00000000f1700000,0x00000000f8b80000)
 ParOldGen       total 456704K, used 386013K [0x0000000080000000, 0x000000009be00000, 0x00000000d5580000)
  object space 456704K, 84% used [0x0000000080000000,0x00000000978f75a8,0x000000009be00000)
 Metaspace       used 6586K, capacity 7320K, committed 7680K, reserved 1056768K
  class space    used 615K, capacity 656K, committed 768K, reserved 1048576K
Event: 80.217 GC heap after
Heap after GC invocations=22 (full 6):
 PSYoungGen      total 571392K, used 9438K [0x00000000d5580000, 0x0000000100000000, 0x0000000100000000)
  eden space 460288K, 0% used [0x00000000d5580000,0x00000000d5580000,0x00000000f1700000)
  from space 111104K, 8% used [0x00000000f9380000,0x00000000f9cb7940,0x0000000100000000)
  to   space 119296K, 0% used [0x00000000f1700000,0x00000000f1700000,0x00000000f8b80000)
 ParOldGen       total 580608K, used 456468K [0x0000000080000000, 0x00000000a3700000, 0x00000000d5580000)
  object space 580608K, 78% used [0x0000000080000000,0x000000009bdc50f8,0x00000000a3700000)
 Metaspace       used 6586K, capacity 7320K, committed 7680K, reserved 1056768K
  class space    used 615K, capacity 656K, committed 768K, reserved 1048576K
}
Event: 98.214 GC heap before
{Heap before GC invocations=23 (full 6):
 PSYoungGen      total 571392K, used 469726K [0x00000000d5580000, 0x0000000100000000, 0x0000000100000000)
  eden space 460288K, 100% used [0x00000000d5580000,0x00000000f1700000,0x00000000f1700000)
  from space 111104K, 8% used [0x00000000f9380000,0x00000000f9cb7940,0x0000000100000000)
  to   space 119296K, 0% used [0x00000000f1700000,0x00000000f1700000,0x00000000f8b80000)
 ParOldGen       total 580608K, used 456468K [0x0000000080000000, 0x00000000a3700000, 0x00000000d5580000)
  object space 580608K, 78% used [0x0000000080000000,0x000000009bdc50f8,0x00000000a3700000)
 Metaspace       used 6597K, capacity 7320K, committed 7680K, reserved 1056768K
  class space    used 616K, capacity 656K, committed 768K, reserved 1048576K
Event: 98.854 GC heap after
Heap after GC invocations=23 (full 6):
 PSYoungGen      total 535552K, used 74883K [0x00000000d5580000, 0x0000000100000000, 0x0000000100000000)
  eden space 460288K, 0% used [0x00000000d5580000,0x00000000d5580000,0x00000000f1700000)
  from space 75264K, 99% used [0x00000000f1700000,0x00000000f6020f38,0x00000000f6080000)
  to   space 123392K, 0% used [0x00000000f8780000,0x00000000f8780000,0x0000000100000000)
 ParOldGen       total 580608K, used 462591K [0x0000000080000000, 0x00000000a3700000, 0x00000000d5580000)
  object space 580608K, 79% used [0x0000000080000000,0x000000009c3bfe40,0x00000000a3700000)
 Metaspace       used 6597K, capacity 7320K, committed 7680K, reserved 1056768K
  class space    used 616K, capacity 656K, committed 768K, reserved 1048576K
}
Event: 102.310 GC heap before
{Heap before GC invocations=24 (full 6):
 PSYoungGen      total 535552K, used 535171K [0x00000000d5580000, 0x0000000100000000, 0x0000000100000000)
  eden space 460288K, 100% used [0x00000000d5580000,0x00000000f1700000,0x00000000f1700000)
  from space 75264K, 99% used [0x00000000f1700000,0x00000000f6020f38,0x00000000f6080000)
  to   space 123392K, 0% used [0x00000000f8780000,0x00000000f8780000,0x0000000100000000)
 ParOldGen       total 580608K, used 462591K [0x0000000080000000, 0x00000000a3700000, 0x00000000d5580000)
  object space 580608K, 79% used [0x0000000080000000,0x000000009c3bfe40,0x00000000a3700000)
 Metaspace       used 6597K, capacity 7320K, committed 7680K, reserved 1056768K
  class space    used 616K, capacity 656K, committed 768K, reserved 1048576K
Event: 112.378 GC heap after
Heap after GC invocations=24 (full 6):
 PSYoungGen      total 439296K, used 123388K [0x00000000d5580000, 0x0000000100000000, 0x0000000100000000)
  eden space 315904K, 0% used [0x00000000d5580000,0x00000000d5580000,0x00000000e8a00000)
  from space 123392K, 99% used [0x00000000f8780000,0x00000000fffff0d0,0x0000000100000000)
  to   space 191488K, 0% used [0x00000000e8a00000,0x00000000e8a00000,0x00000000f4500000)
 ParOldGen       total 591872K, used 591421K [0x0000000080000000, 0x00000000a4200000, 0x00000000d5580000)
  object space 591872K, 99% used [0x0000000080000000,0x00000000a418f4d0,0x00000000a4200000)
 Metaspace       used 6597K, capacity 7320K, committed 7680K, reserved 1056768K
  class space    used 616K, capacity 656K, committed 768K, reserved 1048576K
}
Event: 112.516 GC heap before
{Heap before GC invocations=25 (full 7):
 PSYoungGen      total 439296K, used 123388K [0x00000000d5580000, 0x0000000100000000, 0x0000000100000000)
  eden space 315904K, 0% used [0x00000000d5580000,0x00000000d5580000,0x00000000e8a00000)
  from space 123392K, 99% used [0x00000000f8780000,0x00000000fffff0d0,0x0000000100000000)
  to   space 191488K, 0% used [0x00000000e8a00000,0x00000000e8a00000,0x00000000f4500000)
 ParOldGen       total 591872K, used 591421K [0x0000000080000000, 0x00000000a4200000, 0x00000000d5580000)
  object space 591872K, 99% used [0x0000000080000000,0x00000000a418f4d0,0x00000000a4200000)
 Metaspace       used 6597K, capacity 7320K, committed 7680K, reserved 1056768K
  class space    used 616K, capacity 656K, committed 768K, reserved 1048576K

Deoptimization events (10 events):
Event: 96.537 Thread 0x00007f15a8194000 Uncommon trap: reason=class_check action=maybe_recompile pc=0x00007f1599dfa9c8 method=com.android.dx.ssa.SsaConverter.placePhiFunctions(Lcom/android/dx/ssa/SsaMethod;Lcom/android/dx/ssa/LocalVariableInfo;I)V @ 266
Event: 96.537 Thread 0x00007f15a8194000 Uncommon trap: reason=class_check action=maybe_recompile pc=0x00007f1599dfa9c8 method=com.android.dx.ssa.SsaConverter.placePhiFunctions(Lcom/android/dx/ssa/SsaMethod;Lcom/android/dx/ssa/LocalVariableInfo;I)V @ 266
Event: 100.267 Thread 0x00007f15a8195800 Uncommon trap: reason=class_check action=maybe_recompile pc=0x00007f1599924c1c method=com.android.dx.ssa.SCCP.simulateBranch(Lcom/android/dx/ssa/SsaInsn;)V @ 339
Event: 100.270 Thread 0x00007f15a8195800 Uncommon trap: reason=class_check action=maybe_recompile pc=0x00007f1599924c1c method=com.android.dx.ssa.SCCP.simulateBranch(Lcom/android/dx/ssa/SsaInsn;)V @ 339
Event: 100.658 Thread 0x00007f15a8194000 Uncommon trap: reason=unstable_if action=reinterpret pc=0x00007f1599df6074 method=java.util.TimSort.sort([Ljava/lang/Object;IILjava/util/Comparator;[Ljava/lang/Object;II)V @ 53
Event: 101.816 Thread 0x00007f15a8194000 Uncommon trap: reason=unstable_if action=reinterpret pc=0x00007f1599e0b798 method=com.android.dx.ssa.SetFactory.makeDomFrontSet(I)Lcom/android/dx/util/IntSet; @ 4
Event: 102.191 Thread 0x00007f15a8192000 Uncommon trap: reason=predicate action=maybe_recompile pc=0x00007f1599262058 method=com.android.dx.ssa.back.InterferenceGraph.<init>(I)V @ 23
Event: 102.233 Thread 0x00007f15a8192000 Uncommon trap: reason=unstable_if action=reinterpret pc=0x00007f15993f5960 method=com.android.dx.ssa.SetFactory.makeLivenessSet(I)Lcom/android/dx/util/IntSet; @ 4
Event: 102.237 Thread 0x00007f15a8194000 Uncommon trap: reason=unstable_if action=reinterpret pc=0x00007f159961abec method=com.android.dx.ssa.SetFactory.makeInterferenceSet(I)Lcom/android/dx/util/IntSet; @ 4
Event: 102.240 Thread 0x00007f15a8194000 Uncommon trap: reason=unstable_if action=reinterpret pc=0x00007f159984a9e0 method=com.android.dx.ssa.SetFactory.makeLivenessSet(I)Lcom/android/dx/util/IntSet; @ 4

Internal exceptions (9 events):
Event: 0.116 Thread 0x00007f15a800a000 Exception <a 'java/lang/NoSuchMethodError': Method sun.misc.Unsafe.defineClass(Ljava/lang/String;[BII)Ljava/lang/Class; name or signature does not match> (0x00000000d5592ab8) thrown at [/HUDSON3/workspace/8-2-build-linux-amd64/jdk8u73/6086/hotspot/src/sha
Event: 0.116 Thread 0x00007f15a800a000 Exception <a 'java/lang/NoSuchMethodError': Method sun.misc.Unsafe.prefetchRead(Ljava/lang/Object;J)V name or signature does not match> (0x00000000d5592da0) thrown at [/HUDSON3/workspace/8-2-build-linux-amd64/jdk8u73/6086/hotspot/src/share/vm/prims/jni.cp
Event: 1.924 Thread 0x00007f15a8192000 Implicit null exception at 0x00007f15992fe92c to 0x00007f1599301155
Event: 2.203 Thread 0x00007f15a818e800 Exception <a 'java/lang/ArrayIndexOutOfBoundsException': 18> (0x00000000d7199fe8) thrown at [/HUDSON3/workspace/8-2-build-linux-amd64/jdk8u73/6086/hotspot/src/share/vm/interpreter/interpreterRuntime.cpp, line 366]
Event: 2.203 Thread 0x00007f15a818e800 Exception <a 'java/lang/ArrayIndexOutOfBoundsException': 145> (0x00000000d719bb68) thrown at [/HUDSON3/workspace/8-2-build-linux-amd64/jdk8u73/6086/hotspot/src/share/vm/interpreter/interpreterRuntime.cpp, line 366]
Event: 2.208 Thread 0x00007f15a818e800 Exception <a 'java/lang/ArrayIndexOutOfBoundsException': 40> (0x00000000d719ce50) thrown at [/HUDSON3/workspace/8-2-build-linux-amd64/jdk8u73/6086/hotspot/src/share/vm/interpreter/interpreterRuntime.cpp, line 366]
Event: 33.912 Thread 0x00007f15a8192000 Implicit null exception at 0x00007f1599c1c7d5 to 0x00007f1599c1d401
Event: 40.808 Thread 0x00007f15a8195800 Implicit null exception at 0x00007f1599c45b04 to 0x00007f1599c4cea9
Event: 50.937 Thread 0x00007f15a8194000 Implicit null exception at 0x00007f15996c7b57 to 0x00007f15996c8ad9

Events (10 events):
Event: 102.204 Thread 0x00007f15a8192000 Uncommon trap: trap_request=0xffffff65 fr.pc=0x00007f15993f5960
Event: 102.233 Thread 0x00007f15a8192000 DEOPT PACKING pc=0x00007f15993f5960 sp=0x00007f158e8ccf50
Event: 102.237 Thread 0x00007f15a8194000 Uncommon trap: trap_request=0xffffff65 fr.pc=0x00007f159961abec
Event: 102.237 Thread 0x00007f15a8194000 DEOPT PACKING pc=0x00007f159961abec sp=0x00007f158e7cc070
Event: 102.237 Thread 0x00007f15a8194000 DEOPT UNPACKING pc=0x00007f1599005229 sp=0x00007f158e7cc028 mode 2
Event: 102.240 Thread 0x00007f15a8194000 Uncommon trap: trap_request=0xffffff65 fr.pc=0x00007f159984a9e0
Event: 102.240 Thread 0x00007f15a8194000 DEOPT PACKING pc=0x00007f159984a9e0 sp=0x00007f158e7cbfb0
Event: 102.240 Thread 0x00007f15a8194000 DEOPT UNPACKING pc=0x00007f1599005229 sp=0x00007f158e7cbee8 mode 2
Event: 102.245 Executing VM operation: ParallelGCFailedAllocation
Event: 102.310 Thread 0x00007f15a8192000 DEOPT UNPACKING pc=0x00007f1599005229 sp=0x00007f158e8cce78 mode 2


Dynamic libraries:
00400000-00401000 r-xp 00000000 08:06 1974662                            /home/adament/mkn/android/jdk1.8.0_73/bin/java
00600000-00601000 rw-p 00000000 08:06 1974662                            /home/adament/mkn/android/jdk1.8.0_73/bin/java
01631000-01673000 rw-p 00000000 00:00 0                                  [heap]
80000000-a4200000 rw-p 00000000 00:00 0 
ae180000-d5580000 ---p 00000000 00:00 0 
d5580000-100000000 rw-p 00000000 00:00 0 
100000000-1000c0000 rw-p 00000000 00:00 0 
1000c0000-140000000 ---p 00000000 00:00 0 
7f1554000000-7f1554036000 rw-p 00000000 00:00 0 
7f1554036000-7f1558000000 ---p 00000000 00:00 0 
7f155c000000-7f155c021000 rw-p 00000000 00:00 0 
7f155c021000-7f1560000000 ---p 00000000 00:00 0 
7f1560000000-7f1560021000 rw-p 00000000 00:00 0 
7f1560021000-7f1564000000 ---p 00000000 00:00 0 
7f1564000000-7f1564021000 rw-p 00000000 00:00 0 
7f1564021000-7f1568000000 ---p 00000000 00:00 0 
7f1568000000-7f156802b000 rw-p 00000000 00:00 0 
7f156802b000-7f156c000000 ---p 00000000 00:00 0 
7f156c000000-7f156c833000 rw-p 00000000 00:00 0 
7f156c833000-7f1570000000 ---p 00000000 00:00 0 
7f1570000000-7f1570021000 rw-p 00000000 00:00 0 
7f1570021000-7f1574000000 ---p 00000000 00:00 0 
7f1574000000-7f1574021000 rw-p 00000000 00:00 0 
7f1574021000-7f1578000000 ---p 00000000 00:00 0 
7f1578000000-7f157b173000 rw-p 00000000 00:00 0 
7f157b173000-7f157c000000 ---p 00000000 00:00 0 
7f157c000000-7f157c021000 rw-p 00000000 00:00 0 
7f157c021000-7f1580000000 ---p 00000000 00:00 0 
7f1580000000-7f1580021000 rw-p 00000000 00:00 0 
7f1580021000-7f1584000000 ---p 00000000 00:00 0 
7f1584000000-7f15842a5000 rw-p 00000000 00:00 0 
7f15842a5000-7f1588000000 ---p 00000000 00:00 0 
7f1588000000-7f1588021000 rw-p 00000000 00:00 0 
7f1588021000-7f158c000000 ---p 00000000 00:00 0 
7f158e5cc000-7f158e5cf000 ---p 00000000 00:00 0 
7f158e5cf000-7f158e6cd000 rw-p 00000000 00:00 0                          [stack:14163]
7f158e6cd000-7f158e6d0000 ---p 00000000 00:00 0 
7f158e6d0000-7f158e7ce000 rw-p 00000000 00:00 0                          [stack:14162]
7f158e7ce000-7f158e7d1000 ---p 00000000 00:00 0 
7f158e7d1000-7f158e8cf000 rw-p 00000000 00:00 0                          [stack:14161]
7f158e8cf000-7f158e8d2000 ---p 00000000 00:00 0 
7f158e8d2000-7f158e9d0000 rw-p 00000000 00:00 0                          [stack:14160]
7f158e9d0000-7f158e9d3000 ---p 00000000 00:00 0 
7f158e9d3000-7f158ead1000 rw-p 00000000 00:00 0                          [stack:14159]
7f158ead1000-7f158ebd7000 r--s 00b57000 08:06 3806456                    /home/adament/EstiloRobe/estiloRobe/build/intermediates/transforms/jarMerging/debug/jars/1/1f/combined.jar
7f158ebd7000-7f158ebd8000 ---p 00000000 00:00 0 
7f158ebd8000-7f158ecd8000 rw-p 00000000 00:00 0                          [stack:14158]
7f158ecd8000-7f158ecdb000 ---p 00000000 00:00 0 
7f158ecdb000-7f158edd9000 rw-p 00000000 00:00 0                          [stack:14157]
7f158edd9000-7f158eddc000 ---p 00000000 00:00 0 
7f158eddc000-7f158eeda000 rw-p 00000000 00:00 0                          [stack:14156]
7f158eeda000-7f158eedd000 ---p 00000000 00:00 0 
7f158eedd000-7f158efdb000 rw-p 00000000 00:00 0                          [stack:14155]
7f158efdb000-7f158efde000 ---p 00000000 00:00 0 
7f158efde000-7f158f0dc000 rw-p 00000000 00:00 0                          [stack:14154]
7f158f0dc000-7f158f3a5000 r--p 00000000 08:06 138881                     /usr/lib/locale/locale-archive
7f158f3a5000-7f158f3a8000 ---p 00000000 00:00 0 
7f158f3a8000-7f158f4a6000 rw-p 00000000 00:00 0                          [stack:14153]
7f158f4a6000-7f158f4a9000 ---p 00000000 00:00 0 
7f158f4a9000-7f158f5a7000 rw-p 00000000 00:00 0                          [stack:14152]
7f158f5a7000-7f158f5a8000 ---p 00000000 00:00 0 
7f158f5a8000-7f1590000000 rw-p 00000000 00:00 0                          [stack:14151]
7f1590000000-7f1590021000 rw-p 00000000 00:00 0 
7f1590021000-7f1594000000 ---p 00000000 00:00 0 
7f1594005000-7f1594026000 rw-p 00000000 00:00 0 
7f1594026000-7f15941fe000 r--s 03d23000 08:06 2102216                    /home/adament/mkn/android/jdk1.8.0_73/jre/lib/rt.jar
7f15941fe000-7f15948be000 rw-p 00000000 00:00 0 
7f15948be000-7f15949fe000 ---p 00000000 00:00 0 
7f15949fe000-7f1598dfe000 rw-p 00000000 00:00 0 
7f1598dfe000-7f1598dff000 ---p 00000000 00:00 0 
7f1598dff000-7f1598eff000 rw-p 00000000 00:00 0                          [stack:14150]
7f1598eff000-7f1598f00000 ---p 00000000 00:00 0 
7f1598f00000-7f1599000000 rw-p 00000000 00:00 0                          [stack:14149]
7f1599000000-7f1599e10000 rwxp 00000000 00:00 0 
7f1599e10000-7f15a8000000 ---p 00000000 00:00 0 
7f15a8000000-7f15a839e000 rw-p 00000000 00:00 0 
7f15a839e000-7f15ac000000 ---p 00000000 00:00 0 
7f15ac002000-7f15ac1ba000 rw-p 00000000 00:00 0 
7f15ac1ba000-7f15ac344000 ---p 00000000 00:00 0 
7f15ac344000-7f15ac465000 rw-p 00000000 00:00 0 
7f15ac465000-7f15ac5ee000 ---p 00000000 00:00 0 
7f15ac5ee000-7f15ac744000 rw-p 00000000 00:00 0 
7f15ac744000-7f15ac77e000 rw-p 00000000 00:00 0 
7f15ac77e000-7f15acb05000 ---p 00000000 00:00 0 
7f15acb05000-7f15acb1f000 r-xp 00000000 08:06 2493507                    /home/adament/mkn/android/jdk1.8.0_73/jre/lib/amd64/libzip.so
7f15acb1f000-7f15acd1f000 ---p 0001a000 08:06 2493507                    /home/adament/mkn/android/jdk1.8.0_73/jre/lib/amd64/libzip.so
7f15acd1f000-7f15acd20000 rw-p 0001a000 08:06 2493507                    /home/adament/mkn/android/jdk1.8.0_73/jre/lib/amd64/libzip.so
7f15acd20000-7f15acd2b000 r-xp 00000000 08:06 2363499                    /lib/x86_64-linux-gnu/libnss_files-2.19.so
7f15acd2b000-7f15acf2a000 ---p 0000b000 08:06 2363499                    /lib/x86_64-linux-gnu/libnss_files-2.19.so
7f15acf2a000-7f15acf2b000 r--p 0000a000 08:06 2363499                    /lib/x86_64-linux-gnu/libnss_files-2.19.so
7f15acf2b000-7f15acf2c000 rw-p 0000b000 08:06 2363499                    /lib/x86_64-linux-gnu/libnss_files-2.19.so
7f15acf2c000-7f15acf37000 r-xp 00000000 08:06 2363509                    /lib/x86_64-linux-gnu/libnss_nis-2.19.so
7f15acf37000-7f15ad136000 ---p 0000b000 08:06 2363509                    /lib/x86_64-linux-gnu/libnss_nis-2.19.so
7f15ad136000-7f15ad137000 r--p 0000a000 08:06 2363509                    /lib/x86_64-linux-gnu/libnss_nis-2.19.so
7f15ad137000-7f15ad138000 rw-p 0000b000 08:06 2363509                    /lib/x86_64-linux-gnu/libnss_nis-2.19.so
7f15ad138000-7f15ad14f000 r-xp 00000000 08:06 2363493                    /lib/x86_64-linux-gnu/libnsl-2.19.so
7f15ad14f000-7f15ad34e000 ---p 00017000 08:06 2363493                    /lib/x86_64-linux-gnu/libnsl-2.19.so
7f15ad34e000-7f15ad34f000 r--p 00016000 08:06 2363493                    /lib/x86_64-linux-gnu/libnsl-2.19.so
7f15ad34f000-7f15ad350000 rw-p 00017000 08:06 2363493                    /lib/x86_64-linux-gnu/libnsl-2.19.so
7f15ad350000-7f15ad352000 rw-p 00000000 00:00 0 
7f15ad352000-7f15ad35b000 r-xp 00000000 08:06 2363495                    /lib/x86_64-linux-gnu/libnss_compat-2.19.so
7f15ad35b000-7f15ad55a000 ---p 00009000 08:06 2363495                    /lib/x86_64-linux-gnu/libnss_compat-2.19.so
7f15ad55a000-7f15ad55b000 r--p 00008000 08:06 2363495                    /lib/x86_64-linux-gnu/libnss_compat-2.19.so
7f15ad55b000-7f15ad55c000 rw-p 00009000 08:06 2363495                    /lib/x86_64-linux-gnu/libnss_compat-2.19.so
7f15ad55c000-7f15ad586000 r-xp 00000000 08:06 2493472                    /home/adament/mkn/android/jdk1.8.0_73/jre/lib/amd64/libjava.so
7f15ad586000-7f15ad786000 ---p 0002a000 08:06 2493472                    /home/adament/mkn/android/jdk1.8.0_73/jre/lib/amd64/libjava.so
7f15ad786000-7f15ad788000 rw-p 0002a000 08:06 2493472                    /home/adament/mkn/android/jdk1.8.0_73/jre/lib/amd64/libjava.so
7f15ad788000-7f15ad795000 r-xp 00000000 08:06 2493506                    /home/adament/mkn/android/jdk1.8.0_73/jre/lib/amd64/libverify.so
7f15ad795000-7f15ad995000 ---p 0000d000 08:06 2493506                    /home/adament/mkn/android/jdk1.8.0_73/jre/lib/amd64/libverify.so
7f15ad995000-7f15ad997000 rw-p 0000d000 08:06 2493506                    /home/adament/mkn/android/jdk1.8.0_73/jre/lib/amd64/libverify.so
7f15ad997000-7f15ad99e000 r-xp 00000000 08:06 2363552                    /lib/x86_64-linux-gnu/librt-2.19.so
7f15ad99e000-7f15adb9d000 ---p 00007000 08:06 2363552                    /lib/x86_64-linux-gnu/librt-2.19.so
7f15adb9d000-7f15adb9e000 r--p 00006000 08:06 2363552                    /lib/x86_64-linux-gnu/librt-2.19.so
7f15adb9e000-7f15adb9f000 rw-p 00007000 08:06 2363552                    /lib/x86_64-linux-gnu/librt-2.19.so
7f15adb9f000-7f15adca4000 r-xp 00000000 08:06 2363474                    /lib/x86_64-linux-gnu/libm-2.19.so
7f15adca4000-7f15adea3000 ---p 00105000 08:06 2363474                    /lib/x86_64-linux-gnu/libm-2.19.so
7f15adea3000-7f15adea4000 r--p 00104000 08:06 2363474                    /lib/x86_64-linux-gnu/libm-2.19.so
7f15adea4000-7f15adea5000 rw-p 00105000 08:06 2363474                    /lib/x86_64-linux-gnu/libm-2.19.so
7f15adea5000-7f15aeb64000 r-xp 00000000 08:06 2624044                    /home/adament/mkn/android/jdk1.8.0_73/jre/lib/amd64/server/libjvm.so
7f15aeb64000-7f15aed63000 ---p 00cbf000 08:06 2624044                    /home/adament/mkn/android/jdk1.8.0_73/jre/lib/amd64/server/libjvm.so
7f15aed63000-7f15aee3c000 rw-p 00cbe000 08:06 2624044                    /home/adament/mkn/android/jdk1.8.0_73/jre/lib/amd64/server/libjvm.so
7f15aee3c000-7f15aee85000 rw-p 00000000 00:00 0 
7f15aee85000-7f15af040000 r-xp 00000000 08:06 2363421                    /lib/x86_64-linux-gnu/libc-2.19.so
7f15af040000-7f15af240000 ---p 001bb000 08:06 2363421                    /lib/x86_64-linux-gnu/libc-2.19.so
7f15af240000-7f15af244000 r--p 001bb000 08:06 2363421                    /lib/x86_64-linux-gnu/libc-2.19.so
7f15af244000-7f15af246000 rw-p 001bf000 08:06 2363421                    /lib/x86_64-linux-gnu/libc-2.19.so
7f15af246000-7f15af24b000 rw-p 00000000 00:00 0 
7f15af24b000-7f15af24e000 r-xp 00000000 08:06 2363438                    /lib/x86_64-linux-gnu/libdl-2.19.so
7f15af24e000-7f15af44d000 ---p 00003000 08:06 2363438                    /lib/x86_64-linux-gnu/libdl-2.19.so
7f15af44d000-7f15af44e000 r--p 00002000 08:06 2363438                    /lib/x86_64-linux-gnu/libdl-2.19.so
7f15af44e000-7f15af44f000 rw-p 00003000 08:06 2363438                    /lib/x86_64-linux-gnu/libdl-2.19.so
7f15af44f000-7f15af464000 r-xp 00000000 08:06 2493603                    /home/adament/mkn/android/jdk1.8.0_73/lib/amd64/jli/libjli.so
7f15af464000-7f15af664000 ---p 00015000 08:06 2493603                    /home/adament/mkn/android/jdk1.8.0_73/lib/amd64/jli/libjli.so
7f15af664000-7f15af665000 rw-p 00015000 08:06 2493603                    /home/adament/mkn/android/jdk1.8.0_73/lib/amd64/jli/libjli.so
7f15af665000-7f15af67e000 r-xp 00000000 08:06 2363544                    /lib/x86_64-linux-gnu/libpthread-2.19.so
7f15af67e000-7f15af87d000 ---p 00019000 08:06 2363544                    /lib/x86_64-linux-gnu/libpthread-2.19.so
7f15af87d000-7f15af87e000 r--p 00018000 08:06 2363544                    /lib/x86_64-linux-gnu/libpthread-2.19.so
7f15af87e000-7f15af87f000 rw-p 00019000 08:06 2363544                    /lib/x86_64-linux-gnu/libpthread-2.19.so
7f15af87f000-7f15af883000 rw-p 00000000 00:00 0 
7f15af883000-7f15af8a6000 r-xp 00000000 08:06 2363395                    /lib/x86_64-linux-gnu/ld-2.19.so
7f15af8af000-7f15af97b000 rw-p 00000000 00:00 0 
7f15af97b000-7f15af97e000 ---p 00000000 00:00 0 
7f15af97e000-7f15afa80000 rw-p 00000000 00:00 0                          [stack:14148]
7f15afa89000-7f15afa8a000 rw-p 00000000 00:00 0 
7f15afa8a000-7f15afa99000 r--s 000df000 08:06 2493619                    /home/adament/mkn/android/sdk/build-tools/23.0.2/lib/dx.jar
7f15afa99000-7f15afaa1000 rw-s 00000000 08:06 7477036                    /tmp/hsperfdata_adament/14143
7f15afaa1000-7f15afaa2000 rw-p 00000000 00:00 0 
7f15afaa2000-7f15afaa3000 ---p 00000000 00:00 0 
7f15afaa3000-7f15afaa5000 rw-p 00000000 00:00 0 
7f15afaa5000-7f15afaa6000 r--p 00022000 08:06 2363395                    /lib/x86_64-linux-gnu/ld-2.19.so
7f15afaa6000-7f15afaa7000 rw-p 00023000 08:06 2363395                    /lib/x86_64-linux-gnu/ld-2.19.so
7f15afaa7000-7f15afaa8000 rw-p 00000000 00:00 0 
7fffdf4bd000-7fffdf4de000 rw-p 00000000 00:00 0                          [stack]
7fffdf4fa000-7fffdf4fc000 r-xp 00000000 00:00 0                          [vdso]
ffffffffff600000-ffffffffff601000 r-xp 00000000 00:00 0                  [vsyscall]

VM Arguments:
jvm_args: -Djava.awt.headless=true -Xmx2048M -Dfile.encoding=UTF-8 -Duser.country=IN -Duser.language=en -Duser.variant 
java_command: com.android.dx.command.Main --dex --num-threads=4 --multi-dex --main-dex-list /home/adament/EstiloRobe/estiloRobe/build/intermediates/multi-dex/debug/maindexlist.txt --output /home/adament/EstiloRobe/estiloRobe/build/intermediates/transforms/dex/debug/folders/1000/1f/main /home/adament/EstiloRobe/estiloRobe/build/intermediates/transforms/jarMerging/debug/jars/1/1f/combined.jar
java_class_path (initial): /home/adament/mkn/android/sdk/build-tools/23.0.2/lib/dx.jar
Launcher Type: SUN_STANDARD

Environment Variables:
JAVA_HOME=/home/adament/mkn/android/jdk1.8.0_73
PATH=/usr/local/sbin:/usr/local/bin:/usr/sbin:/usr/bin:/sbin:/bin:/usr/games:/usr/local/games:/home/adament/mkn/android/sdk/platform-tools
USERNAME=adament
LD_LIBRARY_PATH=/home/adament/mkn/android/android-studio/bin:
SHELL=/bin/bash
DISPLAY=:0

Signal Handlers:
SIGSEGV: [libjvm.so+0xabafa0], sa_mask[0]=11111111011111111101111111111110, sa_flags=SA_RESTART|SA_SIGINFO
SIGBUS: [libjvm.so+0xabafa0], sa_mask[0]=11111111011111111101111111111110, sa_flags=SA_RESTART|SA_SIGINFO
SIGFPE: [libjvm.so+0x9183c0], sa_mask[0]=11111111011111111101111111111110, sa_flags=SA_RESTART|SA_SIGINFO
SIGPIPE: [libjvm.so+0x9183c0], sa_mask[0]=11111111011111111101111111111110, sa_flags=SA_RESTART|SA_SIGINFO
SIGXFSZ: [libjvm.so+0x9183c0], sa_mask[0]=11111111011111111101111111111110, sa_flags=SA_RESTART|SA_SIGINFO
SIGILL: [libjvm.so+0x9183c0], sa_mask[0]=11111111011111111101111111111110, sa_flags=SA_RESTART|SA_SIGINFO
SIGUSR1: SIG_DFL, sa_mask[0]=00000000000000000000000000000000, sa_flags=none
SIGUSR2: [libjvm.so+0x9199f0], sa_mask[0]=00100000000000000000000000000000, sa_flags=SA_RESTART|SA_SIGINFO
SIGHUP: [libjvm.so+0x91adf0], sa_mask[0]=11111111011111111101111111111110, sa_flags=SA_RESTART|SA_SIGINFO
SIGINT: [libjvm.so+0x91adf0], sa_mask[0]=11111111011111111101111111111110, sa_flags=SA_RESTART|SA_SIGINFO
SIGTERM: [libjvm.so+0x91adf0], sa_mask[0]=11111111011111111101111111111110, sa_flags=SA_RESTART|SA_SIGINFO
SIGQUIT: [libjvm.so+0x91adf0], sa_mask[0]=11111111011111111101111111111110, sa_flags=SA_RESTART|SA_SIGINFO


---------------  S Y S T E M  ---------------

OS:DISTRIB_ID=LinuxMint
DISTRIB_RELEASE=17.1
DISTRIB_CODENAME=rebecca
DISTRIB_DESCRIPTION="Linux Mint 17.1 Rebecca"

uname:Linux 3.13.0-37-generic #64-Ubuntu SMP Mon Sep 22 21:28:38 UTC 2014 x86_64
libc:glibc 2.19 NPTL 2.19 
rlimit: STACK 8192k, CORE 0k, NPROC 30684, NOFILE 4096, AS infinity
load average:22.89 9.78 4.33

/proc/meminfo:
MemTotal:        3958712 kB
MemFree:          116876 kB
Buffers:             104 kB
Cached:           132016 kB
SwapCached:         7452 kB
Active:          2648956 kB
Inactive:         990064 kB
Active(anon):    2646772 kB
Inactive(anon):   988096 kB
Active(file):       2184 kB
Inactive(file):     1968 kB
Unevictable:          32 kB
Mlocked:              32 kB
SwapTotal:       1998844 kB
SwapFree:              0 kB
Dirty:                92 kB
Writeback:           148 kB
AnonPages:       3499916 kB
Mapped:             7700 kB
Shmem:            127712 kB
Slab:              86548 kB
SReclaimable:      51944 kB
SUnreclaim:        34604 kB
KernelStack:        4552 kB
PageTables:        47052 kB
NFS_Unstable:          0 kB
Bounce:                0 kB
WritebackTmp:          0 kB
CommitLimit:     3978200 kB
Committed_AS:    8863576 kB
VmallocTotal:   34359738367 kB
VmallocUsed:      543680 kB
VmallocChunk:   34359188348 kB
HardwareCorrupted:     0 kB
AnonHugePages:    577536 kB
HugePages_Total:       0
HugePages_Free:        0
HugePages_Rsvd:        0
HugePages_Surp:        0
Hugepagesize:       2048 kB
DirectMap4k:       82984 kB
DirectMap2M:     4022272 kB


CPU:total 2 (2 cores per cpu, 1 threads per core) family 6 model 42 stepping 7, cmov, cx8, fxsr, mmx, sse, sse2, sse3, ssse3, sse4.1, sse4.2, popcnt, clmul, tsc, tscinvbit

/proc/cpuinfo:
processor	: 0
vendor_id	: GenuineIntel
cpu family	: 6
model		: 42
model name	: Intel(R) Pentium(R) CPU G620 @ 2.60GHz
stepping	: 7
microcode	: 0xd
cpu MHz		: 2594.168
cache size	: 3072 KB
physical id	: 0
siblings	: 2
core id		: 0
cpu cores	: 2
apicid		: 0
initial apicid	: 0
fpu		: yes
fpu_exception	: yes
cpuid level	: 13
wp		: yes
flags		: fpu vme de pse tsc msr pae mce cx8 apic sep mtrr pge mca cmov pat pse36 clflush dts acpi mmx fxsr sse sse2 ss ht tm pbe syscall nx rdtscp lm constant_tsc arch_perfmon pebs bts rep_good nopl xtopology nonstop_tsc aperfmperf eagerfpu pni pclmulqdq dtes64 monitor ds_cpl vmx est tm2 ssse3 cx16 xtpr pdcm pcid sse4_1 sse4_2 popcnt tsc_deadline_timer xsave lahf_lm arat epb xsaveopt pln pts dtherm tpr_shadow vnmi flexpriority ept vpid
bogomips	: 5188.33
clflush size	: 64
cache_alignment	: 64
address sizes	: 36 bits physical, 48 bits virtual
power management:

processor	: 1
vendor_id	: GenuineIntel
cpu family	: 6
model		: 42
model name	: Intel(R) Pentium(R) CPU G620 @ 2.60GHz
stepping	: 7
microcode	: 0xd
cpu MHz		: 2594.168
cache size	: 3072 KB
physical id	: 0
siblings	: 2
core id		: 1
cpu cores	: 2
apicid		: 2
initial apicid	: 2
fpu		: yes
fpu_exception	: yes
cpuid level	: 13
wp		: yes
flags		: fpu vme de pse tsc msr pae mce cx8 apic sep mtrr pge mca cmov pat pse36 clflush dts acpi mmx fxsr sse sse2 ss ht tm pbe syscall nx rdtscp lm constant_tsc arch_perfmon pebs bts rep_good nopl xtopology nonstop_tsc aperfmperf eagerfpu pni pclmulqdq dtes64 monitor ds_cpl vmx est tm2 ssse3 cx16 xtpr pdcm pcid sse4_1 sse4_2 popcnt tsc_deadline_timer xsave lahf_lm arat epb xsaveopt pln pts dtherm tpr_shadow vnmi flexpriority ept vpid
bogomips	: 5188.33
clflush size	: 64
cache_alignment	: 64
address sizes	: 36 bits physical, 48 bits virtual
power management:



Memory: 4k page, physical 3958712k(113496k free), swap 1998844k(64k free)

vm_info: Java HotSpot(TM) 64-Bit Server VM (25.73-b02) for linux-amd64 JRE (1.8.0_73-b02), built on Jan 29 2016 17:39:45 by "java_re" with gcc 4.3.0 20080428 (Red Hat 4.3.0-8)

time: Thu Apr 14 16:32:44 2016
elapsed time: 188 seconds (0d 0h 3m 8s)

