#
# There is insufficient memory for the Java Runtime Environment to continue.
# Native memory allocation (mmap) failed to map 174063616 bytes for committing reserved memory.
# Possible reasons:
#   The system is out of physical RAM or swap space
#   In 32 bit mode, the process size limit was hit
# Possible solutions:
#   Reduce memory load on the system
#   Increase physical memory or swap space
#   Check if swap backing store is full
#   Use 64 bit Java on a 64 bit OS
#   Decrease Java heap size (-Xmx/-Xms)
#   Decrease number of Java threads
#   Decrease Java thread stack sizes (-Xss)
#   Set larger code cache with -XX:ReservedCodeCacheSize=
# This output file may be truncated or incomplete.
#
#  Out of Memory Error (os_linux.cpp:2627), pid=17844, tid=140150221870848
#
# JRE version: Java(TM) SE Runtime Environment (8.0_73-b02) (build 1.8.0_73-b02)
# Java VM: Java HotSpot(TM) 64-Bit Server VM (25.73-b02 mixed mode linux-amd64 compressed oops)
# Failed to write core dump. Core dumps have been disabled. To enable core dumping, try "ulimit -c unlimited" before starting Java again
#

---------------  T H R E A D  ---------------

Current thread (0x00007f7740074000):  VMThread [stack: 0x00007f7744209000,0x00007f774430a000] [id=17852]

Stack: [0x00007f7744209000,0x00007f774430a000],  sp=0x00007f7744308060,  free space=1020k
Native frames: (J=compiled Java code, j=interpreted, Vv=VM code, C=native code)
V  [libjvm.so+0xaba71a]  VMError::report_and_die()+0x2ba
V  [libjvm.so+0x4f9ecb]  report_vm_out_of_memory(char const*, int, unsigned long, VMErrorType, char const*)+0x8b
V  [libjvm.so+0x91b553]  os::Linux::commit_memory_impl(char*, unsigned long, bool)+0x103
V  [libjvm.so+0x91baa9]  os::pd_commit_memory(char*, unsigned long, unsigned long, bool)+0x29
V  [libjvm.so+0x915dba]  os::commit_memory(char*, unsigned long, unsigned long, bool)+0x2a
V  [libjvm.so+0x989463]  PSVirtualSpace::expand_by(unsigned long)+0x53
V  [libjvm.so+0x979d50]  PSOldGen::expand(unsigned long)+0x170
V  [libjvm.so+0x979f5b]  PSOldGen::resize(unsigned long)+0x1cb
V  [libjvm.so+0x981c31]  PSParallelCompact::invoke_no_policy(bool)+0x991
V  [libjvm.so+0x98758d]  PSScavenge::invoke()+0x1ad
V  [libjvm.so+0x93f1b0]  ParallelScavengeHeap::failed_mem_allocate(unsigned long)+0x70
V  [libjvm.so+0xabc137]  VM_ParallelGCFailedAllocation::doit()+0x97
V  [libjvm.so+0xac3b65]  VM_Operation::evaluate()+0x55
V  [libjvm.so+0xac1f3a]  VMThread::evaluate_operation(VM_Operation*)+0xba
V  [libjvm.so+0xac22be]  VMThread::loop()+0x1ce
V  [libjvm.so+0xac2730]  VMThread::run()+0x70
V  [libjvm.so+0x91d918]  java_start(Thread*)+0x108

VM_Operation (0x00007f7730527f90): ParallelGCFailedAllocation, mode: safepoint, requested by thread 0x00007f77402b9800


---------------  P R O C E S S  ---------------

Java Threads: ( => current thread )
  0x00007f77402bd000 JavaThread "pool-2-thread-4" [_thread_blocked, id=17864, stack(0x00007f7730227000,0x00007f7730328000)]
  0x00007f77402bb800 JavaThread "pool-2-thread-3" [_thread_blocked, id=17863, stack(0x00007f7730328000,0x00007f7730429000)]
  0x00007f77402b9800 JavaThread "pool-2-thread-2" [_thread_blocked, id=17862, stack(0x00007f7730429000,0x00007f773052a000)]
  0x00007f77402b8800 JavaThread "pool-3-thread-1" [_thread_blocked, id=17861, stack(0x00007f773052a000,0x00007f773062b000)]
  0x00007f77402b6000 JavaThread "pool-2-thread-1" [_thread_blocked, id=17860, stack(0x00007f773062b000,0x00007f773072c000)]
  0x00007f77400b7800 JavaThread "Service Thread" daemon [_thread_blocked, id=17858, stack(0x00007f7730933000,0x00007f7730a34000)]
  0x00007f77400b5000 JavaThread "C1 CompilerThread1" daemon [_thread_blocked, id=17857, stack(0x00007f7730a34000,0x00007f7730b35000)]
  0x00007f77400b2000 JavaThread "C2 CompilerThread0" daemon [_thread_blocked, id=17856, stack(0x00007f7730b35000,0x00007f7730c36000)]
  0x00007f77400b0800 JavaThread "Signal Dispatcher" daemon [_thread_blocked, id=17855, stack(0x00007f7730c36000,0x00007f7730d37000)]
  0x00007f774007b000 JavaThread "Finalizer" daemon [_thread_blocked, id=17854, stack(0x00007f7744007000,0x00007f7744108000)]
  0x00007f7740079000 JavaThread "Reference Handler" daemon [_thread_blocked, id=17853, stack(0x00007f7744108000,0x00007f7744209000)]
  0x00007f774000a000 JavaThread "main" [_thread_blocked, id=17849, stack(0x00007f77495d6000,0x00007f77496d7000)]

Other Threads:
=>0x00007f7740074000 VMThread [stack: 0x00007f7744209000,0x00007f774430a000] [id=17852]
  0x00007f77400ba800 WatcherThread [stack: 0x00007f7730832000,0x00007f7730933000] [id=17859]

VM state:at safepoint (normal execution)

VM Mutex/Monitor currently owned by a thread:  ([mutex/lock_event])
[0x00007f7740006050] ExpandHeap_lock - owner thread: 0x00007f7740074000
[0x00007f77400066d0] Threads_lock - owner thread: 0x00007f7740074000
[0x00007f7740006bd0] Heap_lock - owner thread: 0x00007f77402b9800

Heap:
 PSYoungGen      total 569344K, used 29827K [0x00000000d5580000, 0x0000000100000000, 0x0000000100000000)
  eden space 458240K, 0% used [0x00000000d5580000,0x00000000d5580000,0x00000000f1500000)
  from space 111104K, 26% used [0x00000000f9380000,0x00000000fb0a0f08,0x0000000100000000)
  to   space 120320K, 0% used [0x00000000f1500000,0x00000000f1500000,0x00000000f8a80000)
 ParOldGen       total 544256K, used 544181K [0x0000000080000000, 0x00000000a1380000, 0x00000000d5580000)
  object space 544256K, 99% used [0x0000000080000000,0x00000000a136d5d0,0x00000000a1380000)
 Metaspace       used 6589K, capacity 7320K, committed 7680K, reserved 1056768K
  class space    used 616K, capacity 656K, committed 768K, reserved 1048576K

Card table byte_map: [0x00007f7745f9f000,0x00007f77463a0000] byte_map_base: 0x00007f7745b9f000

Marking Bits: (ParMarkBitMap*) 0x00007f7748ab5100
 Begin Bits: [0x00007f7728000000, 0x00007f772a000000)
 End Bits:   [0x00007f772a000000, 0x00007f772c000000)

Polling page: 0x00007f77496fd000

CodeCache: size=245760Kb used=12540Kb max_used=12540Kb free=233219Kb
 bounds [0x00007f7731000000, 0x00007f7731c50000, 0x00007f7740000000]
 total_blobs=2838 nmethods=2570 adapters=182
 compilation: enabled

Compilation events (10 events):
Event: 44.367 Thread 0x00007f77400b5000 2859       2       com.android.dx.cf.code.BytecodeArray$ConstantParserVisitor::clear (6 bytes)
Event: 44.367 Thread 0x00007f77400b5000 nmethod 2859 0x00007f77311085d0 code [0x00007f7731108720, 0x00007f7731108870]
Event: 44.407 Thread 0x00007f77400b5000 2860 %     2       com.android.dx.ssa.SCCP::run @ 211 (298 bytes)
Event: 44.409 Thread 0x00007f77400b5000 nmethod 2860% 0x00007f7731c14010 code [0x00007f7731c142c0, 0x00007f7731c14ce8]
Event: 44.564 Thread 0x00007f77400b5000 2863       1       com.android.dx.rop.cst.CstLiteral32::fitsInInt (2 bytes)
Event: 44.564 Thread 0x00007f77400b5000 nmethod 2863 0x00007f7731112c90 code [0x00007f7731112de0, 0x00007f7731112ef0]
Event: 44.567 Thread 0x00007f77400b5000 2864       2       com.android.dx.rop.cst.CstLiteralBits::fitsIn16Bits (26 bytes)
Event: 44.567 Thread 0x00007f77400b5000 nmethod 2864 0x00007f7731153e10 code [0x00007f7731153f80, 0x00007f7731154158]
Event: 44.696 Thread 0x00007f77400b5000 2866       2       com.android.dx.rop.cst.CstLiteralBits::fitsIn8Bits (26 bytes)
Event: 44.697 Thread 0x00007f77400b5000 nmethod 2866 0x00007f7731153a10 code [0x00007f7731153b80, 0x00007f7731153d58]

GC Heap History (10 events):
Event: 26.393 GC heap after
Heap after GC invocations=19 (full 4):
 PSYoungGen      total 567296K, used 62649K [0x00000000d5580000, 0x0000000100000000, 0x0000000100000000)
  eden space 481792K, 0% used [0x00000000d5580000,0x00000000d5580000,0x00000000f2c00000)
  from space 85504K, 73% used [0x00000000f2c00000,0x00000000f692e6d8,0x00000000f7f80000)
  to   space 95232K, 0% used [0x00000000fa300000,0x00000000fa300000,0x0000000100000000)
 ParOldGen       total 403968K, used 286359K [0x0000000080000000, 0x0000000098a80000, 0x00000000d5580000)
  object space 403968K, 70% used [0x0000000080000000,0x00000000917a5cf8,0x0000000098a80000)
 Metaspace       used 6576K, capacity 7320K, committed 7680K, reserved 1056768K
  class space    used 614K, capacity 656K, committed 768K, reserved 1048576K
}
Event: 29.684 GC heap before
{Heap before GC invocations=20 (full 4):
 PSYoungGen      total 567296K, used 544441K [0x00000000d5580000, 0x0000000100000000, 0x0000000100000000)
  eden space 481792K, 100% used [0x00000000d5580000,0x00000000f2c00000,0x00000000f2c00000)
  from space 85504K, 73% used [0x00000000f2c00000,0x00000000f692e6d8,0x00000000f7f80000)
  to   space 95232K, 0% used [0x00000000fa300000,0x00000000fa300000,0x0000000100000000)
 ParOldGen       total 403968K, used 286359K [0x0000000080000000, 0x0000000098a80000, 0x00000000d5580000)
  object space 403968K, 70% used [0x0000000080000000,0x00000000917a5cf8,0x0000000098a80000)
 Metaspace       used 6576K, capacity 7320K, committed 7680K, reserved 1056768K
  class space    used 614K, capacity 656K, committed 768K, reserved 1048576K
Event: 34.025 GC heap after
Heap after GC invocations=20 (full 4):
 PSYoungGen      total 589312K, used 70290K [0x00000000d5580000, 0x0000000100000000, 0x0000000100000000)
  eden space 494080K, 0% used [0x00000000d5580000,0x00000000d5580000,0x00000000f3800000)
  from space 95232K, 73% used [0x00000000fa300000,0x00000000fe7a4b98,0x0000000100000000)
  to   space 102400K, 0% used [0x00000000f3800000,0x00000000f3800000,0x00000000f9c00000)
 ParOldGen       total 403968K, used 346676K [0x0000000080000000, 0x0000000098a80000, 0x00000000d5580000)
  object space 403968K, 85% used [0x0000000080000000,0x000000009528d018,0x0000000098a80000)
 Metaspace       used 6576K, capacity 7320K, committed 7680K, reserved 1056768K
  class space    used 614K, capacity 656K, committed 768K, reserved 1048576K
}
Event: 34.025 GC heap before
{Heap before GC invocations=21 (full 5):
 PSYoungGen      total 589312K, used 70290K [0x00000000d5580000, 0x0000000100000000, 0x0000000100000000)
  eden space 494080K, 0% used [0x00000000d5580000,0x00000000d5580000,0x00000000f3800000)
  from space 95232K, 73% used [0x00000000fa300000,0x00000000fe7a4b98,0x0000000100000000)
  to   space 102400K, 0% used [0x00000000f3800000,0x00000000f3800000,0x00000000f9c00000)
 ParOldGen       total 403968K, used 346676K [0x0000000080000000, 0x0000000098a80000, 0x00000000d5580000)
  object space 403968K, 85% used [0x0000000080000000,0x000000009528d018,0x0000000098a80000)
 Metaspace       used 6576K, capacity 7320K, committed 7680K, reserved 1056768K
  class space    used 614K, capacity 656K, committed 768K, reserved 1048576K
Event: 37.356 GC heap after
Heap after GC invocations=21 (full 5):
 PSYoungGen      total 589312K, used 12253K [0x00000000d5580000, 0x0000000100000000, 0x0000000100000000)
  eden space 494080K, 0% used [0x00000000d5580000,0x00000000d5580000,0x00000000f3800000)
  from space 95232K, 12% used [0x00000000fa300000,0x00000000faef74b8,0x0000000100000000)
  to   space 102400K, 0% used [0x00000000f3800000,0x00000000f3800000,0x00000000f9c00000)
 ParOldGen       total 544256K, used 403633K [0x0000000080000000, 0x00000000a1380000, 0x00000000d5580000)
  object space 544256K, 74% used [0x0000000080000000,0x0000000098a2c5c0,0x00000000a1380000)
 Metaspace       used 6576K, capacity 7320K, committed 7680K, reserved 1056768K
  class space    used 614K, capacity 656K, committed 768K, reserved 1048576K
}
Event: 41.306 GC heap before
{Heap before GC invocations=22 (full 5):
 PSYoungGen      total 589312K, used 506333K [0x00000000d5580000, 0x0000000100000000, 0x0000000100000000)
  eden space 494080K, 100% used [0x00000000d5580000,0x00000000f3800000,0x00000000f3800000)
  from space 95232K, 12% used [0x00000000fa300000,0x00000000faef74b8,0x0000000100000000)
  to   space 102400K, 0% used [0x00000000f3800000,0x00000000f3800000,0x00000000f9c00000)
 ParOldGen       total 544256K, used 403633K [0x0000000080000000, 0x00000000a1380000, 0x00000000d5580000)
  object space 544256K, 74% used [0x0000000080000000,0x0000000098a2c5c0,0x00000000a1380000)
 Metaspace       used 6578K, capacity 7320K, committed 7680K, reserved 1056768K
  class space    used 615K, capacity 656K, committed 768K, reserved 1048576K
Event: 41.598 GC heap after
Heap after GC invocations=22 (full 5):
 PSYoungGen      total 573952K, used 79831K [0x00000000d5580000, 0x0000000100000000, 0x0000000100000000)
  eden space 494080K, 0% used [0x00000000d5580000,0x00000000d5580000,0x00000000f3800000)
  from space 79872K, 99% used [0x00000000f3800000,0x00000000f85f5d18,0x00000000f8600000)
  to   space 111104K, 0% used [0x00000000f9380000,0x00000000f9380000,0x0000000100000000)
 ParOldGen       total 544256K, used 413255K [0x0000000080000000, 0x00000000a1380000, 0x00000000d5580000)
  object space 544256K, 75% used [0x0000000080000000,0x0000000099391e50,0x00000000a1380000)
 Metaspace       used 6578K, capacity 7320K, committed 7680K, reserved 1056768K
  class space    used 615K, capacity 656K, committed 768K, reserved 1048576K
}
Event: 44.751 GC heap before
{Heap before GC invocations=23 (full 5):
 PSYoungGen      total 573952K, used 573911K [0x00000000d5580000, 0x0000000100000000, 0x0000000100000000)
  eden space 494080K, 100% used [0x00000000d5580000,0x00000000f3800000,0x00000000f3800000)
  from space 79872K, 99% used [0x00000000f3800000,0x00000000f85f5d18,0x00000000f8600000)
  to   space 111104K, 0% used [0x00000000f9380000,0x00000000f9380000,0x0000000100000000)
 ParOldGen       total 544256K, used 413255K [0x0000000080000000, 0x00000000a1380000, 0x00000000d5580000)
  object space 544256K, 75% used [0x0000000080000000,0x0000000099391e50,0x00000000a1380000)
 Metaspace       used 6589K, capacity 7320K, committed 7680K, reserved 1056768K
  class space    used 616K, capacity 656K, committed 768K, reserved 1048576K
Event: 45.721 GC heap after
Heap after GC invocations=23 (full 5):
 PSYoungGen      total 569344K, used 85857K [0x00000000d5580000, 0x0000000100000000, 0x0000000100000000)
  eden space 458240K, 0% used [0x00000000d5580000,0x00000000d5580000,0x00000000f1500000)
  from space 111104K, 77% used [0x00000000f9380000,0x00000000fe758418,0x0000000100000000)
  to   space 120320K, 0% used [0x00000000f1500000,0x00000000f1500000,0x00000000f8a80000)
 ParOldGen       total 544256K, used 489980K [0x0000000080000000, 0x00000000a1380000, 0x00000000d5580000)
  object space 544256K, 90% used [0x0000000080000000,0x000000009de7f040,0x00000000a1380000)
 Metaspace       used 6589K, capacity 7320K, committed 7680K, reserved 1056768K
  class space    used 616K, capacity 656K, committed 768K, reserved 1048576K
}
Event: 45.721 GC heap before
{Heap before GC invocations=24 (full 6):
 PSYoungGen      total 569344K, used 85857K [0x00000000d5580000, 0x0000000100000000, 0x0000000100000000)
  eden space 458240K, 0% used [0x00000000d5580000,0x00000000d5580000,0x00000000f1500000)
  from space 111104K, 77% used [0x00000000f9380000,0x00000000fe758418,0x0000000100000000)
  to   space 120320K, 0% used [0x00000000f1500000,0x00000000f1500000,0x00000000f8a80000)
 ParOldGen       total 544256K, used 489980K [0x0000000080000000, 0x00000000a1380000, 0x00000000d5580000)
  object space 544256K, 90% used [0x0000000080000000,0x000000009de7f040,0x00000000a1380000)
 Metaspace       used 6589K, capacity 7320K, committed 7680K, reserved 1056768K
  class space    used 616K, capacity 656K, committed 768K, reserved 1048576K

Deoptimization events (10 events):
Event: 40.677 Thread 0x00007f77402b6000 Uncommon trap: reason=unstable_if action=reinterpret pc=0x00007f7731b94678 method=com.android.dx.rop.type.Type.isReference()Z @ 6
Event: 40.683 Thread 0x00007f77402bb800 Uncommon trap: reason=unstable_if action=reinterpret pc=0x00007f7731b94678 method=com.android.dx.rop.type.Type.isReference()Z @ 6
Event: 41.854 Thread 0x00007f77402b9800 Uncommon trap: reason=unstable_if action=reinterpret pc=0x00007f7731b5a7ec method=com.android.dx.ssa.SCCP.replaceBranches()V @ 14
Event: 42.446 Thread 0x00007f77402bb800 Uncommon trap: reason=unstable_if action=reinterpret pc=0x00007f7731bfe5a4 method=com.android.dx.ssa.SsaBasicBlock.scheduleMovesFromPhis()V @ 63
Event: 42.670 Thread 0x00007f77402bd000 Uncommon trap: reason=unstable_if action=reinterpret pc=0x00007f7731c12504 method=com.android.dx.cf.code.Merger.mergeType(Lcom/android/dx/rop/type/TypeBearer;Lcom/android/dx/rop/type/TypeBearer;)Lcom/android/dx/rop/type/TypeBearer; @ 68
Event: 43.031 Thread 0x00007f77402bb800 Uncommon trap: reason=predicate action=maybe_recompile pc=0x00007f7731b35a5c method=com.android.dx.ssa.DomFront.run()[Lcom/android/dx/ssa/DomFront$DomInfo; @ 175
Event: 43.350 Thread 0x00007f77402bb800 Uncommon trap: reason=class_check action=maybe_recompile pc=0x00007f7731a6c5a4 method=com.android.dx.ssa.DomFront.calcDomFronts()V @ 101
Event: 43.364 Thread 0x00007f77402bb800 Uncommon trap: reason=class_check action=maybe_recompile pc=0x00007f7731a225b8 method=com.android.dx.ssa.SsaConverter.placePhiFunctions(Lcom/android/dx/ssa/SsaMethod;Lcom/android/dx/ssa/LocalVariableInfo;I)V @ 257
Event: 44.029 Thread 0x00007f774000a000 Uncommon trap: reason=class_check action=maybe_recompile pc=0x00007f773199c04c method=com.android.dx.ssa.SCCP.simulateBranch(Lcom/android/dx/ssa/SsaInsn;)V @ 339
Event: 44.037 Thread 0x00007f774000a000 Uncommon trap: reason=class_check action=maybe_recompile pc=0x00007f773199c04c method=com.android.dx.ssa.SCCP.simulateBranch(Lcom/android/dx/ssa/SsaInsn;)V @ 339

Internal exceptions (6 events):
Event: 0.040 Thread 0x00007f774000a000 Exception <a 'java/lang/NoSuchMethodError': Method sun.misc.Unsafe.defineClass(Ljava/lang/String;[BII)Ljava/lang/Class; name or signature does not match> (0x00000000d5592a50) thrown at [/HUDSON3/workspace/8-2-build-linux-amd64/jdk8u73/6086/hotspot/src/sha
Event: 0.040 Thread 0x00007f774000a000 Exception <a 'java/lang/NoSuchMethodError': Method sun.misc.Unsafe.prefetchRead(Ljava/lang/Object;J)V name or signature does not match> (0x00000000d5592d38) thrown at [/HUDSON3/workspace/8-2-build-linux-amd64/jdk8u73/6086/hotspot/src/share/vm/prims/jni.cp
Event: 1.372 Thread 0x00007f77402b6000 Implicit null exception at 0x00007f77312f7488 to 0x00007f77312f9c75
Event: 1.736 Thread 0x00007f77402b6000 Exception <a 'java/lang/ArrayIndexOutOfBoundsException': 18> (0x00000000d6778050) thrown at [/HUDSON3/workspace/8-2-build-linux-amd64/jdk8u73/6086/hotspot/src/share/vm/interpreter/interpreterRuntime.cpp, line 366]
Event: 1.736 Thread 0x00007f77402b6000 Exception <a 'java/lang/ArrayIndexOutOfBoundsException': 145> (0x00000000d6779bd0) thrown at [/HUDSON3/workspace/8-2-build-linux-amd64/jdk8u73/6086/hotspot/src/share/vm/interpreter/interpreterRuntime.cpp, line 366]
Event: 1.737 Thread 0x00007f77402b6000 Exception <a 'java/lang/ArrayIndexOutOfBoundsException': 40> (0x00000000d677aeb8) thrown at [/HUDSON3/workspace/8-2-build-linux-amd64/jdk8u73/6086/hotspot/src/share/vm/interpreter/interpreterRuntime.cpp, line 366]

Events (10 events):
Event: 44.029 Thread 0x00007f774000a000 DEOPT PACKING pc=0x00007f773199c04c sp=0x00007f77496d4550
Event: 44.029 Thread 0x00007f774000a000 DEOPT UNPACKING pc=0x00007f7731005229 sp=0x00007f77496d4578 mode 2
Event: 44.037 Thread 0x00007f774000a000 Uncommon trap: trap_request=0xffffffde fr.pc=0x00007f773199c04c
Event: 44.037 Thread 0x00007f774000a000 DEOPT PACKING pc=0x00007f773199c04c sp=0x00007f77496d4550
Event: 44.037 Thread 0x00007f774000a000 DEOPT UNPACKING pc=0x00007f7731005229 sp=0x00007f77496d4578 mode 2
Event: 44.380 Thread 0x00007f77402bb800 DEOPT PACKING pc=0x00007f7731bd5201 sp=0x00007f7730427050
Event: 44.380 Thread 0x00007f77402bb800 DEOPT UNPACKING pc=0x00007f7731047233 sp=0x00007f7730426e00 mode 0
Event: 44.407 Thread 0x00007f77402b6000 DEOPT PACKING pc=0x00007f7731bd5201 sp=0x00007f7730729dd0
Event: 44.407 Thread 0x00007f77402b6000 DEOPT UNPACKING pc=0x00007f7731047233 sp=0x00007f7730729b80 mode 0
Event: 44.746 Executing VM operation: ParallelGCFailedAllocation


Dynamic libraries:
00400000-00401000 r-xp 00000000 08:06 1974662                            /home/adament/mkn/android/jdk1.8.0_73/bin/java
00600000-00601000 rw-p 00000000 08:06 1974662                            /home/adament/mkn/android/jdk1.8.0_73/bin/java
01ea5000-01ec6000 rw-p 00000000 00:00 0                                  [heap]
80000000-a1380000 rw-p 00000000 00:00 0 
ab980000-d5580000 ---p 00000000 00:00 0 
d5580000-100000000 rw-p 00000000 00:00 0 
100000000-1000c0000 rw-p 00000000 00:00 0 
1000c0000-140000000 ---p 00000000 00:00 0 
7f76f0000000-7f76f002a000 rw-p 00000000 00:00 0 
7f76f002a000-7f76f4000000 ---p 00000000 00:00 0 
7f76f8000000-7f76f8021000 rw-p 00000000 00:00 0 
7f76f8021000-7f76fc000000 ---p 00000000 00:00 0 
7f76fc000000-7f76fc036000 rw-p 00000000 00:00 0 
7f76fc036000-7f7700000000 ---p 00000000 00:00 0 
7f7700000000-7f7700021000 rw-p 00000000 00:00 0 
7f7700021000-7f7704000000 ---p 00000000 00:00 0 
7f7704000000-7f770402e000 rw-p 00000000 00:00 0 
7f770402e000-7f7708000000 ---p 00000000 00:00 0 
7f7708000000-7f7708f70000 rw-p 00000000 00:00 0 
7f7708f70000-7f770c000000 ---p 00000000 00:00 0 
7f770c000000-7f770c021000 rw-p 00000000 00:00 0 
7f770c021000-7f7710000000 ---p 00000000 00:00 0 
7f7710000000-7f7710021000 rw-p 00000000 00:00 0 
7f7710021000-7f7714000000 ---p 00000000 00:00 0 
7f7714000000-7f7715f38000 rw-p 00000000 00:00 0 
7f7715f38000-7f7718000000 ---p 00000000 00:00 0 
7f7718000000-7f7718021000 rw-p 00000000 00:00 0 
7f7718021000-7f771c000000 ---p 00000000 00:00 0 
7f771c000000-7f771c021000 rw-p 00000000 00:00 0 
7f771c021000-7f7720000000 ---p 00000000 00:00 0 
7f7720000000-7f772029d000 rw-p 00000000 00:00 0 
7f772029d000-7f7724000000 ---p 00000000 00:00 0 
7f7724000000-7f7724021000 rw-p 00000000 00:00 0 
7f7724021000-7f7728000000 ---p 00000000 00:00 0 
7f7728000000-7f772c000000 rw-p 00000000 00:00 0 
7f772c000000-7f772c021000 rw-p 00000000 00:00 0 
7f772c021000-7f7730000000 ---p 00000000 00:00 0 
7f7730227000-7f773022a000 ---p 00000000 00:00 0 
7f773022a000-7f7730328000 rw-p 00000000 00:00 0                          [stack:17864]
7f7730328000-7f773032b000 ---p 00000000 00:00 0 
7f773032b000-7f7730429000 rw-p 00000000 00:00 0                          [stack:17863]
7f7730429000-7f773042c000 ---p 00000000 00:00 0 
7f773042c000-7f773052a000 rw-p 00000000 00:00 0                          [stack:17862]
7f773052a000-7f773052d000 ---p 00000000 00:00 0 
7f773052d000-7f773062b000 rw-p 00000000 00:00 0                          [stack:17861]
7f773062b000-7f773062e000 ---p 00000000 00:00 0 
7f773062e000-7f773072c000 rw-p 00000000 00:00 0                          [stack:17860]
7f773072c000-7f7730832000 r--s 00b5a000 08:06 3806456                    /home/adament/EstiloRobe/estiloRobe/build/intermediates/transforms/jarMerging/debug/jars/1/1f/combined.jar
7f7730832000-7f7730833000 ---p 00000000 00:00 0 
7f7730833000-7f7730933000 rw-p 00000000 00:00 0                          [stack:17859]
7f7730933000-7f7730936000 ---p 00000000 00:00 0 
7f7730936000-7f7730a34000 rw-p 00000000 00:00 0                          [stack:17858]
7f7730a34000-7f7730a37000 ---p 00000000 00:00 0 
7f7730a37000-7f7730b35000 rw-p 00000000 00:00 0                          [stack:17857]
7f7730b35000-7f7730b38000 ---p 00000000 00:00 0 
7f7730b38000-7f7730c36000 rw-p 00000000 00:00 0                          [stack:17856]
7f7730c36000-7f7730c39000 ---p 00000000 00:00 0 
7f7730c39000-7f7730d37000 rw-p 00000000 00:00 0                          [stack:17855]
7f7730d37000-7f7731000000 r--p 00000000 08:06 138881                     /usr/lib/locale/locale-archive
7f7731000000-7f7731c50000 rwxp 00000000 00:00 0 
7f7731c50000-7f7740000000 ---p 00000000 00:00 0 
7f7740000000-7f774039e000 rw-p 00000000 00:00 0 
7f774039e000-7f7744000000 ---p 00000000 00:00 0 
7f7744007000-7f774400a000 ---p 00000000 00:00 0 
7f774400a000-7f7744108000 rw-p 00000000 00:00 0                          [stack:17854]
7f7744108000-7f774410b000 ---p 00000000 00:00 0 
7f774410b000-7f7744209000 rw-p 00000000 00:00 0                          [stack:17853]
7f7744209000-7f774420a000 ---p 00000000 00:00 0 
7f774420a000-7f7744ca4000 rw-p 00000000 00:00 0                          [stack:17852]
7f7744ca4000-7f7744e7c000 r--s 03d23000 08:06 2102216                    /home/adament/mkn/android/jdk1.8.0_73/jre/lib/rt.jar
7f7744e7c000-7f77455b2000 rw-p 00000000 00:00 0 
7f77455b2000-7f77456f2000 ---p 00000000 00:00 0 
7f77456f2000-7f7745af2000 rw-p 00000000 00:00 0 
7f7745af2000-7f7745af3000 ---p 00000000 00:00 0 
7f7745af3000-7f7745bf3000 rw-p 00000000 00:00 0                          [stack:17851]
7f7745bf3000-7f7745bf4000 ---p 00000000 00:00 0 
7f7745bf4000-7f7745dfe000 rw-p 00000000 00:00 0                          [stack:17850]
7f7745dfe000-7f7745f9f000 ---p 00000000 00:00 0 
7f7745f9f000-7f77460a9000 rw-p 00000000 00:00 0 
7f77460a9000-7f7746249000 ---p 00000000 00:00 0 
7f7746249000-7f774639f000 rw-p 00000000 00:00 0 
7f774639f000-7f77463d2000 rw-p 00000000 00:00 0 
7f77463d2000-7f7746760000 ---p 00000000 00:00 0 
7f7746760000-7f774677a000 r-xp 00000000 08:06 2493507                    /home/adament/mkn/android/jdk1.8.0_73/jre/lib/amd64/libzip.so
7f774677a000-7f774697a000 ---p 0001a000 08:06 2493507                    /home/adament/mkn/android/jdk1.8.0_73/jre/lib/amd64/libzip.so
7f774697a000-7f774697b000 rw-p 0001a000 08:06 2493507                    /home/adament/mkn/android/jdk1.8.0_73/jre/lib/amd64/libzip.so
7f774697b000-7f7746986000 r-xp 00000000 08:06 2363499                    /lib/x86_64-linux-gnu/libnss_files-2.19.so
7f7746986000-7f7746b85000 ---p 0000b000 08:06 2363499                    /lib/x86_64-linux-gnu/libnss_files-2.19.so
7f7746b85000-7f7746b86000 r--p 0000a000 08:06 2363499                    /lib/x86_64-linux-gnu/libnss_files-2.19.so
7f7746b86000-7f7746b87000 rw-p 0000b000 08:06 2363499                    /lib/x86_64-linux-gnu/libnss_files-2.19.so
7f7746b87000-7f7746b92000 r-xp 00000000 08:06 2363509                    /lib/x86_64-linux-gnu/libnss_nis-2.19.so
7f7746b92000-7f7746d91000 ---p 0000b000 08:06 2363509                    /lib/x86_64-linux-gnu/libnss_nis-2.19.so
7f7746d91000-7f7746d92000 r--p 0000a000 08:06 2363509                    /lib/x86_64-linux-gnu/libnss_nis-2.19.so
7f7746d92000-7f7746d93000 rw-p 0000b000 08:06 2363509                    /lib/x86_64-linux-gnu/libnss_nis-2.19.so
7f7746d93000-7f7746daa000 r-xp 00000000 08:06 2363493                    /lib/x86_64-linux-gnu/libnsl-2.19.so
7f7746daa000-7f7746fa9000 ---p 00017000 08:06 2363493                    /lib/x86_64-linux-gnu/libnsl-2.19.so
7f7746fa9000-7f7746faa000 r--p 00016000 08:06 2363493                    /lib/x86_64-linux-gnu/libnsl-2.19.so
7f7746faa000-7f7746fab000 rw-p 00017000 08:06 2363493                    /lib/x86_64-linux-gnu/libnsl-2.19.so
7f7746fab000-7f7746fad000 rw-p 00000000 00:00 0 
7f7746fad000-7f7746fb6000 r-xp 00000000 08:06 2363495                    /lib/x86_64-linux-gnu/libnss_compat-2.19.so
7f7746fb6000-7f77471b5000 ---p 00009000 08:06 2363495                    /lib/x86_64-linux-gnu/libnss_compat-2.19.so
7f77471b5000-7f77471b6000 r--p 00008000 08:06 2363495                    /lib/x86_64-linux-gnu/libnss_compat-2.19.so
7f77471b6000-7f77471b7000 rw-p 00009000 08:06 2363495                    /lib/x86_64-linux-gnu/libnss_compat-2.19.so
7f77471b7000-7f77471e1000 r-xp 00000000 08:06 2493472                    /home/adament/mkn/android/jdk1.8.0_73/jre/lib/amd64/libjava.so
7f77471e1000-7f77473e1000 ---p 0002a000 08:06 2493472                    /home/adament/mkn/android/jdk1.8.0_73/jre/lib/amd64/libjava.so
7f77473e1000-7f77473e3000 rw-p 0002a000 08:06 2493472                    /home/adament/mkn/android/jdk1.8.0_73/jre/lib/amd64/libjava.so
7f77473e3000-7f77473f0000 r-xp 00000000 08:06 2493506                    /home/adament/mkn/android/jdk1.8.0_73/jre/lib/amd64/libverify.so
7f77473f0000-7f77475f0000 ---p 0000d000 08:06 2493506                    /home/adament/mkn/android/jdk1.8.0_73/jre/lib/amd64/libverify.so
7f77475f0000-7f77475f2000 rw-p 0000d000 08:06 2493506                    /home/adament/mkn/android/jdk1.8.0_73/jre/lib/amd64/libverify.so
7f77475f2000-7f77475f9000 r-xp 00000000 08:06 2363552                    /lib/x86_64-linux-gnu/librt-2.19.so
7f77475f9000-7f77477f8000 ---p 00007000 08:06 2363552                    /lib/x86_64-linux-gnu/librt-2.19.so
7f77477f8000-7f77477f9000 r--p 00006000 08:06 2363552                    /lib/x86_64-linux-gnu/librt-2.19.so
7f77477f9000-7f77477fa000 rw-p 00007000 08:06 2363552                    /lib/x86_64-linux-gnu/librt-2.19.so
7f77477fa000-7f77478ff000 r-xp 00000000 08:06 2363474                    /lib/x86_64-linux-gnu/libm-2.19.so
7f77478ff000-7f7747afe000 ---p 00105000 08:06 2363474                    /lib/x86_64-linux-gnu/libm-2.19.so
7f7747afe000-7f7747aff000 r--p 00104000 08:06 2363474                    /lib/x86_64-linux-gnu/libm-2.19.so
7f7747aff000-7f7747b00000 rw-p 00105000 08:06 2363474                    /lib/x86_64-linux-gnu/libm-2.19.so
7f7747b00000-7f77487bf000 r-xp 00000000 08:06 2624044                    /home/adament/mkn/android/jdk1.8.0_73/jre/lib/amd64/server/libjvm.so
7f77487bf000-7f77489be000 ---p 00cbf000 08:06 2624044                    /home/adament/mkn/android/jdk1.8.0_73/jre/lib/amd64/server/libjvm.so
7f77489be000-7f7748a97000 rw-p 00cbe000 08:06 2624044                    /home/adament/mkn/android/jdk1.8.0_73/jre/lib/amd64/server/libjvm.so
7f7748a97000-7f7748ae0000 rw-p 00000000 00:00 0 
7f7748ae0000-7f7748c9b000 r-xp 00000000 08:06 2363421                    /lib/x86_64-linux-gnu/libc-2.19.so
7f7748c9b000-7f7748e9b000 ---p 001bb000 08:06 2363421                    /lib/x86_64-linux-gnu/libc-2.19.so
7f7748e9b000-7f7748e9f000 r--p 001bb000 08:06 2363421                    /lib/x86_64-linux-gnu/libc-2.19.so
7f7748e9f000-7f7748ea1000 rw-p 001bf000 08:06 2363421                    /lib/x86_64-linux-gnu/libc-2.19.so
7f7748ea1000-7f7748ea6000 rw-p 00000000 00:00 0 
7f7748ea6000-7f7748ea9000 r-xp 00000000 08:06 2363438                    /lib/x86_64-linux-gnu/libdl-2.19.so
7f7748ea9000-7f77490a8000 ---p 00003000 08:06 2363438                    /lib/x86_64-linux-gnu/libdl-2.19.so
7f77490a8000-7f77490a9000 r--p 00002000 08:06 2363438                    /lib/x86_64-linux-gnu/libdl-2.19.so
7f77490a9000-7f77490aa000 rw-p 00003000 08:06 2363438                    /lib/x86_64-linux-gnu/libdl-2.19.so
7f77490aa000-7f77490bf000 r-xp 00000000 08:06 2493603                    /home/adament/mkn/android/jdk1.8.0_73/lib/amd64/jli/libjli.so
7f77490bf000-7f77492bf000 ---p 00015000 08:06 2493603                    /home/adament/mkn/android/jdk1.8.0_73/lib/amd64/jli/libjli.so
7f77492bf000-7f77492c0000 rw-p 00015000 08:06 2493603                    /home/adament/mkn/android/jdk1.8.0_73/lib/amd64/jli/libjli.so
7f77492c0000-7f77492d9000 r-xp 00000000 08:06 2363544                    /lib/x86_64-linux-gnu/libpthread-2.19.so
7f77492d9000-7f77494d8000 ---p 00019000 08:06 2363544                    /lib/x86_64-linux-gnu/libpthread-2.19.so
7f77494d8000-7f77494d9000 r--p 00018000 08:06 2363544                    /lib/x86_64-linux-gnu/libpthread-2.19.so
7f77494d9000-7f77494da000 rw-p 00019000 08:06 2363544                    /lib/x86_64-linux-gnu/libpthread-2.19.so
7f77494da000-7f77494de000 rw-p 00000000 00:00 0 
7f77494de000-7f7749501000 r-xp 00000000 08:06 2363395                    /lib/x86_64-linux-gnu/ld-2.19.so
7f774950a000-7f77495d6000 rw-p 00000000 00:00 0 
7f77495d6000-7f77495d9000 ---p 00000000 00:00 0 
7f77495d9000-7f77496db000 rw-p 00000000 00:00 0                          [stack:17849]
7f77496e4000-7f77496e5000 rw-p 00000000 00:00 0 
7f77496e5000-7f77496f4000 r--s 000df000 08:06 2493619                    /home/adament/mkn/android/sdk/build-tools/23.0.2/lib/dx.jar
7f77496f4000-7f77496fc000 rw-s 00000000 08:06 7477582                    /tmp/hsperfdata_adament/17844
7f77496fc000-7f77496fd000 rw-p 00000000 00:00 0 
7f77496fd000-7f77496fe000 ---p 00000000 00:00 0 
7f77496fe000-7f7749700000 rw-p 00000000 00:00 0 
7f7749700000-7f7749701000 r--p 00022000 08:06 2363395                    /lib/x86_64-linux-gnu/ld-2.19.so
7f7749701000-7f7749702000 rw-p 00023000 08:06 2363395                    /lib/x86_64-linux-gnu/ld-2.19.so
7f7749702000-7f7749703000 rw-p 00000000 00:00 0 
7fff4c9d7000-7fff4c9f8000 rw-p 00000000 00:00 0                          [stack]
7fff4c9fe000-7fff4ca00000 r-xp 00000000 00:00 0                          [vdso]
ffffffffff600000-ffffffffff601000 r-xp 00000000 00:00 0                  [vsyscall]

VM Arguments:
jvm_args: -Djava.awt.headless=true -Xmx2048M -Dfile.encoding=UTF-8 -Duser.country=IN -Duser.language=en -Duser.variant 
java_command: com.android.dx.command.Main --dex --num-threads=4 --multi-dex --main-dex-list /home/adament/EstiloRobe/estiloRobe/build/intermediates/multi-dex/debug/maindexlist.txt --output /home/adament/EstiloRobe/estiloRobe/build/intermediates/transforms/dex/debug/folders/1000/1f/main /home/adament/EstiloRobe/estiloRobe/build/intermediates/transforms/jarMerging/debug/jars/1/1f/combined.jar
java_class_path (initial): /home/adament/mkn/android/sdk/build-tools/23.0.2/lib/dx.jar
Launcher Type: SUN_STANDARD

Environment Variables:
JAVA_HOME=/home/adament/mkn/android/jdk1.8.0_73
PATH=/usr/local/sbin:/usr/local/bin:/usr/sbin:/usr/bin:/sbin:/bin:/usr/games:/usr/local/games:/home/adament/mkn/android/sdk/platform-tools
USERNAME=adament
LD_LIBRARY_PATH=/home/adament/mkn/android/android-studio/bin:
SHELL=/bin/bash
DISPLAY=:0

Signal Handlers:
SIGSEGV: [libjvm.so+0xabafa0], sa_mask[0]=11111111011111111101111111111110, sa_flags=SA_RESTART|SA_SIGINFO
SIGBUS: [libjvm.so+0xabafa0], sa_mask[0]=11111111011111111101111111111110, sa_flags=SA_RESTART|SA_SIGINFO
SIGFPE: [libjvm.so+0x9183c0], sa_mask[0]=11111111011111111101111111111110, sa_flags=SA_RESTART|SA_SIGINFO
SIGPIPE: [libjvm.so+0x9183c0], sa_mask[0]=11111111011111111101111111111110, sa_flags=SA_RESTART|SA_SIGINFO
SIGXFSZ: [libjvm.so+0x9183c0], sa_mask[0]=11111111011111111101111111111110, sa_flags=SA_RESTART|SA_SIGINFO
SIGILL: [libjvm.so+0x9183c0], sa_mask[0]=11111111011111111101111111111110, sa_flags=SA_RESTART|SA_SIGINFO
SIGUSR1: SIG_DFL, sa_mask[0]=00000000000000000000000000000000, sa_flags=none
SIGUSR2: [libjvm.so+0x9199f0], sa_mask[0]=00100000000000000000000000000000, sa_flags=SA_RESTART|SA_SIGINFO
SIGHUP: [libjvm.so+0x91adf0], sa_mask[0]=11111111011111111101111111111110, sa_flags=SA_RESTART|SA_SIGINFO
SIGINT: [libjvm.so+0x91adf0], sa_mask[0]=11111111011111111101111111111110, sa_flags=SA_RESTART|SA_SIGINFO
SIGTERM: [libjvm.so+0x91adf0], sa_mask[0]=11111111011111111101111111111110, sa_flags=SA_RESTART|SA_SIGINFO
SIGQUIT: [libjvm.so+0x91adf0], sa_mask[0]=11111111011111111101111111111110, sa_flags=SA_RESTART|SA_SIGINFO


---------------  S Y S T E M  ---------------

OS:DISTRIB_ID=LinuxMint
DISTRIB_RELEASE=17.1
DISTRIB_CODENAME=rebecca
DISTRIB_DESCRIPTION="Linux Mint 17.1 Rebecca"

uname:Linux 3.13.0-37-generic #64-Ubuntu SMP Mon Sep 22 21:28:38 UTC 2014 x86_64
libc:glibc 2.19 NPTL 2.19 
rlimit: STACK 8192k, CORE 0k, NPROC 30684, NOFILE 4096, AS infinity
load average:4.70 3.27 3.40

/proc/meminfo:
MemTotal:        3958712 kB
MemFree:           93388 kB
Buffers:            2452 kB
Cached:           200068 kB
SwapCached:        40760 kB
Active:          2645672 kB
Inactive:        1006052 kB
Active(anon):    2624752 kB
Inactive(anon):   985712 kB
Active(file):      20920 kB
Inactive(file):    20340 kB
Unevictable:          32 kB
Mlocked:              32 kB
SwapTotal:       1998844 kB
SwapFree:          75280 kB
Dirty:               124 kB
Writeback:          1188 kB
AnonPages:       3410508 kB
Mapped:            48448 kB
Shmem:            161124 kB
Slab:              79716 kB
SReclaimable:      42224 kB
SUnreclaim:        37492 kB
KernelStack:        5064 kB
PageTables:        56060 kB
NFS_Unstable:          0 kB
Bounce:                0 kB
WritebackTmp:          0 kB
CommitLimit:     3978200 kB
Committed_AS:    9702048 kB
VmallocTotal:   34359738367 kB
VmallocUsed:      543712 kB
VmallocChunk:   34359187932 kB
HardwareCorrupted:     0 kB
AnonHugePages:    731136 kB
HugePages_Total:       0
HugePages_Free:        0
HugePages_Rsvd:        0
HugePages_Surp:        0
Hugepagesize:       2048 kB
DirectMap4k:       68648 kB
DirectMap2M:     4036608 kB


CPU:total 2 (2 cores per cpu, 1 threads per core) family 6 model 42 stepping 7, cmov, cx8, fxsr, mmx, sse, sse2, sse3, ssse3, sse4.1, sse4.2, popcnt, clmul, tsc, tscinvbit

/proc/cpuinfo:
processor	: 0
vendor_id	: GenuineIntel
cpu family	: 6
model		: 42
model name	: Intel(R) Pentium(R) CPU G620 @ 2.60GHz
stepping	: 7
microcode	: 0xd
cpu MHz		: 2594.354
cache size	: 3072 KB
physical id	: 0
siblings	: 2
core id		: 0
cpu cores	: 2
apicid		: 0
initial apicid	: 0
fpu		: yes
fpu_exception	: yes
cpuid level	: 13
wp		: yes
flags		: fpu vme de pse tsc msr pae mce cx8 apic sep mtrr pge mca cmov pat pse36 clflush dts acpi mmx fxsr sse sse2 ss ht tm pbe syscall nx rdtscp lm constant_tsc arch_perfmon pebs bts rep_good nopl xtopology nonstop_tsc aperfmperf eagerfpu pni pclmulqdq dtes64 monitor ds_cpl vmx est tm2 ssse3 cx16 xtpr pdcm pcid sse4_1 sse4_2 popcnt tsc_deadline_timer xsave lahf_lm arat epb xsaveopt pln pts dtherm tpr_shadow vnmi flexpriority ept vpid
bogomips	: 5188.70
clflush size	: 64
cache_alignment	: 64
address sizes	: 36 bits physical, 48 bits virtual
power management:

processor	: 1
vendor_id	: GenuineIntel
cpu family	: 6
model		: 42
model name	: Intel(R) Pentium(R) CPU G620 @ 2.60GHz
stepping	: 7
microcode	: 0xd
cpu MHz		: 2594.354
cache size	: 3072 KB
physical id	: 0
siblings	: 2
core id		: 1
cpu cores	: 2
apicid		: 2
initial apicid	: 2
fpu		: yes
fpu_exception	: yes
cpuid level	: 13
wp		: yes
flags		: fpu vme de pse tsc msr pae mce cx8 apic sep mtrr pge mca cmov pat pse36 clflush dts acpi mmx fxsr sse sse2 ss ht tm pbe syscall nx rdtscp lm constant_tsc arch_perfmon pebs bts rep_good nopl xtopology nonstop_tsc aperfmperf eagerfpu pni pclmulqdq dtes64 monitor ds_cpl vmx est tm2 ssse3 cx16 xtpr pdcm pcid sse4_1 sse4_2 popcnt tsc_deadline_timer xsave lahf_lm arat epb xsaveopt pln pts dtherm tpr_shadow vnmi flexpriority ept vpid
bogomips	: 5188.70
clflush size	: 64
cache_alignment	: 64
address sizes	: 36 bits physical, 48 bits virtual
power management:



Memory: 4k page, physical 3958712k(93388k free), swap 1998844k(75280k free)

vm_info: Java HotSpot(TM) 64-Bit Server VM (25.73-b02) for linux-amd64 JRE (1.8.0_73-b02), built on Jan 29 2016 17:39:45 by "java_re" with gcc 4.3.0 20080428 (Red Hat 4.3.0-8)

time: Wed Apr 20 19:35:36 2016
elapsed time: 53 seconds (0d 0h 0m 53s)

