#
# There is insufficient memory for the Java Runtime Environment to continue.
# Native memory allocation (mmap) failed to map 224395264 bytes for committing reserved memory.
# Possible reasons:
#   The system is out of physical RAM or swap space
#   In 32 bit mode, the process size limit was hit
# Possible solutions:
#   Reduce memory load on the system
#   Increase physical memory or swap space
#   Check if swap backing store is full
#   Use 64 bit Java on a 64 bit OS
#   Decrease Java heap size (-Xmx/-Xms)
#   Decrease number of Java threads
#   Decrease Java thread stack sizes (-Xss)
#   Set larger code cache with -XX:ReservedCodeCacheSize=
# This output file may be truncated or incomplete.
#
#  Out of Memory Error (os_linux.cpp:2627), pid=4371, tid=140166171850496
#
# JRE version: Java(TM) SE Runtime Environment (8.0_73-b02) (build 1.8.0_73-b02)
# Java VM: Java HotSpot(TM) 64-Bit Server VM (25.73-b02 mixed mode linux-amd64 compressed oops)
# Failed to write core dump. Core dumps have been disabled. To enable core dumping, try "ulimit -c unlimited" before starting Java again
#

---------------  T H R E A D  ---------------

Current thread (0x00007f7b14074000):  VMThread [stack: 0x00007f7afad1f000,0x00007f7afae20000] [id=4379]

Stack: [0x00007f7afad1f000,0x00007f7afae20000],  sp=0x00007f7afae1e2e0,  free space=1020k
Native frames: (J=compiled Java code, j=interpreted, Vv=VM code, C=native code)
V  [libjvm.so+0xaba71a]  VMError::report_and_die()+0x2ba
V  [libjvm.so+0x4f9ecb]  report_vm_out_of_memory(char const*, int, unsigned long, VMErrorType, char const*)+0x8b
V  [libjvm.so+0x91b553]  os::Linux::commit_memory_impl(char*, unsigned long, bool)+0x103
V  [libjvm.so+0x91baa9]  os::pd_commit_memory(char*, unsigned long, unsigned long, bool)+0x29
V  [libjvm.so+0x915dba]  os::commit_memory(char*, unsigned long, unsigned long, bool)+0x2a
V  [libjvm.so+0x989463]  PSVirtualSpace::expand_by(unsigned long)+0x53
V  [libjvm.so+0x979d50]  PSOldGen::expand(unsigned long)+0x170
V  [libjvm.so+0x979f5b]  PSOldGen::resize(unsigned long)+0x1cb
V  [libjvm.so+0x981c31]  PSParallelCompact::invoke_no_policy(bool)+0x991
V  [libjvm.so+0x98758d]  PSScavenge::invoke()+0x1ad
V  [libjvm.so+0x93f1b0]  ParallelScavengeHeap::failed_mem_allocate(unsigned long)+0x70
V  [libjvm.so+0xabc137]  VM_ParallelGCFailedAllocation::doit()+0x97
V  [libjvm.so+0xac3b65]  VM_Operation::evaluate()+0x55
V  [libjvm.so+0xac1f3a]  VMThread::evaluate_operation(VM_Operation*)+0xba
V  [libjvm.so+0xac22be]  VMThread::loop()+0x1ce
V  [libjvm.so+0xac2730]  VMThread::run()+0x70
V  [libjvm.so+0x91d918]  java_start(Thread*)+0x108

VM_Operation (0x00007f7af9d41dc0): ParallelGCFailedAllocation, mode: safepoint, requested by thread 0x00007f7b1419e800


---------------  P R O C E S S  ---------------

Java Threads: ( => current thread )
  0x00007f7b1419e800 JavaThread "pool-1-thread-1" [_thread_blocked, id=4412, stack(0x00007f7af9c43000,0x00007f7af9d44000)]
  0x00007f7b141cf800 JavaThread "pool-2-thread-4" [_thread_blocked, id=4392, stack(0x00007f7af9d44000,0x00007f7af9e45000)]
  0x00007f7b141ce000 JavaThread "pool-2-thread-3" [_thread_blocked, id=4391, stack(0x00007f7af9e45000,0x00007f7af9f46000)]
  0x00007f7b141cc000 JavaThread "pool-2-thread-2" [_thread_blocked, id=4390, stack(0x00007f7af9f46000,0x00007f7afa047000)]
  0x00007f7b141cb000 JavaThread "pool-3-thread-1" [_thread_blocked, id=4389, stack(0x00007f7afa047000,0x00007f7afa148000)]
  0x00007f7b141c8800 JavaThread "pool-2-thread-1" [_thread_blocked, id=4388, stack(0x00007f7afa148000,0x00007f7afa249000)]
  0x00007f7b140ba000 JavaThread "Service Thread" daemon [_thread_blocked, id=4385, stack(0x00007f7afa450000,0x00007f7afa551000)]
  0x00007f7b140b7000 JavaThread "C1 CompilerThread1" daemon [_thread_blocked, id=4384, stack(0x00007f7afa551000,0x00007f7afa652000)]
  0x00007f7b140b4000 JavaThread "C2 CompilerThread0" daemon [_thread_blocked, id=4383, stack(0x00007f7afa652000,0x00007f7afa753000)]
  0x00007f7b140b2800 JavaThread "Signal Dispatcher" daemon [_thread_blocked, id=4382, stack(0x00007f7afa753000,0x00007f7afa854000)]
  0x00007f7b1407b000 JavaThread "Finalizer" daemon [_thread_blocked, id=4381, stack(0x00007f7afab1d000,0x00007f7afac1e000)]
  0x00007f7b14079000 JavaThread "Reference Handler" daemon [_thread_blocked, id=4380, stack(0x00007f7afac1e000,0x00007f7afad1f000)]
  0x00007f7b1400a000 JavaThread "main" [_thread_blocked, id=4376, stack(0x00007f7b1b10c000,0x00007f7b1b20d000)]

Other Threads:
=>0x00007f7b14074000 VMThread [stack: 0x00007f7afad1f000,0x00007f7afae20000] [id=4379]
  0x00007f7b140bc800 WatcherThread [stack: 0x00007f7afa34f000,0x00007f7afa450000] [id=4386]

VM state:at safepoint (normal execution)

VM Mutex/Monitor currently owned by a thread:  ([mutex/lock_event])
[0x00007f7b14006050] ExpandHeap_lock - owner thread: 0x00007f7b14074000
[0x00007f7b140066d0] Threads_lock - owner thread: 0x00007f7b14074000
[0x00007f7b14006bd0] Heap_lock - owner thread: 0x00007f7b1419e800

Heap:
 PSYoungGen      total 465920K, used 39363K [0x00000000d5580000, 0x0000000100000000, 0x0000000100000000)
  eden space 232960K, 0% used [0x00000000d5580000,0x00000000d5580000,0x00000000e3900000)
  from space 232960K, 16% used [0x00000000e3900000,0x00000000e5f70fb0,0x00000000f1c80000)
  to   space 232960K, 0% used [0x00000000f1c80000,0x00000000f1c80000,0x0000000100000000)
 ParOldGen       total 771072K, used 770770K [0x0000000080000000, 0x00000000af100000, 0x00000000d5580000)
  object space 771072K, 99% used [0x0000000080000000,0x00000000af0b4a00,0x00000000af100000)
 Metaspace       used 6706K, capacity 7384K, committed 7680K, reserved 1056768K
  class space    used 622K, capacity 656K, committed 768K, reserved 1048576K

Card table byte_map: [0x00007f7b0483f000,0x00007f7b04c40000] byte_map_base: 0x00007f7b0443f000

Marking Bits: (ParMarkBitMap*) 0x00007f7b1a5eb100
 Begin Bits: [0x00007f7b00594000, 0x00007f7b02594000)
 End Bits:   [0x00007f7b02594000, 0x00007f7b04594000)

Polling page: 0x00007f7b1b233000

CodeCache: size=245760Kb used=13573Kb max_used=14253Kb free=232186Kb
 bounds [0x00007f7b05000000, 0x00007f7b05e00000, 0x00007f7b14000000]
 total_blobs=3119 nmethods=2851 adapters=182
 compilation: enabled

Compilation events (10 events):
Event: 74.694 Thread 0x00007f7b140b7000 3818       2       com.android.dx.cf.code.Simulator$SimVisitor::visitNoArgs (2108 bytes)
Event: 74.703 Thread 0x00007f7b140b7000 nmethod 3818 0x00007f7b05736650 code [0x00007f7b057370a0, 0x00007f7b0573a688]
Event: 74.717 Thread 0x00007f7b140b7000 3820       2       com.android.dx.ssa.SsaBasicBlock::forEachInsn (37 bytes)
Event: 74.717 Thread 0x00007f7b140b7000 nmethod 3820 0x00007f7b059ef3d0 code [0x00007f7b059ef580, 0x00007f7b059ef8c8]
Event: 74.717 Thread 0x00007f7b140b7000 3819       2       com.android.dx.dex.code.StdCatchBuilder::getCatchTypes (97 bytes)
Event: 74.718 Thread 0x00007f7b140b7000 nmethod 3819 0x00007f7b05423190 code [0x00007f7b054233a0, 0x00007f7b05423938]
Event: 74.742 Thread 0x00007f7b140b7000 3822       3       com.android.dx.ssa.SsaRenamer$BlockRenamer::addMapping (143 bytes)
Event: 74.743 Thread 0x00007f7b140b7000 nmethod 3822 0x00007f7b0538dcd0 code [0x00007f7b0538dee0, 0x00007f7b0538eda8]
Event: 74.753 Thread 0x00007f7b140b7000 3823  s    2       com.android.dx.dex.file.TypeIdsSection::intern (62 bytes)
Event: 74.754 Thread 0x00007f7b140b7000 nmethod 3823 0x00007f7b0538d150 code [0x00007f7b0538d320, 0x00007f7b0538d948]

GC Heap History (10 events):
Event: 68.256 GC heap after
Heap after GC invocations=29 (full 6):
 PSYoungGen      total 468480K, used 102484K [0x00000000d5580000, 0x0000000100000000, 0x0000000100000000)
  eden space 238080K, 0% used [0x00000000d5580000,0x00000000d5580000,0x00000000e3e00000)
  from space 230400K, 44% used [0x00000000e3e00000,0x00000000ea215268,0x00000000f1f00000)
  to   space 220672K, 0% used [0x00000000f2880000,0x00000000f2880000,0x0000000100000000)
 ParOldGen       total 771072K, used 609510K [0x0000000080000000, 0x00000000af100000, 0x00000000d5580000)
  object space 771072K, 79% used [0x0000000080000000,0x00000000a5339978,0x00000000af100000)
 Metaspace       used 6599K, capacity 7320K, committed 7680K, reserved 1056768K
  class space    used 616K, capacity 656K, committed 768K, reserved 1048576K
}
Event: 69.952 GC heap before
{Heap before GC invocations=30 (full 6):
 PSYoungGen      total 468480K, used 340564K [0x00000000d5580000, 0x0000000100000000, 0x0000000100000000)
  eden space 238080K, 100% used [0x00000000d5580000,0x00000000e3e00000,0x00000000e3e00000)
  from space 230400K, 44% used [0x00000000e3e00000,0x00000000ea215268,0x00000000f1f00000)
  to   space 220672K, 0% used [0x00000000f2880000,0x00000000f2880000,0x0000000100000000)
 ParOldGen       total 771072K, used 609510K [0x0000000080000000, 0x00000000af100000, 0x00000000d5580000)
  object space 771072K, 79% used [0x0000000080000000,0x00000000a5339978,0x00000000af100000)
 Metaspace       used 6602K, capacity 7320K, committed 7680K, reserved 1056768K
  class space    used 616K, capacity 656K, committed 768K, reserved 1048576K
Event: 70.169 GC heap after
Heap after GC invocations=30 (full 6):
 PSYoungGen      total 465920K, used 143780K [0x00000000d5580000, 0x0000000100000000, 0x0000000100000000)
  eden space 245248K, 0% used [0x00000000d5580000,0x00000000d5580000,0x00000000e4500000)
  from space 220672K, 65% used [0x00000000f2880000,0x00000000fb4e9398,0x0000000100000000)
  to   space 226816K, 0% used [0x00000000e4500000,0x00000000e4500000,0x00000000f2280000)
 ParOldGen       total 771072K, used 609510K [0x0000000080000000, 0x00000000af100000, 0x00000000d5580000)
  object space 771072K, 79% used [0x0000000080000000,0x00000000a5339978,0x00000000af100000)
 Metaspace       used 6602K, capacity 7320K, committed 7680K, reserved 1056768K
  class space    used 616K, capacity 656K, committed 768K, reserved 1048576K
}
Event: 70.912 GC heap before
{Heap before GC invocations=31 (full 6):
 PSYoungGen      total 465920K, used 389028K [0x00000000d5580000, 0x0000000100000000, 0x0000000100000000)
  eden space 245248K, 100% used [0x00000000d5580000,0x00000000e4500000,0x00000000e4500000)
  from space 220672K, 65% used [0x00000000f2880000,0x00000000fb4e9398,0x0000000100000000)
  to   space 226816K, 0% used [0x00000000e4500000,0x00000000e4500000,0x00000000f2280000)
 ParOldGen       total 771072K, used 609510K [0x0000000080000000, 0x00000000af100000, 0x00000000d5580000)
  object space 771072K, 79% used [0x0000000080000000,0x00000000a5339978,0x00000000af100000)
 Metaspace       used 6602K, capacity 7320K, committed 7680K, reserved 1056768K
  class space    used 616K, capacity 656K, committed 768K, reserved 1048576K
Event: 71.169 GC heap after
Heap after GC invocations=31 (full 6):
 PSYoungGen      total 424448K, used 178771K [0x00000000d5580000, 0x0000000100000000, 0x0000000100000000)
  eden space 245248K, 0% used [0x00000000d5580000,0x00000000d5580000,0x00000000e4500000)
  from space 179200K, 99% used [0x00000000e4500000,0x00000000ef394f78,0x00000000ef400000)
  to   space 232960K, 0% used [0x00000000f1c80000,0x00000000f1c80000,0x0000000100000000)
 ParOldGen       total 771072K, used 609510K [0x0000000080000000, 0x00000000af100000, 0x00000000d5580000)
  object space 771072K, 79% used [0x0000000080000000,0x00000000a5339978,0x00000000af100000)
 Metaspace       used 6602K, capacity 7320K, committed 7680K, reserved 1056768K
  class space    used 616K, capacity 656K, committed 768K, reserved 1048576K
}
Event: 73.518 GC heap before
{Heap before GC invocations=32 (full 6):
 PSYoungGen      total 424448K, used 424019K [0x00000000d5580000, 0x0000000100000000, 0x0000000100000000)
  eden space 245248K, 100% used [0x00000000d5580000,0x00000000e4500000,0x00000000e4500000)
  from space 179200K, 99% used [0x00000000e4500000,0x00000000ef394f78,0x00000000ef400000)
  to   space 232960K, 0% used [0x00000000f1c80000,0x00000000f1c80000,0x0000000100000000)
 ParOldGen       total 771072K, used 609510K [0x0000000080000000, 0x00000000af100000, 0x00000000d5580000)
  object space 771072K, 79% used [0x0000000080000000,0x00000000a5339978,0x00000000af100000)
 Metaspace       used 6632K, capacity 7320K, committed 7680K, reserved 1056768K
  class space    used 620K, capacity 656K, committed 768K, reserved 1048576K
Event: 73.855 GC heap after
Heap after GC invocations=32 (full 6):
 PSYoungGen      total 465920K, used 165349K [0x00000000d5580000, 0x0000000100000000, 0x0000000100000000)
  eden space 232960K, 0% used [0x00000000d5580000,0x00000000d5580000,0x00000000e3900000)
  from space 232960K, 70% used [0x00000000f1c80000,0x00000000fbdf9480,0x0000000100000000)
  to   space 232960K, 0% used [0x00000000e3900000,0x00000000e3900000,0x00000000f1c80000)
 ParOldGen       total 771072K, used 660246K [0x0000000080000000, 0x00000000af100000, 0x00000000d5580000)
  object space 771072K, 85% used [0x0000000080000000,0x00000000a84c5ac8,0x00000000af100000)
 Metaspace       used 6632K, capacity 7320K, committed 7680K, reserved 1056768K
  class space    used 620K, capacity 656K, committed 768K, reserved 1048576K
}
Event: 74.767 GC heap before
{Heap before GC invocations=33 (full 6):
 PSYoungGen      total 465920K, used 398309K [0x00000000d5580000, 0x0000000100000000, 0x0000000100000000)
  eden space 232960K, 100% used [0x00000000d5580000,0x00000000e3900000,0x00000000e3900000)
  from space 232960K, 70% used [0x00000000f1c80000,0x00000000fbdf9480,0x0000000100000000)
  to   space 232960K, 0% used [0x00000000e3900000,0x00000000e3900000,0x00000000f1c80000)
 ParOldGen       total 771072K, used 660246K [0x0000000080000000, 0x00000000af100000, 0x00000000d5580000)
  object space 771072K, 85% used [0x0000000080000000,0x00000000a84c5ac8,0x00000000af100000)
 Metaspace       used 6706K, capacity 7384K, committed 7680K, reserved 1056768K
  class space    used 622K, capacity 656K, committed 768K, reserved 1048576K
Event: 76.102 GC heap after
Heap after GC invocations=33 (full 6):
 PSYoungGen      total 465920K, used 149836K [0x00000000d5580000, 0x0000000100000000, 0x0000000100000000)
  eden space 232960K, 0% used [0x00000000d5580000,0x00000000d5580000,0x00000000e3900000)
  from space 232960K, 64% used [0x00000000e3900000,0x00000000ecb53310,0x00000000f1c80000)
  to   space 232960K, 0% used [0x00000000f1c80000,0x00000000f1c80000,0x0000000100000000)
 ParOldGen       total 771072K, used 710666K [0x0000000080000000, 0x00000000af100000, 0x00000000d5580000)
  object space 771072K, 92% used [0x0000000080000000,0x00000000ab602bb0,0x00000000af100000)
 Metaspace       used 6706K, capacity 7384K, committed 7680K, reserved 1056768K
  class space    used 622K, capacity 656K, committed 768K, reserved 1048576K
}
Event: 76.102 GC heap before
{Heap before GC invocations=34 (full 7):
 PSYoungGen      total 465920K, used 149836K [0x00000000d5580000, 0x0000000100000000, 0x0000000100000000)
  eden space 232960K, 0% used [0x00000000d5580000,0x00000000d5580000,0x00000000e3900000)
  from space 232960K, 64% used [0x00000000e3900000,0x00000000ecb53310,0x00000000f1c80000)
  to   space 232960K, 0% used [0x00000000f1c80000,0x00000000f1c80000,0x0000000100000000)
 ParOldGen       total 771072K, used 710666K [0x0000000080000000, 0x00000000af100000, 0x00000000d5580000)
  object space 771072K, 92% used [0x0000000080000000,0x00000000ab602bb0,0x00000000af100000)
 Metaspace       used 6706K, capacity 7384K, committed 7680K, reserved 1056768K
  class space    used 622K, capacity 656K, committed 768K, reserved 1048576K

Deoptimization events (10 events):
Event: 72.974 Thread 0x00007f7b1400a000 Uncommon trap: reason=unstable_if action=reinterpret pc=0x00007f7b05dc421c method=java.util.concurrent.ThreadPoolExecutor.execute(Ljava/lang/Runnable;)V @ 28
Event: 73.391 Thread 0x00007f7b1419e800 Uncommon trap: reason=class_check action=maybe_recompile pc=0x00007f7b057abd3c method=java.util.Arrays.hashCode([Ljava/lang/Object;)I @ 43
Event: 73.391 Thread 0x00007f7b1419e800 Uncommon trap: reason=class_check action=maybe_recompile pc=0x00007f7b057abd3c method=java.util.Arrays.hashCode([Ljava/lang/Object;)I @ 43
Event: 73.391 Thread 0x00007f7b1419e800 Uncommon trap: reason=class_check action=maybe_recompile pc=0x00007f7b057abd3c method=java.util.Arrays.hashCode([Ljava/lang/Object;)I @ 43
Event: 73.391 Thread 0x00007f7b1419e800 Uncommon trap: reason=class_check action=maybe_recompile pc=0x00007f7b057abd3c method=java.util.Arrays.hashCode([Ljava/lang/Object;)I @ 43
Event: 73.391 Thread 0x00007f7b1419e800 Uncommon trap: reason=class_check action=maybe_recompile pc=0x00007f7b056fad34 method=java.util.Arrays.hashCode([Ljava/lang/Object;)I @ 43
Event: 73.399 Thread 0x00007f7b1419e800 Uncommon trap: reason=unstable_if action=reinterpret pc=0x00007f7b0537aa60 method=java.util.Arrays.sort([Ljava/lang/Object;IILjava/util/Comparator;)V @ 1
Event: 74.650 Thread 0x00007f7b1419e800 Uncommon trap: reason=unstable_if action=reinterpret pc=0x00007f7b0532ab08 method=com.android.dx.dex.code.OutputFinisher.addConstants(Ljava/util/HashSet;Lcom/android/dx/rop/code/RegisterSpec;)V @ 32
Event: 74.683 Thread 0x00007f7b141cc000 Uncommon trap: reason=unstable_if action=reinterpret pc=0x00007f7b05d8ab08 method=com.android.dx.cf.code.Simulator$SimVisitor.visitNoArgs(IIILcom/android/dx/rop/type/Type;)V @ 1316
Event: 74.710 Thread 0x00007f7b141cc000 Uncommon trap: reason=unstable_if action=reinterpret pc=0x00007f7b0566a7e0 method=java.util.HashMap.putVal(ILjava/lang/Object;Ljava/lang/Object;ZZ)Ljava/lang/Object; @ 109

Internal exceptions (10 events):
Event: 0.216 Thread 0x00007f7b1400a000 Exception <a 'java/lang/NoSuchMethodError': Method sun.misc.Unsafe.prefetchRead(Ljava/lang/Object;J)V name or signature does not match> (0x00000000d5592ed8) thrown at [/HUDSON3/workspace/8-2-build-linux-amd64/jdk8u73/6086/hotspot/src/share/vm/prims/jni.cp
Event: 2.000 Thread 0x00007f7b141ce000 Implicit null exception at 0x00007f7b0531293b to 0x00007f7b0531551d
Event: 2.710 Thread 0x00007f7b141c8800 Exception <a 'java/lang/ArrayIndexOutOfBoundsException': 18> (0x00000000d7de2120) thrown at [/HUDSON3/workspace/8-2-build-linux-amd64/jdk8u73/6086/hotspot/src/share/vm/interpreter/interpreterRuntime.cpp, line 366]
Event: 2.711 Thread 0x00007f7b141c8800 Exception <a 'java/lang/ArrayIndexOutOfBoundsException': 145> (0x00000000d7de3ca0) thrown at [/HUDSON3/workspace/8-2-build-linux-amd64/jdk8u73/6086/hotspot/src/share/vm/interpreter/interpreterRuntime.cpp, line 366]
Event: 2.725 Thread 0x00007f7b141c8800 Exception <a 'java/lang/ArrayIndexOutOfBoundsException'> (0x00000000d7de4f88) thrown at [/HUDSON3/workspace/8-2-build-linux-amd64/jdk8u73/6086/hotspot/src/share/vm/runtime/sharedRuntime.cpp, line 605]
Event: 34.097 Thread 0x00007f7b141ce000 Implicit null exception at 0x00007f7b0523ccc4 to 0x00007f7b05240cc9
Event: 34.099 Thread 0x00007f7b141cf800 Implicit null exception at 0x00007f7b0523ccc4 to 0x00007f7b05240cc9
Event: 34.099 Thread 0x00007f7b1400a000 Implicit null exception at 0x00007f7b0523e1f0 to 0x00007f7b052409cd
Event: 34.097 Thread 0x00007f7b141c8800 Implicit null exception at 0x00007f7b0523ccc4 to 0x00007f7b05240cc9
Event: 34.097 Thread 0x00007f7b141cc000 Implicit null exception at 0x00007f7b0523ccc4 to 0x00007f7b05240cc9

Events (10 events):
Event: 74.760 Thread 0x00007f7b141cf800 DEOPT UNPACKING pc=0x00007f7b05047233 sp=0x00007f7af9e42d10 mode 0
Event: 74.761 Thread 0x00007f7b1419e800 DEOPT PACKING pc=0x00007f7b059f32a1 sp=0x00007f7af9d42170
Event: 74.761 Thread 0x00007f7b1419e800 DEOPT UNPACKING pc=0x00007f7b05047233 sp=0x00007f7af9d41f20 mode 0
Event: 74.761 Thread 0x00007f7b141cf800 DEOPT PACKING pc=0x00007f7b0538ec00 sp=0x00007f7af9e42c20
Event: 74.761 Thread 0x00007f7b141cf800 DEOPT UNPACKING pc=0x00007f7b05047233 sp=0x00007f7af9e42988 mode 0
Event: 74.764 Thread 0x00007f7b1419e800 DEOPT PACKING pc=0x00007f7b059f32a1 sp=0x00007f7af9d42170
Event: 74.764 Thread 0x00007f7b1419e800 DEOPT UNPACKING pc=0x00007f7b05047233 sp=0x00007f7af9d41f20 mode 0
Event: 74.767 Thread 0x00007f7b1419e800 DEOPT PACKING pc=0x00007f7b059f32a1 sp=0x00007f7af9d42170
Event: 74.767 Thread 0x00007f7b1419e800 DEOPT UNPACKING pc=0x00007f7b05047233 sp=0x00007f7af9d41f20 mode 0
Event: 74.767 Executing VM operation: ParallelGCFailedAllocation


Dynamic libraries:
00400000-00401000 r-xp 00000000 08:06 1974662                            /home/adament/mkn/android/jdk1.8.0_73/bin/java
00600000-00601000 rw-p 00000000 08:06 1974662                            /home/adament/mkn/android/jdk1.8.0_73/bin/java
01993000-019b4000 rw-p 00000000 00:00 0                                  [heap]
80000000-af100000 rw-p 00000000 00:00 0 
bc700000-d5580000 ---p 00000000 00:00 0 
d5580000-100000000 rw-p 00000000 00:00 0 
100000000-1000c0000 rw-p 00000000 00:00 0 
1000c0000-140000000 ---p 00000000 00:00 0 
7f7ac0000000-7f7ac0021000 rw-p 00000000 00:00 0 
7f7ac0021000-7f7ac4000000 ---p 00000000 00:00 0 
7f7ac8000000-7f7ac8021000 rw-p 00000000 00:00 0 
7f7ac8021000-7f7acc000000 ---p 00000000 00:00 0 
7f7acc000000-7f7acc042000 rw-p 00000000 00:00 0 
7f7acc042000-7f7ad0000000 ---p 00000000 00:00 0 
7f7ad0000000-7f7ad0021000 rw-p 00000000 00:00 0 
7f7ad0021000-7f7ad4000000 ---p 00000000 00:00 0 
7f7ad4000000-7f7ad402c000 rw-p 00000000 00:00 0 
7f7ad402c000-7f7ad8000000 ---p 00000000 00:00 0 
7f7ad8000000-7f7ad8952000 rw-p 00000000 00:00 0 
7f7ad8952000-7f7adc000000 ---p 00000000 00:00 0 
7f7adc000000-7f7adc021000 rw-p 00000000 00:00 0 
7f7adc021000-7f7ae0000000 ---p 00000000 00:00 0 
7f7ae0000000-7f7ae0021000 rw-p 00000000 00:00 0 
7f7ae0021000-7f7ae4000000 ---p 00000000 00:00 0 
7f7ae4000000-7f7ae6a4b000 rw-p 00000000 00:00 0 
7f7ae6a4b000-7f7ae8000000 ---p 00000000 00:00 0 
7f7ae8000000-7f7ae8021000 rw-p 00000000 00:00 0 
7f7ae8021000-7f7aec000000 ---p 00000000 00:00 0 
7f7aec000000-7f7aec021000 rw-p 00000000 00:00 0 
7f7aec021000-7f7af0000000 ---p 00000000 00:00 0 
7f7af0000000-7f7af02ad000 rw-p 00000000 00:00 0 
7f7af02ad000-7f7af4000000 ---p 00000000 00:00 0 
7f7af4000000-7f7af4021000 rw-p 00000000 00:00 0 
7f7af4021000-7f7af8000000 ---p 00000000 00:00 0 
7f7af9c43000-7f7af9c46000 ---p 00000000 00:00 0 
7f7af9c46000-7f7af9d44000 rw-p 00000000 00:00 0                          [stack:4412]
7f7af9d44000-7f7af9d47000 ---p 00000000 00:00 0 
7f7af9d47000-7f7af9e45000 rw-p 00000000 00:00 0                          [stack:4392]
7f7af9e45000-7f7af9e48000 ---p 00000000 00:00 0 
7f7af9e48000-7f7af9f46000 rw-p 00000000 00:00 0                          [stack:4391]
7f7af9f46000-7f7af9f49000 ---p 00000000 00:00 0 
7f7af9f49000-7f7afa047000 rw-p 00000000 00:00 0                          [stack:4390]
7f7afa047000-7f7afa04a000 ---p 00000000 00:00 0 
7f7afa04a000-7f7afa148000 rw-p 00000000 00:00 0                          [stack:4389]
7f7afa148000-7f7afa14b000 ---p 00000000 00:00 0 
7f7afa14b000-7f7afa249000 rw-p 00000000 00:00 0                          [stack:4388]
7f7afa249000-7f7afa34f000 r--s 00b5c000 08:06 3806456                    /home/adament/EstiloRobe/estiloRobe/build/intermediates/transforms/jarMerging/debug/jars/1/1f/combined.jar
7f7afa34f000-7f7afa350000 ---p 00000000 00:00 0 
7f7afa350000-7f7afa450000 rw-p 00000000 00:00 0                          [stack:4386]
7f7afa450000-7f7afa453000 ---p 00000000 00:00 0 
7f7afa453000-7f7afa551000 rw-p 00000000 00:00 0                          [stack:4385]
7f7afa551000-7f7afa554000 ---p 00000000 00:00 0 
7f7afa554000-7f7afa652000 rw-p 00000000 00:00 0                          [stack:4384]
7f7afa652000-7f7afa655000 ---p 00000000 00:00 0 
7f7afa655000-7f7afa753000 rw-p 00000000 00:00 0                          [stack:4383]
7f7afa753000-7f7afa756000 ---p 00000000 00:00 0 
7f7afa756000-7f7afa854000 rw-p 00000000 00:00 0                          [stack:4382]
7f7afa854000-7f7afab1d000 r--p 00000000 08:06 138881                     /usr/lib/locale/locale-archive
7f7afab1d000-7f7afab20000 ---p 00000000 00:00 0 
7f7afab20000-7f7afac1e000 rw-p 00000000 00:00 0                          [stack:4381]
7f7afac1e000-7f7afac21000 ---p 00000000 00:00 0 
7f7afac21000-7f7afad1f000 rw-p 00000000 00:00 0                          [stack:4380]
7f7afad1f000-7f7afad20000 ---p 00000000 00:00 0 
7f7afad20000-7f7afb628000 rw-p 00000000 00:00 0                          [stack:4379]
7f7afb628000-7f7afb800000 r--s 03d23000 08:06 2102216                    /home/adament/mkn/android/jdk1.8.0_73/jre/lib/rt.jar
7f7afb800000-7f7afbec0000 rw-p 00000000 00:00 0 
7f7afbec0000-7f7afc000000 ---p 00000000 00:00 0 
7f7afc000000-7f7afc021000 rw-p 00000000 00:00 0 
7f7afc021000-7f7b00000000 ---p 00000000 00:00 0 
7f7b00002000-7f7b0470d000 rw-p 00000000 00:00 0 
7f7b0470d000-7f7b0483f000 ---p 00000000 00:00 0 
7f7b0483f000-7f7b049b8000 rw-p 00000000 00:00 0 
7f7b049b8000-7f7b04ae9000 ---p 00000000 00:00 0 
7f7b04ae9000-7f7b04c3f000 rw-p 00000000 00:00 0 
7f7b04c3f000-7f7b04c78000 rw-p 00000000 00:00 0 
7f7b04c78000-7f7b05000000 ---p 00000000 00:00 0 
7f7b05000000-7f7b05e00000 rwxp 00000000 00:00 0 
7f7b05e00000-7f7b14000000 ---p 00000000 00:00 0 
7f7b14000000-7f7b143d8000 rw-p 00000000 00:00 0 
7f7b143d8000-7f7b18000000 ---p 00000000 00:00 0 
7f7b1801e000-7f7b18094000 rw-p 00000000 00:00 0 
7f7b18094000-7f7b18095000 ---p 00000000 00:00 0 
7f7b18095000-7f7b18195000 rw-p 00000000 00:00 0                          [stack:4378]
7f7b18195000-7f7b18196000 ---p 00000000 00:00 0 
7f7b18196000-7f7b18296000 rw-p 00000000 00:00 0                          [stack:4377]
7f7b18296000-7f7b182b0000 r-xp 00000000 08:06 2493507                    /home/adament/mkn/android/jdk1.8.0_73/jre/lib/amd64/libzip.so
7f7b182b0000-7f7b184b0000 ---p 0001a000 08:06 2493507                    /home/adament/mkn/android/jdk1.8.0_73/jre/lib/amd64/libzip.so
7f7b184b0000-7f7b184b1000 rw-p 0001a000 08:06 2493507                    /home/adament/mkn/android/jdk1.8.0_73/jre/lib/amd64/libzip.so
7f7b184b1000-7f7b184bc000 r-xp 00000000 08:06 2363499                    /lib/x86_64-linux-gnu/libnss_files-2.19.so
7f7b184bc000-7f7b186bb000 ---p 0000b000 08:06 2363499                    /lib/x86_64-linux-gnu/libnss_files-2.19.so
7f7b186bb000-7f7b186bc000 r--p 0000a000 08:06 2363499                    /lib/x86_64-linux-gnu/libnss_files-2.19.so
7f7b186bc000-7f7b186bd000 rw-p 0000b000 08:06 2363499                    /lib/x86_64-linux-gnu/libnss_files-2.19.so
7f7b186bd000-7f7b186c8000 r-xp 00000000 08:06 2363509                    /lib/x86_64-linux-gnu/libnss_nis-2.19.so
7f7b186c8000-7f7b188c7000 ---p 0000b000 08:06 2363509                    /lib/x86_64-linux-gnu/libnss_nis-2.19.so
7f7b188c7000-7f7b188c8000 r--p 0000a000 08:06 2363509                    /lib/x86_64-linux-gnu/libnss_nis-2.19.so
7f7b188c8000-7f7b188c9000 rw-p 0000b000 08:06 2363509                    /lib/x86_64-linux-gnu/libnss_nis-2.19.so
7f7b188c9000-7f7b188e0000 r-xp 00000000 08:06 2363493                    /lib/x86_64-linux-gnu/libnsl-2.19.so
7f7b188e0000-7f7b18adf000 ---p 00017000 08:06 2363493                    /lib/x86_64-linux-gnu/libnsl-2.19.so
7f7b18adf000-7f7b18ae0000 r--p 00016000 08:06 2363493                    /lib/x86_64-linux-gnu/libnsl-2.19.so
7f7b18ae0000-7f7b18ae1000 rw-p 00017000 08:06 2363493                    /lib/x86_64-linux-gnu/libnsl-2.19.so
7f7b18ae1000-7f7b18ae3000 rw-p 00000000 00:00 0 
7f7b18ae3000-7f7b18aec000 r-xp 00000000 08:06 2363495                    /lib/x86_64-linux-gnu/libnss_compat-2.19.so
7f7b18aec000-7f7b18ceb000 ---p 00009000 08:06 2363495                    /lib/x86_64-linux-gnu/libnss_compat-2.19.so
7f7b18ceb000-7f7b18cec000 r--p 00008000 08:06 2363495                    /lib/x86_64-linux-gnu/libnss_compat-2.19.so
7f7b18cec000-7f7b18ced000 rw-p 00009000 08:06 2363495                    /lib/x86_64-linux-gnu/libnss_compat-2.19.so
7f7b18ced000-7f7b18d17000 r-xp 00000000 08:06 2493472                    /home/adament/mkn/android/jdk1.8.0_73/jre/lib/amd64/libjava.so
7f7b18d17000-7f7b18f17000 ---p 0002a000 08:06 2493472                    /home/adament/mkn/android/jdk1.8.0_73/jre/lib/amd64/libjava.so
7f7b18f17000-7f7b18f19000 rw-p 0002a000 08:06 2493472                    /home/adament/mkn/android/jdk1.8.0_73/jre/lib/amd64/libjava.so
7f7b18f19000-7f7b18f26000 r-xp 00000000 08:06 2493506                    /home/adament/mkn/android/jdk1.8.0_73/jre/lib/amd64/libverify.so
7f7b18f26000-7f7b19126000 ---p 0000d000 08:06 2493506                    /home/adament/mkn/android/jdk1.8.0_73/jre/lib/amd64/libverify.so
7f7b19126000-7f7b19128000 rw-p 0000d000 08:06 2493506                    /home/adament/mkn/android/jdk1.8.0_73/jre/lib/amd64/libverify.so
7f7b19128000-7f7b1912f000 r-xp 00000000 08:06 2363552                    /lib/x86_64-linux-gnu/librt-2.19.so
7f7b1912f000-7f7b1932e000 ---p 00007000 08:06 2363552                    /lib/x86_64-linux-gnu/librt-2.19.so
7f7b1932e000-7f7b1932f000 r--p 00006000 08:06 2363552                    /lib/x86_64-linux-gnu/librt-2.19.so
7f7b1932f000-7f7b19330000 rw-p 00007000 08:06 2363552                    /lib/x86_64-linux-gnu/librt-2.19.so
7f7b19330000-7f7b19435000 r-xp 00000000 08:06 2363474                    /lib/x86_64-linux-gnu/libm-2.19.so
7f7b19435000-7f7b19634000 ---p 00105000 08:06 2363474                    /lib/x86_64-linux-gnu/libm-2.19.so
7f7b19634000-7f7b19635000 r--p 00104000 08:06 2363474                    /lib/x86_64-linux-gnu/libm-2.19.so
7f7b19635000-7f7b19636000 rw-p 00105000 08:06 2363474                    /lib/x86_64-linux-gnu/libm-2.19.so
7f7b19636000-7f7b1a2f5000 r-xp 00000000 08:06 2624044                    /home/adament/mkn/android/jdk1.8.0_73/jre/lib/amd64/server/libjvm.so
7f7b1a2f5000-7f7b1a4f4000 ---p 00cbf000 08:06 2624044                    /home/adament/mkn/android/jdk1.8.0_73/jre/lib/amd64/server/libjvm.so
7f7b1a4f4000-7f7b1a5cd000 rw-p 00cbe000 08:06 2624044                    /home/adament/mkn/android/jdk1.8.0_73/jre/lib/amd64/server/libjvm.so
7f7b1a5cd000-7f7b1a616000 rw-p 00000000 00:00 0 
7f7b1a616000-7f7b1a7d1000 r-xp 00000000 08:06 2363421                    /lib/x86_64-linux-gnu/libc-2.19.so
7f7b1a7d1000-7f7b1a9d1000 ---p 001bb000 08:06 2363421                    /lib/x86_64-linux-gnu/libc-2.19.so
7f7b1a9d1000-7f7b1a9d5000 r--p 001bb000 08:06 2363421                    /lib/x86_64-linux-gnu/libc-2.19.so
7f7b1a9d5000-7f7b1a9d7000 rw-p 001bf000 08:06 2363421                    /lib/x86_64-linux-gnu/libc-2.19.so
7f7b1a9d7000-7f7b1a9dc000 rw-p 00000000 00:00 0 
7f7b1a9dc000-7f7b1a9df000 r-xp 00000000 08:06 2363438                    /lib/x86_64-linux-gnu/libdl-2.19.so
7f7b1a9df000-7f7b1abde000 ---p 00003000 08:06 2363438                    /lib/x86_64-linux-gnu/libdl-2.19.so
7f7b1abde000-7f7b1abdf000 r--p 00002000 08:06 2363438                    /lib/x86_64-linux-gnu/libdl-2.19.so
7f7b1abdf000-7f7b1abe0000 rw-p 00003000 08:06 2363438                    /lib/x86_64-linux-gnu/libdl-2.19.so
7f7b1abe0000-7f7b1abf5000 r-xp 00000000 08:06 2493603                    /home/adament/mkn/android/jdk1.8.0_73/lib/amd64/jli/libjli.so
7f7b1abf5000-7f7b1adf5000 ---p 00015000 08:06 2493603                    /home/adament/mkn/android/jdk1.8.0_73/lib/amd64/jli/libjli.so
7f7b1adf5000-7f7b1adf6000 rw-p 00015000 08:06 2493603                    /home/adament/mkn/android/jdk1.8.0_73/lib/amd64/jli/libjli.so
7f7b1adf6000-7f7b1ae0f000 r-xp 00000000 08:06 2363544                    /lib/x86_64-linux-gnu/libpthread-2.19.so
7f7b1ae0f000-7f7b1b00e000 ---p 00019000 08:06 2363544                    /lib/x86_64-linux-gnu/libpthread-2.19.so
7f7b1b00e000-7f7b1b00f000 r--p 00018000 08:06 2363544                    /lib/x86_64-linux-gnu/libpthread-2.19.so
7f7b1b00f000-7f7b1b010000 rw-p 00019000 08:06 2363544                    /lib/x86_64-linux-gnu/libpthread-2.19.so
7f7b1b010000-7f7b1b014000 rw-p 00000000 00:00 0 
7f7b1b014000-7f7b1b037000 r-xp 00000000 08:06 2363395                    /lib/x86_64-linux-gnu/ld-2.19.so
7f7b1b040000-7f7b1b10c000 rw-p 00000000 00:00 0 
7f7b1b10c000-7f7b1b10f000 ---p 00000000 00:00 0 
7f7b1b10f000-7f7b1b211000 rw-p 00000000 00:00 0                          [stack:4376]
7f7b1b21a000-7f7b1b21b000 rw-p 00000000 00:00 0 
7f7b1b21b000-7f7b1b22a000 r--s 000df000 08:06 2493619                    /home/adament/mkn/android/sdk/build-tools/23.0.2/lib/dx.jar
7f7b1b22a000-7f7b1b232000 rw-s 00000000 08:06 7477775                    /tmp/hsperfdata_adament/4371
7f7b1b232000-7f7b1b233000 rw-p 00000000 00:00 0 
7f7b1b233000-7f7b1b234000 ---p 00000000 00:00 0 
7f7b1b234000-7f7b1b236000 rw-p 00000000 00:00 0 
7f7b1b236000-7f7b1b237000 r--p 00022000 08:06 2363395                    /lib/x86_64-linux-gnu/ld-2.19.so
7f7b1b237000-7f7b1b238000 rw-p 00023000 08:06 2363395                    /lib/x86_64-linux-gnu/ld-2.19.so
7f7b1b238000-7f7b1b239000 rw-p 00000000 00:00 0 
7fff1bd92000-7fff1bdb3000 rw-p 00000000 00:00 0                          [stack]
7fff1bdfe000-7fff1be00000 r-xp 00000000 00:00 0                          [vdso]
ffffffffff600000-ffffffffff601000 r-xp 00000000 00:00 0                  [vsyscall]

VM Arguments:
jvm_args: -Djava.awt.headless=true -Xmx2048M -Dfile.encoding=UTF-8 -Duser.country=IN -Duser.language=en -Duser.variant 
java_command: com.android.dx.command.Main --dex --num-threads=4 --multi-dex --main-dex-list /home/adament/EstiloRobe/estiloRobe/build/intermediates/multi-dex/debug/maindexlist.txt --output /home/adament/EstiloRobe/estiloRobe/build/intermediates/transforms/dex/debug/folders/1000/1f/main /home/adament/EstiloRobe/estiloRobe/build/intermediates/transforms/jarMerging/debug/jars/1/1f/combined.jar
java_class_path (initial): /home/adament/mkn/android/sdk/build-tools/23.0.2/lib/dx.jar
Launcher Type: SUN_STANDARD

Environment Variables:
JAVA_HOME=/home/adament/mkn/android/jdk1.8.0_73
PATH=/usr/local/sbin:/usr/local/bin:/usr/sbin:/usr/bin:/sbin:/bin:/usr/games:/usr/local/games:/home/adament/mkn/android/sdk/platform-tools
USERNAME=adament
LD_LIBRARY_PATH=/home/adament/mkn/android/android-studio/bin:
SHELL=/bin/bash
DISPLAY=:0

Signal Handlers:
SIGSEGV: [libjvm.so+0xabafa0], sa_mask[0]=11111111011111111101111111111110, sa_flags=SA_RESTART|SA_SIGINFO
SIGBUS: [libjvm.so+0xabafa0], sa_mask[0]=11111111011111111101111111111110, sa_flags=SA_RESTART|SA_SIGINFO
SIGFPE: [libjvm.so+0x9183c0], sa_mask[0]=11111111011111111101111111111110, sa_flags=SA_RESTART|SA_SIGINFO
SIGPIPE: [libjvm.so+0x9183c0], sa_mask[0]=11111111011111111101111111111110, sa_flags=SA_RESTART|SA_SIGINFO
SIGXFSZ: [libjvm.so+0x9183c0], sa_mask[0]=11111111011111111101111111111110, sa_flags=SA_RESTART|SA_SIGINFO
SIGILL: [libjvm.so+0x9183c0], sa_mask[0]=11111111011111111101111111111110, sa_flags=SA_RESTART|SA_SIGINFO
SIGUSR1: SIG_DFL, sa_mask[0]=00000000000000000000000000000000, sa_flags=none
SIGUSR2: [libjvm.so+0x9199f0], sa_mask[0]=00100000000000000000000000000000, sa_flags=SA_RESTART|SA_SIGINFO
SIGHUP: [libjvm.so+0x91adf0], sa_mask[0]=11111111011111111101111111111110, sa_flags=SA_RESTART|SA_SIGINFO
SIGINT: [libjvm.so+0x91adf0], sa_mask[0]=11111111011111111101111111111110, sa_flags=SA_RESTART|SA_SIGINFO
SIGTERM: [libjvm.so+0x91adf0], sa_mask[0]=11111111011111111101111111111110, sa_flags=SA_RESTART|SA_SIGINFO
SIGQUIT: [libjvm.so+0x91adf0], sa_mask[0]=11111111011111111101111111111110, sa_flags=SA_RESTART|SA_SIGINFO


---------------  S Y S T E M  ---------------

OS:DISTRIB_ID=LinuxMint
DISTRIB_RELEASE=17.1
DISTRIB_CODENAME=rebecca
DISTRIB_DESCRIPTION="Linux Mint 17.1 Rebecca"

uname:Linux 3.13.0-37-generic #64-Ubuntu SMP Mon Sep 22 21:28:38 UTC 2014 x86_64
libc:glibc 2.19 NPTL 2.19 
rlimit: STACK 8192k, CORE 0k, NPROC 30684, NOFILE 4096, AS infinity
load average:6.04 2.54 1.54

/proc/meminfo:
MemTotal:        3958712 kB
MemFree:          110844 kB
Buffers:            1704 kB
Cached:           256656 kB
SwapCached:        73780 kB
Active:          2644724 kB
Inactive:        1006404 kB
Active(anon):    2624092 kB
Inactive(anon):   984312 kB
Active(file):      20632 kB
Inactive(file):    22092 kB
Unevictable:          32 kB
Mlocked:              32 kB
SwapTotal:       1998844 kB
SwapFree:          26040 kB
Dirty:               132 kB
Writeback:          1896 kB
AnonPages:       3321220 kB
Mapped:           104596 kB
Shmem:            215484 kB
Slab:              67948 kB
SReclaimable:      33820 kB
SUnreclaim:        34128 kB
KernelStack:        5144 kB
PageTables:        54016 kB
NFS_Unstable:          0 kB
Bounce:                0 kB
WritebackTmp:          0 kB
CommitLimit:     3978200 kB
Committed_AS:    9611216 kB
VmallocTotal:   34359738367 kB
VmallocUsed:      543712 kB
VmallocChunk:   34359188316 kB
HardwareCorrupted:     0 kB
AnonHugePages:    911360 kB
HugePages_Total:       0
HugePages_Free:        0
HugePages_Rsvd:        0
HugePages_Surp:        0
Hugepagesize:       2048 kB
DirectMap4k:       80936 kB
DirectMap2M:     4024320 kB


CPU:total 2 (2 cores per cpu, 1 threads per core) family 6 model 42 stepping 7, cmov, cx8, fxsr, mmx, sse, sse2, sse3, ssse3, sse4.1, sse4.2, popcnt, clmul, tsc, tscinvbit

/proc/cpuinfo:
processor	: 0
vendor_id	: GenuineIntel
cpu family	: 6
model		: 42
model name	: Intel(R) Pentium(R) CPU G620 @ 2.60GHz
stepping	: 7
microcode	: 0xd
cpu MHz		: 2594.100
cache size	: 3072 KB
physical id	: 0
siblings	: 2
core id		: 0
cpu cores	: 2
apicid		: 0
initial apicid	: 0
fpu		: yes
fpu_exception	: yes
cpuid level	: 13
wp		: yes
flags		: fpu vme de pse tsc msr pae mce cx8 apic sep mtrr pge mca cmov pat pse36 clflush dts acpi mmx fxsr sse sse2 ss ht tm pbe syscall nx rdtscp lm constant_tsc arch_perfmon pebs bts rep_good nopl xtopology nonstop_tsc aperfmperf eagerfpu pni pclmulqdq dtes64 monitor ds_cpl vmx est tm2 ssse3 cx16 xtpr pdcm pcid sse4_1 sse4_2 popcnt tsc_deadline_timer xsave lahf_lm arat epb xsaveopt pln pts dtherm tpr_shadow vnmi flexpriority ept vpid
bogomips	: 5188.20
clflush size	: 64
cache_alignment	: 64
address sizes	: 36 bits physical, 48 bits virtual
power management:

processor	: 1
vendor_id	: GenuineIntel
cpu family	: 6
model		: 42
model name	: Intel(R) Pentium(R) CPU G620 @ 2.60GHz
stepping	: 7
microcode	: 0xd
cpu MHz		: 2594.100
cache size	: 3072 KB
physical id	: 0
siblings	: 2
core id		: 1
cpu cores	: 2
apicid		: 2
initial apicid	: 2
fpu		: yes
fpu_exception	: yes
cpuid level	: 13
wp		: yes
flags		: fpu vme de pse tsc msr pae mce cx8 apic sep mtrr pge mca cmov pat pse36 clflush dts acpi mmx fxsr sse sse2 ss ht tm pbe syscall nx rdtscp lm constant_tsc arch_perfmon pebs bts rep_good nopl xtopology nonstop_tsc aperfmperf eagerfpu pni pclmulqdq dtes64 monitor ds_cpl vmx est tm2 ssse3 cx16 xtpr pdcm pcid sse4_1 sse4_2 popcnt tsc_deadline_timer xsave lahf_lm arat epb xsaveopt pln pts dtherm tpr_shadow vnmi flexpriority ept vpid
bogomips	: 5188.20
clflush size	: 64
cache_alignment	: 64
address sizes	: 36 bits physical, 48 bits virtual
power management:



Memory: 4k page, physical 3958712k(110844k free), swap 1998844k(26040k free)

vm_info: Java HotSpot(TM) 64-Bit Server VM (25.73-b02) for linux-amd64 JRE (1.8.0_73-b02), built on Jan 29 2016 17:39:45 by "java_re" with gcc 4.3.0 20080428 (Red Hat 4.3.0-8)

time: Sat Apr 23 12:14:10 2016
elapsed time: 85 seconds (0d 0h 1m 25s)

