#
# There is insufficient memory for the Java Runtime Environment to continue.
# Native memory allocation (mmap) failed to map 224919552 bytes for committing reserved memory.
# Possible reasons:
#   The system is out of physical RAM or swap space
#   In 32 bit mode, the process size limit was hit
# Possible solutions:
#   Reduce memory load on the system
#   Increase physical memory or swap space
#   Check if swap backing store is full
#   Use 64 bit Java on a 64 bit OS
#   Decrease Java heap size (-Xmx/-Xms)
#   Decrease number of Java threads
#   Decrease Java thread stack sizes (-Xss)
#   Set larger code cache with -XX:ReservedCodeCacheSize=
# This output file may be truncated or incomplete.
#
#  Out of Memory Error (os_linux.cpp:2627), pid=14151, tid=140466847016704
#
# JRE version: Java(TM) SE Runtime Environment (8.0_73-b02) (build 1.8.0_73-b02)
# Java VM: Java HotSpot(TM) 64-Bit Server VM (25.73-b02 mixed mode linux-amd64 compressed oops)
# Failed to write core dump. Core dumps have been disabled. To enable core dumping, try "ulimit -c unlimited" before starting Java again
#

---------------  T H R E A D  ---------------

Current thread (0x00007fc0f8074000):  VMThread [stack: 0x00007fc0fc74e000,0x00007fc0fc84f000] [id=14159]

Stack: [0x00007fc0fc74e000,0x00007fc0fc84f000],  sp=0x00007fc0fc84d0e0,  free space=1020k
Native frames: (J=compiled Java code, j=interpreted, Vv=VM code, C=native code)
V  [libjvm.so+0xaba71a]  VMError::report_and_die()+0x2ba
V  [libjvm.so+0x4f9ecb]  report_vm_out_of_memory(char const*, int, unsigned long, VMErrorType, char const*)+0x8b
V  [libjvm.so+0x91b553]  os::Linux::commit_memory_impl(char*, unsigned long, bool)+0x103
V  [libjvm.so+0x91baa9]  os::pd_commit_memory(char*, unsigned long, unsigned long, bool)+0x29
V  [libjvm.so+0x915dba]  os::commit_memory(char*, unsigned long, unsigned long, bool)+0x2a
V  [libjvm.so+0x989463]  PSVirtualSpace::expand_by(unsigned long)+0x53
V  [libjvm.so+0x979d50]  PSOldGen::expand(unsigned long)+0x170
V  [libjvm.so+0x979f5b]  PSOldGen::resize(unsigned long)+0x1cb
V  [libjvm.so+0x981c31]  PSParallelCompact::invoke_no_policy(bool)+0x991
V  [libjvm.so+0x98758d]  PSScavenge::invoke()+0x1ad
V  [libjvm.so+0x93f1b0]  ParallelScavengeHeap::failed_mem_allocate(unsigned long)+0x70
V  [libjvm.so+0xabc137]  VM_ParallelGCFailedAllocation::doit()+0x97
V  [libjvm.so+0xac3b65]  VM_Operation::evaluate()+0x55
V  [libjvm.so+0xac1f3a]  VMThread::evaluate_operation(VM_Operation*)+0xba
V  [libjvm.so+0xac22be]  VMThread::loop()+0x1ce
V  [libjvm.so+0xac2730]  VMThread::run()+0x70
V  [libjvm.so+0x91d918]  java_start(Thread*)+0x108

VM_Operation (0x00007fc0e8bf3d70): ParallelGCFailedAllocation, mode: safepoint, requested by thread 0x00007fc0f8170800


---------------  P R O C E S S  ---------------

Java Threads: ( => current thread )
  0x00007fc0f810e000 JavaThread "pool-1-thread-1" [_thread_blocked, id=14194, stack(0x00007fc0e85f0000,0x00007fc0e86f1000)]
  0x00007fc0f8177800 JavaThread "pool-2-thread-4" [_thread_blocked, id=14171, stack(0x00007fc0e86f1000,0x00007fc0e87f2000)]
  0x00007fc0f8176000 JavaThread "pool-2-thread-3" [_thread_blocked, id=14170, stack(0x00007fc0e87f2000,0x00007fc0e88f3000)]
  0x00007fc0f8174000 JavaThread "pool-2-thread-2" [_thread_blocked, id=14169, stack(0x00007fc0e88f3000,0x00007fc0e89f4000)]
  0x00007fc0f8173000 JavaThread "pool-3-thread-1" [_thread_blocked, id=14168, stack(0x00007fc0e89f4000,0x00007fc0e8af5000)]
  0x00007fc0f8170800 JavaThread "pool-2-thread-1" [_thread_blocked, id=14167, stack(0x00007fc0e8af5000,0x00007fc0e8bf6000)]
  0x00007fc0f80ba000 JavaThread "Service Thread" daemon [_thread_blocked, id=14165, stack(0x00007fc0e8dfe000,0x00007fc0e8eff000)]
  0x00007fc0f80b7000 JavaThread "C1 CompilerThread1" daemon [_thread_blocked, id=14164, stack(0x00007fc0e8eff000,0x00007fc0e9000000)]
  0x00007fc0f80b4000 JavaThread "C2 CompilerThread0" daemon [_thread_blocked, id=14163, stack(0x00007fc0fc081000,0x00007fc0fc182000)]
  0x00007fc0f80b3000 JavaThread "Signal Dispatcher" daemon [_thread_blocked, id=14162, stack(0x00007fc0fc182000,0x00007fc0fc283000)]
  0x00007fc0f807b000 JavaThread "Finalizer" daemon [_thread_blocked, id=14161, stack(0x00007fc0fc54c000,0x00007fc0fc64d000)]
  0x00007fc0f8079000 JavaThread "Reference Handler" daemon [_thread_blocked, id=14160, stack(0x00007fc0fc64d000,0x00007fc0fc74e000)]
  0x00007fc0f800a000 JavaThread "main" [_thread_blocked, id=14156, stack(0x00007fc101b1b000,0x00007fc101c1c000)]

Other Threads:
=>0x00007fc0f8074000 VMThread [stack: 0x00007fc0fc74e000,0x00007fc0fc84f000] [id=14159]
  0x00007fc0f80bd000 WatcherThread [stack: 0x00007fc0e8cfd000,0x00007fc0e8dfe000] [id=14166]

VM state:at safepoint (normal execution)

VM Mutex/Monitor currently owned by a thread:  ([mutex/lock_event])
[0x00007fc0f80060d0] ExpandHeap_lock - owner thread: 0x00007fc0f8074000
[0x00007fc0f8006750] Threads_lock - owner thread: 0x00007fc0f8074000
[0x00007fc0f8006c50] Heap_lock - owner thread: 0x00007fc0f8170800

Heap:
 PSYoungGen      total 454656K, used 12487K [0x00000000d5580000, 0x0000000100000000, 0x0000000100000000)
  eden space 232960K, 0% used [0x00000000d5580000,0x00000000d5580000,0x00000000e3900000)
  from space 221696K, 5% used [0x00000000f2780000,0x00000000f33b1db0,0x0000000100000000)
  to   space 232960K, 0% used [0x00000000e3900000,0x00000000e3900000,0x00000000f1c80000)
 ParOldGen       total 860160K, used 859966K [0x0000000080000000, 0x00000000b4800000, 0x00000000d5580000)
  object space 860160K, 99% used [0x0000000080000000,0x00000000b47cf8f8,0x00000000b4800000)
 Metaspace       used 6711K, capacity 7384K, committed 7680K, reserved 1056768K
  class space    used 622K, capacity 656K, committed 768K, reserved 1048576K

Card table byte_map: [0x00007fc0fe4e4000,0x00007fc0fe8e5000] byte_map_base: 0x00007fc0fe0e4000

Marking Bits: (ParMarkBitMap*) 0x00007fc100ffa100
 Begin Bits: [0x00007fc0e0000000, 0x00007fc0e2000000)
 End Bits:   [0x00007fc0e2000000, 0x00007fc0e4000000)

Polling page: 0x00007fc101c42000

CodeCache: size=245760Kb used=11763Kb max_used=11923Kb free=233996Kb
 bounds [0x00007fc0e9000000, 0x00007fc0e9c50000, 0x00007fc0f8000000]
 total_blobs=2764 nmethods=2496 adapters=182
 compilation: enabled

Compilation events (10 events):
Event: 71.127 Thread 0x00007fc0f80b7000 3108 %     3       com.android.dx.dex.code.StdCatchBuilder::getCatchTypes @ 62 (97 bytes)
Event: 71.129 Thread 0x00007fc0f80b7000 nmethod 3108% 0x00007fc0e9219a10 code [0x00007fc0e9219ce0, 0x00007fc0e921b3f8]
Event: 71.129 Thread 0x00007fc0f80b7000 3109       3       com.android.dx.dex.code.StdCatchBuilder::getCatchTypes (97 bytes)
Event: 71.130 Thread 0x00007fc0f80b7000 nmethod 3109 0x00007fc0e9638250 code [0x00007fc0e9638520, 0x00007fc0e9639ad8]
Event: 71.387 Thread 0x00007fc0f80b7000 3111 %     3       com.android.dx.cf.code.LocalVariableList::itemToLocal @ 7 (47 bytes)
Event: 71.388 Thread 0x00007fc0f80b7000 nmethod 3111% 0x00007fc0e92cd650 code [0x00007fc0e92cd800, 0x00007fc0e92cddd8]
Event: 71.565 Thread 0x00007fc0f80b7000 3113       2       com.android.dx.cf.code.BytecodeArray$ConstantParserVisitor::visitNoArgs (5 bytes)
Event: 71.565 Thread 0x00007fc0f80b7000 nmethod 3113 0x00007fc0e978ecd0 code [0x00007fc0e978ee20, 0x00007fc0e978ef70]
Event: 71.932 Thread 0x00007fc0f80b7000 3118       2       com.android.dx.rop.cst.CstMemberRef::equals (56 bytes)
Event: 71.932 Thread 0x00007fc0f80b7000 nmethod 3118 0x00007fc0e91ab8d0 code [0x00007fc0e91aba40, 0x00007fc0e91abce8]

GC Heap History (10 events):
Event: 66.662 GC heap after
Heap after GC invocations=30 (full 6):
 PSYoungGen      total 462848K, used 46546K [0x00000000d5580000, 0x00000000fed80000, 0x0000000100000000)
  eden space 269312K, 0% used [0x00000000d5580000,0x00000000d5580000,0x00000000e5c80000)
  from space 193536K, 24% used [0x00000000f3080000,0x00000000f5df49a8,0x00000000fed80000)
  to   space 205312K, 0% used [0x00000000e5c80000,0x00000000e5c80000,0x00000000f2500000)
 ParOldGen       total 860160K, used 725307K [0x0000000080000000, 0x00000000b4800000, 0x00000000d5580000)
  object space 860160K, 84% used [0x0000000080000000,0x00000000ac44ed20,0x00000000b4800000)
 Metaspace       used 6602K, capacity 7320K, committed 7680K, reserved 1056768K
  class space    used 616K, capacity 656K, committed 768K, reserved 1048576K
}
Event: 68.134 GC heap before
{Heap before GC invocations=31 (full 6):
 PSYoungGen      total 462848K, used 315858K [0x00000000d5580000, 0x00000000fed80000, 0x0000000100000000)
  eden space 269312K, 100% used [0x00000000d5580000,0x00000000e5c80000,0x00000000e5c80000)
  from space 193536K, 24% used [0x00000000f3080000,0x00000000f5df49a8,0x00000000fed80000)
  to   space 205312K, 0% used [0x00000000e5c80000,0x00000000e5c80000,0x00000000f2500000)
 ParOldGen       total 860160K, used 725307K [0x0000000080000000, 0x00000000b4800000, 0x00000000d5580000)
  object space 860160K, 84% used [0x0000000080000000,0x00000000ac44ed20,0x00000000b4800000)
 Metaspace       used 6603K, capacity 7320K, committed 7680K, reserved 1056768K
  class space    used 616K, capacity 656K, committed 768K, reserved 1048576K
Event: 68.351 GC heap after
Heap after GC invocations=31 (full 6):
 PSYoungGen      total 474624K, used 85057K [0x00000000d5580000, 0x00000000ff880000, 0x0000000100000000)
  eden space 269312K, 0% used [0x00000000d5580000,0x00000000d5580000,0x00000000e5c80000)
  from space 205312K, 41% used [0x00000000e5c80000,0x00000000eaf90588,0x00000000f2500000)
  to   space 195584K, 0% used [0x00000000f3980000,0x00000000f3980000,0x00000000ff880000)
 ParOldGen       total 860160K, used 725307K [0x0000000080000000, 0x00000000b4800000, 0x00000000d5580000)
  object space 860160K, 84% used [0x0000000080000000,0x00000000ac44ed20,0x00000000b4800000)
 Metaspace       used 6603K, capacity 7320K, committed 7680K, reserved 1056768K
  class space    used 616K, capacity 656K, committed 768K, reserved 1048576K
}
Event: 69.482 GC heap before
{Heap before GC invocations=32 (full 6):
 PSYoungGen      total 474624K, used 354369K [0x00000000d5580000, 0x00000000ff880000, 0x0000000100000000)
  eden space 269312K, 100% used [0x00000000d5580000,0x00000000e5c80000,0x00000000e5c80000)
  from space 205312K, 41% used [0x00000000e5c80000,0x00000000eaf90588,0x00000000f2500000)
  to   space 195584K, 0% used [0x00000000f3980000,0x00000000f3980000,0x00000000ff880000)
 ParOldGen       total 860160K, used 725307K [0x0000000080000000, 0x00000000b4800000, 0x00000000d5580000)
  object space 860160K, 84% used [0x0000000080000000,0x00000000ac44ed20,0x00000000b4800000)
 Metaspace       used 6678K, capacity 7320K, committed 7680K, reserved 1056768K
  class space    used 620K, capacity 656K, committed 768K, reserved 1048576K
Event: 69.736 GC heap after
Heap after GC invocations=32 (full 6):
 PSYoungGen      total 489984K, used 126039K [0x00000000d5580000, 0x0000000100000000, 0x0000000100000000)
  eden space 294400K, 0% used [0x00000000d5580000,0x00000000d5580000,0x00000000e7500000)
  from space 195584K, 64% used [0x00000000f3980000,0x00000000fb495d18,0x00000000ff880000)
  to   space 201216K, 0% used [0x00000000e7500000,0x00000000e7500000,0x00000000f3980000)
 ParOldGen       total 860160K, used 725315K [0x0000000080000000, 0x00000000b4800000, 0x00000000d5580000)
  object space 860160K, 84% used [0x0000000080000000,0x00000000ac450d20,0x00000000b4800000)
 Metaspace       used 6678K, capacity 7320K, committed 7680K, reserved 1056768K
  class space    used 620K, capacity 656K, committed 768K, reserved 1048576K
}
Event: 70.651 GC heap before
{Heap before GC invocations=33 (full 6):
 PSYoungGen      total 489984K, used 420439K [0x00000000d5580000, 0x0000000100000000, 0x0000000100000000)
  eden space 294400K, 100% used [0x00000000d5580000,0x00000000e7500000,0x00000000e7500000)
  from space 195584K, 64% used [0x00000000f3980000,0x00000000fb495d18,0x00000000ff880000)
  to   space 201216K, 0% used [0x00000000e7500000,0x00000000e7500000,0x00000000f3980000)
 ParOldGen       total 860160K, used 725315K [0x0000000080000000, 0x00000000b4800000, 0x00000000d5580000)
  object space 860160K, 84% used [0x0000000080000000,0x00000000ac450d20,0x00000000b4800000)
 Metaspace       used 6710K, capacity 7384K, committed 7680K, reserved 1056768K
  class space    used 622K, capacity 656K, committed 768K, reserved 1048576K
Event: 71.029 GC heap after
Heap after GC invocations=33 (full 6):
 PSYoungGen      total 464896K, used 170360K [0x00000000d5580000, 0x0000000100000000, 0x0000000100000000)
  eden space 294400K, 0% used [0x00000000d5580000,0x00000000d5580000,0x00000000e7500000)
  from space 170496K, 99% used [0x00000000e7500000,0x00000000f1b5e318,0x00000000f1b80000)
  to   space 221696K, 0% used [0x00000000f2780000,0x00000000f2780000,0x0000000100000000)
 ParOldGen       total 860160K, used 725315K [0x0000000080000000, 0x00000000b4800000, 0x00000000d5580000)
  object space 860160K, 84% used [0x0000000080000000,0x00000000ac450d20,0x00000000b4800000)
 Metaspace       used 6710K, capacity 7384K, committed 7680K, reserved 1056768K
  class space    used 622K, capacity 656K, committed 768K, reserved 1048576K
}
Event: 72.045 GC heap before
{Heap before GC invocations=34 (full 6):
 PSYoungGen      total 464896K, used 464760K [0x00000000d5580000, 0x0000000100000000, 0x0000000100000000)
  eden space 294400K, 100% used [0x00000000d5580000,0x00000000e7500000,0x00000000e7500000)
  from space 170496K, 99% used [0x00000000e7500000,0x00000000f1b5e318,0x00000000f1b80000)
  to   space 221696K, 0% used [0x00000000f2780000,0x00000000f2780000,0x0000000100000000)
 ParOldGen       total 860160K, used 725315K [0x0000000080000000, 0x00000000b4800000, 0x00000000d5580000)
  object space 860160K, 84% used [0x0000000080000000,0x00000000ac450d20,0x00000000b4800000)
 Metaspace       used 6711K, capacity 7384K, committed 7680K, reserved 1056768K
  class space    used 622K, capacity 656K, committed 768K, reserved 1048576K
Event: 73.583 GC heap after
Heap after GC invocations=34 (full 6):
 PSYoungGen      total 454656K, used 171512K [0x00000000d5580000, 0x0000000100000000, 0x0000000100000000)
  eden space 232960K, 0% used [0x00000000d5580000,0x00000000d5580000,0x00000000e3900000)
  from space 221696K, 77% used [0x00000000f2780000,0x00000000fcefe2c8,0x0000000100000000)
  to   space 232960K, 0% used [0x00000000e3900000,0x00000000e3900000,0x00000000f1c80000)
 ParOldGen       total 860160K, used 769741K [0x0000000080000000, 0x00000000b4800000, 0x00000000d5580000)
  object space 860160K, 89% used [0x0000000080000000,0x00000000aefb3750,0x00000000b4800000)
 Metaspace       used 6711K, capacity 7384K, committed 7680K, reserved 1056768K
  class space    used 622K, capacity 656K, committed 768K, reserved 1048576K
}
Event: 73.583 GC heap before
{Heap before GC invocations=35 (full 7):
 PSYoungGen      total 454656K, used 171512K [0x00000000d5580000, 0x0000000100000000, 0x0000000100000000)
  eden space 232960K, 0% used [0x00000000d5580000,0x00000000d5580000,0x00000000e3900000)
  from space 221696K, 77% used [0x00000000f2780000,0x00000000fcefe2c8,0x0000000100000000)
  to   space 232960K, 0% used [0x00000000e3900000,0x00000000e3900000,0x00000000f1c80000)
 ParOldGen       total 860160K, used 769741K [0x0000000080000000, 0x00000000b4800000, 0x00000000d5580000)
  object space 860160K, 89% used [0x0000000080000000,0x00000000aefb3750,0x00000000b4800000)
 Metaspace       used 6711K, capacity 7384K, committed 7680K, reserved 1056768K
  class space    used 622K, capacity 656K, committed 768K, reserved 1048576K

Deoptimization events (10 events):
Event: 67.595 Thread 0x00007fc0f8174000 Uncommon trap: reason=unstable_if action=reinterpret pc=0x00007fc0e93f6058 method=com.android.dx.rop.type.Type.isReference()Z @ 6
Event: 68.032 Thread 0x00007fc0f8174000 Uncommon trap: reason=class_check action=maybe_recompile pc=0x00007fc0e94d3260 method=com.android.dx.ssa.SCCP.replaceConstants()V @ 182
Event: 69.208 Thread 0x00007fc0f810e000 Uncommon trap: reason=class_check action=maybe_recompile pc=0x00007fc0e9740274 method=java.util.Arrays.hashCode([Ljava/lang/Object;)I @ 43
Event: 69.208 Thread 0x00007fc0f810e000 Uncommon trap: reason=class_check action=maybe_recompile pc=0x00007fc0e9740274 method=java.util.Arrays.hashCode([Ljava/lang/Object;)I @ 43
Event: 69.208 Thread 0x00007fc0f810e000 Uncommon trap: reason=class_check action=maybe_recompile pc=0x00007fc0e9740274 method=java.util.Arrays.hashCode([Ljava/lang/Object;)I @ 43
Event: 69.208 Thread 0x00007fc0f810e000 Uncommon trap: reason=class_check action=maybe_recompile pc=0x00007fc0e9740274 method=java.util.Arrays.hashCode([Ljava/lang/Object;)I @ 43
Event: 69.996 Thread 0x00007fc0f8174000 Uncommon trap: reason=unstable_if action=reinterpret pc=0x00007fc0e94d1fb8 method=com.android.dx.ssa.SCCP.replaceBranches()V @ 76
Event: 70.302 Thread 0x00007fc0f8174000 Uncommon trap: reason=class_check action=maybe_recompile pc=0x00007fc0e9766a64 method=com.android.dx.ssa.SCCP.replaceConstants()V @ 182
Event: 70.361 Thread 0x00007fc0f8177800 Uncommon trap: reason=unstable_if action=reinterpret pc=0x00007fc0e98eee80 method=com.android.dx.ssa.back.FirstFitLocalCombiningAllocator.findNextUnreservedRopReg(IILcom/android/dx/ssa/back/FirstFitLocalCombiningAllocator$Alignment;)I @ 32
Event: 70.577 Thread 0x00007fc0f8170800 Uncommon trap: reason=unstable_if action=reinterpret pc=0x00007fc0e920416c method=com.android.dx.ssa.back.FirstFitLocalCombiningAllocator.findNextUnreservedRopReg(IILcom/android/dx/ssa/back/FirstFitLocalCombiningAllocator$Alignment;)I @ 32

Internal exceptions (6 events):
Event: 0.027 Thread 0x00007fc0f800a000 Exception <a 'java/lang/NoSuchMethodError': Method sun.misc.Unsafe.defineClass(Ljava/lang/String;[BII)Ljava/lang/Class; name or signature does not match> (0x00000000d5592bf0) thrown at [/HUDSON3/workspace/8-2-build-linux-amd64/jdk8u73/6086/hotspot/src/sha
Event: 0.027 Thread 0x00007fc0f800a000 Exception <a 'java/lang/NoSuchMethodError': Method sun.misc.Unsafe.prefetchRead(Ljava/lang/Object;J)V name or signature does not match> (0x00000000d5592ed8) thrown at [/HUDSON3/workspace/8-2-build-linux-amd64/jdk8u73/6086/hotspot/src/share/vm/prims/jni.cp
Event: 1.320 Thread 0x00007fc0f800a000 Implicit null exception at 0x00007fc0e932c90c to 0x00007fc0e932f071
Event: 1.534 Thread 0x00007fc0f800a000 Exception <a 'java/lang/ArrayIndexOutOfBoundsException': 18> (0x00000000d681bb10) thrown at [/HUDSON3/workspace/8-2-build-linux-amd64/jdk8u73/6086/hotspot/src/share/vm/interpreter/interpreterRuntime.cpp, line 366]
Event: 1.535 Thread 0x00007fc0f800a000 Exception <a 'java/lang/ArrayIndexOutOfBoundsException': 145> (0x00000000d681d690) thrown at [/HUDSON3/workspace/8-2-build-linux-amd64/jdk8u73/6086/hotspot/src/share/vm/interpreter/interpreterRuntime.cpp, line 366]
Event: 1.535 Thread 0x00007fc0f800a000 Exception <a 'java/lang/ArrayIndexOutOfBoundsException': 40> (0x00000000d681e978) thrown at [/HUDSON3/workspace/8-2-build-linux-amd64/jdk8u73/6086/hotspot/src/share/vm/interpreter/interpreterRuntime.cpp, line 366]

Events (10 events):
Event: 72.029 Thread 0x00007fc0f8170800 DEOPT UNPACKING pc=0x00007fc0e9047233 sp=0x00007fc0e8bf3858 mode 0
Event: 72.038 Thread 0x00007fc0f8170800 DEOPT PACKING pc=0x00007fc0e92d722d sp=0x00007fc0e8bf3ad0
Event: 72.038 Thread 0x00007fc0f8170800 DEOPT UNPACKING pc=0x00007fc0e9047233 sp=0x00007fc0e8bf3858 mode 0
Event: 72.038 Thread 0x00007fc0f8170800 DEOPT PACKING pc=0x00007fc0e9325972 sp=0x00007fc0e8bf3bb0
Event: 72.038 Thread 0x00007fc0f8170800 DEOPT UNPACKING pc=0x00007fc0e9047233 sp=0x00007fc0e8bf3938 mode 0
Event: 72.039 Thread 0x00007fc0f8170800 DEOPT PACKING pc=0x00007fc0e92d722d sp=0x00007fc0e8bf3ad0
Event: 72.039 Thread 0x00007fc0f8170800 DEOPT UNPACKING pc=0x00007fc0e9047233 sp=0x00007fc0e8bf3858 mode 0
Event: 72.042 Thread 0x00007fc0f8170800 DEOPT PACKING pc=0x00007fc0e9610f41 sp=0x00007fc0e8bf3e40
Event: 72.042 Thread 0x00007fc0f8170800 DEOPT UNPACKING pc=0x00007fc0e9047233 sp=0x00007fc0e8bf3bf0 mode 0
Event: 72.045 Executing VM operation: ParallelGCFailedAllocation


Dynamic libraries:
00400000-00401000 r-xp 00000000 08:06 1974662                            /home/adament/mkn/android/jdk1.8.0_73/bin/java
00600000-00601000 rw-p 00000000 08:06 1974662                            /home/adament/mkn/android/jdk1.8.0_73/bin/java
01476000-014dd000 rw-p 00000000 00:00 0                                  [heap]
80000000-b4800000 rw-p 00000000 00:00 0 
c1e80000-d5580000 ---p 00000000 00:00 0 
d5580000-100000000 rw-p 00000000 00:00 0 
100000000-1000c0000 rw-p 00000000 00:00 0 
1000c0000-140000000 ---p 00000000 00:00 0 
7fc0a4000000-7fc0a402b000 rw-p 00000000 00:00 0 
7fc0a402b000-7fc0a8000000 ---p 00000000 00:00 0 
7fc0ac000000-7fc0ac021000 rw-p 00000000 00:00 0 
7fc0ac021000-7fc0b0000000 ---p 00000000 00:00 0 
7fc0b0000000-7fc0b0033000 rw-p 00000000 00:00 0 
7fc0b0033000-7fc0b4000000 ---p 00000000 00:00 0 
7fc0b4000000-7fc0b4021000 rw-p 00000000 00:00 0 
7fc0b4021000-7fc0b8000000 ---p 00000000 00:00 0 
7fc0b8000000-7fc0b8026000 rw-p 00000000 00:00 0 
7fc0b8026000-7fc0bc000000 ---p 00000000 00:00 0 
7fc0bc000000-7fc0bc021000 rw-p 00000000 00:00 0 
7fc0bc021000-7fc0c0000000 ---p 00000000 00:00 0 
7fc0c4000000-7fc0c697d000 rw-p 00000000 00:00 0 
7fc0c697d000-7fc0c8000000 ---p 00000000 00:00 0 
7fc0c8000000-7fc0c89ad000 rw-p 00000000 00:00 0 
7fc0c89ad000-7fc0cc000000 ---p 00000000 00:00 0 
7fc0cc000000-7fc0cc021000 rw-p 00000000 00:00 0 
7fc0cc021000-7fc0d0000000 ---p 00000000 00:00 0 
7fc0d0000000-7fc0d0021000 rw-p 00000000 00:00 0 
7fc0d0021000-7fc0d4000000 ---p 00000000 00:00 0 
7fc0d4000000-7fc0d42a5000 rw-p 00000000 00:00 0 
7fc0d42a5000-7fc0d8000000 ---p 00000000 00:00 0 
7fc0d8000000-7fc0d8021000 rw-p 00000000 00:00 0 
7fc0d8021000-7fc0dc000000 ---p 00000000 00:00 0 
7fc0dc000000-7fc0dc021000 rw-p 00000000 00:00 0 
7fc0dc021000-7fc0e0000000 ---p 00000000 00:00 0 
7fc0e0000000-7fc0e4000000 rw-p 00000000 00:00 0 
7fc0e4000000-7fc0e4021000 rw-p 00000000 00:00 0 
7fc0e4021000-7fc0e8000000 ---p 00000000 00:00 0 
7fc0e85f0000-7fc0e85f3000 ---p 00000000 00:00 0 
7fc0e85f3000-7fc0e86f1000 rw-p 00000000 00:00 0                          [stack:14194]
7fc0e86f1000-7fc0e86f4000 ---p 00000000 00:00 0 
7fc0e86f4000-7fc0e87f2000 rw-p 00000000 00:00 0                          [stack:14171]
7fc0e87f2000-7fc0e87f5000 ---p 00000000 00:00 0 
7fc0e87f5000-7fc0e88f3000 rw-p 00000000 00:00 0                          [stack:14170]
7fc0e88f3000-7fc0e88f6000 ---p 00000000 00:00 0 
7fc0e88f6000-7fc0e89f4000 rw-p 00000000 00:00 0                          [stack:14169]
7fc0e89f4000-7fc0e89f7000 ---p 00000000 00:00 0 
7fc0e89f7000-7fc0e8af5000 rw-p 00000000 00:00 0                          [stack:14168]
7fc0e8af5000-7fc0e8af8000 ---p 00000000 00:00 0 
7fc0e8af8000-7fc0e8bf6000 rw-p 00000000 00:00 0                          [stack:14167]
7fc0e8bf6000-7fc0e8cfd000 r--s 00b61000 08:06 3806456                    /home/adament/Android Projects/studio/EstiloRobe/estiloRobe/build/intermediates/transforms/jarMerging/debug/jars/1/1f/combined.jar
7fc0e8cfd000-7fc0e8cfe000 ---p 00000000 00:00 0 
7fc0e8cfe000-7fc0e8dfe000 rw-p 00000000 00:00 0                          [stack:14166]
7fc0e8dfe000-7fc0e8e01000 ---p 00000000 00:00 0 
7fc0e8e01000-7fc0e8eff000 rw-p 00000000 00:00 0                          [stack:14165]
7fc0e8eff000-7fc0e8f02000 ---p 00000000 00:00 0 
7fc0e8f02000-7fc0e9000000 rw-p 00000000 00:00 0                          [stack:14164]
7fc0e9000000-7fc0e9c50000 rwxp 00000000 00:00 0 
7fc0e9c50000-7fc0f8000000 ---p 00000000 00:00 0 
7fc0f8000000-7fc0f83a0000 rw-p 00000000 00:00 0 
7fc0f83a0000-7fc0fc000000 ---p 00000000 00:00 0 
7fc0fc081000-7fc0fc084000 ---p 00000000 00:00 0 
7fc0fc084000-7fc0fc182000 rw-p 00000000 00:00 0                          [stack:14163]
7fc0fc182000-7fc0fc185000 ---p 00000000 00:00 0 
7fc0fc185000-7fc0fc283000 rw-p 00000000 00:00 0                          [stack:14162]
7fc0fc283000-7fc0fc54c000 r--p 00000000 08:06 138881                     /usr/lib/locale/locale-archive
7fc0fc54c000-7fc0fc54f000 ---p 00000000 00:00 0 
7fc0fc54f000-7fc0fc64d000 rw-p 00000000 00:00 0                          [stack:14161]
7fc0fc64d000-7fc0fc650000 ---p 00000000 00:00 0 
7fc0fc650000-7fc0fc74e000 rw-p 00000000 00:00 0                          [stack:14160]
7fc0fc74e000-7fc0fc74f000 ---p 00000000 00:00 0 
7fc0fc74f000-7fc0fd1e9000 rw-p 00000000 00:00 0                          [stack:14159]
7fc0fd1e9000-7fc0fd3c1000 r--s 03d23000 08:06 2102216                    /home/adament/mkn/android/jdk1.8.0_73/jre/lib/rt.jar
7fc0fd3c1000-7fc0fdaf7000 rw-p 00000000 00:00 0 
7fc0fdaf7000-7fc0fdc37000 ---p 00000000 00:00 0 
7fc0fdc37000-7fc0fe037000 rw-p 00000000 00:00 0 
7fc0fe037000-7fc0fe038000 ---p 00000000 00:00 0 
7fc0fe038000-7fc0fe138000 rw-p 00000000 00:00 0                          [stack:14158]
7fc0fe138000-7fc0fe139000 ---p 00000000 00:00 0 
7fc0fe139000-7fc0fe3dd000 rw-p 00000000 00:00 0                          [stack:14157]
7fc0fe3dd000-7fc0fe4e4000 ---p 00000000 00:00 0 
7fc0fe4e4000-7fc0fe688000 rw-p 00000000 00:00 0 
7fc0fe688000-7fc0fe78e000 ---p 00000000 00:00 0 
7fc0fe78e000-7fc0fe8e4000 rw-p 00000000 00:00 0 
7fc0fe8e4000-7fc0fe917000 rw-p 00000000 00:00 0 
7fc0fe917000-7fc0feca5000 ---p 00000000 00:00 0 
7fc0feca5000-7fc0fecbf000 r-xp 00000000 08:06 2493507                    /home/adament/mkn/android/jdk1.8.0_73/jre/lib/amd64/libzip.so
7fc0fecbf000-7fc0feebf000 ---p 0001a000 08:06 2493507                    /home/adament/mkn/android/jdk1.8.0_73/jre/lib/amd64/libzip.so
7fc0feebf000-7fc0feec0000 rw-p 0001a000 08:06 2493507                    /home/adament/mkn/android/jdk1.8.0_73/jre/lib/amd64/libzip.so
7fc0feec0000-7fc0feecb000 r-xp 00000000 08:06 2363499                    /lib/x86_64-linux-gnu/libnss_files-2.19.so
7fc0feecb000-7fc0ff0ca000 ---p 0000b000 08:06 2363499                    /lib/x86_64-linux-gnu/libnss_files-2.19.so
7fc0ff0ca000-7fc0ff0cb000 r--p 0000a000 08:06 2363499                    /lib/x86_64-linux-gnu/libnss_files-2.19.so
7fc0ff0cb000-7fc0ff0cc000 rw-p 0000b000 08:06 2363499                    /lib/x86_64-linux-gnu/libnss_files-2.19.so
7fc0ff0cc000-7fc0ff0d7000 r-xp 00000000 08:06 2363509                    /lib/x86_64-linux-gnu/libnss_nis-2.19.so
7fc0ff0d7000-7fc0ff2d6000 ---p 0000b000 08:06 2363509                    /lib/x86_64-linux-gnu/libnss_nis-2.19.so
7fc0ff2d6000-7fc0ff2d7000 r--p 0000a000 08:06 2363509                    /lib/x86_64-linux-gnu/libnss_nis-2.19.so
7fc0ff2d7000-7fc0ff2d8000 rw-p 0000b000 08:06 2363509                    /lib/x86_64-linux-gnu/libnss_nis-2.19.so
7fc0ff2d8000-7fc0ff2ef000 r-xp 00000000 08:06 2363493                    /lib/x86_64-linux-gnu/libnsl-2.19.so
7fc0ff2ef000-7fc0ff4ee000 ---p 00017000 08:06 2363493                    /lib/x86_64-linux-gnu/libnsl-2.19.so
7fc0ff4ee000-7fc0ff4ef000 r--p 00016000 08:06 2363493                    /lib/x86_64-linux-gnu/libnsl-2.19.so
7fc0ff4ef000-7fc0ff4f0000 rw-p 00017000 08:06 2363493                    /lib/x86_64-linux-gnu/libnsl-2.19.so
7fc0ff4f0000-7fc0ff4f2000 rw-p 00000000 00:00 0 
7fc0ff4f2000-7fc0ff4fb000 r-xp 00000000 08:06 2363495                    /lib/x86_64-linux-gnu/libnss_compat-2.19.so
7fc0ff4fb000-7fc0ff6fa000 ---p 00009000 08:06 2363495                    /lib/x86_64-linux-gnu/libnss_compat-2.19.so
7fc0ff6fa000-7fc0ff6fb000 r--p 00008000 08:06 2363495                    /lib/x86_64-linux-gnu/libnss_compat-2.19.so
7fc0ff6fb000-7fc0ff6fc000 rw-p 00009000 08:06 2363495                    /lib/x86_64-linux-gnu/libnss_compat-2.19.so
7fc0ff6fc000-7fc0ff726000 r-xp 00000000 08:06 2493472                    /home/adament/mkn/android/jdk1.8.0_73/jre/lib/amd64/libjava.so
7fc0ff726000-7fc0ff926000 ---p 0002a000 08:06 2493472                    /home/adament/mkn/android/jdk1.8.0_73/jre/lib/amd64/libjava.so
7fc0ff926000-7fc0ff928000 rw-p 0002a000 08:06 2493472                    /home/adament/mkn/android/jdk1.8.0_73/jre/lib/amd64/libjava.so
7fc0ff928000-7fc0ff935000 r-xp 00000000 08:06 2493506                    /home/adament/mkn/android/jdk1.8.0_73/jre/lib/amd64/libverify.so
7fc0ff935000-7fc0ffb35000 ---p 0000d000 08:06 2493506                    /home/adament/mkn/android/jdk1.8.0_73/jre/lib/amd64/libverify.so
7fc0ffb35000-7fc0ffb37000 rw-p 0000d000 08:06 2493506                    /home/adament/mkn/android/jdk1.8.0_73/jre/lib/amd64/libverify.so
7fc0ffb37000-7fc0ffb3e000 r-xp 00000000 08:06 2363552                    /lib/x86_64-linux-gnu/librt-2.19.so
7fc0ffb3e000-7fc0ffd3d000 ---p 00007000 08:06 2363552                    /lib/x86_64-linux-gnu/librt-2.19.so
7fc0ffd3d000-7fc0ffd3e000 r--p 00006000 08:06 2363552                    /lib/x86_64-linux-gnu/librt-2.19.so
7fc0ffd3e000-7fc0ffd3f000 rw-p 00007000 08:06 2363552                    /lib/x86_64-linux-gnu/librt-2.19.so
7fc0ffd3f000-7fc0ffe44000 r-xp 00000000 08:06 2363474                    /lib/x86_64-linux-gnu/libm-2.19.so
7fc0ffe44000-7fc100043000 ---p 00105000 08:06 2363474                    /lib/x86_64-linux-gnu/libm-2.19.so
7fc100043000-7fc100044000 r--p 00104000 08:06 2363474                    /lib/x86_64-linux-gnu/libm-2.19.so
7fc100044000-7fc100045000 rw-p 00105000 08:06 2363474                    /lib/x86_64-linux-gnu/libm-2.19.so
7fc100045000-7fc100d04000 r-xp 00000000 08:06 2624044                    /home/adament/mkn/android/jdk1.8.0_73/jre/lib/amd64/server/libjvm.so
7fc100d04000-7fc100f03000 ---p 00cbf000 08:06 2624044                    /home/adament/mkn/android/jdk1.8.0_73/jre/lib/amd64/server/libjvm.so
7fc100f03000-7fc100fdc000 rw-p 00cbe000 08:06 2624044                    /home/adament/mkn/android/jdk1.8.0_73/jre/lib/amd64/server/libjvm.so
7fc100fdc000-7fc101025000 rw-p 00000000 00:00 0 
7fc101025000-7fc1011e0000 r-xp 00000000 08:06 2363421                    /lib/x86_64-linux-gnu/libc-2.19.so
7fc1011e0000-7fc1013e0000 ---p 001bb000 08:06 2363421                    /lib/x86_64-linux-gnu/libc-2.19.so
7fc1013e0000-7fc1013e4000 r--p 001bb000 08:06 2363421                    /lib/x86_64-linux-gnu/libc-2.19.so
7fc1013e4000-7fc1013e6000 rw-p 001bf000 08:06 2363421                    /lib/x86_64-linux-gnu/libc-2.19.so
7fc1013e6000-7fc1013eb000 rw-p 00000000 00:00 0 
7fc1013eb000-7fc1013ee000 r-xp 00000000 08:06 2363438                    /lib/x86_64-linux-gnu/libdl-2.19.so
7fc1013ee000-7fc1015ed000 ---p 00003000 08:06 2363438                    /lib/x86_64-linux-gnu/libdl-2.19.so
7fc1015ed000-7fc1015ee000 r--p 00002000 08:06 2363438                    /lib/x86_64-linux-gnu/libdl-2.19.so
7fc1015ee000-7fc1015ef000 rw-p 00003000 08:06 2363438                    /lib/x86_64-linux-gnu/libdl-2.19.so
7fc1015ef000-7fc101604000 r-xp 00000000 08:06 2493603                    /home/adament/mkn/android/jdk1.8.0_73/lib/amd64/jli/libjli.so
7fc101604000-7fc101804000 ---p 00015000 08:06 2493603                    /home/adament/mkn/android/jdk1.8.0_73/lib/amd64/jli/libjli.so
7fc101804000-7fc101805000 rw-p 00015000 08:06 2493603                    /home/adament/mkn/android/jdk1.8.0_73/lib/amd64/jli/libjli.so
7fc101805000-7fc10181e000 r-xp 00000000 08:06 2363544                    /lib/x86_64-linux-gnu/libpthread-2.19.so
7fc10181e000-7fc101a1d000 ---p 00019000 08:06 2363544                    /lib/x86_64-linux-gnu/libpthread-2.19.so
7fc101a1d000-7fc101a1e000 r--p 00018000 08:06 2363544                    /lib/x86_64-linux-gnu/libpthread-2.19.so
7fc101a1e000-7fc101a1f000 rw-p 00019000 08:06 2363544                    /lib/x86_64-linux-gnu/libpthread-2.19.so
7fc101a1f000-7fc101a23000 rw-p 00000000 00:00 0 
7fc101a23000-7fc101a46000 r-xp 00000000 08:06 2363395                    /lib/x86_64-linux-gnu/ld-2.19.so
7fc101a4f000-7fc101b1b000 rw-p 00000000 00:00 0 
7fc101b1b000-7fc101b1e000 ---p 00000000 00:00 0 
7fc101b1e000-7fc101c20000 rw-p 00000000 00:00 0                          [stack:14156]
7fc101c29000-7fc101c2a000 rw-p 00000000 00:00 0 
7fc101c2a000-7fc101c39000 r--s 000df000 08:06 2493619                    /home/adament/mkn/android/sdk/build-tools/23.0.2/lib/dx.jar
7fc101c39000-7fc101c41000 rw-s 00000000 08:06 7473101                    /tmp/hsperfdata_adament/14151
7fc101c41000-7fc101c42000 rw-p 00000000 00:00 0 
7fc101c42000-7fc101c43000 ---p 00000000 00:00 0 
7fc101c43000-7fc101c45000 rw-p 00000000 00:00 0 
7fc101c45000-7fc101c46000 r--p 00022000 08:06 2363395                    /lib/x86_64-linux-gnu/ld-2.19.so
7fc101c46000-7fc101c47000 rw-p 00023000 08:06 2363395                    /lib/x86_64-linux-gnu/ld-2.19.so
7fc101c47000-7fc101c48000 rw-p 00000000 00:00 0 
7fff72d59000-7fff72d7a000 rw-p 00000000 00:00 0                          [stack]
7fff72dfe000-7fff72e00000 r-xp 00000000 00:00 0                          [vdso]
ffffffffff600000-ffffffffff601000 r-xp 00000000 00:00 0                  [vsyscall]

VM Arguments:
jvm_args: -Djava.awt.headless=true -Xmx2048M -Dfile.encoding=UTF-8 -Duser.country=IN -Duser.language=en -Duser.variant 
java_command: com.android.dx.command.Main --dex --num-threads=4 --multi-dex --main-dex-list /home/adament/Android Projects/studio/EstiloRobe/estiloRobe/build/intermediates/multi-dex/debug/maindexlist.txt --output /home/adament/Android Projects/studio/EstiloRobe/estiloRobe/build/intermediates/transforms/dex/debug/folders/1000/1f/main /home/adament/Android Projects/studio/EstiloRobe/estiloRobe/build/intermediates/transforms/jarMerging/debug/jars/1/1f/combined.jar
java_class_path (initial): /home/adament/mkn/android/sdk/build-tools/23.0.2/lib/dx.jar
Launcher Type: SUN_STANDARD

Environment Variables:
JAVA_HOME=/home/adament/mkn/android/jdk1.8.0_73
PATH=/usr/local/sbin:/usr/local/bin:/usr/sbin:/usr/bin:/sbin:/bin:/usr/games:/usr/local/games:/home/adament/mkn/android/sdk/platform-tools
USERNAME=adament
LD_LIBRARY_PATH=/home/adament/mkn/android/android-studio/bin:
SHELL=/bin/bash
DISPLAY=:0

Signal Handlers:
SIGSEGV: [libjvm.so+0xabafa0], sa_mask[0]=11111111011111111101111111111110, sa_flags=SA_RESTART|SA_SIGINFO
SIGBUS: [libjvm.so+0xabafa0], sa_mask[0]=11111111011111111101111111111110, sa_flags=SA_RESTART|SA_SIGINFO
SIGFPE: [libjvm.so+0x9183c0], sa_mask[0]=11111111011111111101111111111110, sa_flags=SA_RESTART|SA_SIGINFO
SIGPIPE: [libjvm.so+0x9183c0], sa_mask[0]=11111111011111111101111111111110, sa_flags=SA_RESTART|SA_SIGINFO
SIGXFSZ: [libjvm.so+0x9183c0], sa_mask[0]=11111111011111111101111111111110, sa_flags=SA_RESTART|SA_SIGINFO
SIGILL: [libjvm.so+0x9183c0], sa_mask[0]=11111111011111111101111111111110, sa_flags=SA_RESTART|SA_SIGINFO
SIGUSR1: SIG_DFL, sa_mask[0]=00000000000000000000000000000000, sa_flags=none
SIGUSR2: [libjvm.so+0x9199f0], sa_mask[0]=00100000000000000000000000000000, sa_flags=SA_RESTART|SA_SIGINFO
SIGHUP: [libjvm.so+0x91adf0], sa_mask[0]=11111111011111111101111111111110, sa_flags=SA_RESTART|SA_SIGINFO
SIGINT: [libjvm.so+0x91adf0], sa_mask[0]=11111111011111111101111111111110, sa_flags=SA_RESTART|SA_SIGINFO
SIGTERM: [libjvm.so+0x91adf0], sa_mask[0]=11111111011111111101111111111110, sa_flags=SA_RESTART|SA_SIGINFO
SIGQUIT: [libjvm.so+0x91adf0], sa_mask[0]=11111111011111111101111111111110, sa_flags=SA_RESTART|SA_SIGINFO


---------------  S Y S T E M  ---------------

OS:DISTRIB_ID=LinuxMint
DISTRIB_RELEASE=17.1
DISTRIB_CODENAME=rebecca
DISTRIB_DESCRIPTION="Linux Mint 17.1 Rebecca"

uname:Linux 3.13.0-37-generic #64-Ubuntu SMP Mon Sep 22 21:28:38 UTC 2014 x86_64
libc:glibc 2.19 NPTL 2.19 
rlimit: STACK 8192k, CORE 0k, NPROC 30684, NOFILE 4096, AS infinity
load average:6.12 2.57 1.81

/proc/meminfo:
MemTotal:        3958712 kB
MemFree:          124348 kB
Buffers:            1732 kB
Cached:           116984 kB
SwapCached:        59580 kB
Active:          2610472 kB
Inactive:        1039580 kB
Active(anon):    2595940 kB
Inactive(anon):  1016556 kB
Active(file):      14532 kB
Inactive(file):    23024 kB
Unevictable:          32 kB
Mlocked:              32 kB
SwapTotal:       1998844 kB
SwapFree:          77500 kB
Dirty:               108 kB
Writeback:             0 kB
AnonPages:       3473224 kB
Mapped:            33824 kB
Shmem:             81032 kB
Slab:              63412 kB
SReclaimable:      32112 kB
SUnreclaim:        31300 kB
KernelStack:        4688 kB
PageTables:        47456 kB
NFS_Unstable:          0 kB
Bounce:                0 kB
WritebackTmp:          0 kB
CommitLimit:     3978200 kB
Committed_AS:    8189224 kB
VmallocTotal:   34359738367 kB
VmallocUsed:      543680 kB
VmallocChunk:   34359188700 kB
HardwareCorrupted:     0 kB
AnonHugePages:    788480 kB
HugePages_Total:       0
HugePages_Free:        0
HugePages_Rsvd:        0
HugePages_Surp:        0
Hugepagesize:       2048 kB
DirectMap4k:       62504 kB
DirectMap2M:     4042752 kB


CPU:total 2 (2 cores per cpu, 1 threads per core) family 6 model 42 stepping 7, cmov, cx8, fxsr, mmx, sse, sse2, sse3, ssse3, sse4.1, sse4.2, popcnt, clmul, tsc, tscinvbit

/proc/cpuinfo:
processor	: 0
vendor_id	: GenuineIntel
cpu family	: 6
model		: 42
model name	: Intel(R) Pentium(R) CPU G620 @ 2.60GHz
stepping	: 7
microcode	: 0xd
cpu MHz		: 2593.849
cache size	: 3072 KB
physical id	: 0
siblings	: 2
core id		: 0
cpu cores	: 2
apicid		: 0
initial apicid	: 0
fpu		: yes
fpu_exception	: yes
cpuid level	: 13
wp		: yes
flags		: fpu vme de pse tsc msr pae mce cx8 apic sep mtrr pge mca cmov pat pse36 clflush dts acpi mmx fxsr sse sse2 ss ht tm pbe syscall nx rdtscp lm constant_tsc arch_perfmon pebs bts rep_good nopl xtopology nonstop_tsc aperfmperf eagerfpu pni pclmulqdq dtes64 monitor ds_cpl vmx est tm2 ssse3 cx16 xtpr pdcm pcid sse4_1 sse4_2 popcnt tsc_deadline_timer xsave lahf_lm arat epb xsaveopt pln pts dtherm tpr_shadow vnmi flexpriority ept vpid
bogomips	: 5187.69
clflush size	: 64
cache_alignment	: 64
address sizes	: 36 bits physical, 48 bits virtual
power management:

processor	: 1
vendor_id	: GenuineIntel
cpu family	: 6
model		: 42
model name	: Intel(R) Pentium(R) CPU G620 @ 2.60GHz
stepping	: 7
microcode	: 0xd
cpu MHz		: 2593.849
cache size	: 3072 KB
physical id	: 0
siblings	: 2
core id		: 1
cpu cores	: 2
apicid		: 2
initial apicid	: 2
fpu		: yes
fpu_exception	: yes
cpuid level	: 13
wp		: yes
flags		: fpu vme de pse tsc msr pae mce cx8 apic sep mtrr pge mca cmov pat pse36 clflush dts acpi mmx fxsr sse sse2 ss ht tm pbe syscall nx rdtscp lm constant_tsc arch_perfmon pebs bts rep_good nopl xtopology nonstop_tsc aperfmperf eagerfpu pni pclmulqdq dtes64 monitor ds_cpl vmx est tm2 ssse3 cx16 xtpr pdcm pcid sse4_1 sse4_2 popcnt tsc_deadline_timer xsave lahf_lm arat epb xsaveopt pln pts dtherm tpr_shadow vnmi flexpriority ept vpid
bogomips	: 5187.69
clflush size	: 64
cache_alignment	: 64
address sizes	: 36 bits physical, 48 bits virtual
power management:



Memory: 4k page, physical 3958712k(124348k free), swap 1998844k(77500k free)

vm_info: Java HotSpot(TM) 64-Bit Server VM (25.73-b02) for linux-amd64 JRE (1.8.0_73-b02), built on Jan 29 2016 17:39:45 by "java_re" with gcc 4.3.0 20080428 (Red Hat 4.3.0-8)

time: Fri Apr 29 19:12:41 2016
elapsed time: 84 seconds (0d 0h 1m 24s)

