#
# There is insufficient memory for the Java Runtime Environment to continue.
# Native memory allocation (mmap) failed to map 147324928 bytes for committing reserved memory.
# Possible reasons:
#   The system is out of physical RAM or swap space
#   In 32 bit mode, the process size limit was hit
# Possible solutions:
#   Reduce memory load on the system
#   Increase physical memory or swap space
#   Check if swap backing store is full
#   Use 64 bit Java on a 64 bit OS
#   Decrease Java heap size (-Xmx/-Xms)
#   Decrease number of Java threads
#   Decrease Java thread stack sizes (-Xss)
#   Set larger code cache with -XX:ReservedCodeCacheSize=
# This output file may be truncated or incomplete.
#
#  Out of Memory Error (os_linux.cpp:2627), pid=8977, tid=139792625301248
#
# JRE version: Java(TM) SE Runtime Environment (8.0_73-b02) (build 1.8.0_73-b02)
# Java VM: Java HotSpot(TM) 64-Bit Server VM (25.73-b02 mixed mode linux-amd64 compressed oops)
# Failed to write core dump. Core dumps have been disabled. To enable core dumping, try "ulimit -c unlimited" before starting Java again
#

---------------  T H R E A D  ---------------

Current thread (0x00007f2414074000):  VMThread [stack: 0x00007f2401b5f000,0x00007f2401c60000] [id=8985]

Stack: [0x00007f2401b5f000,0x00007f2401c60000],  sp=0x00007f2401c5e1e0,  free space=1020k
Native frames: (J=compiled Java code, j=interpreted, Vv=VM code, C=native code)
V  [libjvm.so+0xaba71a]  VMError::report_and_die()+0x2ba
V  [libjvm.so+0x4f9ecb]  report_vm_out_of_memory(char const*, int, unsigned long, VMErrorType, char const*)+0x8b
V  [libjvm.so+0x91b553]  os::Linux::commit_memory_impl(char*, unsigned long, bool)+0x103
V  [libjvm.so+0x91baa9]  os::pd_commit_memory(char*, unsigned long, unsigned long, bool)+0x29
V  [libjvm.so+0x915dba]  os::commit_memory(char*, unsigned long, unsigned long, bool)+0x2a
V  [libjvm.so+0x989463]  PSVirtualSpace::expand_by(unsigned long)+0x53
V  [libjvm.so+0x979d50]  PSOldGen::expand(unsigned long)+0x170
V  [libjvm.so+0x979f5b]  PSOldGen::resize(unsigned long)+0x1cb
V  [libjvm.so+0x981c31]  PSParallelCompact::invoke_no_policy(bool)+0x991
V  [libjvm.so+0x98758d]  PSScavenge::invoke()+0x1ad
V  [libjvm.so+0x93f1b0]  ParallelScavengeHeap::failed_mem_allocate(unsigned long)+0x70
V  [libjvm.so+0xabc137]  VM_ParallelGCFailedAllocation::doit()+0x97
V  [libjvm.so+0xac3b65]  VM_Operation::evaluate()+0x55
V  [libjvm.so+0xac1f3a]  VMThread::evaluate_operation(VM_Operation*)+0xba
V  [libjvm.so+0xac22be]  VMThread::loop()+0x1ce
V  [libjvm.so+0xac2730]  VMThread::run()+0x70
V  [libjvm.so+0x91d918]  java_start(Thread*)+0x108

VM_Operation (0x00007f2401086e60): ParallelGCFailedAllocation, mode: safepoint, requested by thread 0x00007f2414189000


---------------  P R O C E S S  ---------------

Java Threads: ( => current thread )
  0x00007f241418f800 JavaThread "pool-2-thread-4" [_thread_blocked, id=8997, stack(0x00007f2400b84000,0x00007f2400c85000)]
  0x00007f241418e000 JavaThread "pool-2-thread-3" [_thread_blocked, id=8996, stack(0x00007f2400c85000,0x00007f2400d86000)]
  0x00007f241418c000 JavaThread "pool-2-thread-2" [_thread_blocked, id=8995, stack(0x00007f2400d86000,0x00007f2400e87000)]
  0x00007f241418b000 JavaThread "pool-3-thread-1" [_thread_blocked, id=8994, stack(0x00007f2400e87000,0x00007f2400f88000)]
  0x00007f2414189000 JavaThread "pool-2-thread-1" [_thread_blocked, id=8993, stack(0x00007f2400f88000,0x00007f2401089000)]
  0x00007f24140ba000 JavaThread "Service Thread" daemon [_thread_blocked, id=8991, stack(0x00007f2401290000,0x00007f2401391000)]
  0x00007f24140b7000 JavaThread "C1 CompilerThread1" daemon [_thread_blocked, id=8990, stack(0x00007f2401391000,0x00007f2401492000)]
  0x00007f24140b4000 JavaThread "C2 CompilerThread0" daemon [_thread_blocked, id=8989, stack(0x00007f2401492000,0x00007f2401593000)]
  0x00007f24140b2800 JavaThread "Signal Dispatcher" daemon [_thread_blocked, id=8988, stack(0x00007f2401593000,0x00007f2401694000)]
  0x00007f241407b000 JavaThread "Finalizer" daemon [_thread_blocked, id=8987, stack(0x00007f240195d000,0x00007f2401a5e000)]
  0x00007f2414079000 JavaThread "Reference Handler" daemon [_thread_blocked, id=8986, stack(0x00007f2401a5e000,0x00007f2401b5f000)]
  0x00007f241400a000 JavaThread "main" [_thread_blocked, id=8982, stack(0x00007f2419f40000,0x00007f241a041000)]

Other Threads:
=>0x00007f2414074000 VMThread [stack: 0x00007f2401b5f000,0x00007f2401c60000] [id=8985]
  0x00007f24140bd000 WatcherThread [stack: 0x00007f240118f000,0x00007f2401290000] [id=8992]

VM state:at safepoint (normal execution)

VM Mutex/Monitor currently owned by a thread:  ([mutex/lock_event])
[0x00007f2414006050] ExpandHeap_lock - owner thread: 0x00007f2414074000
[0x00007f24140066d0] Threads_lock - owner thread: 0x00007f2414074000
[0x00007f2414006bd0] Heap_lock - owner thread: 0x00007f2414189000

Heap:
 PSYoungGen      total 519168K, used 0K [0x00000000d5580000, 0x00000000fea00000, 0x0000000100000000)
  eden space 384512K, 0% used [0x00000000d5580000,0x00000000d5580000,0x00000000ecd00000)
  from space 134656K, 0% used [0x00000000f6680000,0x00000000f6680000,0x00000000fea00000)
  to   space 145920K, 0% used [0x00000000ecd00000,0x00000000ecd00000,0x00000000f5b80000)
 ParOldGen       total 768000K, used 740189K [0x0000000080000000, 0x00000000aee00000, 0x00000000d5580000)
  object space 768000K, 96% used [0x0000000080000000,0x00000000ad2d7750,0x00000000aee00000)
 Metaspace       used 6586K, capacity 7320K, committed 7680K, reserved 1056768K
  class space    used 616K, capacity 656K, committed 768K, reserved 1048576K

Card table byte_map: [0x00007f24037a5000,0x00007f2403ba6000] byte_map_base: 0x00007f24033a5000

Marking Bits: (ParMarkBitMap*) 0x00007f241941f100
 Begin Bits: [0x00007f23f8000000, 0x00007f23fa000000)
 End Bits:   [0x00007f23fa000000, 0x00007f23fc000000)

Polling page: 0x00007f241a067000

CodeCache: size=245760Kb used=12837Kb max_used=13713Kb free=232922Kb
 bounds [0x00007f2403f66000, 0x00007f2404d16000, 0x00007f2412f66000]
 total_blobs=2870 nmethods=2602 adapters=182
 compilation: enabled

Compilation events (10 events):
Event: 94.064 Thread 0x00007f24140b7000 3557       3       com.android.dx.rop.code.Rops::opIfNe (17 bytes)
Event: 94.064 Thread 0x00007f24140b7000 nmethod 3557 0x00007f2404205310 code [0x00007f2404205480, 0x00007f2404205608]
Event: 94.163 Thread 0x00007f24140b7000 3558       3       com.android.dx.ssa.SsaBasicBlock::checkRegUsed (39 bytes)
Event: 94.163 Thread 0x00007f24140b7000 nmethod 3558 0x00007f24044f60d0 code [0x00007f24044f6280, 0x00007f24044f6838]
Event: 94.298 Thread 0x00007f24140b4000 nmethod 3552 0x00007f2404d01150 code [0x00007f2404d026a0, 0x00007f2404d0a0f8]
Event: 94.298 Thread 0x00007f24140b4000 3553       4       com.android.dx.rop.cst.CstInterfaceMethodRef::toMethodRef (31 bytes)
Event: 94.301 Thread 0x00007f24140b4000 nmethod 3553 0x00007f24044130d0 code [0x00007f2404413240, 0x00007f2404413428]
Event: 94.301 Thread 0x00007f24140b4000 3554       4       com.android.dx.dex.file.ClassDefItem::addMethodAnnotations (11 bytes)
Event: 94.354 Thread 0x00007f24140b4000 nmethod 3554 0x00007f2404ca1d50 code [0x00007f2404ca2040, 0x00007f2404ca3bd8]
Event: 94.363 Thread 0x00007f24140b4000 3559       4       com.android.dx.ssa.SsaMethod::makeNewGotoBlock (52 bytes)

GC Heap History (10 events):
Event: 81.629 GC heap after
Heap after GC invocations=29 (full 7):
 PSYoungGen      total 509440K, used 130475K [0x00000000d5580000, 0x0000000100000000, 0x0000000100000000)
  eden space 355840K, 0% used [0x00000000d5580000,0x00000000d5580000,0x00000000eb100000)
  from space 153600K, 84% used [0x00000000f6a00000,0x00000000fe96aca0,0x0000000100000000)
  to   space 171520K, 0% used [0x00000000eb100000,0x00000000eb100000,0x00000000f5880000)
 ParOldGen       total 768000K, used 604665K [0x0000000080000000, 0x00000000aee00000, 0x00000000d5580000)
  object space 768000K, 78% used [0x0000000080000000,0x00000000a4e7e730,0x00000000aee00000)
 Metaspace       used 6584K, capacity 7320K, committed 7680K, reserved 1056768K
  class space    used 616K, capacity 656K, committed 768K, reserved 1048576K
}
Event: 82.610 GC heap before
{Heap before GC invocations=30 (full 7):
 PSYoungGen      total 509440K, used 486315K [0x00000000d5580000, 0x0000000100000000, 0x0000000100000000)
  eden space 355840K, 100% used [0x00000000d5580000,0x00000000eb100000,0x00000000eb100000)
  from space 153600K, 84% used [0x00000000f6a00000,0x00000000fe96aca0,0x0000000100000000)
  to   space 171520K, 0% used [0x00000000eb100000,0x00000000eb100000,0x00000000f5880000)
 ParOldGen       total 768000K, used 604665K [0x0000000080000000, 0x00000000aee00000, 0x00000000d5580000)
  object space 768000K, 78% used [0x0000000080000000,0x00000000a4e7e730,0x00000000aee00000)
 Metaspace       used 6584K, capacity 7320K, committed 7680K, reserved 1056768K
  class space    used 616K, capacity 656K, committed 768K, reserved 1048576K
Event: 83.938 GC heap after
Heap after GC invocations=30 (full 7):
 PSYoungGen      total 527360K, used 88588K [0x00000000d5580000, 0x0000000100000000, 0x0000000100000000)
  eden space 355840K, 0% used [0x00000000d5580000,0x00000000d5580000,0x00000000eb100000)
  from space 171520K, 51% used [0x00000000eb100000,0x00000000f07831c0,0x00000000f5880000)
  to   space 169984K, 0% used [0x00000000f5a00000,0x00000000f5a00000,0x0000000100000000)
 ParOldGen       total 768000K, used 630584K [0x0000000080000000, 0x00000000aee00000, 0x00000000d5580000)
  object space 768000K, 82% used [0x0000000080000000,0x00000000a67ce290,0x00000000aee00000)
 Metaspace       used 6584K, capacity 7320K, committed 7680K, reserved 1056768K
  class space    used 616K, capacity 656K, committed 768K, reserved 1048576K
}
Event: 84.725 GC heap before
{Heap before GC invocations=31 (full 7):
 PSYoungGen      total 527360K, used 444428K [0x00000000d5580000, 0x0000000100000000, 0x0000000100000000)
  eden space 355840K, 100% used [0x00000000d5580000,0x00000000eb100000,0x00000000eb100000)
  from space 171520K, 51% used [0x00000000eb100000,0x00000000f07831c0,0x00000000f5880000)
  to   space 169984K, 0% used [0x00000000f5a00000,0x00000000f5a00000,0x0000000100000000)
 ParOldGen       total 768000K, used 630584K [0x0000000080000000, 0x00000000aee00000, 0x00000000d5580000)
  object space 768000K, 82% used [0x0000000080000000,0x00000000a67ce290,0x00000000aee00000)
 Metaspace       used 6584K, capacity 7320K, committed 7680K, reserved 1056768K
  class space    used 616K, capacity 656K, committed 768K, reserved 1048576K
Event: 85.698 GC heap after
Heap after GC invocations=31 (full 7):
 PSYoungGen      total 507392K, used 68347K [0x00000000d5580000, 0x00000000fec80000, 0x0000000100000000)
  eden space 357376K, 0% used [0x00000000d5580000,0x00000000d5580000,0x00000000eb280000)
  from space 150016K, 45% used [0x00000000f5a00000,0x00000000f9cbed90,0x00000000fec80000)
  to   space 160768K, 0% used [0x00000000eb280000,0x00000000eb280000,0x00000000f4f80000)
 ParOldGen       total 768000K, used 661083K [0x0000000080000000, 0x00000000aee00000, 0x00000000d5580000)
  object space 768000K, 86% used [0x0000000080000000,0x00000000a8596eb0,0x00000000aee00000)
 Metaspace       used 6584K, capacity 7320K, committed 7680K, reserved 1056768K
  class space    used 616K, capacity 656K, committed 768K, reserved 1048576K
}
Event: 90.438 GC heap before
{Heap before GC invocations=32 (full 7):
 PSYoungGen      total 507392K, used 425723K [0x00000000d5580000, 0x00000000fec80000, 0x0000000100000000)
  eden space 357376K, 100% used [0x00000000d5580000,0x00000000eb280000,0x00000000eb280000)
  from space 150016K, 45% used [0x00000000f5a00000,0x00000000f9cbed90,0x00000000fec80000)
  to   space 160768K, 0% used [0x00000000eb280000,0x00000000eb280000,0x00000000f4f80000)
 ParOldGen       total 768000K, used 661083K [0x0000000080000000, 0x00000000aee00000, 0x00000000d5580000)
  object space 768000K, 86% used [0x0000000080000000,0x00000000a8596eb0,0x00000000aee00000)
 Metaspace       used 6586K, capacity 7320K, committed 7680K, reserved 1056768K
  class space    used 616K, capacity 656K, committed 768K, reserved 1048576K
Event: 90.564 GC heap after
Heap after GC invocations=32 (full 7):
 PSYoungGen      total 518144K, used 51568K [0x00000000d5580000, 0x00000000ffc80000, 0x0000000100000000)
  eden space 357376K, 0% used [0x00000000d5580000,0x00000000d5580000,0x00000000eb280000)
  from space 160768K, 32% used [0x00000000eb280000,0x00000000ee4dc0a0,0x00000000f4f80000)
  to   space 153600K, 0% used [0x00000000f6680000,0x00000000f6680000,0x00000000ffc80000)
 ParOldGen       total 768000K, used 685190K [0x0000000080000000, 0x00000000aee00000, 0x00000000d5580000)
  object space 768000K, 89% used [0x0000000080000000,0x00000000a9d21b78,0x00000000aee00000)
 Metaspace       used 6586K, capacity 7320K, committed 7680K, reserved 1056768K
  class space    used 616K, capacity 656K, committed 768K, reserved 1048576K
}
Event: 94.376 GC heap before
{Heap before GC invocations=33 (full 7):
 PSYoungGen      total 518144K, used 408944K [0x00000000d5580000, 0x00000000ffc80000, 0x0000000100000000)
  eden space 357376K, 100% used [0x00000000d5580000,0x00000000eb280000,0x00000000eb280000)
  from space 160768K, 32% used [0x00000000eb280000,0x00000000ee4dc0a0,0x00000000f4f80000)
  to   space 153600K, 0% used [0x00000000f6680000,0x00000000f6680000,0x00000000ffc80000)
 ParOldGen       total 768000K, used 685190K [0x0000000080000000, 0x00000000aee00000, 0x00000000d5580000)
  object space 768000K, 89% used [0x0000000080000000,0x00000000a9d21b78,0x00000000aee00000)
 Metaspace       used 6586K, capacity 7320K, committed 7680K, reserved 1056768K
  class space    used 616K, capacity 656K, committed 768K, reserved 1048576K
Event: 95.394 GC heap after
Heap after GC invocations=33 (full 7):
 PSYoungGen      total 519168K, used 56620K [0x00000000d5580000, 0x00000000fea00000, 0x0000000100000000)
  eden space 384512K, 0% used [0x00000000d5580000,0x00000000d5580000,0x00000000ecd00000)
  from space 134656K, 42% used [0x00000000f6680000,0x00000000f9dcb1a0,0x00000000fea00000)
  to   space 145920K, 0% used [0x00000000ecd00000,0x00000000ecd00000,0x00000000f5b80000)
 ParOldGen       total 768000K, used 735429K [0x0000000080000000, 0x00000000aee00000, 0x00000000d5580000)
  object space 768000K, 95% used [0x0000000080000000,0x00000000ace315e8,0x00000000aee00000)
 Metaspace       used 6586K, capacity 7320K, committed 7680K, reserved 1056768K
  class space    used 616K, capacity 656K, committed 768K, reserved 1048576K
}
Event: 95.394 GC heap before
{Heap before GC invocations=34 (full 8):
 PSYoungGen      total 519168K, used 56620K [0x00000000d5580000, 0x00000000fea00000, 0x0000000100000000)
  eden space 384512K, 0% used [0x00000000d5580000,0x00000000d5580000,0x00000000ecd00000)
  from space 134656K, 42% used [0x00000000f6680000,0x00000000f9dcb1a0,0x00000000fea00000)
  to   space 145920K, 0% used [0x00000000ecd00000,0x00000000ecd00000,0x00000000f5b80000)
 ParOldGen       total 768000K, used 735429K [0x0000000080000000, 0x00000000aee00000, 0x00000000d5580000)
  object space 768000K, 95% used [0x0000000080000000,0x00000000ace315e8,0x00000000aee00000)
 Metaspace       used 6586K, capacity 7320K, committed 7680K, reserved 1056768K
  class space    used 616K, capacity 656K, committed 768K, reserved 1048576K

Deoptimization events (10 events):
Event: 80.694 Thread 0x00007f241418c000 Uncommon trap: reason=class_check action=maybe_recompile pc=0x00007f24049e9978 method=com.android.dx.ssa.back.InterferenceGraph.mergeInterferenceSet(ILcom/android/dx/util/IntSet;)V @ 20
Event: 80.694 Thread 0x00007f241418c000 Uncommon trap: reason=class_check action=maybe_recompile pc=0x00007f24049e6e4c method=com.android.dx.util.BitIntSet.merge(Lcom/android/dx/util/IntSet;)V @ 1
Event: 80.929 Thread 0x00007f2414189000 Uncommon trap: reason=class_check action=maybe_recompile pc=0x00007f24044bff94 method=com.android.dx.ssa.SsaConverter.placePhiFunctions(Lcom/android/dx/ssa/SsaMethod;Lcom/android/dx/ssa/LocalVariableInfo;I)V @ 257
Event: 81.042 Thread 0x00007f241418e000 Uncommon trap: reason=class_check action=maybe_recompile pc=0x00007f24048b8df4 method=com.android.dx.ssa.SsaConverter.placePhiFunctions(Lcom/android/dx/ssa/SsaMethod;Lcom/android/dx/ssa/LocalVariableInfo;I)V @ 257
Event: 86.249 Thread 0x00007f2414189000 Uncommon trap: reason=class_check action=maybe_recompile pc=0x00007f24045e0110 method=com.android.dx.rop.cst.CstLiteral64.equals(Ljava/lang/Object;)Z @ 20
Event: 86.249 Thread 0x00007f2414189000 Uncommon trap: reason=class_check action=maybe_recompile pc=0x00007f24045e0110 method=com.android.dx.rop.cst.CstLiteral64.equals(Ljava/lang/Object;)Z @ 20
Event: 86.250 Thread 0x00007f2414189000 Uncommon trap: reason=class_check action=maybe_recompile pc=0x00007f24045e0110 method=com.android.dx.rop.cst.CstLiteral64.equals(Ljava/lang/Object;)Z @ 20
Event: 86.250 Thread 0x00007f2414189000 Uncommon trap: reason=class_check action=maybe_recompile pc=0x00007f24045e0110 method=com.android.dx.rop.cst.CstLiteral64.equals(Ljava/lang/Object;)Z @ 20
Event: 90.221 Thread 0x00007f241418e000 Uncommon trap: reason=unstable_if action=reinterpret pc=0x00007f24049733c8 method=com.android.dx.cf.code.Simulator$SimVisitor.visitNoArgs(IIILcom/android/dx/rop/type/Type;)V @ 1277
Event: 91.902 Thread 0x00007f241418e000 Uncommon trap: reason=unstable_if action=reinterpret pc=0x00007f24044cff6c method=com.android.dx.rop.code.Insn.contentEquals(Lcom/android/dx/rop/code/Insn;)Z @ 47

Internal exceptions (8 events):
Event: 0.240 Thread 0x00007f241400a000 Exception <a 'java/lang/NoSuchMethodError': Method sun.misc.Unsafe.defineClass(Ljava/lang/String;[BII)Ljava/lang/Class; name or signature does not match> (0x00000000d5592bf0) thrown at [/HUDSON3/workspace/8-2-build-linux-amd64/jdk8u73/6086/hotspot/src/sha
Event: 0.240 Thread 0x00007f241400a000 Exception <a 'java/lang/NoSuchMethodError': Method sun.misc.Unsafe.prefetchRead(Ljava/lang/Object;J)V name or signature does not match> (0x00000000d5592ed8) thrown at [/HUDSON3/workspace/8-2-build-linux-amd64/jdk8u73/6086/hotspot/src/share/vm/prims/jni.cp
Event: 1.888 Thread 0x00007f241418f800 Implicit null exception at 0x00007f2404232989 to 0x00007f2404235175
Event: 2.249 Thread 0x00007f241418f800 Exception <a 'java/lang/ArrayIndexOutOfBoundsException': 18> (0x00000000d8c8af18) thrown at [/HUDSON3/workspace/8-2-build-linux-amd64/jdk8u73/6086/hotspot/src/share/vm/interpreter/interpreterRuntime.cpp, line 366]
Event: 2.249 Thread 0x00007f241418f800 Exception <a 'java/lang/ArrayIndexOutOfBoundsException': 145> (0x00000000d8c8ca98) thrown at [/HUDSON3/workspace/8-2-build-linux-amd64/jdk8u73/6086/hotspot/src/share/vm/interpreter/interpreterRuntime.cpp, line 366]
Event: 2.255 Thread 0x00007f241418f800 Exception <a 'java/lang/ArrayIndexOutOfBoundsException': 40> (0x00000000d8c8dd80) thrown at [/HUDSON3/workspace/8-2-build-linux-amd64/jdk8u73/6086/hotspot/src/share/vm/interpreter/interpreterRuntime.cpp, line 366]
Event: 41.019 Thread 0x00007f241418f800 Implicit null exception at 0x00007f2404b4d06a to 0x00007f2404b4daed
Event: 58.567 Thread 0x00007f241418c000 Implicit null exception at 0x00007f24041e3758 to 0x00007f24041ed8dd

Events (10 events):
Event: 93.046 Thread 0x00007f24140b7000 flushing nmethod 0x00007f2404beb950
Event: 93.046 Thread 0x00007f24140b7000 flushing nmethod 0x00007f2404c50f50
Event: 93.046 Thread 0x00007f24140b7000 flushing nmethod 0x00007f2404c5d410
Event: 93.046 Thread 0x00007f24140b7000 flushing nmethod 0x00007f2404c86f10
Event: 93.046 Thread 0x00007f24140b7000 flushing nmethod 0x00007f2404c87e10
Event: 93.046 Thread 0x00007f24140b7000 flushing nmethod 0x00007f2404c8fe50
Event: 93.046 Thread 0x00007f24140b7000 flushing nmethod 0x00007f2404c92f10
Event: 93.046 Thread 0x00007f24140b7000 flushing nmethod 0x00007f2404c95110
Event: 93.046 Thread 0x00007f24140b7000 flushing nmethod 0x00007f2404ca1b90
Event: 94.376 Executing VM operation: ParallelGCFailedAllocation


Dynamic libraries:
00400000-00401000 r-xp 00000000 08:06 1974662                            /home/adament/mkn/android/jdk1.8.0_73/bin/java
00600000-00601000 rw-p 00000000 08:06 1974662                            /home/adament/mkn/android/jdk1.8.0_73/bin/java
01c0a000-01c2b000 rw-p 00000000 00:00 0                                  [heap]
80000000-aee00000 rw-p 00000000 00:00 0 
b7a80000-d5580000 ---p 00000000 00:00 0 
d5580000-fea00000 rw-p 00000000 00:00 0 
fea00000-100000000 ---p 00000000 00:00 0 
100000000-1000c0000 rw-p 00000000 00:00 0 
1000c0000-140000000 ---p 00000000 00:00 0 
7f23c4000000-7f23c4030000 rw-p 00000000 00:00 0 
7f23c4030000-7f23c8000000 ---p 00000000 00:00 0 
7f23c8000000-7f23c8042000 rw-p 00000000 00:00 0 
7f23c8042000-7f23cc000000 ---p 00000000 00:00 0 
7f23cc000000-7f23cc037000 rw-p 00000000 00:00 0 
7f23cc037000-7f23d0000000 ---p 00000000 00:00 0 
7f23d0000000-7f23d0021000 rw-p 00000000 00:00 0 
7f23d0021000-7f23d4000000 ---p 00000000 00:00 0 
7f23d4000000-7f23d4021000 rw-p 00000000 00:00 0 
7f23d4021000-7f23d8000000 ---p 00000000 00:00 0 
7f23d8000000-7f23d8021000 rw-p 00000000 00:00 0 
7f23d8021000-7f23dc000000 ---p 00000000 00:00 0 
7f23dc000000-7f23debb2000 rw-p 00000000 00:00 0 
7f23debb2000-7f23e0000000 ---p 00000000 00:00 0 
7f23e0000000-7f23e0889000 rw-p 00000000 00:00 0 
7f23e0889000-7f23e4000000 ---p 00000000 00:00 0 
7f23e4000000-7f23e4021000 rw-p 00000000 00:00 0 
7f23e4021000-7f23e8000000 ---p 00000000 00:00 0 
7f23e8000000-7f23e8021000 rw-p 00000000 00:00 0 
7f23e8021000-7f23ec000000 ---p 00000000 00:00 0 
7f23ec000000-7f23ec2a5000 rw-p 00000000 00:00 0 
7f23ec2a5000-7f23f0000000 ---p 00000000 00:00 0 
7f23f0000000-7f23f0021000 rw-p 00000000 00:00 0 
7f23f0021000-7f23f4000000 ---p 00000000 00:00 0 
7f23f4000000-7f23f4021000 rw-p 00000000 00:00 0 
7f23f4021000-7f23f8000000 ---p 00000000 00:00 0 
7f23f8000000-7f23fc000000 rw-p 00000000 00:00 0 
7f23fc000000-7f23fc021000 rw-p 00000000 00:00 0 
7f23fc021000-7f2400000000 ---p 00000000 00:00 0 
7f2400b84000-7f2400b87000 ---p 00000000 00:00 0 
7f2400b87000-7f2400c85000 rw-p 00000000 00:00 0                          [stack:8997]
7f2400c85000-7f2400c88000 ---p 00000000 00:00 0 
7f2400c88000-7f2400d86000 rw-p 00000000 00:00 0                          [stack:8996]
7f2400d86000-7f2400d89000 ---p 00000000 00:00 0 
7f2400d89000-7f2400e87000 rw-p 00000000 00:00 0                          [stack:8995]
7f2400e87000-7f2400e8a000 ---p 00000000 00:00 0 
7f2400e8a000-7f2400f88000 rw-p 00000000 00:00 0                          [stack:8994]
7f2400f88000-7f2400f8b000 ---p 00000000 00:00 0 
7f2400f8b000-7f2401089000 rw-p 00000000 00:00 0                          [stack:8993]
7f2401089000-7f240118f000 r--s 00b58000 08:06 3806456                    /home/adament/EstiloRobe/estiloRobe/build/intermediates/transforms/jarMerging/debug/jars/1/1f/combined.jar
7f240118f000-7f2401190000 ---p 00000000 00:00 0 
7f2401190000-7f2401290000 rw-p 00000000 00:00 0                          [stack:8992]
7f2401290000-7f2401293000 ---p 00000000 00:00 0 
7f2401293000-7f2401391000 rw-p 00000000 00:00 0                          [stack:8991]
7f2401391000-7f2401394000 ---p 00000000 00:00 0 
7f2401394000-7f2401492000 rw-p 00000000 00:00 0                          [stack:8990]
7f2401492000-7f2401495000 ---p 00000000 00:00 0 
7f2401495000-7f2401593000 rw-p 00000000 00:00 0                          [stack:8989]
7f2401593000-7f2401596000 ---p 00000000 00:00 0 
7f2401596000-7f2401694000 rw-p 00000000 00:00 0                          [stack:8988]
7f2401694000-7f240195d000 r--p 00000000 08:06 138881                     /usr/lib/locale/locale-archive
7f240195d000-7f2401960000 ---p 00000000 00:00 0 
7f2401960000-7f2401a5e000 rw-p 00000000 00:00 0                          [stack:8987]
7f2401a5e000-7f2401a61000 ---p 00000000 00:00 0 
7f2401a61000-7f2401b5f000 rw-p 00000000 00:00 0                          [stack:8986]
7f2401b5f000-7f2401b60000 ---p 00000000 00:00 0 
7f2401b60000-7f24025ab000 rw-p 00000000 00:00 0                          [stack:8985]
7f24025ab000-7f2402783000 r--s 03d23000 08:06 2102216                    /home/adament/mkn/android/jdk1.8.0_73/jre/lib/rt.jar
7f2402783000-7f2402eb9000 rw-p 00000000 00:00 0 
7f2402eb9000-7f2402ff9000 ---p 00000000 00:00 0 
7f2402ff9000-7f24033f9000 rw-p 00000000 00:00 0 
7f24033f9000-7f24033fa000 ---p 00000000 00:00 0 
7f24033fa000-7f2403671000 rw-p 00000000 00:00 0                          [stack:8984]
7f2403671000-7f24037a5000 ---p 00000000 00:00 0 
7f24037a5000-7f240391c000 rw-p 00000000 00:00 0 
7f240391c000-7f2403a4f000 ---p 00000000 00:00 0 
7f2403a4f000-7f2403b9a000 rw-p 00000000 00:00 0 
7f2403b9a000-7f2403ba5000 ---p 00000000 00:00 0 
7f2403ba5000-7f2403bdd000 rw-p 00000000 00:00 0 
7f2403bdd000-7f2403f66000 ---p 00000000 00:00 0 
7f2403f66000-7f2404d16000 rwxp 00000000 00:00 0 
7f2404d16000-7f2412f66000 ---p 00000000 00:00 0 
7f2412f66000-7f2412f80000 r-xp 00000000 08:06 2493507                    /home/adament/mkn/android/jdk1.8.0_73/jre/lib/amd64/libzip.so
7f2412f80000-7f2413180000 ---p 0001a000 08:06 2493507                    /home/adament/mkn/android/jdk1.8.0_73/jre/lib/amd64/libzip.so
7f2413180000-7f2413181000 rw-p 0001a000 08:06 2493507                    /home/adament/mkn/android/jdk1.8.0_73/jre/lib/amd64/libzip.so
7f2413181000-7f241318c000 r-xp 00000000 08:06 2363499                    /lib/x86_64-linux-gnu/libnss_files-2.19.so
7f241318c000-7f241338b000 ---p 0000b000 08:06 2363499                    /lib/x86_64-linux-gnu/libnss_files-2.19.so
7f241338b000-7f241338c000 r--p 0000a000 08:06 2363499                    /lib/x86_64-linux-gnu/libnss_files-2.19.so
7f241338c000-7f241338d000 rw-p 0000b000 08:06 2363499                    /lib/x86_64-linux-gnu/libnss_files-2.19.so
7f241338d000-7f2413398000 r-xp 00000000 08:06 2363509                    /lib/x86_64-linux-gnu/libnss_nis-2.19.so
7f2413398000-7f2413597000 ---p 0000b000 08:06 2363509                    /lib/x86_64-linux-gnu/libnss_nis-2.19.so
7f2413597000-7f2413598000 r--p 0000a000 08:06 2363509                    /lib/x86_64-linux-gnu/libnss_nis-2.19.so
7f2413598000-7f2413599000 rw-p 0000b000 08:06 2363509                    /lib/x86_64-linux-gnu/libnss_nis-2.19.so
7f2413599000-7f24135b0000 r-xp 00000000 08:06 2363493                    /lib/x86_64-linux-gnu/libnsl-2.19.so
7f24135b0000-7f24137af000 ---p 00017000 08:06 2363493                    /lib/x86_64-linux-gnu/libnsl-2.19.so
7f24137af000-7f24137b0000 r--p 00016000 08:06 2363493                    /lib/x86_64-linux-gnu/libnsl-2.19.so
7f24137b0000-7f24137b1000 rw-p 00017000 08:06 2363493                    /lib/x86_64-linux-gnu/libnsl-2.19.so
7f24137b1000-7f24137b3000 rw-p 00000000 00:00 0 
7f24137b3000-7f24137bc000 r-xp 00000000 08:06 2363495                    /lib/x86_64-linux-gnu/libnss_compat-2.19.so
7f24137bc000-7f24139bb000 ---p 00009000 08:06 2363495                    /lib/x86_64-linux-gnu/libnss_compat-2.19.so
7f24139bb000-7f24139bc000 r--p 00008000 08:06 2363495                    /lib/x86_64-linux-gnu/libnss_compat-2.19.so
7f24139bc000-7f24139bd000 rw-p 00009000 08:06 2363495                    /lib/x86_64-linux-gnu/libnss_compat-2.19.so
7f24139bd000-7f24139e7000 r-xp 00000000 08:06 2493472                    /home/adament/mkn/android/jdk1.8.0_73/jre/lib/amd64/libjava.so
7f24139e7000-7f2413be7000 ---p 0002a000 08:06 2493472                    /home/adament/mkn/android/jdk1.8.0_73/jre/lib/amd64/libjava.so
7f2413be7000-7f2413be9000 rw-p 0002a000 08:06 2493472                    /home/adament/mkn/android/jdk1.8.0_73/jre/lib/amd64/libjava.so
7f2413be9000-7f2413bf6000 r-xp 00000000 08:06 2493506                    /home/adament/mkn/android/jdk1.8.0_73/jre/lib/amd64/libverify.so
7f2413bf6000-7f2413df6000 ---p 0000d000 08:06 2493506                    /home/adament/mkn/android/jdk1.8.0_73/jre/lib/amd64/libverify.so
7f2413df6000-7f2413df8000 rw-p 0000d000 08:06 2493506                    /home/adament/mkn/android/jdk1.8.0_73/jre/lib/amd64/libverify.so
7f2413df8000-7f2413dff000 r-xp 00000000 08:06 2363552                    /lib/x86_64-linux-gnu/librt-2.19.so
7f2413dff000-7f2413ffe000 ---p 00007000 08:06 2363552                    /lib/x86_64-linux-gnu/librt-2.19.so
7f2413ffe000-7f2413fff000 r--p 00006000 08:06 2363552                    /lib/x86_64-linux-gnu/librt-2.19.so
7f2413fff000-7f2414000000 rw-p 00007000 08:06 2363552                    /lib/x86_64-linux-gnu/librt-2.19.so
7f2414000000-7f2414390000 rw-p 00000000 00:00 0 
7f2414390000-7f2418000000 ---p 00000000 00:00 0 
7f2418014000-7f2418063000 rw-p 00000000 00:00 0 
7f2418063000-7f2418064000 ---p 00000000 00:00 0 
7f2418064000-7f2418164000 rw-p 00000000 00:00 0                          [stack:8983]
7f2418164000-7f2418269000 r-xp 00000000 08:06 2363474                    /lib/x86_64-linux-gnu/libm-2.19.so
7f2418269000-7f2418468000 ---p 00105000 08:06 2363474                    /lib/x86_64-linux-gnu/libm-2.19.so
7f2418468000-7f2418469000 r--p 00104000 08:06 2363474                    /lib/x86_64-linux-gnu/libm-2.19.so
7f2418469000-7f241846a000 rw-p 00105000 08:06 2363474                    /lib/x86_64-linux-gnu/libm-2.19.so
7f241846a000-7f2419129000 r-xp 00000000 08:06 2624044                    /home/adament/mkn/android/jdk1.8.0_73/jre/lib/amd64/server/libjvm.so
7f2419129000-7f2419328000 ---p 00cbf000 08:06 2624044                    /home/adament/mkn/android/jdk1.8.0_73/jre/lib/amd64/server/libjvm.so
7f2419328000-7f2419401000 rw-p 00cbe000 08:06 2624044                    /home/adament/mkn/android/jdk1.8.0_73/jre/lib/amd64/server/libjvm.so
7f2419401000-7f241944a000 rw-p 00000000 00:00 0 
7f241944a000-7f2419605000 r-xp 00000000 08:06 2363421                    /lib/x86_64-linux-gnu/libc-2.19.so
7f2419605000-7f2419805000 ---p 001bb000 08:06 2363421                    /lib/x86_64-linux-gnu/libc-2.19.so
7f2419805000-7f2419809000 r--p 001bb000 08:06 2363421                    /lib/x86_64-linux-gnu/libc-2.19.so
7f2419809000-7f241980b000 rw-p 001bf000 08:06 2363421                    /lib/x86_64-linux-gnu/libc-2.19.so
7f241980b000-7f2419810000 rw-p 00000000 00:00 0 
7f2419810000-7f2419813000 r-xp 00000000 08:06 2363438                    /lib/x86_64-linux-gnu/libdl-2.19.so
7f2419813000-7f2419a12000 ---p 00003000 08:06 2363438                    /lib/x86_64-linux-gnu/libdl-2.19.so
7f2419a12000-7f2419a13000 r--p 00002000 08:06 2363438                    /lib/x86_64-linux-gnu/libdl-2.19.so
7f2419a13000-7f2419a14000 rw-p 00003000 08:06 2363438                    /lib/x86_64-linux-gnu/libdl-2.19.so
7f2419a14000-7f2419a29000 r-xp 00000000 08:06 2493603                    /home/adament/mkn/android/jdk1.8.0_73/lib/amd64/jli/libjli.so
7f2419a29000-7f2419c29000 ---p 00015000 08:06 2493603                    /home/adament/mkn/android/jdk1.8.0_73/lib/amd64/jli/libjli.so
7f2419c29000-7f2419c2a000 rw-p 00015000 08:06 2493603                    /home/adament/mkn/android/jdk1.8.0_73/lib/amd64/jli/libjli.so
7f2419c2a000-7f2419c43000 r-xp 00000000 08:06 2363544                    /lib/x86_64-linux-gnu/libpthread-2.19.so
7f2419c43000-7f2419e42000 ---p 00019000 08:06 2363544                    /lib/x86_64-linux-gnu/libpthread-2.19.so
7f2419e42000-7f2419e43000 r--p 00018000 08:06 2363544                    /lib/x86_64-linux-gnu/libpthread-2.19.so
7f2419e43000-7f2419e44000 rw-p 00019000 08:06 2363544                    /lib/x86_64-linux-gnu/libpthread-2.19.so
7f2419e44000-7f2419e48000 rw-p 00000000 00:00 0 
7f2419e48000-7f2419e6b000 r-xp 00000000 08:06 2363395                    /lib/x86_64-linux-gnu/ld-2.19.so
7f2419e74000-7f2419f40000 rw-p 00000000 00:00 0 
7f2419f40000-7f2419f43000 ---p 00000000 00:00 0 
7f2419f43000-7f241a045000 rw-p 00000000 00:00 0                          [stack:8982]
7f241a04e000-7f241a04f000 rw-p 00000000 00:00 0 
7f241a04f000-7f241a05e000 r--s 000df000 08:06 2493619                    /home/adament/mkn/android/sdk/build-tools/23.0.2/lib/dx.jar
7f241a05e000-7f241a066000 rw-s 00000000 08:06 7477086                    /tmp/hsperfdata_adament/8977
7f241a066000-7f241a067000 rw-p 00000000 00:00 0 
7f241a067000-7f241a068000 ---p 00000000 00:00 0 
7f241a068000-7f241a06a000 rw-p 00000000 00:00 0 
7f241a06a000-7f241a06b000 r--p 00022000 08:06 2363395                    /lib/x86_64-linux-gnu/ld-2.19.so
7f241a06b000-7f241a06c000 rw-p 00023000 08:06 2363395                    /lib/x86_64-linux-gnu/ld-2.19.so
7f241a06c000-7f241a06d000 rw-p 00000000 00:00 0 
7fff0cb65000-7fff0cb86000 rw-p 00000000 00:00 0                          [stack]
7fff0cbf8000-7fff0cbfa000 r-xp 00000000 00:00 0                          [vdso]
ffffffffff600000-ffffffffff601000 r-xp 00000000 00:00 0                  [vsyscall]

VM Arguments:
jvm_args: -Djava.awt.headless=true -Xmx2048M -Dfile.encoding=UTF-8 -Duser.country=IN -Duser.language=en -Duser.variant 
java_command: com.android.dx.command.Main --dex --num-threads=4 --multi-dex --main-dex-list /home/adament/EstiloRobe/estiloRobe/build/intermediates/multi-dex/debug/maindexlist.txt --output /home/adament/EstiloRobe/estiloRobe/build/intermediates/transforms/dex/debug/folders/1000/1f/main /home/adament/EstiloRobe/estiloRobe/build/intermediates/transforms/jarMerging/debug/jars/1/1f/combined.jar
java_class_path (initial): /home/adament/mkn/android/sdk/build-tools/23.0.2/lib/dx.jar
Launcher Type: SUN_STANDARD

Environment Variables:
JAVA_HOME=/home/adament/mkn/android/jdk1.8.0_73
PATH=/usr/local/sbin:/usr/local/bin:/usr/sbin:/usr/bin:/sbin:/bin:/usr/games:/usr/local/games:/home/adament/mkn/android/sdk/platform-tools
USERNAME=adament
LD_LIBRARY_PATH=/home/adament/mkn/android/android-studio/bin:
SHELL=/bin/bash
DISPLAY=:0

Signal Handlers:
SIGSEGV: [libjvm.so+0xabafa0], sa_mask[0]=11111111011111111101111111111110, sa_flags=SA_RESTART|SA_SIGINFO
SIGBUS: [libjvm.so+0xabafa0], sa_mask[0]=11111111011111111101111111111110, sa_flags=SA_RESTART|SA_SIGINFO
SIGFPE: [libjvm.so+0x9183c0], sa_mask[0]=11111111011111111101111111111110, sa_flags=SA_RESTART|SA_SIGINFO
SIGPIPE: [libjvm.so+0x9183c0], sa_mask[0]=11111111011111111101111111111110, sa_flags=SA_RESTART|SA_SIGINFO
SIGXFSZ: [libjvm.so+0x9183c0], sa_mask[0]=11111111011111111101111111111110, sa_flags=SA_RESTART|SA_SIGINFO
SIGILL: [libjvm.so+0x9183c0], sa_mask[0]=11111111011111111101111111111110, sa_flags=SA_RESTART|SA_SIGINFO
SIGUSR1: SIG_DFL, sa_mask[0]=00000000000000000000000000000000, sa_flags=none
SIGUSR2: [libjvm.so+0x9199f0], sa_mask[0]=00100000000000000000000000000000, sa_flags=SA_RESTART|SA_SIGINFO
SIGHUP: [libjvm.so+0x91adf0], sa_mask[0]=11111111011111111101111111111110, sa_flags=SA_RESTART|SA_SIGINFO
SIGINT: [libjvm.so+0x91adf0], sa_mask[0]=11111111011111111101111111111110, sa_flags=SA_RESTART|SA_SIGINFO
SIGTERM: [libjvm.so+0x91adf0], sa_mask[0]=11111111011111111101111111111110, sa_flags=SA_RESTART|SA_SIGINFO
SIGQUIT: [libjvm.so+0x91adf0], sa_mask[0]=11111111011111111101111111111110, sa_flags=SA_RESTART|SA_SIGINFO


---------------  S Y S T E M  ---------------

OS:DISTRIB_ID=LinuxMint
DISTRIB_RELEASE=17.1
DISTRIB_CODENAME=rebecca
DISTRIB_DESCRIPTION="Linux Mint 17.1 Rebecca"

uname:Linux 3.13.0-37-generic #64-Ubuntu SMP Mon Sep 22 21:28:38 UTC 2014 x86_64
libc:glibc 2.19 NPTL 2.19 
rlimit: STACK 8192k, CORE 0k, NPROC 30684, NOFILE 4096, AS infinity
load average:7.44 3.93 2.48

/proc/meminfo:
MemTotal:        3958712 kB
MemFree:          117276 kB
Buffers:             292 kB
Cached:           170172 kB
SwapCached:        58824 kB
Active:          2615264 kB
Inactive:         991052 kB
Active(anon):    2607780 kB
Inactive(anon):   975864 kB
Active(file):       7484 kB
Inactive(file):    15188 kB
Unevictable:          32 kB
Mlocked:              32 kB
SwapTotal:       1998844 kB
SwapFree:            112 kB
Dirty:               152 kB
Writeback:             0 kB
AnonPages:       3378132 kB
Mapped:            34232 kB
Shmem:            147660 kB
Slab:              92856 kB
SReclaimable:      58032 kB
SUnreclaim:        34824 kB
KernelStack:        4808 kB
PageTables:        49504 kB
NFS_Unstable:          0 kB
Bounce:                0 kB
WritebackTmp:          0 kB
CommitLimit:     3978200 kB
Committed_AS:    8692536 kB
VmallocTotal:   34359738367 kB
VmallocUsed:      543744 kB
VmallocChunk:   34359187864 kB
HardwareCorrupted:     0 kB
AnonHugePages:    419840 kB
HugePages_Total:       0
HugePages_Free:        0
HugePages_Rsvd:        0
HugePages_Surp:        0
Hugepagesize:       2048 kB
DirectMap4k:       95272 kB
DirectMap2M:     4009984 kB


CPU:total 2 (2 cores per cpu, 1 threads per core) family 6 model 42 stepping 7, cmov, cx8, fxsr, mmx, sse, sse2, sse3, ssse3, sse4.1, sse4.2, popcnt, clmul, tsc, tscinvbit

/proc/cpuinfo:
processor	: 0
vendor_id	: GenuineIntel
cpu family	: 6
model		: 42
model name	: Intel(R) Pentium(R) CPU G620 @ 2.60GHz
stepping	: 7
microcode	: 0xd
cpu MHz		: 2593.882
cache size	: 3072 KB
physical id	: 0
siblings	: 2
core id		: 0
cpu cores	: 2
apicid		: 0
initial apicid	: 0
fpu		: yes
fpu_exception	: yes
cpuid level	: 13
wp		: yes
flags		: fpu vme de pse tsc msr pae mce cx8 apic sep mtrr pge mca cmov pat pse36 clflush dts acpi mmx fxsr sse sse2 ss ht tm pbe syscall nx rdtscp lm constant_tsc arch_perfmon pebs bts rep_good nopl xtopology nonstop_tsc aperfmperf eagerfpu pni pclmulqdq dtes64 monitor ds_cpl vmx est tm2 ssse3 cx16 xtpr pdcm pcid sse4_1 sse4_2 popcnt tsc_deadline_timer xsave lahf_lm arat epb xsaveopt pln pts dtherm tpr_shadow vnmi flexpriority ept vpid
bogomips	: 5187.76
clflush size	: 64
cache_alignment	: 64
address sizes	: 36 bits physical, 48 bits virtual
power management:

processor	: 1
vendor_id	: GenuineIntel
cpu family	: 6
model		: 42
model name	: Intel(R) Pentium(R) CPU G620 @ 2.60GHz
stepping	: 7
microcode	: 0xd
cpu MHz		: 2593.882
cache size	: 3072 KB
physical id	: 0
siblings	: 2
core id		: 1
cpu cores	: 2
apicid		: 2
initial apicid	: 2
fpu		: yes
fpu_exception	: yes
cpuid level	: 13
wp		: yes
flags		: fpu vme de pse tsc msr pae mce cx8 apic sep mtrr pge mca cmov pat pse36 clflush dts acpi mmx fxsr sse sse2 ss ht tm pbe syscall nx rdtscp lm constant_tsc arch_perfmon pebs bts rep_good nopl xtopology nonstop_tsc aperfmperf eagerfpu pni pclmulqdq dtes64 monitor ds_cpl vmx est tm2 ssse3 cx16 xtpr pdcm pcid sse4_1 sse4_2 popcnt tsc_deadline_timer xsave lahf_lm arat epb xsaveopt pln pts dtherm tpr_shadow vnmi flexpriority ept vpid
bogomips	: 5187.76
clflush size	: 64
cache_alignment	: 64
address sizes	: 36 bits physical, 48 bits virtual
power management:



Memory: 4k page, physical 3958712k(117276k free), swap 1998844k(112k free)

vm_info: Java HotSpot(TM) 64-Bit Server VM (25.73-b02) for linux-amd64 JRE (1.8.0_73-b02), built on Jan 29 2016 17:39:45 by "java_re" with gcc 4.3.0 20080428 (Red Hat 4.3.0-8)

time: Fri Apr 15 13:35:40 2016
elapsed time: 109 seconds (0d 0h 1m 49s)

