#
# There is insufficient memory for the Java Runtime Environment to continue.
# Native memory allocation (mmap) failed to map 167772160 bytes for committing reserved memory.
# Possible reasons:
#   The system is out of physical RAM or swap space
#   In 32 bit mode, the process size limit was hit
# Possible solutions:
#   Reduce memory load on the system
#   Increase physical memory or swap space
#   Check if swap backing store is full
#   Use 64 bit Java on a 64 bit OS
#   Decrease Java heap size (-Xmx/-Xms)
#   Decrease number of Java threads
#   Decrease Java thread stack sizes (-Xss)
#   Set larger code cache with -XX:ReservedCodeCacheSize=
# This output file may be truncated or incomplete.
#
#  Out of Memory Error (os_linux.cpp:2627), pid=9752, tid=140333263173376
#
# JRE version: Java(TM) SE Runtime Environment (8.0_73-b02) (build 1.8.0_73-b02)
# Java VM: Java HotSpot(TM) 64-Bit Server VM (25.73-b02 mixed mode linux-amd64 compressed oops)
# Failed to write core dump. Core dumps have been disabled. To enable core dumping, try "ulimit -c unlimited" before starting Java again
#

---------------  T H R E A D  ---------------

Current thread (0x00007fa1f4074000):  VMThread [stack: 0x00007fa1e23d3000,0x00007fa1e24d4000] [id=9760]

Stack: [0x00007fa1e23d3000,0x00007fa1e24d4000],  sp=0x00007fa1e24d2260,  free space=1020k
Native frames: (J=compiled Java code, j=interpreted, Vv=VM code, C=native code)
V  [libjvm.so+0xaba71a]  VMError::report_and_die()+0x2ba
V  [libjvm.so+0x4f9ecb]  report_vm_out_of_memory(char const*, int, unsigned long, VMErrorType, char const*)+0x8b
V  [libjvm.so+0x91b553]  os::Linux::commit_memory_impl(char*, unsigned long, bool)+0x103
V  [libjvm.so+0x91baa9]  os::pd_commit_memory(char*, unsigned long, unsigned long, bool)+0x29
V  [libjvm.so+0x915dba]  os::commit_memory(char*, unsigned long, unsigned long, bool)+0x2a
V  [libjvm.so+0x989463]  PSVirtualSpace::expand_by(unsigned long)+0x53
V  [libjvm.so+0x979d50]  PSOldGen::expand(unsigned long)+0x170
V  [libjvm.so+0x979f5b]  PSOldGen::resize(unsigned long)+0x1cb
V  [libjvm.so+0x981c31]  PSParallelCompact::invoke_no_policy(bool)+0x991
V  [libjvm.so+0x98758d]  PSScavenge::invoke()+0x1ad
V  [libjvm.so+0x93f1b0]  ParallelScavengeHeap::failed_mem_allocate(unsigned long)+0x70
V  [libjvm.so+0xabc137]  VM_ParallelGCFailedAllocation::doit()+0x97
V  [libjvm.so+0xac3b65]  VM_Operation::evaluate()+0x55
V  [libjvm.so+0xac1f3a]  VMThread::evaluate_operation(VM_Operation*)+0xba
V  [libjvm.so+0xac22be]  VMThread::loop()+0x1ce
V  [libjvm.so+0xac2730]  VMThread::run()+0x70
V  [libjvm.so+0x91d918]  java_start(Thread*)+0x108

VM_Operation (0x00007fa1e18fee70): ParallelGCFailedAllocation, mode: safepoint, requested by thread 0x00007fa1f418f800


---------------  P R O C E S S  ---------------

Java Threads: ( => current thread )
  0x00007fa1f411e000 JavaThread "pool-1-thread-1" [_thread_blocked, id=9796, stack(0x00007fa1e12fb000,0x00007fa1e13fc000)]
  0x00007fa1f4196800 JavaThread "pool-2-thread-4" [_thread_blocked, id=9772, stack(0x00007fa1e13fc000,0x00007fa1e14fd000)]
  0x00007fa1f4194800 JavaThread "pool-2-thread-3" [_thread_blocked, id=9771, stack(0x00007fa1e14fd000,0x00007fa1e15fe000)]
  0x00007fa1f4193000 JavaThread "pool-2-thread-2" [_thread_blocked, id=9770, stack(0x00007fa1e15fe000,0x00007fa1e16ff000)]
  0x00007fa1f4192000 JavaThread "pool-3-thread-1" [_thread_blocked, id=9769, stack(0x00007fa1e16ff000,0x00007fa1e1800000)]
  0x00007fa1f418f800 JavaThread "pool-2-thread-1" [_thread_blocked, id=9768, stack(0x00007fa1e1800000,0x00007fa1e1901000)]
  0x00007fa1f40ba000 JavaThread "Service Thread" daemon [_thread_blocked, id=9766, stack(0x00007fa1e1b04000,0x00007fa1e1c05000)]
  0x00007fa1f40b7000 JavaThread "C1 CompilerThread1" daemon [_thread_blocked, id=9765, stack(0x00007fa1e1c05000,0x00007fa1e1d06000)]
  0x00007fa1f40b4000 JavaThread "C2 CompilerThread0" daemon [_thread_blocked, id=9764, stack(0x00007fa1e1d06000,0x00007fa1e1e07000)]
  0x00007fa1f40b3000 JavaThread "Signal Dispatcher" daemon [_thread_blocked, id=9763, stack(0x00007fa1e1e07000,0x00007fa1e1f08000)]
  0x00007fa1f407b000 JavaThread "Finalizer" daemon [_thread_blocked, id=9762, stack(0x00007fa1e21d1000,0x00007fa1e22d2000)]
  0x00007fa1f4079000 JavaThread "Reference Handler" daemon [_thread_blocked, id=9761, stack(0x00007fa1e22d2000,0x00007fa1e23d3000)]
  0x00007fa1f400a000 JavaThread "main" [_thread_blocked, id=9757, stack(0x00007fa1fa7b8000,0x00007fa1fa8b9000)]

Other Threads:
=>0x00007fa1f4074000 VMThread [stack: 0x00007fa1e23d3000,0x00007fa1e24d4000] [id=9760]
  0x00007fa1f40bc800 WatcherThread [stack: 0x00007fa1e1a03000,0x00007fa1e1b04000] [id=9767]

VM state:at safepoint (normal execution)

VM Mutex/Monitor currently owned by a thread:  ([mutex/lock_event])
[0x00007fa1f40060d0] ExpandHeap_lock - owner thread: 0x00007fa1f4074000
[0x00007fa1f4006750] Threads_lock - owner thread: 0x00007fa1f4074000
[0x00007fa1f4006c50] Heap_lock - owner thread: 0x00007fa1f418f800

Heap:
 PSYoungGen      total 528896K, used 0K [0x00000000d5580000, 0x0000000100000000, 0x0000000100000000)
  eden space 378368K, 0% used [0x00000000d5580000,0x00000000d5580000,0x00000000ec700000)
  from space 150528K, 0% used [0x00000000f5300000,0x00000000f5300000,0x00000000fe600000)
  to   space 143360K, 0% used [0x00000000ec700000,0x00000000ec700000,0x00000000f5300000)
 ParOldGen       total 835072K, used 785252K [0x0000000080000000, 0x00000000b2f80000, 0x00000000d5580000)
  object space 835072K, 94% used [0x0000000080000000,0x00000000afed9108,0x00000000b2f80000)
 Metaspace       used 6663K, capacity 7384K, committed 7680K, reserved 1056768K
  class space    used 620K, capacity 656K, committed 768K, reserved 1048576K

Card table byte_map: [0x00007fa1e3ff2000,0x00007fa1e43f3000] byte_map_base: 0x00007fa1e3bf2000

Marking Bits: (ParMarkBitMap*) 0x00007fa1f9c97100
 Begin Bits: [0x00007fa1d8000000, 0x00007fa1da000000)
 End Bits:   [0x00007fa1da000000, 0x00007fa1dc000000)

Polling page: 0x00007fa1fa8df000

CodeCache: size=245760Kb used=12622Kb max_used=13283Kb free=233137Kb
 bounds [0x00007fa1e47b3000, 0x00007fa1e5503000, 0x00007fa1f37b3000]
 total_blobs=2990 nmethods=2721 adapters=182
 compilation: enabled

Compilation events (10 events):
Event: 88.964 Thread 0x00007fa1f40b7000 nmethod 3728 0x00007fa1e4e20810 code [0x00007fa1e4e20a20, 0x00007fa1e4e21498]
Event: 88.964 Thread 0x00007fa1f40b7000 3725       3       com.android.dx.dex.file.EncodedField::compareTo (9 bytes)
Event: 88.964 Thread 0x00007fa1f40b7000 nmethod 3725 0x00007fa1e4e20150 code [0x00007fa1e4e202e0, 0x00007fa1e4e206c8]
Event: 88.964 Thread 0x00007fa1f40b7000 3729       3       com.android.dx.dex.file.EncodedMethod::addContents (35 bytes)
Event: 88.964 Thread 0x00007fa1f40b7000 nmethod 3729 0x00007fa1e4e1fa10 code [0x00007fa1e4e1fba0, 0x00007fa1e4e1fff8]
Event: 88.964 Thread 0x00007fa1f40b7000 3730       3       java.util.ArrayList::sort (48 bytes)
Event: 88.965 Thread 0x00007fa1f40b7000 nmethod 3730 0x00007fa1e545c950 code [0x00007fa1e545cae0, 0x00007fa1e545cd38]
Event: 88.965 Thread 0x00007fa1f40b7000 3731       3       java.util.Collections::sort (8 bytes)
Event: 88.965 Thread 0x00007fa1f40b7000 nmethod 3731 0x00007fa1e4e1f5d0 code [0x00007fa1e4e1f740, 0x00007fa1e4e1f948]
Event: 88.965 Thread 0x00007fa1f40b7000 3724       2       com.android.dx.dex.file.ClassDataItem::addContents (207 bytes)

GC Heap History (10 events):
Event: 83.627 GC heap after
Heap after GC invocations=27 (full 7):
 PSYoungGen      total 500736K, used 0K [0x00000000d5580000, 0x0000000100000000, 0x0000000100000000)
  eden space 384512K, 0% used [0x00000000d5580000,0x00000000d5580000,0x00000000ecd00000)
  from space 116224K, 0% used [0x00000000f8e80000,0x00000000f8e80000,0x0000000100000000)
  to   space 157184K, 0% used [0x00000000ecd00000,0x00000000ecd00000,0x00000000f6680000)
 ParOldGen       total 835072K, used 641449K [0x0000000080000000, 0x00000000b2f80000, 0x00000000d5580000)
  object space 835072K, 76% used [0x0000000080000000,0x00000000a726a670,0x00000000b2f80000)
 Metaspace       used 6593K, capacity 7320K, committed 7680K, reserved 1056768K
  class space    used 616K, capacity 656K, committed 768K, reserved 1048576K
}
Event: 84.654 GC heap before
{Heap before GC invocations=28 (full 7):
 PSYoungGen      total 500736K, used 384512K [0x00000000d5580000, 0x0000000100000000, 0x0000000100000000)
  eden space 384512K, 100% used [0x00000000d5580000,0x00000000ecd00000,0x00000000ecd00000)
  from space 116224K, 0% used [0x00000000f8e80000,0x00000000f8e80000,0x0000000100000000)
  to   space 157184K, 0% used [0x00000000ecd00000,0x00000000ecd00000,0x00000000f6680000)
 ParOldGen       total 835072K, used 641449K [0x0000000080000000, 0x00000000b2f80000, 0x00000000d5580000)
  object space 835072K, 76% used [0x0000000080000000,0x00000000a726a670,0x00000000b2f80000)
 Metaspace       used 6593K, capacity 7320K, committed 7680K, reserved 1056768K
  class space    used 616K, capacity 656K, committed 768K, reserved 1048576K
Event: 84.750 GC heap after
Heap after GC invocations=28 (full 7):
 PSYoungGen      total 501760K, used 117004K [0x00000000d5580000, 0x0000000100000000, 0x0000000100000000)
  eden space 384512K, 0% used [0x00000000d5580000,0x00000000d5580000,0x00000000ecd00000)
  from space 117248K, 99% used [0x00000000ecd00000,0x00000000f3f43110,0x00000000f3f80000)
  to   space 168448K, 0% used [0x00000000f5b80000,0x00000000f5b80000,0x0000000100000000)
 ParOldGen       total 835072K, used 641449K [0x0000000080000000, 0x00000000b2f80000, 0x00000000d5580000)
  object space 835072K, 76% used [0x0000000080000000,0x00000000a726a670,0x00000000b2f80000)
 Metaspace       used 6593K, capacity 7320K, committed 7680K, reserved 1056768K
  class space    used 616K, capacity 656K, committed 768K, reserved 1048576K
}
Event: 85.564 GC heap before
{Heap before GC invocations=29 (full 7):
 PSYoungGen      total 501760K, used 501516K [0x00000000d5580000, 0x0000000100000000, 0x0000000100000000)
  eden space 384512K, 100% used [0x00000000d5580000,0x00000000ecd00000,0x00000000ecd00000)
  from space 117248K, 99% used [0x00000000ecd00000,0x00000000f3f43110,0x00000000f3f80000)
  to   space 168448K, 0% used [0x00000000f5b80000,0x00000000f5b80000,0x0000000100000000)
 ParOldGen       total 835072K, used 641449K [0x0000000080000000, 0x00000000b2f80000, 0x00000000d5580000)
  object space 835072K, 76% used [0x0000000080000000,0x00000000a726a670,0x00000000b2f80000)
 Metaspace       used 6595K, capacity 7320K, committed 7680K, reserved 1056768K
  class space    used 616K, capacity 656K, committed 768K, reserved 1048576K
Event: 85.711 GC heap after
Heap after GC invocations=29 (full 7):
 PSYoungGen      total 539648K, used 61333K [0x00000000d5580000, 0x0000000100000000, 0x0000000100000000)
  eden space 371200K, 0% used [0x00000000d5580000,0x00000000d5580000,0x00000000ec000000)
  from space 168448K, 36% used [0x00000000f5b80000,0x00000000f97656c8,0x0000000100000000)
  to   space 159232K, 0% used [0x00000000ec000000,0x00000000ec000000,0x00000000f5b80000)
 ParOldGen       total 835072K, used 665284K [0x0000000080000000, 0x00000000b2f80000, 0x00000000d5580000)
  object space 835072K, 79% used [0x0000000080000000,0x00000000a89b1290,0x00000000b2f80000)
 Metaspace       used 6595K, capacity 7320K, committed 7680K, reserved 1056768K
  class space    used 616K, capacity 656K, committed 768K, reserved 1048576K
}
Event: 87.078 GC heap before
{Heap before GC invocations=30 (full 7):
 PSYoungGen      total 539648K, used 432533K [0x00000000d5580000, 0x0000000100000000, 0x0000000100000000)
  eden space 371200K, 100% used [0x00000000d5580000,0x00000000ec000000,0x00000000ec000000)
  from space 168448K, 36% used [0x00000000f5b80000,0x00000000f97656c8,0x0000000100000000)
  to   space 159232K, 0% used [0x00000000ec000000,0x00000000ec000000,0x00000000f5b80000)
 ParOldGen       total 835072K, used 665284K [0x0000000080000000, 0x00000000b2f80000, 0x00000000d5580000)
  object space 835072K, 79% used [0x0000000080000000,0x00000000a89b1290,0x00000000b2f80000)
 Metaspace       used 6597K, capacity 7320K, committed 7680K, reserved 1056768K
  class space    used 616K, capacity 656K, committed 768K, reserved 1048576K
Event: 87.506 GC heap after
Heap after GC invocations=30 (full 7):
 PSYoungGen      total 432128K, used 60526K [0x00000000d5580000, 0x00000000fe600000, 0x0000000100000000)
  eden space 371200K, 0% used [0x00000000d5580000,0x00000000d5580000,0x00000000ec000000)
  from space 60928K, 99% used [0x00000000ec000000,0x00000000efb1bbf0,0x00000000efb80000)
  to   space 150528K, 0% used [0x00000000f5300000,0x00000000f5300000,0x00000000fe600000)
 ParOldGen       total 835072K, used 724832K [0x0000000080000000, 0x00000000b2f80000, 0x00000000d5580000)
  object space 835072K, 86% used [0x0000000080000000,0x00000000ac3d8208,0x00000000b2f80000)
 Metaspace       used 6597K, capacity 7320K, committed 7680K, reserved 1056768K
  class space    used 616K, capacity 656K, committed 768K, reserved 1048576K
}
Event: 88.999 GC heap before
{Heap before GC invocations=31 (full 7):
 PSYoungGen      total 432128K, used 431726K [0x00000000d5580000, 0x00000000fe600000, 0x0000000100000000)
  eden space 371200K, 100% used [0x00000000d5580000,0x00000000ec000000,0x00000000ec000000)
  from space 60928K, 99% used [0x00000000ec000000,0x00000000efb1bbf0,0x00000000efb80000)
  to   space 150528K, 0% used [0x00000000f5300000,0x00000000f5300000,0x00000000fe600000)
 ParOldGen       total 835072K, used 724832K [0x0000000080000000, 0x00000000b2f80000, 0x00000000d5580000)
  object space 835072K, 86% used [0x0000000080000000,0x00000000ac3d8208,0x00000000b2f80000)
 Metaspace       used 6663K, capacity 7384K, committed 7680K, reserved 1056768K
  class space    used 620K, capacity 656K, committed 768K, reserved 1048576K
Event: 91.184 GC heap after
Heap after GC invocations=31 (full 7):
 PSYoungGen      total 528896K, used 59550K [0x00000000d5580000, 0x0000000100000000, 0x0000000100000000)
  eden space 378368K, 0% used [0x00000000d5580000,0x00000000d5580000,0x00000000ec700000)
  from space 150528K, 39% used [0x00000000f5300000,0x00000000f8d279b0,0x00000000fe600000)
  to   space 143360K, 0% used [0x00000000ec700000,0x00000000ec700000,0x00000000f5300000)
 ParOldGen       total 835072K, used 783208K [0x0000000080000000, 0x00000000b2f80000, 0x00000000d5580000)
  object space 835072K, 93% used [0x0000000080000000,0x00000000afcda180,0x00000000b2f80000)
 Metaspace       used 6663K, capacity 7384K, committed 7680K, reserved 1056768K
  class space    used 620K, capacity 656K, committed 768K, reserved 1048576K
}
Event: 91.369 GC heap before
{Heap before GC invocations=32 (full 8):
 PSYoungGen      total 528896K, used 59550K [0x00000000d5580000, 0x0000000100000000, 0x0000000100000000)
  eden space 378368K, 0% used [0x00000000d5580000,0x00000000d5580000,0x00000000ec700000)
  from space 150528K, 39% used [0x00000000f5300000,0x00000000f8d279b0,0x00000000fe600000)
  to   space 143360K, 0% used [0x00000000ec700000,0x00000000ec700000,0x00000000f5300000)
 ParOldGen       total 835072K, used 783208K [0x0000000080000000, 0x00000000b2f80000, 0x00000000d5580000)
  object space 835072K, 93% used [0x0000000080000000,0x00000000afcda180,0x00000000b2f80000)
 Metaspace       used 6663K, capacity 7384K, committed 7680K, reserved 1056768K
  class space    used 620K, capacity 656K, committed 768K, reserved 1048576K

Deoptimization events (10 events):
Event: 77.362 Thread 0x00007fa1f418f800 Uncommon trap: reason=class_check action=maybe_recompile pc=0x00007fa1e5192f8c method=com.android.dx.util.BitIntSet.merge(Lcom/android/dx/util/IntSet;)V @ 1
Event: 77.364 Thread 0x00007fa1f4193000 Uncommon trap: reason=predicate action=maybe_recompile pc=0x00007fa1e5360cb4 method=com.android.dx.ssa.back.InterferenceGraph.<init>(I)V @ 23
Event: 88.697 Thread 0x00007fa1f400a000 Uncommon trap: reason=unstable_if action=reinterpret pc=0x00007fa1e5290958 method=java.util.concurrent.ThreadPoolExecutor.execute(Ljava/lang/Runnable;)V @ 28
Event: 88.715 Thread 0x00007fa1f411e000 Uncommon trap: reason=bimorphic action=maybe_recompile pc=0x00007fa1e503d878 method=java.util.concurrent.FutureTask.run()V @ 42
Event: 88.809 Thread 0x00007fa1f411e000 Uncommon trap: reason=class_check action=maybe_recompile pc=0x00007fa1e4fc7abc method=java.util.Arrays.hashCode([Ljava/lang/Object;)I @ 43
Event: 88.810 Thread 0x00007fa1f411e000 Uncommon trap: reason=class_check action=maybe_recompile pc=0x00007fa1e4fc7abc method=java.util.Arrays.hashCode([Ljava/lang/Object;)I @ 43
Event: 88.810 Thread 0x00007fa1f411e000 Uncommon trap: reason=class_check action=maybe_recompile pc=0x00007fa1e4fc7abc method=java.util.Arrays.hashCode([Ljava/lang/Object;)I @ 43
Event: 88.810 Thread 0x00007fa1f411e000 Uncommon trap: reason=class_check action=maybe_recompile pc=0x00007fa1e4fc7abc method=java.util.Arrays.hashCode([Ljava/lang/Object;)I @ 43
Event: 88.810 Thread 0x00007fa1f411e000 Uncommon trap: reason=class_check action=maybe_recompile pc=0x00007fa1e4f1bdb4 method=java.util.Arrays.hashCode([Ljava/lang/Object;)I @ 43
Event: 88.811 Thread 0x00007fa1f411e000 Uncommon trap: reason=unstable_if action=reinterpret pc=0x00007fa1e4a36520 method=java.util.Arrays.sort([Ljava/lang/Object;IILjava/util/Comparator;)V @ 1

Internal exceptions (9 events):
Event: 0.187 Thread 0x00007fa1f400a000 Exception <a 'java/lang/NoSuchMethodError': Method sun.misc.Unsafe.defineClass(Ljava/lang/String;[BII)Ljava/lang/Class; name or signature does not match> (0x00000000d5592bf0) thrown at [/HUDSON3/workspace/8-2-build-linux-amd64/jdk8u73/6086/hotspot/src/sha
Event: 0.187 Thread 0x00007fa1f400a000 Exception <a 'java/lang/NoSuchMethodError': Method sun.misc.Unsafe.prefetchRead(Ljava/lang/Object;J)V name or signature does not match> (0x00000000d5592ed8) thrown at [/HUDSON3/workspace/8-2-build-linux-amd64/jdk8u73/6086/hotspot/src/share/vm/prims/jni.cp
Event: 1.636 Thread 0x00007fa1f4194800 Implicit null exception at 0x00007fa1e4aac989 to 0x00007fa1e4aaf169
Event: 2.373 Thread 0x00007fa1f4194800 Exception <a 'java/lang/ArrayIndexOutOfBoundsException': 18> (0x00000000d8681ab8) thrown at [/HUDSON3/workspace/8-2-build-linux-amd64/jdk8u73/6086/hotspot/src/share/vm/interpreter/interpreterRuntime.cpp, line 366]
Event: 2.374 Thread 0x00007fa1f4194800 Exception <a 'java/lang/ArrayIndexOutOfBoundsException': 145> (0x00000000d8683638) thrown at [/HUDSON3/workspace/8-2-build-linux-amd64/jdk8u73/6086/hotspot/src/share/vm/interpreter/interpreterRuntime.cpp, line 366]
Event: 2.379 Thread 0x00007fa1f4194800 Exception <a 'java/lang/ArrayIndexOutOfBoundsException': 40> (0x00000000d8684920) thrown at [/HUDSON3/workspace/8-2-build-linux-amd64/jdk8u73/6086/hotspot/src/share/vm/interpreter/interpreterRuntime.cpp, line 366]
Event: 45.413 Thread 0x00007fa1f4196800 Implicit null exception at 0x00007fa1e4e690db to 0x00007fa1e4e69e45
Event: 45.749 Thread 0x00007fa1f4194800 Implicit null exception at 0x00007fa1e54364ed to 0x00007fa1e5437161
Event: 46.009 Thread 0x00007fa1f4196800 Implicit null exception at 0x00007fa1e4b2d009 to 0x00007fa1e4b2d01c

Events (10 events):
Event: 88.810 Thread 0x00007fa1f411e000 DEOPT UNPACKING pc=0x00007fa1e47b8229 sp=0x00007fa1e13f9b30 mode 2
Event: 88.810 Thread 0x00007fa1f411e000 Uncommon trap: trap_request=0xffffffde fr.pc=0x00007fa1e4f1bdb4
Event: 88.810 Thread 0x00007fa1f411e000 DEOPT PACKING pc=0x00007fa1e4f1bdb4 sp=0x00007fa1e13f9b90
Event: 88.810 Thread 0x00007fa1f411e000 DEOPT UNPACKING pc=0x00007fa1e47b8229 sp=0x00007fa1e13f9b38 mode 2
Event: 88.811 Thread 0x00007fa1f411e000 Uncommon trap: trap_request=0xffffff65 fr.pc=0x00007fa1e4a36520
Event: 88.811 Thread 0x00007fa1f411e000 DEOPT PACKING pc=0x00007fa1e4a36520 sp=0x00007fa1e13f9ee0
Event: 88.811 Thread 0x00007fa1f411e000 DEOPT UNPACKING pc=0x00007fa1e47b8229 sp=0x00007fa1e13f9ea8 mode 2
Event: 88.811 loading class com/android/dx/rop/cst/Zeroes
Event: 88.811 loading class com/android/dx/rop/cst/Zeroes done
Event: 88.986 Executing VM operation: ParallelGCFailedAllocation


Dynamic libraries:
00400000-00401000 r-xp 00000000 08:06 1974662                            /home/adament/mkn/android/jdk1.8.0_73/bin/java
00600000-00601000 rw-p 00000000 08:06 1974662                            /home/adament/mkn/android/jdk1.8.0_73/bin/java
021f4000-02239000 rw-p 00000000 00:00 0                                  [heap]
80000000-b2f80000 rw-p 00000000 00:00 0 
bcf80000-d5580000 ---p 00000000 00:00 0 
d5580000-100000000 rw-p 00000000 00:00 0 
100000000-1000c0000 rw-p 00000000 00:00 0 
1000c0000-140000000 ---p 00000000 00:00 0 
7fa1a0000000-7fa1a002e000 rw-p 00000000 00:00 0 
7fa1a002e000-7fa1a4000000 ---p 00000000 00:00 0 
7fa1a8000000-7fa1a8021000 rw-p 00000000 00:00 0 
7fa1a8021000-7fa1ac000000 ---p 00000000 00:00 0 
7fa1ac000000-7fa1ac023000 rw-p 00000000 00:00 0 
7fa1ac023000-7fa1b0000000 ---p 00000000 00:00 0 
7fa1b0000000-7fa1b0021000 rw-p 00000000 00:00 0 
7fa1b0021000-7fa1b4000000 ---p 00000000 00:00 0 
7fa1b4000000-7fa1b402f000 rw-p 00000000 00:00 0 
7fa1b402f000-7fa1b8000000 ---p 00000000 00:00 0 
7fa1b8000000-7fa1b8ac9000 rw-p 00000000 00:00 0 
7fa1b8ac9000-7fa1bc000000 ---p 00000000 00:00 0 
7fa1bc000000-7fa1bc021000 rw-p 00000000 00:00 0 
7fa1bc021000-7fa1c0000000 ---p 00000000 00:00 0 
7fa1c0000000-7fa1c0021000 rw-p 00000000 00:00 0 
7fa1c0021000-7fa1c4000000 ---p 00000000 00:00 0 
7fa1c4000000-7fa1c5de8000 rw-p 00000000 00:00 0 
7fa1c5de8000-7fa1c8000000 ---p 00000000 00:00 0 
7fa1c8000000-7fa1c8021000 rw-p 00000000 00:00 0 
7fa1c8021000-7fa1cc000000 ---p 00000000 00:00 0 
7fa1cc000000-7fa1cc021000 rw-p 00000000 00:00 0 
7fa1cc021000-7fa1d0000000 ---p 00000000 00:00 0 
7fa1d0000000-7fa1d02a6000 rw-p 00000000 00:00 0 
7fa1d02a6000-7fa1d4000000 ---p 00000000 00:00 0 
7fa1d4000000-7fa1d4021000 rw-p 00000000 00:00 0 
7fa1d4021000-7fa1d8000000 ---p 00000000 00:00 0 
7fa1d8000000-7fa1dc000000 rw-p 00000000 00:00 0 
7fa1dc000000-7fa1dc021000 rw-p 00000000 00:00 0 
7fa1dc021000-7fa1e0000000 ---p 00000000 00:00 0 
7fa1e12fb000-7fa1e12fe000 ---p 00000000 00:00 0 
7fa1e12fe000-7fa1e13fc000 rw-p 00000000 00:00 0                          [stack:9796]
7fa1e13fc000-7fa1e13ff000 ---p 00000000 00:00 0 
7fa1e13ff000-7fa1e14fd000 rw-p 00000000 00:00 0                          [stack:9772]
7fa1e14fd000-7fa1e1500000 ---p 00000000 00:00 0 
7fa1e1500000-7fa1e15fe000 rw-p 00000000 00:00 0                          [stack:9771]
7fa1e15fe000-7fa1e1601000 ---p 00000000 00:00 0 
7fa1e1601000-7fa1e16ff000 rw-p 00000000 00:00 0                          [stack:9770]
7fa1e16ff000-7fa1e1702000 ---p 00000000 00:00 0 
7fa1e1702000-7fa1e1800000 rw-p 00000000 00:00 0                          [stack:9769]
7fa1e1800000-7fa1e1803000 ---p 00000000 00:00 0 
7fa1e1803000-7fa1e1901000 rw-p 00000000 00:00 0                          [stack:9768]
7fa1e1901000-7fa1e1a03000 r--s 00b2e000 08:06 3806456                    /home/adament/Android Projects/studio/EstiloRobe/estiloRobe/build/intermediates/transforms/jarMerging/debug/jars/1/1f/combined.jar
7fa1e1a03000-7fa1e1a04000 ---p 00000000 00:00 0 
7fa1e1a04000-7fa1e1b04000 rw-p 00000000 00:00 0                          [stack:9767]
7fa1e1b04000-7fa1e1b07000 ---p 00000000 00:00 0 
7fa1e1b07000-7fa1e1c05000 rw-p 00000000 00:00 0                          [stack:9766]
7fa1e1c05000-7fa1e1c08000 ---p 00000000 00:00 0 
7fa1e1c08000-7fa1e1d06000 rw-p 00000000 00:00 0                          [stack:9765]
7fa1e1d06000-7fa1e1d09000 ---p 00000000 00:00 0 
7fa1e1d09000-7fa1e1e07000 rw-p 00000000 00:00 0                          [stack:9764]
7fa1e1e07000-7fa1e1e0a000 ---p 00000000 00:00 0 
7fa1e1e0a000-7fa1e1f08000 rw-p 00000000 00:00 0                          [stack:9763]
7fa1e1f08000-7fa1e21d1000 r--p 00000000 08:06 138881                     /usr/lib/locale/locale-archive
7fa1e21d1000-7fa1e21d4000 ---p 00000000 00:00 0 
7fa1e21d4000-7fa1e22d2000 rw-p 00000000 00:00 0                          [stack:9762]
7fa1e22d2000-7fa1e22d5000 ---p 00000000 00:00 0 
7fa1e22d5000-7fa1e23d3000 rw-p 00000000 00:00 0                          [stack:9761]
7fa1e23d3000-7fa1e23d4000 ---p 00000000 00:00 0 
7fa1e23d4000-7fa1e2e6e000 rw-p 00000000 00:00 0                          [stack:9760]
7fa1e2e6e000-7fa1e3046000 r--s 03d23000 08:06 2102216                    /home/adament/mkn/android/jdk1.8.0_73/jre/lib/rt.jar
7fa1e3046000-7fa1e3706000 rw-p 00000000 00:00 0 
7fa1e3706000-7fa1e3846000 ---p 00000000 00:00 0 
7fa1e3846000-7fa1e3c46000 rw-p 00000000 00:00 0 
7fa1e3c46000-7fa1e3c47000 ---p 00000000 00:00 0 
7fa1e3c47000-7fa1e3edf000 rw-p 00000000 00:00 0                          [stack:9759]
7fa1e3edf000-7fa1e3ff2000 ---p 00000000 00:00 0 
7fa1e3ff2000-7fa1e418a000 rw-p 00000000 00:00 0 
7fa1e418a000-7fa1e429c000 ---p 00000000 00:00 0 
7fa1e429c000-7fa1e43f2000 rw-p 00000000 00:00 0 
7fa1e43f2000-7fa1e4429000 rw-p 00000000 00:00 0 
7fa1e4429000-7fa1e47b3000 ---p 00000000 00:00 0 
7fa1e47b3000-7fa1e5503000 rwxp 00000000 00:00 0 
7fa1e5503000-7fa1f37b3000 ---p 00000000 00:00 0 
7fa1f37b3000-7fa1f37cd000 r-xp 00000000 08:06 2493507                    /home/adament/mkn/android/jdk1.8.0_73/jre/lib/amd64/libzip.so
7fa1f37cd000-7fa1f39cd000 ---p 0001a000 08:06 2493507                    /home/adament/mkn/android/jdk1.8.0_73/jre/lib/amd64/libzip.so
7fa1f39cd000-7fa1f39ce000 rw-p 0001a000 08:06 2493507                    /home/adament/mkn/android/jdk1.8.0_73/jre/lib/amd64/libzip.so
7fa1f39ce000-7fa1f39d9000 r-xp 00000000 08:06 2363499                    /lib/x86_64-linux-gnu/libnss_files-2.19.so
7fa1f39d9000-7fa1f3bd8000 ---p 0000b000 08:06 2363499                    /lib/x86_64-linux-gnu/libnss_files-2.19.so
7fa1f3bd8000-7fa1f3bd9000 r--p 0000a000 08:06 2363499                    /lib/x86_64-linux-gnu/libnss_files-2.19.so
7fa1f3bd9000-7fa1f3bda000 rw-p 0000b000 08:06 2363499                    /lib/x86_64-linux-gnu/libnss_files-2.19.so
7fa1f3bda000-7fa1f3be5000 r-xp 00000000 08:06 2363509                    /lib/x86_64-linux-gnu/libnss_nis-2.19.so
7fa1f3be5000-7fa1f3de4000 ---p 0000b000 08:06 2363509                    /lib/x86_64-linux-gnu/libnss_nis-2.19.so
7fa1f3de4000-7fa1f3de5000 r--p 0000a000 08:06 2363509                    /lib/x86_64-linux-gnu/libnss_nis-2.19.so
7fa1f3de5000-7fa1f3de6000 rw-p 0000b000 08:06 2363509                    /lib/x86_64-linux-gnu/libnss_nis-2.19.so
7fa1f3de6000-7fa1f3dfd000 r-xp 00000000 08:06 2363493                    /lib/x86_64-linux-gnu/libnsl-2.19.so
7fa1f3dfd000-7fa1f3ffc000 ---p 00017000 08:06 2363493                    /lib/x86_64-linux-gnu/libnsl-2.19.so
7fa1f3ffc000-7fa1f3ffd000 r--p 00016000 08:06 2363493                    /lib/x86_64-linux-gnu/libnsl-2.19.so
7fa1f3ffd000-7fa1f3ffe000 rw-p 00017000 08:06 2363493                    /lib/x86_64-linux-gnu/libnsl-2.19.so
7fa1f3ffe000-7fa1f4000000 rw-p 00000000 00:00 0 
7fa1f4000000-7fa1f43b0000 rw-p 00000000 00:00 0 
7fa1f43b0000-7fa1f8000000 ---p 00000000 00:00 0 
7fa1f8018000-7fa1f808e000 rw-p 00000000 00:00 0 
7fa1f808e000-7fa1f808f000 ---p 00000000 00:00 0 
7fa1f808f000-7fa1f818f000 rw-p 00000000 00:00 0                          [stack:9758]
7fa1f818f000-7fa1f8198000 r-xp 00000000 08:06 2363495                    /lib/x86_64-linux-gnu/libnss_compat-2.19.so
7fa1f8198000-7fa1f8397000 ---p 00009000 08:06 2363495                    /lib/x86_64-linux-gnu/libnss_compat-2.19.so
7fa1f8397000-7fa1f8398000 r--p 00008000 08:06 2363495                    /lib/x86_64-linux-gnu/libnss_compat-2.19.so
7fa1f8398000-7fa1f8399000 rw-p 00009000 08:06 2363495                    /lib/x86_64-linux-gnu/libnss_compat-2.19.so
7fa1f8399000-7fa1f83c3000 r-xp 00000000 08:06 2493472                    /home/adament/mkn/android/jdk1.8.0_73/jre/lib/amd64/libjava.so
7fa1f83c3000-7fa1f85c3000 ---p 0002a000 08:06 2493472                    /home/adament/mkn/android/jdk1.8.0_73/jre/lib/amd64/libjava.so
7fa1f85c3000-7fa1f85c5000 rw-p 0002a000 08:06 2493472                    /home/adament/mkn/android/jdk1.8.0_73/jre/lib/amd64/libjava.so
7fa1f85c5000-7fa1f85d2000 r-xp 00000000 08:06 2493506                    /home/adament/mkn/android/jdk1.8.0_73/jre/lib/amd64/libverify.so
7fa1f85d2000-7fa1f87d2000 ---p 0000d000 08:06 2493506                    /home/adament/mkn/android/jdk1.8.0_73/jre/lib/amd64/libverify.so
7fa1f87d2000-7fa1f87d4000 rw-p 0000d000 08:06 2493506                    /home/adament/mkn/android/jdk1.8.0_73/jre/lib/amd64/libverify.so
7fa1f87d4000-7fa1f87db000 r-xp 00000000 08:06 2363552                    /lib/x86_64-linux-gnu/librt-2.19.so
7fa1f87db000-7fa1f89da000 ---p 00007000 08:06 2363552                    /lib/x86_64-linux-gnu/librt-2.19.so
7fa1f89da000-7fa1f89db000 r--p 00006000 08:06 2363552                    /lib/x86_64-linux-gnu/librt-2.19.so
7fa1f89db000-7fa1f89dc000 rw-p 00007000 08:06 2363552                    /lib/x86_64-linux-gnu/librt-2.19.so
7fa1f89dc000-7fa1f8ae1000 r-xp 00000000 08:06 2363474                    /lib/x86_64-linux-gnu/libm-2.19.so
7fa1f8ae1000-7fa1f8ce0000 ---p 00105000 08:06 2363474                    /lib/x86_64-linux-gnu/libm-2.19.so
7fa1f8ce0000-7fa1f8ce1000 r--p 00104000 08:06 2363474                    /lib/x86_64-linux-gnu/libm-2.19.so
7fa1f8ce1000-7fa1f8ce2000 rw-p 00105000 08:06 2363474                    /lib/x86_64-linux-gnu/libm-2.19.so
7fa1f8ce2000-7fa1f99a1000 r-xp 00000000 08:06 2624044                    /home/adament/mkn/android/jdk1.8.0_73/jre/lib/amd64/server/libjvm.so
7fa1f99a1000-7fa1f9ba0000 ---p 00cbf000 08:06 2624044                    /home/adament/mkn/android/jdk1.8.0_73/jre/lib/amd64/server/libjvm.so
7fa1f9ba0000-7fa1f9c79000 rw-p 00cbe000 08:06 2624044                    /home/adament/mkn/android/jdk1.8.0_73/jre/lib/amd64/server/libjvm.so
7fa1f9c79000-7fa1f9cc2000 rw-p 00000000 00:00 0 
7fa1f9cc2000-7fa1f9e7d000 r-xp 00000000 08:06 2363421                    /lib/x86_64-linux-gnu/libc-2.19.so
7fa1f9e7d000-7fa1fa07d000 ---p 001bb000 08:06 2363421                    /lib/x86_64-linux-gnu/libc-2.19.so
7fa1fa07d000-7fa1fa081000 r--p 001bb000 08:06 2363421                    /lib/x86_64-linux-gnu/libc-2.19.so
7fa1fa081000-7fa1fa083000 rw-p 001bf000 08:06 2363421                    /lib/x86_64-linux-gnu/libc-2.19.so
7fa1fa083000-7fa1fa088000 rw-p 00000000 00:00 0 
7fa1fa088000-7fa1fa08b000 r-xp 00000000 08:06 2363438                    /lib/x86_64-linux-gnu/libdl-2.19.so
7fa1fa08b000-7fa1fa28a000 ---p 00003000 08:06 2363438                    /lib/x86_64-linux-gnu/libdl-2.19.so
7fa1fa28a000-7fa1fa28b000 r--p 00002000 08:06 2363438                    /lib/x86_64-linux-gnu/libdl-2.19.so
7fa1fa28b000-7fa1fa28c000 rw-p 00003000 08:06 2363438                    /lib/x86_64-linux-gnu/libdl-2.19.so
7fa1fa28c000-7fa1fa2a1000 r-xp 00000000 08:06 2493603                    /home/adament/mkn/android/jdk1.8.0_73/lib/amd64/jli/libjli.so
7fa1fa2a1000-7fa1fa4a1000 ---p 00015000 08:06 2493603                    /home/adament/mkn/android/jdk1.8.0_73/lib/amd64/jli/libjli.so
7fa1fa4a1000-7fa1fa4a2000 rw-p 00015000 08:06 2493603                    /home/adament/mkn/android/jdk1.8.0_73/lib/amd64/jli/libjli.so
7fa1fa4a2000-7fa1fa4bb000 r-xp 00000000 08:06 2363544                    /lib/x86_64-linux-gnu/libpthread-2.19.so
7fa1fa4bb000-7fa1fa6ba000 ---p 00019000 08:06 2363544                    /lib/x86_64-linux-gnu/libpthread-2.19.so
7fa1fa6ba000-7fa1fa6bb000 r--p 00018000 08:06 2363544                    /lib/x86_64-linux-gnu/libpthread-2.19.so
7fa1fa6bb000-7fa1fa6bc000 rw-p 00019000 08:06 2363544                    /lib/x86_64-linux-gnu/libpthread-2.19.so
7fa1fa6bc000-7fa1fa6c0000 rw-p 00000000 00:00 0 
7fa1fa6c0000-7fa1fa6e3000 r-xp 00000000 08:06 2363395                    /lib/x86_64-linux-gnu/ld-2.19.so
7fa1fa6ec000-7fa1fa7b8000 rw-p 00000000 00:00 0 
7fa1fa7b8000-7fa1fa7bb000 ---p 00000000 00:00 0 
7fa1fa7bb000-7fa1fa8bd000 rw-p 00000000 00:00 0                          [stack:9757]
7fa1fa8c6000-7fa1fa8c7000 rw-p 00000000 00:00 0 
7fa1fa8c7000-7fa1fa8d6000 r--s 000df000 08:06 2493619                    /home/adament/mkn/android/sdk/build-tools/23.0.2/lib/dx.jar
7fa1fa8d6000-7fa1fa8de000 rw-s 00000000 08:06 7472799                    /tmp/hsperfdata_adament/9752
7fa1fa8de000-7fa1fa8df000 rw-p 00000000 00:00 0 
7fa1fa8df000-7fa1fa8e0000 ---p 00000000 00:00 0 
7fa1fa8e0000-7fa1fa8e2000 rw-p 00000000 00:00 0 
7fa1fa8e2000-7fa1fa8e3000 r--p 00022000 08:06 2363395                    /lib/x86_64-linux-gnu/ld-2.19.so
7fa1fa8e3000-7fa1fa8e4000 rw-p 00023000 08:06 2363395                    /lib/x86_64-linux-gnu/ld-2.19.so
7fa1fa8e4000-7fa1fa8e5000 rw-p 00000000 00:00 0 
7fff5c2bf000-7fff5c2e0000 rw-p 00000000 00:00 0                          [stack]
7fff5c3fe000-7fff5c400000 r-xp 00000000 00:00 0                          [vdso]
ffffffffff600000-ffffffffff601000 r-xp 00000000 00:00 0                  [vsyscall]

VM Arguments:
jvm_args: -Djava.awt.headless=true -Xmx2048M -Dfile.encoding=UTF-8 -Duser.country=IN -Duser.language=en -Duser.variant 
java_command: com.android.dx.command.Main --dex --num-threads=4 --multi-dex --main-dex-list /home/adament/Android Projects/studio/EstiloRobe/estiloRobe/build/intermediates/multi-dex/debug/maindexlist.txt --output /home/adament/Android Projects/studio/EstiloRobe/estiloRobe/build/intermediates/transforms/dex/debug/folders/1000/1f/main /home/adament/Android Projects/studio/EstiloRobe/estiloRobe/build/intermediates/transforms/jarMerging/debug/jars/1/1f/combined.jar
java_class_path (initial): /home/adament/mkn/android/sdk/build-tools/23.0.2/lib/dx.jar
Launcher Type: SUN_STANDARD

Environment Variables:
JAVA_HOME=/home/adament/mkn/android/jdk1.8.0_73
PATH=/usr/local/sbin:/usr/local/bin:/usr/sbin:/usr/bin:/sbin:/bin:/usr/games:/usr/local/games:/home/adament/mkn/android/sdk/platform-tools
USERNAME=adament
LD_LIBRARY_PATH=/home/adament/mkn/android/android-studio/bin:
SHELL=/bin/bash
DISPLAY=:0

Signal Handlers:
SIGSEGV: [libjvm.so+0xabafa0], sa_mask[0]=11111111011111111101111111111110, sa_flags=SA_RESTART|SA_SIGINFO
SIGBUS: [libjvm.so+0xabafa0], sa_mask[0]=11111111011111111101111111111110, sa_flags=SA_RESTART|SA_SIGINFO
SIGFPE: [libjvm.so+0x9183c0], sa_mask[0]=11111111011111111101111111111110, sa_flags=SA_RESTART|SA_SIGINFO
SIGPIPE: [libjvm.so+0x9183c0], sa_mask[0]=11111111011111111101111111111110, sa_flags=SA_RESTART|SA_SIGINFO
SIGXFSZ: [libjvm.so+0x9183c0], sa_mask[0]=11111111011111111101111111111110, sa_flags=SA_RESTART|SA_SIGINFO
SIGILL: [libjvm.so+0x9183c0], sa_mask[0]=11111111011111111101111111111110, sa_flags=SA_RESTART|SA_SIGINFO
SIGUSR1: SIG_DFL, sa_mask[0]=00000000000000000000000000000000, sa_flags=none
SIGUSR2: [libjvm.so+0x9199f0], sa_mask[0]=00100000000000000000000000000000, sa_flags=SA_RESTART|SA_SIGINFO
SIGHUP: [libjvm.so+0x91adf0], sa_mask[0]=11111111011111111101111111111110, sa_flags=SA_RESTART|SA_SIGINFO
SIGINT: [libjvm.so+0x91adf0], sa_mask[0]=11111111011111111101111111111110, sa_flags=SA_RESTART|SA_SIGINFO
SIGTERM: [libjvm.so+0x91adf0], sa_mask[0]=11111111011111111101111111111110, sa_flags=SA_RESTART|SA_SIGINFO
SIGQUIT: [libjvm.so+0x91adf0], sa_mask[0]=11111111011111111101111111111110, sa_flags=SA_RESTART|SA_SIGINFO


---------------  S Y S T E M  ---------------

OS:DISTRIB_ID=LinuxMint
DISTRIB_RELEASE=17.1
DISTRIB_CODENAME=rebecca
DISTRIB_DESCRIPTION="Linux Mint 17.1 Rebecca"

uname:Linux 3.13.0-37-generic #64-Ubuntu SMP Mon Sep 22 21:28:38 UTC 2014 x86_64
libc:glibc 2.19 NPTL 2.19 
rlimit: STACK 8192k, CORE 0k, NPROC 30684, NOFILE 4096, AS infinity
load average:26.72 11.08 4.94

/proc/meminfo:
MemTotal:        3958712 kB
MemFree:          113992 kB
Buffers:             240 kB
Cached:           151352 kB
SwapCached:        16780 kB
Active:          2628084 kB
Inactive:         982256 kB
Active(anon):    2623436 kB
Inactive(anon):   974868 kB
Active(file):       4648 kB
Inactive(file):     7388 kB
Unevictable:          32 kB
Mlocked:              32 kB
SwapTotal:       1998844 kB
SwapFree:             20 kB
Dirty:                16 kB
Writeback:             0 kB
AnonPages:       3443720 kB
Mapped:            47408 kB
Shmem:            139312 kB
Slab:              64616 kB
SReclaimable:      30196 kB
SUnreclaim:        34420 kB
KernelStack:        5392 kB
PageTables:        55564 kB
NFS_Unstable:          0 kB
Bounce:                0 kB
WritebackTmp:          0 kB
CommitLimit:     3978200 kB
Committed_AS:    9976968 kB
VmallocTotal:   34359738367 kB
VmallocUsed:      543680 kB
VmallocChunk:   34359188364 kB
HardwareCorrupted:     0 kB
AnonHugePages:    669696 kB
HugePages_Total:       0
HugePages_Free:        0
HugePages_Rsvd:        0
HugePages_Surp:        0
Hugepagesize:       2048 kB
DirectMap4k:       82984 kB
DirectMap2M:     4022272 kB


CPU:total 2 (2 cores per cpu, 1 threads per core) family 6 model 42 stepping 7, cmov, cx8, fxsr, mmx, sse, sse2, sse3, ssse3, sse4.1, sse4.2, popcnt, clmul, tsc, tscinvbit

/proc/cpuinfo:
processor	: 0
vendor_id	: GenuineIntel
cpu family	: 6
model		: 42
model name	: Intel(R) Pentium(R) CPU G620 @ 2.60GHz
stepping	: 7
microcode	: 0xd
cpu MHz		: 2594.307
cache size	: 3072 KB
physical id	: 0
siblings	: 2
core id		: 0
cpu cores	: 2
apicid		: 0
initial apicid	: 0
fpu		: yes
fpu_exception	: yes
cpuid level	: 13
wp		: yes
flags		: fpu vme de pse tsc msr pae mce cx8 apic sep mtrr pge mca cmov pat pse36 clflush dts acpi mmx fxsr sse sse2 ss ht tm pbe syscall nx rdtscp lm constant_tsc arch_perfmon pebs bts rep_good nopl xtopology nonstop_tsc aperfmperf eagerfpu pni pclmulqdq dtes64 monitor ds_cpl vmx est tm2 ssse3 cx16 xtpr pdcm pcid sse4_1 sse4_2 popcnt tsc_deadline_timer xsave lahf_lm arat epb xsaveopt pln pts dtherm tpr_shadow vnmi flexpriority ept vpid
bogomips	: 5188.61
clflush size	: 64
cache_alignment	: 64
address sizes	: 36 bits physical, 48 bits virtual
power management:

processor	: 1
vendor_id	: GenuineIntel
cpu family	: 6
model		: 42
model name	: Intel(R) Pentium(R) CPU G620 @ 2.60GHz
stepping	: 7
microcode	: 0xd
cpu MHz		: 2594.307
cache size	: 3072 KB
physical id	: 0
siblings	: 2
core id		: 1
cpu cores	: 2
apicid		: 2
initial apicid	: 2
fpu		: yes
fpu_exception	: yes
cpuid level	: 13
wp		: yes
flags		: fpu vme de pse tsc msr pae mce cx8 apic sep mtrr pge mca cmov pat pse36 clflush dts acpi mmx fxsr sse sse2 ss ht tm pbe syscall nx rdtscp lm constant_tsc arch_perfmon pebs bts rep_good nopl xtopology nonstop_tsc aperfmperf eagerfpu pni pclmulqdq dtes64 monitor ds_cpl vmx est tm2 ssse3 cx16 xtpr pdcm pcid sse4_1 sse4_2 popcnt tsc_deadline_timer xsave lahf_lm arat epb xsaveopt pln pts dtherm tpr_shadow vnmi flexpriority ept vpid
bogomips	: 5188.61
clflush size	: 64
cache_alignment	: 64
address sizes	: 36 bits physical, 48 bits virtual
power management:



Memory: 4k page, physical 3958712k(109684k free), swap 1998844k(24k free)

vm_info: Java HotSpot(TM) 64-Bit Server VM (25.73-b02) for linux-amd64 JRE (1.8.0_73-b02), built on Jan 29 2016 17:39:45 by "java_re" with gcc 4.3.0 20080428 (Red Hat 4.3.0-8)

time: Sat Apr 30 13:52:44 2016
elapsed time: 207 seconds (0d 0h 3m 27s)

