#
# There is insufficient memory for the Java Runtime Environment to continue.
# Native memory allocation (mmap) failed to map 268959744 bytes for committing reserved memory.
# Possible reasons:
#   The system is out of physical RAM or swap space
#   In 32 bit mode, the process size limit was hit
# Possible solutions:
#   Reduce memory load on the system
#   Increase physical memory or swap space
#   Check if swap backing store is full
#   Use 64 bit Java on a 64 bit OS
#   Decrease Java heap size (-Xmx/-Xms)
#   Decrease number of Java threads
#   Decrease Java thread stack sizes (-Xss)
#   Set larger code cache with -XX:ReservedCodeCacheSize=
# This output file may be truncated or incomplete.
#
#  Out of Memory Error (os_linux.cpp:2627), pid=16731, tid=139900740916992
#
# JRE version: Java(TM) SE Runtime Environment (8.0_73-b02) (build 1.8.0_73-b02)
# Java VM: Java HotSpot(TM) 64-Bit Server VM (25.73-b02 mixed mode linux-amd64 compressed oops)
# Failed to write core dump. Core dumps have been disabled. To enable core dumping, try "ulimit -c unlimited" before starting Java again
#

---------------  T H R E A D  ---------------

Current thread (0x00007f3d40074000):  VMThread [stack: 0x00007f3d2de75000,0x00007f3d2df76000] [id=16739]

Stack: [0x00007f3d2de75000,0x00007f3d2df76000],  sp=0x00007f3d2df742e0,  free space=1020k
Native frames: (J=compiled Java code, j=interpreted, Vv=VM code, C=native code)
V  [libjvm.so+0xaba71a]  VMError::report_and_die()+0x2ba
V  [libjvm.so+0x4f9ecb]  report_vm_out_of_memory(char const*, int, unsigned long, VMErrorType, char const*)+0x8b
V  [libjvm.so+0x91b553]  os::Linux::commit_memory_impl(char*, unsigned long, bool)+0x103
V  [libjvm.so+0x91baa9]  os::pd_commit_memory(char*, unsigned long, unsigned long, bool)+0x29
V  [libjvm.so+0x915dba]  os::commit_memory(char*, unsigned long, unsigned long, bool)+0x2a
V  [libjvm.so+0x989463]  PSVirtualSpace::expand_by(unsigned long)+0x53
V  [libjvm.so+0x979d50]  PSOldGen::expand(unsigned long)+0x170
V  [libjvm.so+0x979f5b]  PSOldGen::resize(unsigned long)+0x1cb
V  [libjvm.so+0x981c31]  PSParallelCompact::invoke_no_policy(bool)+0x991
V  [libjvm.so+0x98758d]  PSScavenge::invoke()+0x1ad
V  [libjvm.so+0x93f1b0]  ParallelScavengeHeap::failed_mem_allocate(unsigned long)+0x70
V  [libjvm.so+0xabc137]  VM_ParallelGCFailedAllocation::doit()+0x97
V  [libjvm.so+0xac3b65]  VM_Operation::evaluate()+0x55
V  [libjvm.so+0xac1f3a]  VMThread::evaluate_operation(VM_Operation*)+0xba
V  [libjvm.so+0xac22be]  VMThread::loop()+0x1ce
V  [libjvm.so+0xac2730]  VMThread::run()+0x70
V  [libjvm.so+0x91d918]  java_start(Thread*)+0x108

VM_Operation (0x00007f3d46347350): ParallelGCFailedAllocation, mode: safepoint, requested by thread 0x00007f3d4000a000


---------------  P R O C E S S  ---------------

Java Threads: ( => current thread )
  0x00007f3d4014b800 JavaThread "pool-1-thread-1" [_thread_blocked, id=16773, stack(0x00007f3d2cd99000,0x00007f3d2ce9a000)]
  0x00007f3d4017f800 JavaThread "pool-2-thread-4" [_thread_blocked, id=16752, stack(0x00007f3d2ce9a000,0x00007f3d2cf9b000)]
  0x00007f3d4017d800 JavaThread "pool-2-thread-3" [_thread_blocked, id=16751, stack(0x00007f3d2cf9b000,0x00007f3d2d09c000)]
  0x00007f3d4017c000 JavaThread "pool-2-thread-2" [_thread_blocked, id=16750, stack(0x00007f3d2d09c000,0x00007f3d2d19d000)]
  0x00007f3d4017b000 JavaThread "pool-3-thread-1" [_thread_blocked, id=16749, stack(0x00007f3d2d19d000,0x00007f3d2d29e000)]
  0x00007f3d40178800 JavaThread "pool-2-thread-1" [_thread_blocked, id=16748, stack(0x00007f3d2d29e000,0x00007f3d2d39f000)]
  0x00007f3d400ba000 JavaThread "Service Thread" daemon [_thread_blocked, id=16745, stack(0x00007f3d2d5a6000,0x00007f3d2d6a7000)]
  0x00007f3d400b7000 JavaThread "C1 CompilerThread1" daemon [_thread_blocked, id=16744, stack(0x00007f3d2d6a7000,0x00007f3d2d7a8000)]
  0x00007f3d400b4000 JavaThread "C2 CompilerThread0" daemon [_thread_blocked, id=16743, stack(0x00007f3d2d7a8000,0x00007f3d2d8a9000)]
  0x00007f3d400b2800 JavaThread "Signal Dispatcher" daemon [_thread_blocked, id=16742, stack(0x00007f3d2d8a9000,0x00007f3d2d9aa000)]
  0x00007f3d4007b000 JavaThread "Finalizer" daemon [_thread_blocked, id=16741, stack(0x00007f3d2dc73000,0x00007f3d2dd74000)]
  0x00007f3d40079000 JavaThread "Reference Handler" daemon [_thread_blocked, id=16740, stack(0x00007f3d2dd74000,0x00007f3d2de75000)]
  0x00007f3d4000a000 JavaThread "main" [_thread_blocked, id=16736, stack(0x00007f3d46249000,0x00007f3d4634a000)]

Other Threads:
=>0x00007f3d40074000 VMThread [stack: 0x00007f3d2de75000,0x00007f3d2df76000] [id=16739]
  0x00007f3d400bd000 WatcherThread [stack: 0x00007f3d2d4a5000,0x00007f3d2d5a6000] [id=16746]

VM state:at safepoint (normal execution)

VM Mutex/Monitor currently owned by a thread:  ([mutex/lock_event])
[0x00007f3d40006070] ExpandHeap_lock - owner thread: 0x00007f3d40074000
[0x00007f3d400066f0] Threads_lock - owner thread: 0x00007f3d40074000
[0x00007f3d40006bf0] Heap_lock - owner thread: 0x00007f3d4000a000

Heap:
 PSYoungGen      total 465920K, used 11931K [0x00000000d5580000, 0x0000000100000000, 0x0000000100000000)
  eden space 232960K, 0% used [0x00000000d5580000,0x00000000d5580000,0x00000000e3900000)
  from space 232960K, 5% used [0x00000000e3900000,0x00000000e44a6c90,0x00000000f1c80000)
  to   space 232960K, 0% used [0x00000000f1c80000,0x00000000f1c80000,0x0000000100000000)
 ParOldGen       total 872960K, used 872892K [0x0000000080000000, 0x00000000b5480000, 0x00000000d5580000)
  object space 872960K, 99% used [0x0000000080000000,0x00000000b546f010,0x00000000b5480000)
 Metaspace       used 6702K, capacity 7384K, committed 7680K, reserved 1056768K
  class space    used 622K, capacity 656K, committed 768K, reserved 1048576K

Card table byte_map: [0x00007f3d2fbbc000,0x00007f3d2ffbd000] byte_map_base: 0x00007f3d2f7bc000

Marking Bits: (ParMarkBitMap*) 0x00007f3d45728100
 Begin Bits: [0x00007f3d24000000, 0x00007f3d26000000)
 End Bits:   [0x00007f3d26000000, 0x00007f3d28000000)

Polling page: 0x00007f3d46370000

CodeCache: size=245760Kb used=12829Kb max_used=13144Kb free=232930Kb
 bounds [0x00007f3d3037d000, 0x00007f3d3109d000, 0x00007f3d3f37d000]
 total_blobs=2817 nmethods=2549 adapters=182
 compilation: enabled

Compilation events (10 events):
Event: 78.137 Thread 0x00007f3d400b7000 3109       3       com.android.dx.dex.file.AnnotationSetItem::addContents (48 bytes)
Event: 78.137 Thread 0x00007f3d400b7000 nmethod 3109 0x00007f3d309fe6d0 code [0x00007f3d309fe860, 0x00007f3d309fee28]
Event: 78.138 Thread 0x00007f3d400b7000 3110       2       com.android.dx.dex.file.EncodedArrayItem::addContents (9 bytes)
Event: 78.138 Thread 0x00007f3d400b7000 nmethod 3110 0x00007f3d309ead90 code [0x00007f3d309eaf00, 0x00007f3d309eb088]
Event: 78.140 Thread 0x00007f3d400b7000 3111       2       com.android.dx.dex.file.DebugInfoItem::addContents (1 bytes)
Event: 78.140 Thread 0x00007f3d400b7000 nmethod 3111 0x00007f3d30718b10 code [0x00007f3d30718c60, 0x00007f3d30718db0]
Event: 78.142 Thread 0x00007f3d400b7000 3112       1       com.android.dx.dex.file.DebugInfoItem::addContents (1 bytes)
Event: 78.142 Thread 0x00007f3d400b7000 nmethod 3112 0x00007f3d30719210 code [0x00007f3d30719360, 0x00007f3d30719470]
Event: 78.144 Thread 0x00007f3d400b7000 3113       3       com.android.dx.dex.file.ValueEncoder::addContents (75 bytes)
Event: 78.144 Thread 0x00007f3d400b7000 nmethod 3113 0x00007f3d3057e890 code [0x00007f3d3057ea80, 0x00007f3d3057f678]

GC Heap History (10 events):
Event: 74.206 GC heap after
Heap after GC invocations=32 (full 7):
 PSYoungGen      total 462336K, used 119916K [0x00000000d5580000, 0x0000000100000000, 0x0000000100000000)
  eden space 258560K, 0% used [0x00000000d5580000,0x00000000d5580000,0x00000000e5200000)
  from space 203776K, 58% used [0x00000000e5200000,0x00000000ec71b2d0,0x00000000f1900000)
  to   space 205824K, 0% used [0x00000000f3700000,0x00000000f3700000,0x0000000100000000)
 ParOldGen       total 872960K, used 643303K [0x0000000080000000, 0x00000000b5480000, 0x00000000d5580000)
  object space 872960K, 73% used [0x0000000080000000,0x00000000a7439dd8,0x00000000b5480000)
 Metaspace       used 6589K, capacity 7320K, committed 7680K, reserved 1056768K
  class space    used 616K, capacity 656K, committed 768K, reserved 1048576K
}
Event: 75.019 GC heap before
{Heap before GC invocations=33 (full 7):
 PSYoungGen      total 462336K, used 378476K [0x00000000d5580000, 0x0000000100000000, 0x0000000100000000)
  eden space 258560K, 100% used [0x00000000d5580000,0x00000000e5200000,0x00000000e5200000)
  from space 203776K, 58% used [0x00000000e5200000,0x00000000ec71b2d0,0x00000000f1900000)
  to   space 205824K, 0% used [0x00000000f3700000,0x00000000f3700000,0x0000000100000000)
 ParOldGen       total 872960K, used 643303K [0x0000000080000000, 0x00000000b5480000, 0x00000000d5580000)
  object space 872960K, 73% used [0x0000000080000000,0x00000000a7439dd8,0x00000000b5480000)
 Metaspace       used 6647K, capacity 7320K, committed 7680K, reserved 1056768K
  class space    used 620K, capacity 656K, committed 768K, reserved 1048576K
Event: 75.234 GC heap after
Heap after GC invocations=33 (full 7):
 PSYoungGen      total 462336K, used 159039K [0x00000000d5580000, 0x0000000100000000, 0x0000000100000000)
  eden space 256512K, 0% used [0x00000000d5580000,0x00000000d5580000,0x00000000e5000000)
  from space 205824K, 77% used [0x00000000f3700000,0x00000000fd24fce8,0x0000000100000000)
  to   space 221184K, 0% used [0x00000000e5000000,0x00000000e5000000,0x00000000f2800000)
 ParOldGen       total 872960K, used 643311K [0x0000000080000000, 0x00000000b5480000, 0x00000000d5580000)
  object space 872960K, 73% used [0x0000000080000000,0x00000000a743bdd8,0x00000000b5480000)
 Metaspace       used 6647K, capacity 7320K, committed 7680K, reserved 1056768K
  class space    used 620K, capacity 656K, committed 768K, reserved 1048576K
}
Event: 76.087 GC heap before
{Heap before GC invocations=34 (full 7):
 PSYoungGen      total 462336K, used 415551K [0x00000000d5580000, 0x0000000100000000, 0x0000000100000000)
  eden space 256512K, 100% used [0x00000000d5580000,0x00000000e5000000,0x00000000e5000000)
  from space 205824K, 77% used [0x00000000f3700000,0x00000000fd24fce8,0x0000000100000000)
  to   space 221184K, 0% used [0x00000000e5000000,0x00000000e5000000,0x00000000f2800000)
 ParOldGen       total 872960K, used 643311K [0x0000000080000000, 0x00000000b5480000, 0x00000000d5580000)
  object space 872960K, 73% used [0x0000000080000000,0x00000000a743bdd8,0x00000000b5480000)
 Metaspace       used 6697K, capacity 7384K, committed 7680K, reserved 1056768K
  class space    used 622K, capacity 656K, committed 768K, reserved 1048576K
Event: 76.371 GC heap after
Heap after GC invocations=34 (full 7):
 PSYoungGen      total 454144K, used 197196K [0x00000000d5580000, 0x0000000100000000, 0x0000000100000000)
  eden space 256512K, 0% used [0x00000000d5580000,0x00000000d5580000,0x00000000e5000000)
  from space 197632K, 99% used [0x00000000e5000000,0x00000000f1093340,0x00000000f1100000)
  to   space 232960K, 0% used [0x00000000f1c80000,0x00000000f1c80000,0x0000000100000000)
 ParOldGen       total 872960K, used 643311K [0x0000000080000000, 0x00000000b5480000, 0x00000000d5580000)
  object space 872960K, 73% used [0x0000000080000000,0x00000000a743bdd8,0x00000000b5480000)
 Metaspace       used 6697K, capacity 7384K, committed 7680K, reserved 1056768K
  class space    used 622K, capacity 656K, committed 768K, reserved 1048576K
}
Event: 77.118 GC heap before
{Heap before GC invocations=35 (full 7):
 PSYoungGen      total 454144K, used 453708K [0x00000000d5580000, 0x0000000100000000, 0x0000000100000000)
  eden space 256512K, 100% used [0x00000000d5580000,0x00000000e5000000,0x00000000e5000000)
  from space 197632K, 99% used [0x00000000e5000000,0x00000000f1093340,0x00000000f1100000)
  to   space 232960K, 0% used [0x00000000f1c80000,0x00000000f1c80000,0x0000000100000000)
 ParOldGen       total 872960K, used 643311K [0x0000000080000000, 0x00000000b5480000, 0x00000000d5580000)
  object space 872960K, 73% used [0x0000000080000000,0x00000000a743bdd8,0x00000000b5480000)
 Metaspace       used 6697K, capacity 7384K, committed 7680K, reserved 1056768K
  class space    used 622K, capacity 656K, committed 768K, reserved 1048576K
Event: 77.456 GC heap after
Heap after GC invocations=35 (full 7):
 PSYoungGen      total 465920K, used 157183K [0x00000000d5580000, 0x0000000100000000, 0x0000000100000000)
  eden space 232960K, 0% used [0x00000000d5580000,0x00000000d5580000,0x00000000e3900000)
  from space 232960K, 67% used [0x00000000f1c80000,0x00000000fb5ffc88,0x0000000100000000)
  to   space 232960K, 0% used [0x00000000e3900000,0x00000000e3900000,0x00000000f1c80000)
 ParOldGen       total 872960K, used 723925K [0x0000000080000000, 0x00000000b5480000, 0x00000000d5580000)
  object space 872960K, 82% used [0x0000000080000000,0x00000000ac2f5628,0x00000000b5480000)
 Metaspace       used 6697K, capacity 7384K, committed 7680K, reserved 1056768K
  class space    used 622K, capacity 656K, committed 768K, reserved 1048576K
}
Event: 78.196 GC heap before
{Heap before GC invocations=36 (full 7):
 PSYoungGen      total 465920K, used 390143K [0x00000000d5580000, 0x0000000100000000, 0x0000000100000000)
  eden space 232960K, 100% used [0x00000000d5580000,0x00000000e3900000,0x00000000e3900000)
  from space 232960K, 67% used [0x00000000f1c80000,0x00000000fb5ffc88,0x0000000100000000)
  to   space 232960K, 0% used [0x00000000e3900000,0x00000000e3900000,0x00000000f1c80000)
 ParOldGen       total 872960K, used 723925K [0x0000000080000000, 0x00000000b5480000, 0x00000000d5580000)
  object space 872960K, 82% used [0x0000000080000000,0x00000000ac2f5628,0x00000000b5480000)
 Metaspace       used 6702K, capacity 7384K, committed 7680K, reserved 1056768K
  class space    used 622K, capacity 656K, committed 768K, reserved 1048576K
Event: 78.533 GC heap after
Heap after GC invocations=36 (full 7):
 PSYoungGen      total 465920K, used 115585K [0x00000000d5580000, 0x0000000100000000, 0x0000000100000000)
  eden space 232960K, 0% used [0x00000000d5580000,0x00000000d5580000,0x00000000e3900000)
  from space 232960K, 49% used [0x00000000e3900000,0x00000000ea9e04a8,0x00000000f1c80000)
  to   space 232960K, 0% used [0x00000000f1c80000,0x00000000f1c80000,0x0000000100000000)
 ParOldGen       total 872960K, used 799532K [0x0000000080000000, 0x00000000b5480000, 0x00000000d5580000)
  object space 872960K, 91% used [0x0000000080000000,0x00000000b0ccb008,0x00000000b5480000)
 Metaspace       used 6702K, capacity 7384K, committed 7680K, reserved 1056768K
  class space    used 622K, capacity 656K, committed 768K, reserved 1048576K
}
Event: 78.533 GC heap before
{Heap before GC invocations=37 (full 8):
 PSYoungGen      total 465920K, used 115585K [0x00000000d5580000, 0x0000000100000000, 0x0000000100000000)
  eden space 232960K, 0% used [0x00000000d5580000,0x00000000d5580000,0x00000000e3900000)
  from space 232960K, 49% used [0x00000000e3900000,0x00000000ea9e04a8,0x00000000f1c80000)
  to   space 232960K, 0% used [0x00000000f1c80000,0x00000000f1c80000,0x0000000100000000)
 ParOldGen       total 872960K, used 799532K [0x0000000080000000, 0x00000000b5480000, 0x00000000d5580000)
  object space 872960K, 91% used [0x0000000080000000,0x00000000b0ccb008,0x00000000b5480000)
 Metaspace       used 6702K, capacity 7384K, committed 7680K, reserved 1056768K
  class space    used 622K, capacity 656K, committed 768K, reserved 1048576K

Deoptimization events (10 events):
Event: 73.868 Thread 0x00007f3d4017d800 Uncommon trap: reason=unstable_if action=reinterpret pc=0x00007f3d305b7e4c method=com.android.dx.cf.code.Merger.mergeType(Lcom/android/dx/rop/type/TypeBearer;Lcom/android/dx/rop/type/TypeBearer;)Lcom/android/dx/rop/type/TypeBearer; @ 77
Event: 74.854 Thread 0x00007f3d4014b800 Uncommon trap: reason=class_check action=maybe_recompile pc=0x00007f3d30d26e74 method=java.util.Arrays.hashCode([Ljava/lang/Object;)I @ 43
Event: 74.854 Thread 0x00007f3d4014b800 Uncommon trap: reason=class_check action=maybe_recompile pc=0x00007f3d30d26e74 method=java.util.Arrays.hashCode([Ljava/lang/Object;)I @ 43
Event: 74.854 Thread 0x00007f3d4014b800 Uncommon trap: reason=class_check action=maybe_recompile pc=0x00007f3d30d26e74 method=java.util.Arrays.hashCode([Ljava/lang/Object;)I @ 43
Event: 74.854 Thread 0x00007f3d4014b800 Uncommon trap: reason=class_check action=maybe_recompile pc=0x00007f3d30d26e74 method=java.util.Arrays.hashCode([Ljava/lang/Object;)I @ 43
Event: 75.936 Thread 0x00007f3d40178800 Uncommon trap: reason=unstable_if action=reinterpret pc=0x00007f3d3103f36c method=com.android.dx.ssa.back.FirstFitLocalCombiningAllocator.findNextUnreservedRopReg(IILcom/android/dx/ssa/back/FirstFitLocalCombiningAllocator$Alignment;)I @ 32
Event: 76.376 Thread 0x00007f3d40178800 Uncommon trap: reason=unstable_if action=reinterpret pc=0x00007f3d31054e78 method=com.android.dx.dex.code.OutputFinisher.hasLocalInfo(Lcom/android/dx/dex/code/DalvInsn;)Z @ 35
Event: 76.481 Thread 0x00007f3d4017f800 Uncommon trap: reason=unstable_if action=reinterpret pc=0x00007f3d30784b2c method=com.android.dx.ssa.back.FirstFitLocalCombiningAllocator.findNextUnreservedRopReg(IILcom/android/dx/ssa/back/FirstFitLocalCombiningAllocator$Alignment;)I @ 32
Event: 77.952 Thread 0x00007f3d4017f800 Uncommon trap: reason=unstable_if action=reinterpret pc=0x00007f3d31038de0 method=java.util.ArrayList.<init>(I)V @ 5
Event: 78.144 Thread 0x00007f3d4014b800 Uncommon trap: reason=unstable_if action=reinterpret pc=0x00007f3d30a44c48 method=com.android.dx.dex.file.ValueEncoder.addContents(Lcom/android/dx/dex/file/DexFile;Lcom/android/dx/rop/cst/Constant;)V @ 4

Internal exceptions (8 events):
Event: 0.116 Thread 0x00007f3d4000a000 Exception <a 'java/lang/NoSuchMethodError': Method sun.misc.Unsafe.defineClass(Ljava/lang/String;[BII)Ljava/lang/Class; name or signature does not match> (0x00000000d5592b88) thrown at [/HUDSON3/workspace/8-2-build-linux-amd64/jdk8u73/6086/hotspot/src/sha
Event: 0.116 Thread 0x00007f3d4000a000 Exception <a 'java/lang/NoSuchMethodError': Method sun.misc.Unsafe.prefetchRead(Ljava/lang/Object;J)V name or signature does not match> (0x00000000d5592e70) thrown at [/HUDSON3/workspace/8-2-build-linux-amd64/jdk8u73/6086/hotspot/src/share/vm/prims/jni.cp
Event: 1.490 Thread 0x00007f3d4017d800 Implicit null exception at 0x00007f3d3063c2e9 to 0x00007f3d3063e9f9
Event: 1.944 Thread 0x00007f3d4017d800 Exception <a 'java/lang/ArrayIndexOutOfBoundsException': 18> (0x00000000d74572e8) thrown at [/HUDSON3/workspace/8-2-build-linux-amd64/jdk8u73/6086/hotspot/src/share/vm/interpreter/interpreterRuntime.cpp, line 366]
Event: 1.945 Thread 0x00007f3d4017d800 Exception <a 'java/lang/ArrayIndexOutOfBoundsException': 145> (0x00000000d7458e68) thrown at [/HUDSON3/workspace/8-2-build-linux-amd64/jdk8u73/6086/hotspot/src/share/vm/interpreter/interpreterRuntime.cpp, line 366]
Event: 1.945 Thread 0x00007f3d4017d800 Exception <a 'java/lang/ArrayIndexOutOfBoundsException'> (0x00000000d745a150) thrown at [/HUDSON3/workspace/8-2-build-linux-amd64/jdk8u73/6086/hotspot/src/share/vm/runtime/sharedRuntime.cpp, line 605]
Event: 51.648 Thread 0x00007f3d4000a000 Implicit null exception at 0x00007f3d30fb418c to 0x00007f3d30fb41bd
Event: 76.376 Thread 0x00007f3d40178800 Implicit null exception at 0x00007f3d31054045 to 0x00007f3d31054e5d

Events (10 events):
Event: 78.144 Thread 0x00007f3d4014b800 DEOPT UNPACKING pc=0x00007f3d30382229 sp=0x00007f3d2ce980d0 mode 2
Event: 78.156 Thread 0x00007f3d40178800 DEOPT PACKING pc=0x00007f3d30637c6d sp=0x00007f3d2d39cef0
Event: 78.156 Thread 0x00007f3d40178800 DEOPT UNPACKING pc=0x00007f3d303c4233 sp=0x00007f3d2d39cc78 mode 0
Event: 78.162 Thread 0x00007f3d4017d800 DEOPT PACKING pc=0x00007f3d30637c6d sp=0x00007f3d2d099c70
Event: 78.162 Thread 0x00007f3d4017d800 DEOPT UNPACKING pc=0x00007f3d303c4233 sp=0x00007f3d2d0999f8 mode 0
Event: 78.163 Thread 0x00007f3d4017d800 DEOPT PACKING pc=0x00007f3d306994b7 sp=0x00007f3d2d099d50
Event: 78.163 Thread 0x00007f3d4017d800 DEOPT UNPACKING pc=0x00007f3d303c4233 sp=0x00007f3d2d099ae0 mode 0
Event: 78.186 Thread 0x00007f3d4017c000 DEOPT PACKING pc=0x00007f3d30637c6d sp=0x00007f3d2d19abf0
Event: 78.186 Thread 0x00007f3d4017c000 DEOPT UNPACKING pc=0x00007f3d303c4233 sp=0x00007f3d2d19a978 mode 0
Event: 78.188 Executing VM operation: ParallelGCFailedAllocation


Dynamic libraries:
00400000-00401000 r-xp 00000000 08:06 1974662                            /home/adament/mkn/android/jdk1.8.0_73/bin/java
00600000-00601000 rw-p 00000000 08:06 1974662                            /home/adament/mkn/android/jdk1.8.0_73/bin/java
00876000-00b34000 rw-p 00000000 00:00 0                                  [heap]
80000000-b5480000 rw-p 00000000 00:00 0 
c5500000-d5580000 ---p 00000000 00:00 0 
d5580000-100000000 rw-p 00000000 00:00 0 
100000000-1000c0000 rw-p 00000000 00:00 0 
1000c0000-140000000 ---p 00000000 00:00 0 
7f3cec000000-7f3cec239000 rw-p 00000000 00:00 0 
7f3cec239000-7f3cf0000000 ---p 00000000 00:00 0 
7f3cf0000000-7f3cf01f2000 rw-p 00000000 00:00 0 
7f3cf01f2000-7f3cf4000000 ---p 00000000 00:00 0 
7f3cf4000000-7f3cf4021000 rw-p 00000000 00:00 0 
7f3cf4021000-7f3cf8000000 ---p 00000000 00:00 0 
7f3cfc000000-7f3cfc021000 rw-p 00000000 00:00 0 
7f3cfc021000-7f3d00000000 ---p 00000000 00:00 0 
7f3d00000000-7f3d000be000 rw-p 00000000 00:00 0 
7f3d000be000-7f3d04000000 ---p 00000000 00:00 0 
7f3d04000000-7f3d049e9000 rw-p 00000000 00:00 0 
7f3d049e9000-7f3d08000000 ---p 00000000 00:00 0 
7f3d08000000-7f3d08021000 rw-p 00000000 00:00 0 
7f3d08021000-7f3d0c000000 ---p 00000000 00:00 0 
7f3d0c000000-7f3d0c021000 rw-p 00000000 00:00 0 
7f3d0c021000-7f3d10000000 ---p 00000000 00:00 0 
7f3d10000000-7f3d12193000 rw-p 00000000 00:00 0 
7f3d12193000-7f3d14000000 ---p 00000000 00:00 0 
7f3d14000000-7f3d14021000 rw-p 00000000 00:00 0 
7f3d14021000-7f3d18000000 ---p 00000000 00:00 0 
7f3d18000000-7f3d18021000 rw-p 00000000 00:00 0 
7f3d18021000-7f3d1c000000 ---p 00000000 00:00 0 
7f3d1c000000-7f3d1c28e000 rw-p 00000000 00:00 0 
7f3d1c28e000-7f3d20000000 ---p 00000000 00:00 0 
7f3d20000000-7f3d20021000 rw-p 00000000 00:00 0 
7f3d20021000-7f3d24000000 ---p 00000000 00:00 0 
7f3d24000000-7f3d28000000 rw-p 00000000 00:00 0 
7f3d28000000-7f3d28021000 rw-p 00000000 00:00 0 
7f3d28021000-7f3d2c000000 ---p 00000000 00:00 0 
7f3d2cd99000-7f3d2cd9c000 ---p 00000000 00:00 0 
7f3d2cd9c000-7f3d2ce9a000 rw-p 00000000 00:00 0                          [stack:16773]
7f3d2ce9a000-7f3d2ce9d000 ---p 00000000 00:00 0 
7f3d2ce9d000-7f3d2cf9b000 rw-p 00000000 00:00 0                          [stack:16752]
7f3d2cf9b000-7f3d2cf9e000 ---p 00000000 00:00 0 
7f3d2cf9e000-7f3d2d09c000 rw-p 00000000 00:00 0                          [stack:16751]
7f3d2d09c000-7f3d2d09f000 ---p 00000000 00:00 0 
7f3d2d09f000-7f3d2d19d000 rw-p 00000000 00:00 0                          [stack:16750]
7f3d2d19d000-7f3d2d1a0000 ---p 00000000 00:00 0 
7f3d2d1a0000-7f3d2d29e000 rw-p 00000000 00:00 0                          [stack:16749]
7f3d2d29e000-7f3d2d2a1000 ---p 00000000 00:00 0 
7f3d2d2a1000-7f3d2d39f000 rw-p 00000000 00:00 0                          [stack:16748]
7f3d2d39f000-7f3d2d4a5000 r--s 00b52000 08:06 7603198                    /home/adament/Music/EstiloRobe/estiloRobe/build/intermediates/transforms/jarMerging/debug/jars/1/1f/combined.jar
7f3d2d4a5000-7f3d2d4a6000 ---p 00000000 00:00 0 
7f3d2d4a6000-7f3d2d5a6000 rw-p 00000000 00:00 0                          [stack:16746]
7f3d2d5a6000-7f3d2d5a9000 ---p 00000000 00:00 0 
7f3d2d5a9000-7f3d2d6a7000 rw-p 00000000 00:00 0                          [stack:16745]
7f3d2d6a7000-7f3d2d6aa000 ---p 00000000 00:00 0 
7f3d2d6aa000-7f3d2d7a8000 rw-p 00000000 00:00 0                          [stack:16744]
7f3d2d7a8000-7f3d2d7ab000 ---p 00000000 00:00 0 
7f3d2d7ab000-7f3d2d8a9000 rw-p 00000000 00:00 0                          [stack:16743]
7f3d2d8a9000-7f3d2d8ac000 ---p 00000000 00:00 0 
7f3d2d8ac000-7f3d2d9aa000 rw-p 00000000 00:00 0                          [stack:16742]
7f3d2d9aa000-7f3d2dc73000 r--p 00000000 08:06 138881                     /usr/lib/locale/locale-archive
7f3d2dc73000-7f3d2dc76000 ---p 00000000 00:00 0 
7f3d2dc76000-7f3d2dd74000 rw-p 00000000 00:00 0                          [stack:16741]
7f3d2dd74000-7f3d2dd77000 ---p 00000000 00:00 0 
7f3d2dd77000-7f3d2de75000 rw-p 00000000 00:00 0                          [stack:16740]
7f3d2de75000-7f3d2de76000 ---p 00000000 00:00 0 
7f3d2de76000-7f3d2e8c1000 rw-p 00000000 00:00 0                          [stack:16739]
7f3d2e8c1000-7f3d2ea99000 r--s 03d23000 08:06 2102216                    /home/adament/mkn/android/jdk1.8.0_73/jre/lib/rt.jar
7f3d2ea99000-7f3d2f1cf000 rw-p 00000000 00:00 0 
7f3d2f1cf000-7f3d2f30f000 ---p 00000000 00:00 0 
7f3d2f30f000-7f3d2f70f000 rw-p 00000000 00:00 0 
7f3d2f70f000-7f3d2f710000 ---p 00000000 00:00 0 
7f3d2f710000-7f3d2f810000 rw-p 00000000 00:00 0                          [stack:16738]
7f3d2f810000-7f3d2f811000 ---p 00000000 00:00 0 
7f3d2f811000-7f3d2fabc000 rw-p 00000000 00:00 0                          [stack:16737]
7f3d2fabc000-7f3d2fbbc000 ---p 00000000 00:00 0 
7f3d2fbbc000-7f3d2fd67000 rw-p 00000000 00:00 0 
7f3d2fd67000-7f3d2fe66000 ---p 00000000 00:00 0 
7f3d2fe66000-7f3d2ffbc000 rw-p 00000000 00:00 0 
7f3d2ffbc000-7f3d2fff2000 rw-p 00000000 00:00 0 
7f3d2fff2000-7f3d3037d000 ---p 00000000 00:00 0 
7f3d3037d000-7f3d3109d000 rwxp 00000000 00:00 0 
7f3d3109d000-7f3d3f37d000 ---p 00000000 00:00 0 
7f3d3f37d000-7f3d3f397000 r-xp 00000000 08:06 2493507                    /home/adament/mkn/android/jdk1.8.0_73/jre/lib/amd64/libzip.so
7f3d3f397000-7f3d3f597000 ---p 0001a000 08:06 2493507                    /home/adament/mkn/android/jdk1.8.0_73/jre/lib/amd64/libzip.so
7f3d3f597000-7f3d3f598000 rw-p 0001a000 08:06 2493507                    /home/adament/mkn/android/jdk1.8.0_73/jre/lib/amd64/libzip.so
7f3d3f598000-7f3d3f5a3000 r-xp 00000000 08:06 2363499                    /lib/x86_64-linux-gnu/libnss_files-2.19.so
7f3d3f5a3000-7f3d3f7a2000 ---p 0000b000 08:06 2363499                    /lib/x86_64-linux-gnu/libnss_files-2.19.so
7f3d3f7a2000-7f3d3f7a3000 r--p 0000a000 08:06 2363499                    /lib/x86_64-linux-gnu/libnss_files-2.19.so
7f3d3f7a3000-7f3d3f7a4000 rw-p 0000b000 08:06 2363499                    /lib/x86_64-linux-gnu/libnss_files-2.19.so
7f3d3f7a4000-7f3d3f7af000 r-xp 00000000 08:06 2363509                    /lib/x86_64-linux-gnu/libnss_nis-2.19.so
7f3d3f7af000-7f3d3f9ae000 ---p 0000b000 08:06 2363509                    /lib/x86_64-linux-gnu/libnss_nis-2.19.so
7f3d3f9ae000-7f3d3f9af000 r--p 0000a000 08:06 2363509                    /lib/x86_64-linux-gnu/libnss_nis-2.19.so
7f3d3f9af000-7f3d3f9b0000 rw-p 0000b000 08:06 2363509                    /lib/x86_64-linux-gnu/libnss_nis-2.19.so
7f3d3f9b0000-7f3d3f9c7000 r-xp 00000000 08:06 2363493                    /lib/x86_64-linux-gnu/libnsl-2.19.so
7f3d3f9c7000-7f3d3fbc6000 ---p 00017000 08:06 2363493                    /lib/x86_64-linux-gnu/libnsl-2.19.so
7f3d3fbc6000-7f3d3fbc7000 r--p 00016000 08:06 2363493                    /lib/x86_64-linux-gnu/libnsl-2.19.so
7f3d3fbc7000-7f3d3fbc8000 rw-p 00017000 08:06 2363493                    /lib/x86_64-linux-gnu/libnsl-2.19.so
7f3d3fbc8000-7f3d3fbca000 rw-p 00000000 00:00 0 
7f3d3fbca000-7f3d3fbd3000 r-xp 00000000 08:06 2363495                    /lib/x86_64-linux-gnu/libnss_compat-2.19.so
7f3d3fbd3000-7f3d3fdd2000 ---p 00009000 08:06 2363495                    /lib/x86_64-linux-gnu/libnss_compat-2.19.so
7f3d3fdd2000-7f3d3fdd3000 r--p 00008000 08:06 2363495                    /lib/x86_64-linux-gnu/libnss_compat-2.19.so
7f3d3fdd3000-7f3d3fdd4000 rw-p 00009000 08:06 2363495                    /lib/x86_64-linux-gnu/libnss_compat-2.19.so
7f3d3fdd4000-7f3d3fdfe000 r-xp 00000000 08:06 2493472                    /home/adament/mkn/android/jdk1.8.0_73/jre/lib/amd64/libjava.so
7f3d3fdfe000-7f3d3fffe000 ---p 0002a000 08:06 2493472                    /home/adament/mkn/android/jdk1.8.0_73/jre/lib/amd64/libjava.so
7f3d3fffe000-7f3d40000000 rw-p 0002a000 08:06 2493472                    /home/adament/mkn/android/jdk1.8.0_73/jre/lib/amd64/libjava.so
7f3d40000000-7f3d403cc000 rw-p 00000000 00:00 0 
7f3d403cc000-7f3d44000000 ---p 00000000 00:00 0 
7f3d44007000-7f3d44056000 rw-p 00000000 00:00 0 
7f3d44056000-7f3d44063000 r-xp 00000000 08:06 2493506                    /home/adament/mkn/android/jdk1.8.0_73/jre/lib/amd64/libverify.so
7f3d44063000-7f3d44263000 ---p 0000d000 08:06 2493506                    /home/adament/mkn/android/jdk1.8.0_73/jre/lib/amd64/libverify.so
7f3d44263000-7f3d44265000 rw-p 0000d000 08:06 2493506                    /home/adament/mkn/android/jdk1.8.0_73/jre/lib/amd64/libverify.so
7f3d44265000-7f3d4426c000 r-xp 00000000 08:06 2363552                    /lib/x86_64-linux-gnu/librt-2.19.so
7f3d4426c000-7f3d4446b000 ---p 00007000 08:06 2363552                    /lib/x86_64-linux-gnu/librt-2.19.so
7f3d4446b000-7f3d4446c000 r--p 00006000 08:06 2363552                    /lib/x86_64-linux-gnu/librt-2.19.so
7f3d4446c000-7f3d4446d000 rw-p 00007000 08:06 2363552                    /lib/x86_64-linux-gnu/librt-2.19.so
7f3d4446d000-7f3d44572000 r-xp 00000000 08:06 2363474                    /lib/x86_64-linux-gnu/libm-2.19.so
7f3d44572000-7f3d44771000 ---p 00105000 08:06 2363474                    /lib/x86_64-linux-gnu/libm-2.19.so
7f3d44771000-7f3d44772000 r--p 00104000 08:06 2363474                    /lib/x86_64-linux-gnu/libm-2.19.so
7f3d44772000-7f3d44773000 rw-p 00105000 08:06 2363474                    /lib/x86_64-linux-gnu/libm-2.19.so
7f3d44773000-7f3d45432000 r-xp 00000000 08:06 2624044                    /home/adament/mkn/android/jdk1.8.0_73/jre/lib/amd64/server/libjvm.so
7f3d45432000-7f3d45631000 ---p 00cbf000 08:06 2624044                    /home/adament/mkn/android/jdk1.8.0_73/jre/lib/amd64/server/libjvm.so
7f3d45631000-7f3d4570a000 rw-p 00cbe000 08:06 2624044                    /home/adament/mkn/android/jdk1.8.0_73/jre/lib/amd64/server/libjvm.so
7f3d4570a000-7f3d45753000 rw-p 00000000 00:00 0 
7f3d45753000-7f3d4590e000 r-xp 00000000 08:06 2363421                    /lib/x86_64-linux-gnu/libc-2.19.so
7f3d4590e000-7f3d45b0e000 ---p 001bb000 08:06 2363421                    /lib/x86_64-linux-gnu/libc-2.19.so
7f3d45b0e000-7f3d45b12000 r--p 001bb000 08:06 2363421                    /lib/x86_64-linux-gnu/libc-2.19.so
7f3d45b12000-7f3d45b14000 rw-p 001bf000 08:06 2363421                    /lib/x86_64-linux-gnu/libc-2.19.so
7f3d45b14000-7f3d45b19000 rw-p 00000000 00:00 0 
7f3d45b19000-7f3d45b1c000 r-xp 00000000 08:06 2363438                    /lib/x86_64-linux-gnu/libdl-2.19.so
7f3d45b1c000-7f3d45d1b000 ---p 00003000 08:06 2363438                    /lib/x86_64-linux-gnu/libdl-2.19.so
7f3d45d1b000-7f3d45d1c000 r--p 00002000 08:06 2363438                    /lib/x86_64-linux-gnu/libdl-2.19.so
7f3d45d1c000-7f3d45d1d000 rw-p 00003000 08:06 2363438                    /lib/x86_64-linux-gnu/libdl-2.19.so
7f3d45d1d000-7f3d45d32000 r-xp 00000000 08:06 2493603                    /home/adament/mkn/android/jdk1.8.0_73/lib/amd64/jli/libjli.so
7f3d45d32000-7f3d45f32000 ---p 00015000 08:06 2493603                    /home/adament/mkn/android/jdk1.8.0_73/lib/amd64/jli/libjli.so
7f3d45f32000-7f3d45f33000 rw-p 00015000 08:06 2493603                    /home/adament/mkn/android/jdk1.8.0_73/lib/amd64/jli/libjli.so
7f3d45f33000-7f3d45f4c000 r-xp 00000000 08:06 2363544                    /lib/x86_64-linux-gnu/libpthread-2.19.so
7f3d45f4c000-7f3d4614b000 ---p 00019000 08:06 2363544                    /lib/x86_64-linux-gnu/libpthread-2.19.so
7f3d4614b000-7f3d4614c000 r--p 00018000 08:06 2363544                    /lib/x86_64-linux-gnu/libpthread-2.19.so
7f3d4614c000-7f3d4614d000 rw-p 00019000 08:06 2363544                    /lib/x86_64-linux-gnu/libpthread-2.19.so
7f3d4614d000-7f3d46151000 rw-p 00000000 00:00 0 
7f3d46151000-7f3d46174000 r-xp 00000000 08:06 2363395                    /lib/x86_64-linux-gnu/ld-2.19.so
7f3d4617d000-7f3d46249000 rw-p 00000000 00:00 0 
7f3d46249000-7f3d4624c000 ---p 00000000 00:00 0 
7f3d4624c000-7f3d4634e000 rw-p 00000000 00:00 0                          [stack:16736]
7f3d46357000-7f3d46358000 rw-p 00000000 00:00 0 
7f3d46358000-7f3d46367000 r--s 000df000 08:06 2493619                    /home/adament/mkn/android/sdk/build-tools/23.0.2/lib/dx.jar
7f3d46367000-7f3d4636f000 rw-s 00000000 08:06 7471666                    /tmp/hsperfdata_adament/16731
7f3d4636f000-7f3d46370000 rw-p 00000000 00:00 0 
7f3d46370000-7f3d46371000 ---p 00000000 00:00 0 
7f3d46371000-7f3d46373000 rw-p 00000000 00:00 0 
7f3d46373000-7f3d46374000 r--p 00022000 08:06 2363395                    /lib/x86_64-linux-gnu/ld-2.19.so
7f3d46374000-7f3d46375000 rw-p 00023000 08:06 2363395                    /lib/x86_64-linux-gnu/ld-2.19.so
7f3d46375000-7f3d46376000 rw-p 00000000 00:00 0 
7fffe120c000-7fffe122d000 rw-p 00000000 00:00 0                          [stack]
7fffe13d1000-7fffe13d3000 r-xp 00000000 00:00 0                          [vdso]
ffffffffff600000-ffffffffff601000 r-xp 00000000 00:00 0                  [vsyscall]

VM Arguments:
jvm_args: -Djava.awt.headless=true -Xmx2048M -Dfile.encoding=UTF-8 -Duser.country=IN -Duser.language=en -Duser.variant 
java_command: com.android.dx.command.Main --dex --num-threads=4 --multi-dex --main-dex-list /home/adament/Music/EstiloRobe/estiloRobe/build/intermediates/multi-dex/debug/maindexlist.txt --output /home/adament/Music/EstiloRobe/estiloRobe/build/intermediates/transforms/dex/debug/folders/1000/1f/main /home/adament/Music/EstiloRobe/estiloRobe/build/intermediates/transforms/jarMerging/debug/jars/1/1f/combined.jar
java_class_path (initial): /home/adament/mkn/android/sdk/build-tools/23.0.2/lib/dx.jar
Launcher Type: SUN_STANDARD

Environment Variables:
JAVA_HOME=/home/adament/mkn/android/jdk1.8.0_73
PATH=/usr/local/sbin:/usr/local/bin:/usr/sbin:/usr/bin:/sbin:/bin:/usr/games:/usr/local/games:/home/adament/mkn/android/sdk/platform-tools
USERNAME=adament
LD_LIBRARY_PATH=/home/adament/mkn/android/android-studio/bin:
SHELL=/bin/bash
DISPLAY=:0

Signal Handlers:
SIGSEGV: [libjvm.so+0xabafa0], sa_mask[0]=11111111011111111101111111111110, sa_flags=SA_RESTART|SA_SIGINFO
SIGBUS: [libjvm.so+0xabafa0], sa_mask[0]=11111111011111111101111111111110, sa_flags=SA_RESTART|SA_SIGINFO
SIGFPE: [libjvm.so+0x9183c0], sa_mask[0]=11111111011111111101111111111110, sa_flags=SA_RESTART|SA_SIGINFO
SIGPIPE: [libjvm.so+0x9183c0], sa_mask[0]=11111111011111111101111111111110, sa_flags=SA_RESTART|SA_SIGINFO
SIGXFSZ: [libjvm.so+0x9183c0], sa_mask[0]=11111111011111111101111111111110, sa_flags=SA_RESTART|SA_SIGINFO
SIGILL: [libjvm.so+0x9183c0], sa_mask[0]=11111111011111111101111111111110, sa_flags=SA_RESTART|SA_SIGINFO
SIGUSR1: SIG_DFL, sa_mask[0]=00000000000000000000000000000000, sa_flags=none
SIGUSR2: [libjvm.so+0x9199f0], sa_mask[0]=00100000000000000000000000000000, sa_flags=SA_RESTART|SA_SIGINFO
SIGHUP: [libjvm.so+0x91adf0], sa_mask[0]=11111111011111111101111111111110, sa_flags=SA_RESTART|SA_SIGINFO
SIGINT: [libjvm.so+0x91adf0], sa_mask[0]=11111111011111111101111111111110, sa_flags=SA_RESTART|SA_SIGINFO
SIGTERM: [libjvm.so+0x91adf0], sa_mask[0]=11111111011111111101111111111110, sa_flags=SA_RESTART|SA_SIGINFO
SIGQUIT: [libjvm.so+0x91adf0], sa_mask[0]=11111111011111111101111111111110, sa_flags=SA_RESTART|SA_SIGINFO


---------------  S Y S T E M  ---------------

OS:DISTRIB_ID=LinuxMint
DISTRIB_RELEASE=17.1
DISTRIB_CODENAME=rebecca
DISTRIB_DESCRIPTION="Linux Mint 17.1 Rebecca"

uname:Linux 3.13.0-37-generic #64-Ubuntu SMP Mon Sep 22 21:28:38 UTC 2014 x86_64
libc:glibc 2.19 NPTL 2.19 
rlimit: STACK 8192k, CORE 0k, NPROC 30684, NOFILE 4096, AS infinity
load average:4.34 2.06 1.56

/proc/meminfo:
MemTotal:        3958712 kB
MemFree:          144360 kB
Buffers:            1508 kB
Cached:           160172 kB
SwapCached:        52044 kB
Active:          2577664 kB
Inactive:         988764 kB
Active(anon):    2558096 kB
Inactive(anon):   964760 kB
Active(file):      19568 kB
Inactive(file):    24004 kB
Unevictable:          32 kB
Mlocked:              32 kB
SwapTotal:       1998844 kB
SwapFree:            524 kB
Dirty:               108 kB
Writeback:             0 kB
AnonPages:       3353756 kB
Mapped:            46132 kB
Shmem:            118012 kB
Slab:              66168 kB
SReclaimable:      33756 kB
SUnreclaim:        32412 kB
KernelStack:        4568 kB
PageTables:        47356 kB
NFS_Unstable:          0 kB
Bounce:                0 kB
WritebackTmp:          0 kB
CommitLimit:     3978200 kB
Committed_AS:    8265784 kB
VmallocTotal:   34359738367 kB
VmallocUsed:      543712 kB
VmallocChunk:   34359188252 kB
HardwareCorrupted:     0 kB
AnonHugePages:    774144 kB
HugePages_Total:       0
HugePages_Free:        0
HugePages_Rsvd:        0
HugePages_Surp:        0
Hugepagesize:       2048 kB
DirectMap4k:       70696 kB
DirectMap2M:     4034560 kB


CPU:total 2 (2 cores per cpu, 1 threads per core) family 6 model 42 stepping 7, cmov, cx8, fxsr, mmx, sse, sse2, sse3, ssse3, sse4.1, sse4.2, popcnt, clmul, tsc, tscinvbit

/proc/cpuinfo:
processor	: 0
vendor_id	: GenuineIntel
cpu family	: 6
model		: 42
model name	: Intel(R) Pentium(R) CPU G620 @ 2.60GHz
stepping	: 7
microcode	: 0xd
cpu MHz		: 2593.956
cache size	: 3072 KB
physical id	: 0
siblings	: 2
core id		: 0
cpu cores	: 2
apicid		: 0
initial apicid	: 0
fpu		: yes
fpu_exception	: yes
cpuid level	: 13
wp		: yes
flags		: fpu vme de pse tsc msr pae mce cx8 apic sep mtrr pge mca cmov pat pse36 clflush dts acpi mmx fxsr sse sse2 ss ht tm pbe syscall nx rdtscp lm constant_tsc arch_perfmon pebs bts rep_good nopl xtopology nonstop_tsc aperfmperf eagerfpu pni pclmulqdq dtes64 monitor ds_cpl vmx est tm2 ssse3 cx16 xtpr pdcm pcid sse4_1 sse4_2 popcnt tsc_deadline_timer xsave lahf_lm arat epb xsaveopt pln pts dtherm tpr_shadow vnmi flexpriority ept vpid
bogomips	: 5187.91
clflush size	: 64
cache_alignment	: 64
address sizes	: 36 bits physical, 48 bits virtual
power management:

processor	: 1
vendor_id	: GenuineIntel
cpu family	: 6
model		: 42
model name	: Intel(R) Pentium(R) CPU G620 @ 2.60GHz
stepping	: 7
microcode	: 0xd
cpu MHz		: 2593.956
cache size	: 3072 KB
physical id	: 0
siblings	: 2
core id		: 1
cpu cores	: 2
apicid		: 2
initial apicid	: 2
fpu		: yes
fpu_exception	: yes
cpuid level	: 13
wp		: yes
flags		: fpu vme de pse tsc msr pae mce cx8 apic sep mtrr pge mca cmov pat pse36 clflush dts acpi mmx fxsr sse sse2 ss ht tm pbe syscall nx rdtscp lm constant_tsc arch_perfmon pebs bts rep_good nopl xtopology nonstop_tsc aperfmperf eagerfpu pni pclmulqdq dtes64 monitor ds_cpl vmx est tm2 ssse3 cx16 xtpr pdcm pcid sse4_1 sse4_2 popcnt tsc_deadline_timer xsave lahf_lm arat epb xsaveopt pln pts dtherm tpr_shadow vnmi flexpriority ept vpid
bogomips	: 5187.91
clflush size	: 64
cache_alignment	: 64
address sizes	: 36 bits physical, 48 bits virtual
power management:



Memory: 4k page, physical 3958712k(144360k free), swap 1998844k(524k free)

vm_info: Java HotSpot(TM) 64-Bit Server VM (25.73-b02) for linux-amd64 JRE (1.8.0_73-b02), built on Jan 29 2016 17:39:45 by "java_re" with gcc 4.3.0 20080428 (Red Hat 4.3.0-8)

time: Thu Apr  7 17:05:48 2016
elapsed time: 86 seconds (0d 0h 1m 26s)

