#
# There is insufficient memory for the Java Runtime Environment to continue.
# Native memory allocation (mmap) failed to map 232783872 bytes for committing reserved memory.
# Possible reasons:
#   The system is out of physical RAM or swap space
#   In 32 bit mode, the process size limit was hit
# Possible solutions:
#   Reduce memory load on the system
#   Increase physical memory or swap space
#   Check if swap backing store is full
#   Use 64 bit Java on a 64 bit OS
#   Decrease Java heap size (-Xmx/-Xms)
#   Decrease number of Java threads
#   Decrease Java thread stack sizes (-Xss)
#   Set larger code cache with -XX:ReservedCodeCacheSize=
# This output file may be truncated or incomplete.
#
#  Out of Memory Error (os_linux.cpp:2627), pid=9044, tid=139651907147520
#
# JRE version: Java(TM) SE Runtime Environment (8.0_73-b02) (build 1.8.0_73-b02)
# Java VM: Java HotSpot(TM) 64-Bit Server VM (25.73-b02 mixed mode linux-amd64 compressed oops)
# Failed to write core dump. Core dumps have been disabled. To enable core dumping, try "ulimit -c unlimited" before starting Java again
#

---------------  T H R E A D  ---------------

Current thread (0x00007f0354074000):  VMThread [stack: 0x00007f033e415000,0x00007f033e516000] [id=9052]

Stack: [0x00007f033e415000,0x00007f033e516000],  sp=0x00007f033e5140a0,  free space=1020k
Native frames: (J=compiled Java code, j=interpreted, Vv=VM code, C=native code)
V  [libjvm.so+0xaba71a]  VMError::report_and_die()+0x2ba
V  [libjvm.so+0x4f9ecb]  report_vm_out_of_memory(char const*, int, unsigned long, VMErrorType, char const*)+0x8b
V  [libjvm.so+0x91b553]  os::Linux::commit_memory_impl(char*, unsigned long, bool)+0x103
V  [libjvm.so+0x91baa9]  os::pd_commit_memory(char*, unsigned long, unsigned long, bool)+0x29
V  [libjvm.so+0x915dba]  os::commit_memory(char*, unsigned long, unsigned long, bool)+0x2a
V  [libjvm.so+0x989463]  PSVirtualSpace::expand_by(unsigned long)+0x53
V  [libjvm.so+0x979d50]  PSOldGen::expand(unsigned long)+0x170
V  [libjvm.so+0x979f5b]  PSOldGen::resize(unsigned long)+0x1cb
V  [libjvm.so+0x981c31]  PSParallelCompact::invoke_no_policy(bool)+0x991
V  [libjvm.so+0x98758d]  PSScavenge::invoke()+0x1ad
V  [libjvm.so+0xabc2dd]  VM_ParallelGCSystemGC::doit()+0x10d
V  [libjvm.so+0xac3b65]  VM_Operation::evaluate()+0x55
V  [libjvm.so+0xac1f3a]  VMThread::evaluate_operation(VM_Operation*)+0xba
V  [libjvm.so+0xac22be]  VMThread::loop()+0x1ce
V  [libjvm.so+0xac2730]  VMThread::run()+0x70
V  [libjvm.so+0x91d918]  java_start(Thread*)+0x108

VM_Operation (0x00007f035a8e4140): ParallelGCSystemGC, mode: safepoint, requested by thread 0x00007f035400a000


---------------  P R O C E S S  ---------------

Java Threads: ( => current thread )
  0x00007f03541f9800 JavaThread "pool-1-thread-1" [_thread_blocked, id=9077, stack(0x00007f033d339000,0x00007f033d43a000)]
  0x00007f03541c5800 JavaThread "pool-2-thread-4" [_thread_blocked, id=9064, stack(0x00007f033d43a000,0x00007f033d53b000)]
  0x00007f03541c4000 JavaThread "pool-2-thread-3" [_thread_blocked, id=9063, stack(0x00007f033d53b000,0x00007f033d63c000)]
  0x00007f03541c2000 JavaThread "pool-2-thread-2" [_thread_blocked, id=9062, stack(0x00007f033d63c000,0x00007f033d73d000)]
  0x00007f03541c1000 JavaThread "pool-3-thread-1" [_thread_blocked, id=9061, stack(0x00007f033d73d000,0x00007f033d83e000)]
  0x00007f03541be800 JavaThread "pool-2-thread-1" [_thread_blocked, id=9060, stack(0x00007f033d83e000,0x00007f033d93f000)]
  0x00007f03540d1800 JavaThread "Service Thread" daemon [_thread_blocked, id=9058, stack(0x00007f033db46000,0x00007f033dc47000)]
  0x00007f03540b5000 JavaThread "C1 CompilerThread1" daemon [_thread_blocked, id=9057, stack(0x00007f033dc47000,0x00007f033dd48000)]
  0x00007f03540b2000 JavaThread "C2 CompilerThread0" daemon [_thread_blocked, id=9056, stack(0x00007f033dd48000,0x00007f033de49000)]
  0x00007f03540b0800 JavaThread "Signal Dispatcher" daemon [_thread_blocked, id=9055, stack(0x00007f033de49000,0x00007f033df4a000)]
  0x00007f035407b000 JavaThread "Finalizer" daemon [_thread_blocked, id=9054, stack(0x00007f033e213000,0x00007f033e314000)]
  0x00007f0354079000 JavaThread "Reference Handler" daemon [_thread_blocked, id=9053, stack(0x00007f033e314000,0x00007f033e415000)]
  0x00007f035400a000 JavaThread "main" [_thread_blocked, id=9049, stack(0x00007f035a7e5000,0x00007f035a8e6000)]

Other Threads:
=>0x00007f0354074000 VMThread [stack: 0x00007f033e415000,0x00007f033e516000] [id=9052]
  0x00007f03540d5000 WatcherThread [stack: 0x00007f033da45000,0x00007f033db46000] [id=9059]

VM state:at safepoint (normal execution)

VM Mutex/Monitor currently owned by a thread:  ([mutex/lock_event])
[0x00007f0354006050] ExpandHeap_lock - owner thread: 0x00007f0354074000
[0x00007f03540066d0] Threads_lock - owner thread: 0x00007f0354074000
[0x00007f0354006bd0] Heap_lock - owner thread: 0x00007f035400a000

Heap:
 PSYoungGen      total 465920K, used 0K [0x00000000d5580000, 0x0000000100000000, 0x0000000100000000)
  eden space 232960K, 0% used [0x00000000d5580000,0x00000000d5580000,0x00000000e3900000)
  from space 232960K, 0% used [0x00000000f1c80000,0x00000000f1c80000,0x0000000100000000)
  to   space 232960K, 0% used [0x00000000e3900000,0x00000000e3900000,0x00000000f1c80000)
 ParOldGen       total 916480K, used 886154K [0x0000000080000000, 0x00000000b7f00000, 0x00000000d5580000)
  object space 916480K, 96% used [0x0000000080000000,0x00000000b61628b0,0x00000000b7f00000)
 Metaspace       used 6910K, capacity 7608K, committed 7936K, reserved 1056768K
  class space    used 635K, capacity 688K, committed 768K, reserved 1048576K

Card table byte_map: [0x00007f0343ff2000,0x00007f03443f3000] byte_map_base: 0x00007f0343bf2000

Marking Bits: (ParMarkBitMap*) 0x00007f0359cc4100
 Begin Bits: [0x00007f033fc46000, 0x00007f0341c46000)
 End Bits:   [0x00007f0341c46000, 0x00007f0343c46000)

Polling page: 0x00007f035a90c000

CodeCache: size=245760Kb used=12455Kb max_used=13671Kb free=233304Kb
 bounds [0x00007f03447b3000, 0x00007f0345523000, 0x00007f03537b3000]
 total_blobs=2933 nmethods=2665 adapters=182
 compilation: enabled

Compilation events (10 events):
Event: 55.129 Thread 0x00007f03540b5000 nmethod 3278 0x00007f0344a9b1d0 code [0x00007f0344a9b3a0, 0x00007f0344a9bbb8]
Event: 55.129 Thread 0x00007f03540b5000 3279       3       com.android.dx.rop.code.RegisterSpecSet::findMatchingLocal (49 bytes)
Event: 55.129 Thread 0x00007f03540b5000 nmethod 3279 0x00007f0344968d10 code [0x00007f0344968ea0, 0x00007f0344969268]
Event: 55.129 Thread 0x00007f03540b5000 3248       2       com.android.dx.dex.code.LocalList$Entry::compareTo (63 bytes)
Event: 55.129 Thread 0x00007f03540b5000 nmethod 3248 0x00007f0344a0b790 code [0x00007f0344a0b900, 0x00007f0344a0bb28]
Event: 55.129 Thread 0x00007f03540b5000 3246       2       com.android.dx.dex.code.LocalList$Entry::isStart (16 bytes)
Event: 55.130 Thread 0x00007f03540b5000 nmethod 3246 0x00007f0344a48110 code [0x00007f0344a48260, 0x00007f0344a483d0]
Event: 55.130 Thread 0x00007f03540b5000 3277       2       com.android.dx.dex.code.InsnFormat::signedFitsInByte (12 bytes)
Event: 55.130 Thread 0x00007f03540b5000 nmethod 3277 0x00007f0344c19490 code [0x00007f0344c195e0, 0x00007f0344c19730]
Event: 55.130 Thread 0x00007f03540b5000 3264       2       com.android.dx.dex.code.form.Form21c::isCompatible (150 bytes)

GC Heap History (10 events):
Event: 48.784 GC heap after
Heap after GC invocations=30 (full 7):
 PSYoungGen      total 469504K, used 154517K [0x00000000d5580000, 0x0000000100000000, 0x0000000100000000)
  eden space 271872K, 0% used [0x00000000d5580000,0x00000000d5580000,0x00000000e5f00000)
  from space 197632K, 78% used [0x00000000f3f00000,0x00000000fd5e55a0,0x0000000100000000)
  to   space 213504K, 0% used [0x00000000e5f00000,0x00000000e5f00000,0x00000000f2f80000)
 ParOldGen       total 916480K, used 711132K [0x0000000080000000, 0x00000000b7f00000, 0x00000000d5580000)
  object space 916480K, 77% used [0x0000000080000000,0x00000000ab6770e8,0x00000000b7f00000)
 Metaspace       used 6597K, capacity 7320K, committed 7680K, reserved 1056768K
  class space    used 616K, capacity 656K, committed 768K, reserved 1048576K
}
Event: 49.741 GC heap before
{Heap before GC invocations=31 (full 7):
 PSYoungGen      total 469504K, used 426389K [0x00000000d5580000, 0x0000000100000000, 0x0000000100000000)
  eden space 271872K, 100% used [0x00000000d5580000,0x00000000e5f00000,0x00000000e5f00000)
  from space 197632K, 78% used [0x00000000f3f00000,0x00000000fd5e55a0,0x0000000100000000)
  to   space 213504K, 0% used [0x00000000e5f00000,0x00000000e5f00000,0x00000000f2f80000)
 ParOldGen       total 916480K, used 711132K [0x0000000080000000, 0x00000000b7f00000, 0x00000000d5580000)
  object space 916480K, 77% used [0x0000000080000000,0x00000000ab6770e8,0x00000000b7f00000)
 Metaspace       used 6600K, capacity 7320K, committed 7680K, reserved 1056768K
  class space    used 616K, capacity 656K, committed 768K, reserved 1048576K
Event: 50.020 GC heap after
Heap after GC invocations=31 (full 7):
 PSYoungGen      total 464896K, used 192547K [0x00000000d5580000, 0x0000000100000000, 0x0000000100000000)
  eden space 271872K, 0% used [0x00000000d5580000,0x00000000d5580000,0x00000000e5f00000)
  from space 193024K, 99% used [0x00000000e5f00000,0x00000000f1b08dc0,0x00000000f1b80000)
  to   space 232960K, 0% used [0x00000000f1c80000,0x00000000f1c80000,0x0000000100000000)
 ParOldGen       total 916480K, used 711132K [0x0000000080000000, 0x00000000b7f00000, 0x00000000d5580000)
  object space 916480K, 77% used [0x0000000080000000,0x00000000ab6770e8,0x00000000b7f00000)
 Metaspace       used 6600K, capacity 7320K, committed 7680K, reserved 1056768K
  class space    used 616K, capacity 656K, committed 768K, reserved 1048576K
}
Event: 50.860 GC heap before
{Heap before GC invocations=32 (full 7):
 PSYoungGen      total 464896K, used 464419K [0x00000000d5580000, 0x0000000100000000, 0x0000000100000000)
  eden space 271872K, 100% used [0x00000000d5580000,0x00000000e5f00000,0x00000000e5f00000)
  from space 193024K, 99% used [0x00000000e5f00000,0x00000000f1b08dc0,0x00000000f1b80000)
  to   space 232960K, 0% used [0x00000000f1c80000,0x00000000f1c80000,0x0000000100000000)
 ParOldGen       total 916480K, used 711132K [0x0000000080000000, 0x00000000b7f00000, 0x00000000d5580000)
  object space 916480K, 77% used [0x0000000080000000,0x00000000ab6770e8,0x00000000b7f00000)
 Metaspace       used 6705K, capacity 7384K, committed 7680K, reserved 1056768K
  class space    used 622K, capacity 656K, committed 768K, reserved 1048576K
Event: 51.212 GC heap after
Heap after GC invocations=32 (full 7):
 PSYoungGen      total 465920K, used 195152K [0x00000000d5580000, 0x0000000100000000, 0x0000000100000000)
  eden space 232960K, 0% used [0x00000000d5580000,0x00000000d5580000,0x00000000e3900000)
  from space 232960K, 83% used [0x00000000f1c80000,0x00000000fdb14348,0x0000000100000000)
  to   space 232960K, 0% used [0x00000000e3900000,0x00000000e3900000,0x00000000f1c80000)
 ParOldGen       total 916480K, used 748604K [0x0000000080000000, 0x00000000b7f00000, 0x00000000d5580000)
  object space 916480K, 81% used [0x0000000080000000,0x00000000adb0f1f0,0x00000000b7f00000)
 Metaspace       used 6705K, capacity 7384K, committed 7680K, reserved 1056768K
  class space    used 622K, capacity 656K, committed 768K, reserved 1048576K
}
Event: 52.246 GC heap before
{Heap before GC invocations=33 (full 7):
 PSYoungGen      total 465920K, used 428112K [0x00000000d5580000, 0x0000000100000000, 0x0000000100000000)
  eden space 232960K, 100% used [0x00000000d5580000,0x00000000e3900000,0x00000000e3900000)
  from space 232960K, 83% used [0x00000000f1c80000,0x00000000fdb14348,0x0000000100000000)
  to   space 232960K, 0% used [0x00000000e3900000,0x00000000e3900000,0x00000000f1c80000)
 ParOldGen       total 916480K, used 748604K [0x0000000080000000, 0x00000000b7f00000, 0x00000000d5580000)
  object space 916480K, 81% used [0x0000000080000000,0x00000000adb0f1f0,0x00000000b7f00000)
 Metaspace       used 6705K, capacity 7384K, committed 7680K, reserved 1056768K
  class space    used 622K, capacity 656K, committed 768K, reserved 1048576K
Event: 53.421 GC heap after
Heap after GC invocations=33 (full 7):
 PSYoungGen      total 465920K, used 159377K [0x00000000d5580000, 0x0000000100000000, 0x0000000100000000)
  eden space 232960K, 0% used [0x00000000d5580000,0x00000000d5580000,0x00000000e3900000)
  from space 232960K, 68% used [0x00000000e3900000,0x00000000ed4a4490,0x00000000f1c80000)
  to   space 232960K, 0% used [0x00000000f1c80000,0x00000000f1c80000,0x0000000100000000)
 ParOldGen       total 916480K, used 819364K [0x0000000080000000, 0x00000000b7f00000, 0x00000000d5580000)
  object space 916480K, 89% used [0x0000000080000000,0x00000000b2029138,0x00000000b7f00000)
 Metaspace       used 6705K, capacity 7384K, committed 7680K, reserved 1056768K
  class space    used 622K, capacity 656K, committed 768K, reserved 1048576K
}
Event: 55.149 GC heap before
{Heap before GC invocations=34 (full 7):
 PSYoungGen      total 465920K, used 392337K [0x00000000d5580000, 0x0000000100000000, 0x0000000100000000)
  eden space 232960K, 100% used [0x00000000d5580000,0x00000000e3900000,0x00000000e3900000)
  from space 232960K, 68% used [0x00000000e3900000,0x00000000ed4a4490,0x00000000f1c80000)
  to   space 232960K, 0% used [0x00000000f1c80000,0x00000000f1c80000,0x0000000100000000)
 ParOldGen       total 916480K, used 819664K [0x0000000080000000, 0x00000000b7f00000, 0x00000000d5580000)
  object space 916480K, 89% used [0x0000000080000000,0x00000000b2074068,0x00000000b7f00000)
 Metaspace       used 6910K, capacity 7608K, committed 7936K, reserved 1056768K
  class space    used 635K, capacity 688K, committed 768K, reserved 1048576K
Event: 56.781 GC heap after
Heap after GC invocations=34 (full 7):
 PSYoungGen      total 465920K, used 119343K [0x00000000d5580000, 0x0000000100000000, 0x0000000100000000)
  eden space 232960K, 0% used [0x00000000d5580000,0x00000000d5580000,0x00000000e3900000)
  from space 232960K, 51% used [0x00000000f1c80000,0x00000000f910bcd8,0x0000000100000000)
  to   space 232960K, 0% used [0x00000000e3900000,0x00000000e3900000,0x00000000f1c80000)
 ParOldGen       total 916480K, used 900986K [0x0000000080000000, 0x00000000b7f00000, 0x00000000d5580000)
  object space 916480K, 98% used [0x0000000080000000,0x00000000b6fde910,0x00000000b7f00000)
 Metaspace       used 6910K, capacity 7608K, committed 7936K, reserved 1056768K
  class space    used 635K, capacity 688K, committed 768K, reserved 1048576K
}
Event: 56.781 GC heap before
{Heap before GC invocations=35 (full 8):
 PSYoungGen      total 465920K, used 119343K [0x00000000d5580000, 0x0000000100000000, 0x0000000100000000)
  eden space 232960K, 0% used [0x00000000d5580000,0x00000000d5580000,0x00000000e3900000)
  from space 232960K, 51% used [0x00000000f1c80000,0x00000000f910bcd8,0x0000000100000000)
  to   space 232960K, 0% used [0x00000000e3900000,0x00000000e3900000,0x00000000f1c80000)
 ParOldGen       total 916480K, used 900986K [0x0000000080000000, 0x00000000b7f00000, 0x00000000d5580000)
  object space 916480K, 98% used [0x0000000080000000,0x00000000b6fde910,0x00000000b7f00000)
 Metaspace       used 6910K, capacity 7608K, committed 7936K, reserved 1056768K
  class space    used 635K, capacity 688K, committed 768K, reserved 1048576K

Deoptimization events (10 events):
Event: 54.907 Thread 0x00007f03541f9800 Uncommon trap: reason=speculate_class_check action=maybe_recompile pc=0x00007f034550dff0 method=com.android.dx.util.FixedSizeList.equals(Ljava/lang/Object;)Z @ 25
Event: 54.907 Thread 0x00007f03541f9800 Uncommon trap: reason=class_check action=maybe_recompile pc=0x00007f0344c4bb38 method=java.util.Arrays.equals([Ljava/lang/Object;[Ljava/lang/Object;)Z @ 62
Event: 54.907 Thread 0x00007f03541f9800 Uncommon trap: reason=speculate_class_check action=maybe_recompile pc=0x00007f034550dff0 method=com.android.dx.util.FixedSizeList.equals(Ljava/lang/Object;)Z @ 25
Event: 54.907 Thread 0x00007f03541f9800 Uncommon trap: reason=class_check action=maybe_recompile pc=0x00007f0344c4bb38 method=java.util.Arrays.equals([Ljava/lang/Object;[Ljava/lang/Object;)Z @ 62
Event: 54.907 Thread 0x00007f03541f9800 Uncommon trap: reason=speculate_class_check action=maybe_recompile pc=0x00007f034550dff0 method=com.android.dx.util.FixedSizeList.equals(Ljava/lang/Object;)Z @ 25
Event: 54.907 Thread 0x00007f03541f9800 Uncommon trap: reason=class_check action=maybe_recompile pc=0x00007f0344c4bb38 method=java.util.Arrays.equals([Ljava/lang/Object;[Ljava/lang/Object;)Z @ 62
Event: 54.907 Thread 0x00007f03541f9800 Uncommon trap: reason=unstable_if action=reinterpret pc=0x00007f0345250f0c method=java.util.TreeMap.put(Ljava/lang/Object;Ljava/lang/Object;)Ljava/lang/Object; @ 163
Event: 54.974 Thread 0x00007f03541f9800 Uncommon trap: reason=unstable_if action=reinterpret pc=0x00007f034512a2d0 method=com.android.dx.rop.code.RegisterSpecSet.equals(Ljava/lang/Object;)Z @ 30
Event: 55.054 Thread 0x00007f03541c4000 Uncommon trap: reason=bimorphic action=maybe_recompile pc=0x00007f0344b9cf3c method=com.android.dx.ssa.back.FirstFitLocalCombiningAllocator.findNextUnreservedRopReg(IILcom/android/dx/ssa/back/FirstFitLocalCombiningAllocator$Alignment;)I @ 60
Event: 55.058 Thread 0x00007f03541c4000 Uncommon trap: reason=bimorphic action=maybe_recompile pc=0x00007f0344b9cf3c method=com.android.dx.ssa.back.FirstFitLocalCombiningAllocator.findNextUnreservedRopReg(IILcom/android/dx/ssa/back/FirstFitLocalCombiningAllocator$Alignment;)I @ 60

Internal exceptions (6 events):
Event: 0.060 Thread 0x00007f035400a000 Exception <a 'java/lang/NoSuchMethodError': Method sun.misc.Unsafe.defineClass(Ljava/lang/String;[BII)Ljava/lang/Class; name or signature does not match> (0x00000000d5592ab8) thrown at [/HUDSON3/workspace/8-2-build-linux-amd64/jdk8u73/6086/hotspot/src/sha
Event: 0.060 Thread 0x00007f035400a000 Exception <a 'java/lang/NoSuchMethodError': Method sun.misc.Unsafe.prefetchRead(Ljava/lang/Object;J)V name or signature does not match> (0x00000000d5592da0) thrown at [/HUDSON3/workspace/8-2-build-linux-amd64/jdk8u73/6086/hotspot/src/share/vm/prims/jni.cp
Event: 1.258 Thread 0x00007f03541c4000 Implicit null exception at 0x00007f0344aa0534 to 0x00007f0344aa27ad
Event: 1.961 Thread 0x00007f03541c4000 Exception <a 'java/lang/ArrayIndexOutOfBoundsException': 18> (0x00000000d727eb70) thrown at [/HUDSON3/workspace/8-2-build-linux-amd64/jdk8u73/6086/hotspot/src/share/vm/interpreter/interpreterRuntime.cpp, line 366]
Event: 1.961 Thread 0x00007f03541c4000 Exception <a 'java/lang/ArrayIndexOutOfBoundsException': 145> (0x00000000d72806f0) thrown at [/HUDSON3/workspace/8-2-build-linux-amd64/jdk8u73/6086/hotspot/src/share/vm/interpreter/interpreterRuntime.cpp, line 366]
Event: 1.962 Thread 0x00007f03541c4000 Exception <a 'java/lang/ArrayIndexOutOfBoundsException': 40> (0x00000000d72819d8) thrown at [/HUDSON3/workspace/8-2-build-linux-amd64/jdk8u73/6086/hotspot/src/share/vm/interpreter/interpreterRuntime.cpp, line 366]

Events (10 events):
Event: 55.117 Thread 0x00007f03541f9800 DEOPT UNPACKING pc=0x00007f03447fa233 sp=0x00007f033d437e10 mode 0
Event: 55.118 Thread 0x00007f03541f9800 DEOPT PACKING pc=0x00007f0344a2aabc sp=0x00007f033d438000
Event: 55.118 Thread 0x00007f03541f9800 DEOPT UNPACKING pc=0x00007f03447fa233 sp=0x00007f033d437d78 mode 0
Event: 55.121 Thread 0x00007f03541f9800 DEOPT PACKING pc=0x00007f0344c7a062 sp=0x00007f033d437f50
Event: 55.121 Thread 0x00007f03541f9800 DEOPT UNPACKING pc=0x00007f03447fa233 sp=0x00007f033d437cf0 mode 0
Event: 55.122 Thread 0x00007f03541f9800 DEOPT PACKING pc=0x00007f0344c89bde sp=0x00007f033d4380e0
Event: 55.122 Thread 0x00007f03541f9800 DEOPT UNPACKING pc=0x00007f03447fa233 sp=0x00007f033d437e88 mode 0
Event: 55.135 Executing VM operation: ParallelGCFailedAllocation
Event: 55.138 Executing VM operation: ParallelGCFailedAllocation done
Event: 55.144 Executing VM operation: ParallelGCSystemGC


Dynamic libraries:
00400000-00401000 r-xp 00000000 08:06 1974662                            /home/adament/mkn/android/jdk1.8.0_73/bin/java
00600000-00601000 rw-p 00000000 08:06 1974662                            /home/adament/mkn/android/jdk1.8.0_73/bin/java
025a1000-025c2000 rw-p 00000000 00:00 0                                  [heap]
80000000-b7f00000 rw-p 00000000 00:00 0 
c5d00000-d5580000 ---p 00000000 00:00 0 
d5580000-100000000 rw-p 00000000 00:00 0 
100000000-1000c0000 rw-p 00000000 00:00 0 
1000c0000-140000000 ---p 00000000 00:00 0 
7f0300000000-7f0300050000 rw-p 00000000 00:00 0 
7f0300050000-7f0304000000 ---p 00000000 00:00 0 
7f0308000000-7f0308021000 rw-p 00000000 00:00 0 
7f0308021000-7f030c000000 ---p 00000000 00:00 0 
7f030c000000-7f030c022000 rw-p 00000000 00:00 0 
7f030c022000-7f0310000000 ---p 00000000 00:00 0 
7f0310000000-7f0310021000 rw-p 00000000 00:00 0 
7f0310021000-7f0314000000 ---p 00000000 00:00 0 
7f0314000000-7f031402a000 rw-p 00000000 00:00 0 
7f031402a000-7f0318000000 ---p 00000000 00:00 0 
7f0318000000-7f03188c2000 rw-p 00000000 00:00 0 
7f03188c2000-7f031c000000 ---p 00000000 00:00 0 
7f031c000000-7f031c021000 rw-p 00000000 00:00 0 
7f031c021000-7f0320000000 ---p 00000000 00:00 0 
7f0320000000-7f0320021000 rw-p 00000000 00:00 0 
7f0320021000-7f0324000000 ---p 00000000 00:00 0 
7f0324000000-7f0325d18000 rw-p 00000000 00:00 0 
7f0325d18000-7f0328000000 ---p 00000000 00:00 0 
7f0328000000-7f0328021000 rw-p 00000000 00:00 0 
7f0328021000-7f032c000000 ---p 00000000 00:00 0 
7f032c000000-7f032c021000 rw-p 00000000 00:00 0 
7f032c021000-7f0330000000 ---p 00000000 00:00 0 
7f0330000000-7f033003e000 rw-p 00000000 00:00 0 
7f033003e000-7f0334000000 ---p 00000000 00:00 0 
7f0334000000-7f03342ad000 rw-p 00000000 00:00 0 
7f03342ad000-7f0338000000 ---p 00000000 00:00 0 
7f0338000000-7f0338021000 rw-p 00000000 00:00 0 
7f0338021000-7f033c000000 ---p 00000000 00:00 0 
7f033d339000-7f033d33c000 ---p 00000000 00:00 0 
7f033d33c000-7f033d43a000 rw-p 00000000 00:00 0                          [stack:9077]
7f033d43a000-7f033d43d000 ---p 00000000 00:00 0 
7f033d43d000-7f033d53b000 rw-p 00000000 00:00 0                          [stack:9064]
7f033d53b000-7f033d53e000 ---p 00000000 00:00 0 
7f033d53e000-7f033d63c000 rw-p 00000000 00:00 0                          [stack:9063]
7f033d63c000-7f033d63f000 ---p 00000000 00:00 0 
7f033d63f000-7f033d73d000 rw-p 00000000 00:00 0                          [stack:9062]
7f033d73d000-7f033d740000 ---p 00000000 00:00 0 
7f033d740000-7f033d83e000 rw-p 00000000 00:00 0                          [stack:9061]
7f033d83e000-7f033d841000 ---p 00000000 00:00 0 
7f033d841000-7f033d93f000 rw-p 00000000 00:00 0                          [stack:9060]
7f033d93f000-7f033da45000 r--s 00b56000 08:06 3806456                    /home/adament/EstiloRobe/estiloRobe/build/intermediates/transforms/jarMerging/debug/jars/1/1f/combined.jar
7f033da45000-7f033da46000 ---p 00000000 00:00 0 
7f033da46000-7f033db46000 rw-p 00000000 00:00 0                          [stack:9059]
7f033db46000-7f033db49000 ---p 00000000 00:00 0 
7f033db49000-7f033dc47000 rw-p 00000000 00:00 0                          [stack:9058]
7f033dc47000-7f033dc4a000 ---p 00000000 00:00 0 
7f033dc4a000-7f033dd48000 rw-p 00000000 00:00 0                          [stack:9057]
7f033dd48000-7f033dd4b000 ---p 00000000 00:00 0 
7f033dd4b000-7f033de49000 rw-p 00000000 00:00 0                          [stack:9056]
7f033de49000-7f033de4c000 ---p 00000000 00:00 0 
7f033de4c000-7f033df4a000 rw-p 00000000 00:00 0                          [stack:9055]
7f033df4a000-7f033e213000 r--p 00000000 08:06 138881                     /usr/lib/locale/locale-archive
7f033e213000-7f033e216000 ---p 00000000 00:00 0 
7f033e216000-7f033e314000 rw-p 00000000 00:00 0                          [stack:9054]
7f033e314000-7f033e317000 ---p 00000000 00:00 0 
7f033e317000-7f033e415000 rw-p 00000000 00:00 0                          [stack:9053]
7f033e415000-7f033e416000 ---p 00000000 00:00 0 
7f033e416000-7f033ee6e000 rw-p 00000000 00:00 0                          [stack:9052]
7f033ee6e000-7f033f046000 r--s 03d23000 08:06 2102216                    /home/adament/mkn/android/jdk1.8.0_73/jre/lib/rt.jar
7f033f046000-7f033f746000 rw-p 00000000 00:00 0 
7f033f746000-7f033f846000 ---p 00000000 00:00 0 
7f033f846000-7f0343c46000 rw-p 00000000 00:00 0 
7f0343c46000-7f0343c47000 ---p 00000000 00:00 0 
7f0343c47000-7f0343f07000 rw-p 00000000 00:00 0                          [stack:9051]
7f0343f07000-7f0343ff2000 ---p 00000000 00:00 0 
7f0343ff2000-7f03441b2000 rw-p 00000000 00:00 0 
7f03441b2000-7f034429c000 ---p 00000000 00:00 0 
7f034429c000-7f03443f2000 rw-p 00000000 00:00 0 
7f03443f2000-7f0344429000 rw-p 00000000 00:00 0 
7f0344429000-7f03447b3000 ---p 00000000 00:00 0 
7f03447b3000-7f0345523000 rwxp 00000000 00:00 0 
7f0345523000-7f03537b3000 ---p 00000000 00:00 0 
7f03537b3000-7f03537cd000 r-xp 00000000 08:06 2493507                    /home/adament/mkn/android/jdk1.8.0_73/jre/lib/amd64/libzip.so
7f03537cd000-7f03539cd000 ---p 0001a000 08:06 2493507                    /home/adament/mkn/android/jdk1.8.0_73/jre/lib/amd64/libzip.so
7f03539cd000-7f03539ce000 rw-p 0001a000 08:06 2493507                    /home/adament/mkn/android/jdk1.8.0_73/jre/lib/amd64/libzip.so
7f03539ce000-7f03539d9000 r-xp 00000000 08:06 2363499                    /lib/x86_64-linux-gnu/libnss_files-2.19.so
7f03539d9000-7f0353bd8000 ---p 0000b000 08:06 2363499                    /lib/x86_64-linux-gnu/libnss_files-2.19.so
7f0353bd8000-7f0353bd9000 r--p 0000a000 08:06 2363499                    /lib/x86_64-linux-gnu/libnss_files-2.19.so
7f0353bd9000-7f0353bda000 rw-p 0000b000 08:06 2363499                    /lib/x86_64-linux-gnu/libnss_files-2.19.so
7f0353bda000-7f0353be5000 r-xp 00000000 08:06 2363509                    /lib/x86_64-linux-gnu/libnss_nis-2.19.so
7f0353be5000-7f0353de4000 ---p 0000b000 08:06 2363509                    /lib/x86_64-linux-gnu/libnss_nis-2.19.so
7f0353de4000-7f0353de5000 r--p 0000a000 08:06 2363509                    /lib/x86_64-linux-gnu/libnss_nis-2.19.so
7f0353de5000-7f0353de6000 rw-p 0000b000 08:06 2363509                    /lib/x86_64-linux-gnu/libnss_nis-2.19.so
7f0353de6000-7f0353dfd000 r-xp 00000000 08:06 2363493                    /lib/x86_64-linux-gnu/libnsl-2.19.so
7f0353dfd000-7f0353ffc000 ---p 00017000 08:06 2363493                    /lib/x86_64-linux-gnu/libnsl-2.19.so
7f0353ffc000-7f0353ffd000 r--p 00016000 08:06 2363493                    /lib/x86_64-linux-gnu/libnsl-2.19.so
7f0353ffd000-7f0353ffe000 rw-p 00017000 08:06 2363493                    /lib/x86_64-linux-gnu/libnsl-2.19.so
7f0353ffe000-7f0354000000 rw-p 00000000 00:00 0 
7f0354000000-7f03543d6000 rw-p 00000000 00:00 0 
7f03543d6000-7f0358000000 ---p 00000000 00:00 0 
7f0358003000-7f03580bb000 rw-p 00000000 00:00 0 
7f03580bb000-7f03580bc000 ---p 00000000 00:00 0 
7f03580bc000-7f03581bc000 rw-p 00000000 00:00 0                          [stack:9050]
7f03581bc000-7f03581c5000 r-xp 00000000 08:06 2363495                    /lib/x86_64-linux-gnu/libnss_compat-2.19.so
7f03581c5000-7f03583c4000 ---p 00009000 08:06 2363495                    /lib/x86_64-linux-gnu/libnss_compat-2.19.so
7f03583c4000-7f03583c5000 r--p 00008000 08:06 2363495                    /lib/x86_64-linux-gnu/libnss_compat-2.19.so
7f03583c5000-7f03583c6000 rw-p 00009000 08:06 2363495                    /lib/x86_64-linux-gnu/libnss_compat-2.19.so
7f03583c6000-7f03583f0000 r-xp 00000000 08:06 2493472                    /home/adament/mkn/android/jdk1.8.0_73/jre/lib/amd64/libjava.so
7f03583f0000-7f03585f0000 ---p 0002a000 08:06 2493472                    /home/adament/mkn/android/jdk1.8.0_73/jre/lib/amd64/libjava.so
7f03585f0000-7f03585f2000 rw-p 0002a000 08:06 2493472                    /home/adament/mkn/android/jdk1.8.0_73/jre/lib/amd64/libjava.so
7f03585f2000-7f03585ff000 r-xp 00000000 08:06 2493506                    /home/adament/mkn/android/jdk1.8.0_73/jre/lib/amd64/libverify.so
7f03585ff000-7f03587ff000 ---p 0000d000 08:06 2493506                    /home/adament/mkn/android/jdk1.8.0_73/jre/lib/amd64/libverify.so
7f03587ff000-7f0358801000 rw-p 0000d000 08:06 2493506                    /home/adament/mkn/android/jdk1.8.0_73/jre/lib/amd64/libverify.so
7f0358801000-7f0358808000 r-xp 00000000 08:06 2363552                    /lib/x86_64-linux-gnu/librt-2.19.so
7f0358808000-7f0358a07000 ---p 00007000 08:06 2363552                    /lib/x86_64-linux-gnu/librt-2.19.so
7f0358a07000-7f0358a08000 r--p 00006000 08:06 2363552                    /lib/x86_64-linux-gnu/librt-2.19.so
7f0358a08000-7f0358a09000 rw-p 00007000 08:06 2363552                    /lib/x86_64-linux-gnu/librt-2.19.so
7f0358a09000-7f0358b0e000 r-xp 00000000 08:06 2363474                    /lib/x86_64-linux-gnu/libm-2.19.so
7f0358b0e000-7f0358d0d000 ---p 00105000 08:06 2363474                    /lib/x86_64-linux-gnu/libm-2.19.so
7f0358d0d000-7f0358d0e000 r--p 00104000 08:06 2363474                    /lib/x86_64-linux-gnu/libm-2.19.so
7f0358d0e000-7f0358d0f000 rw-p 00105000 08:06 2363474                    /lib/x86_64-linux-gnu/libm-2.19.so
7f0358d0f000-7f03599ce000 r-xp 00000000 08:06 2624044                    /home/adament/mkn/android/jdk1.8.0_73/jre/lib/amd64/server/libjvm.so
7f03599ce000-7f0359bcd000 ---p 00cbf000 08:06 2624044                    /home/adament/mkn/android/jdk1.8.0_73/jre/lib/amd64/server/libjvm.so
7f0359bcd000-7f0359ca6000 rw-p 00cbe000 08:06 2624044                    /home/adament/mkn/android/jdk1.8.0_73/jre/lib/amd64/server/libjvm.so
7f0359ca6000-7f0359cef000 rw-p 00000000 00:00 0 
7f0359cef000-7f0359eaa000 r-xp 00000000 08:06 2363421                    /lib/x86_64-linux-gnu/libc-2.19.so
7f0359eaa000-7f035a0aa000 ---p 001bb000 08:06 2363421                    /lib/x86_64-linux-gnu/libc-2.19.so
7f035a0aa000-7f035a0ae000 r--p 001bb000 08:06 2363421                    /lib/x86_64-linux-gnu/libc-2.19.so
7f035a0ae000-7f035a0b0000 rw-p 001bf000 08:06 2363421                    /lib/x86_64-linux-gnu/libc-2.19.so
7f035a0b0000-7f035a0b5000 rw-p 00000000 00:00 0 
7f035a0b5000-7f035a0b8000 r-xp 00000000 08:06 2363438                    /lib/x86_64-linux-gnu/libdl-2.19.so
7f035a0b8000-7f035a2b7000 ---p 00003000 08:06 2363438                    /lib/x86_64-linux-gnu/libdl-2.19.so
7f035a2b7000-7f035a2b8000 r--p 00002000 08:06 2363438                    /lib/x86_64-linux-gnu/libdl-2.19.so
7f035a2b8000-7f035a2b9000 rw-p 00003000 08:06 2363438                    /lib/x86_64-linux-gnu/libdl-2.19.so
7f035a2b9000-7f035a2ce000 r-xp 00000000 08:06 2493603                    /home/adament/mkn/android/jdk1.8.0_73/lib/amd64/jli/libjli.so
7f035a2ce000-7f035a4ce000 ---p 00015000 08:06 2493603                    /home/adament/mkn/android/jdk1.8.0_73/lib/amd64/jli/libjli.so
7f035a4ce000-7f035a4cf000 rw-p 00015000 08:06 2493603                    /home/adament/mkn/android/jdk1.8.0_73/lib/amd64/jli/libjli.so
7f035a4cf000-7f035a4e8000 r-xp 00000000 08:06 2363544                    /lib/x86_64-linux-gnu/libpthread-2.19.so
7f035a4e8000-7f035a6e7000 ---p 00019000 08:06 2363544                    /lib/x86_64-linux-gnu/libpthread-2.19.so
7f035a6e7000-7f035a6e8000 r--p 00018000 08:06 2363544                    /lib/x86_64-linux-gnu/libpthread-2.19.so
7f035a6e8000-7f035a6e9000 rw-p 00019000 08:06 2363544                    /lib/x86_64-linux-gnu/libpthread-2.19.so
7f035a6e9000-7f035a6ed000 rw-p 00000000 00:00 0 
7f035a6ed000-7f035a710000 r-xp 00000000 08:06 2363395                    /lib/x86_64-linux-gnu/ld-2.19.so
7f035a719000-7f035a7e5000 rw-p 00000000 00:00 0 
7f035a7e5000-7f035a7e8000 ---p 00000000 00:00 0 
7f035a7e8000-7f035a8ea000 rw-p 00000000 00:00 0                          [stack:9049]
7f035a8f3000-7f035a8f4000 rw-p 00000000 00:00 0 
7f035a8f4000-7f035a903000 r--s 000df000 08:06 2493619                    /home/adament/mkn/android/sdk/build-tools/23.0.2/lib/dx.jar
7f035a903000-7f035a90b000 rw-s 00000000 08:06 7476844                    /tmp/hsperfdata_adament/9044
7f035a90b000-7f035a90c000 rw-p 00000000 00:00 0 
7f035a90c000-7f035a90d000 ---p 00000000 00:00 0 
7f035a90d000-7f035a90f000 rw-p 00000000 00:00 0 
7f035a90f000-7f035a910000 r--p 00022000 08:06 2363395                    /lib/x86_64-linux-gnu/ld-2.19.so
7f035a910000-7f035a911000 rw-p 00023000 08:06 2363395                    /lib/x86_64-linux-gnu/ld-2.19.so
7f035a911000-7f035a912000 rw-p 00000000 00:00 0 
7fff892e6000-7fff89307000 rw-p 00000000 00:00 0                          [stack]
7fff893ef000-7fff893f1000 r-xp 00000000 00:00 0                          [vdso]
ffffffffff600000-ffffffffff601000 r-xp 00000000 00:00 0                  [vsyscall]

VM Arguments:
jvm_args: -Djava.awt.headless=true -Xmx2048M -Dfile.encoding=UTF-8 -Duser.country=IN -Duser.language=en -Duser.variant 
java_command: com.android.dx.command.Main --dex --num-threads=4 --multi-dex --main-dex-list /home/adament/EstiloRobe/estiloRobe/build/intermediates/multi-dex/debug/maindexlist.txt --output /home/adament/EstiloRobe/estiloRobe/build/intermediates/transforms/dex/debug/folders/1000/1f/main /home/adament/EstiloRobe/estiloRobe/build/intermediates/transforms/jarMerging/debug/jars/1/1f/combined.jar
java_class_path (initial): /home/adament/mkn/android/sdk/build-tools/23.0.2/lib/dx.jar
Launcher Type: SUN_STANDARD

Environment Variables:
JAVA_HOME=/home/adament/mkn/android/jdk1.8.0_73
PATH=/usr/local/sbin:/usr/local/bin:/usr/sbin:/usr/bin:/sbin:/bin:/usr/games:/usr/local/games:/home/adament/mkn/android/sdk/platform-tools
USERNAME=adament
LD_LIBRARY_PATH=/home/adament/mkn/android/android-studio/bin:
SHELL=/bin/bash
DISPLAY=:0

Signal Handlers:
SIGSEGV: [libjvm.so+0xabafa0], sa_mask[0]=11111111011111111101111111111110, sa_flags=SA_RESTART|SA_SIGINFO
SIGBUS: [libjvm.so+0xabafa0], sa_mask[0]=11111111011111111101111111111110, sa_flags=SA_RESTART|SA_SIGINFO
SIGFPE: [libjvm.so+0x9183c0], sa_mask[0]=11111111011111111101111111111110, sa_flags=SA_RESTART|SA_SIGINFO
SIGPIPE: [libjvm.so+0x9183c0], sa_mask[0]=11111111011111111101111111111110, sa_flags=SA_RESTART|SA_SIGINFO
SIGXFSZ: [libjvm.so+0x9183c0], sa_mask[0]=11111111011111111101111111111110, sa_flags=SA_RESTART|SA_SIGINFO
SIGILL: [libjvm.so+0x9183c0], sa_mask[0]=11111111011111111101111111111110, sa_flags=SA_RESTART|SA_SIGINFO
SIGUSR1: SIG_DFL, sa_mask[0]=00000000000000000000000000000000, sa_flags=none
SIGUSR2: [libjvm.so+0x9199f0], sa_mask[0]=00100000000000000000000000000000, sa_flags=SA_RESTART|SA_SIGINFO
SIGHUP: [libjvm.so+0x91adf0], sa_mask[0]=11111111011111111101111111111110, sa_flags=SA_RESTART|SA_SIGINFO
SIGINT: [libjvm.so+0x91adf0], sa_mask[0]=11111111011111111101111111111110, sa_flags=SA_RESTART|SA_SIGINFO
SIGTERM: [libjvm.so+0x91adf0], sa_mask[0]=11111111011111111101111111111110, sa_flags=SA_RESTART|SA_SIGINFO
SIGQUIT: [libjvm.so+0x91adf0], sa_mask[0]=11111111011111111101111111111110, sa_flags=SA_RESTART|SA_SIGINFO


---------------  S Y S T E M  ---------------

OS:DISTRIB_ID=LinuxMint
DISTRIB_RELEASE=17.1
DISTRIB_CODENAME=rebecca
DISTRIB_DESCRIPTION="Linux Mint 17.1 Rebecca"

uname:Linux 3.13.0-37-generic #64-Ubuntu SMP Mon Sep 22 21:28:38 UTC 2014 x86_64
libc:glibc 2.19 NPTL 2.19 
rlimit: STACK 8192k, CORE 0k, NPROC 30684, NOFILE 4096, AS infinity
load average:3.57 2.93 2.55

/proc/meminfo:
MemTotal:        3958712 kB
MemFree:          138820 kB
Buffers:            1208 kB
Cached:           109472 kB
SwapCached:        26668 kB
Active:          2679988 kB
Inactive:         912228 kB
Active(anon):    2666756 kB
Inactive(anon):   883656 kB
Active(file):      13232 kB
Inactive(file):    28572 kB
Unevictable:          32 kB
Mlocked:              32 kB
SwapTotal:       1998844 kB
SwapFree:          78164 kB
Dirty:                52 kB
Writeback:             0 kB
AnonPages:       3456108 kB
Mapped:            17108 kB
Shmem:             68684 kB
Slab:              85288 kB
SReclaimable:      53364 kB
SUnreclaim:        31924 kB
KernelStack:        4472 kB
PageTables:        47336 kB
NFS_Unstable:          0 kB
Bounce:                0 kB
WritebackTmp:          0 kB
CommitLimit:     3978200 kB
Committed_AS:    7982680 kB
VmallocTotal:   34359738367 kB
VmallocUsed:      543680 kB
VmallocChunk:   34359188364 kB
HardwareCorrupted:     0 kB
AnonHugePages:    505856 kB
HugePages_Total:       0
HugePages_Free:        0
HugePages_Rsvd:        0
HugePages_Surp:        0
Hugepagesize:       2048 kB
DirectMap4k:       64552 kB
DirectMap2M:     4040704 kB


CPU:total 2 (2 cores per cpu, 1 threads per core) family 6 model 42 stepping 7, cmov, cx8, fxsr, mmx, sse, sse2, sse3, ssse3, sse4.1, sse4.2, popcnt, clmul, tsc, tscinvbit

/proc/cpuinfo:
processor	: 0
vendor_id	: GenuineIntel
cpu family	: 6
model		: 42
model name	: Intel(R) Pentium(R) CPU G620 @ 2.60GHz
stepping	: 7
microcode	: 0xd
cpu MHz		: 2594.275
cache size	: 3072 KB
physical id	: 0
siblings	: 2
core id		: 0
cpu cores	: 2
apicid		: 0
initial apicid	: 0
fpu		: yes
fpu_exception	: yes
cpuid level	: 13
wp		: yes
flags		: fpu vme de pse tsc msr pae mce cx8 apic sep mtrr pge mca cmov pat pse36 clflush dts acpi mmx fxsr sse sse2 ss ht tm pbe syscall nx rdtscp lm constant_tsc arch_perfmon pebs bts rep_good nopl xtopology nonstop_tsc aperfmperf eagerfpu pni pclmulqdq dtes64 monitor ds_cpl vmx est tm2 ssse3 cx16 xtpr pdcm pcid sse4_1 sse4_2 popcnt tsc_deadline_timer xsave lahf_lm arat epb xsaveopt pln pts dtherm tpr_shadow vnmi flexpriority ept vpid
bogomips	: 5188.55
clflush size	: 64
cache_alignment	: 64
address sizes	: 36 bits physical, 48 bits virtual
power management:

processor	: 1
vendor_id	: GenuineIntel
cpu family	: 6
model		: 42
model name	: Intel(R) Pentium(R) CPU G620 @ 2.60GHz
stepping	: 7
microcode	: 0xd
cpu MHz		: 2594.275
cache size	: 3072 KB
physical id	: 0
siblings	: 2
core id		: 1
cpu cores	: 2
apicid		: 2
initial apicid	: 2
fpu		: yes
fpu_exception	: yes
cpuid level	: 13
wp		: yes
flags		: fpu vme de pse tsc msr pae mce cx8 apic sep mtrr pge mca cmov pat pse36 clflush dts acpi mmx fxsr sse sse2 ss ht tm pbe syscall nx rdtscp lm constant_tsc arch_perfmon pebs bts rep_good nopl xtopology nonstop_tsc aperfmperf eagerfpu pni pclmulqdq dtes64 monitor ds_cpl vmx est tm2 ssse3 cx16 xtpr pdcm pcid sse4_1 sse4_2 popcnt tsc_deadline_timer xsave lahf_lm arat epb xsaveopt pln pts dtherm tpr_shadow vnmi flexpriority ept vpid
bogomips	: 5188.55
clflush size	: 64
cache_alignment	: 64
address sizes	: 36 bits physical, 48 bits virtual
power management:



Memory: 4k page, physical 3958712k(138820k free), swap 1998844k(78164k free)

vm_info: Java HotSpot(TM) 64-Bit Server VM (25.73-b02) for linux-amd64 JRE (1.8.0_73-b02), built on Jan 29 2016 17:39:45 by "java_re" with gcc 4.3.0 20080428 (Red Hat 4.3.0-8)

time: Mon Apr 11 16:12:46 2016
elapsed time: 61 seconds (0d 0h 1m 1s)

