#
# There is insufficient memory for the Java Runtime Environment to continue.
# Native memory allocation (mmap) failed to map 209190912 bytes for committing reserved memory.
# Possible reasons:
#   The system is out of physical RAM or swap space
#   In 32 bit mode, the process size limit was hit
# Possible solutions:
#   Reduce memory load on the system
#   Increase physical memory or swap space
#   Check if swap backing store is full
#   Use 64 bit Java on a 64 bit OS
#   Decrease Java heap size (-Xmx/-Xms)
#   Decrease number of Java threads
#   Decrease Java thread stack sizes (-Xss)
#   Set larger code cache with -XX:ReservedCodeCacheSize=
# This output file may be truncated or incomplete.
#
#  Out of Memory Error (os_linux.cpp:2627), pid=17601, tid=139762390243072
#
# JRE version: Java(TM) SE Runtime Environment (8.0_73-b02) (build 1.8.0_73-b02)
# Java VM: Java HotSpot(TM) 64-Bit Server VM (25.73-b02 mixed mode linux-amd64 compressed oops)
# Failed to write core dump. Core dumps have been disabled. To enable core dumping, try "ulimit -c unlimited" before starting Java again
#

---------------  T H R E A D  ---------------

Current thread (0x00007f1d14074000):  VMThread [stack: 0x00007f1cf78f9000,0x00007f1cf79fa000] [id=17609]

Stack: [0x00007f1cf78f9000,0x00007f1cf79fa000],  sp=0x00007f1cf79f81e0,  free space=1020k
Native frames: (J=compiled Java code, j=interpreted, Vv=VM code, C=native code)
V  [libjvm.so+0xaba71a]  VMError::report_and_die()+0x2ba
V  [libjvm.so+0x4f9ecb]  report_vm_out_of_memory(char const*, int, unsigned long, VMErrorType, char const*)+0x8b
V  [libjvm.so+0x91b553]  os::Linux::commit_memory_impl(char*, unsigned long, bool)+0x103
V  [libjvm.so+0x91baa9]  os::pd_commit_memory(char*, unsigned long, unsigned long, bool)+0x29
V  [libjvm.so+0x915dba]  os::commit_memory(char*, unsigned long, unsigned long, bool)+0x2a
V  [libjvm.so+0x989463]  PSVirtualSpace::expand_by(unsigned long)+0x53
V  [libjvm.so+0x979d50]  PSOldGen::expand(unsigned long)+0x170
V  [libjvm.so+0x979f5b]  PSOldGen::resize(unsigned long)+0x1cb
V  [libjvm.so+0x981c31]  PSParallelCompact::invoke_no_policy(bool)+0x991
V  [libjvm.so+0x98758d]  PSScavenge::invoke()+0x1ad
V  [libjvm.so+0x93f1b0]  ParallelScavengeHeap::failed_mem_allocate(unsigned long)+0x70
V  [libjvm.so+0xabc137]  VM_ParallelGCFailedAllocation::doit()+0x97
V  [libjvm.so+0xac3b65]  VM_Operation::evaluate()+0x55
V  [libjvm.so+0xac1f3a]  VMThread::evaluate_operation(VM_Operation*)+0xba
V  [libjvm.so+0xac22be]  VMThread::loop()+0x1ce
V  [libjvm.so+0xac2730]  VMThread::run()+0x70
V  [libjvm.so+0x91d918]  java_start(Thread*)+0x108

VM_Operation (0x00007f1cf6b1dd70): ParallelGCFailedAllocation, mode: safepoint, requested by thread 0x00007f1d1419d800


---------------  P R O C E S S  ---------------

Java Threads: ( => current thread )
  0x00007f1d1419f800 JavaThread "pool-2-thread-4" [_thread_blocked, id=17621, stack(0x00007f1cf691e000,0x00007f1cf6a1f000)]
  0x00007f1d1419d800 JavaThread "pool-2-thread-3" [_thread_blocked, id=17620, stack(0x00007f1cf6a1f000,0x00007f1cf6b20000)]
  0x00007f1d1419c000 JavaThread "pool-2-thread-2" [_thread_blocked, id=17619, stack(0x00007f1cf6b20000,0x00007f1cf6c21000)]
  0x00007f1d1419b000 JavaThread "pool-3-thread-1" [_thread_blocked, id=17618, stack(0x00007f1cf6c21000,0x00007f1cf6d22000)]
  0x00007f1d14198800 JavaThread "pool-2-thread-1" [_thread_blocked, id=17617, stack(0x00007f1cf6d22000,0x00007f1cf6e23000)]
  0x00007f1d140ba000 JavaThread "Service Thread" daemon [_thread_blocked, id=17615, stack(0x00007f1cf702a000,0x00007f1cf712b000)]
  0x00007f1d140b7000 JavaThread "C1 CompilerThread1" daemon [_thread_blocked, id=17614, stack(0x00007f1cf712b000,0x00007f1cf722c000)]
  0x00007f1d140b4000 JavaThread "C2 CompilerThread0" daemon [_thread_blocked, id=17613, stack(0x00007f1cf722c000,0x00007f1cf732d000)]
  0x00007f1d140b2800 JavaThread "Signal Dispatcher" daemon [_thread_blocked, id=17612, stack(0x00007f1cf732d000,0x00007f1cf742e000)]
  0x00007f1d1407b000 JavaThread "Finalizer" daemon [_thread_blocked, id=17611, stack(0x00007f1cf76f7000,0x00007f1cf77f8000)]
  0x00007f1d14079000 JavaThread "Reference Handler" daemon [_thread_blocked, id=17610, stack(0x00007f1cf77f8000,0x00007f1cf78f9000)]
  0x00007f1d1400a000 JavaThread "main" [_thread_blocked, id=17606, stack(0x00007f1d1be41000,0x00007f1d1bf42000)]

Other Threads:
=>0x00007f1d14074000 VMThread [stack: 0x00007f1cf78f9000,0x00007f1cf79fa000] [id=17609]
  0x00007f1d140bc800 WatcherThread [stack: 0x00007f1cf6f29000,0x00007f1cf702a000] [id=17616]

VM state:at safepoint (normal execution)

VM Mutex/Monitor currently owned by a thread:  ([mutex/lock_event])
[0x00007f1d14006050] ExpandHeap_lock - owner thread: 0x00007f1d14074000
[0x00007f1d140066d0] Threads_lock - owner thread: 0x00007f1d14074000
[0x00007f1d14006bd0] Heap_lock - owner thread: 0x00007f1d1419d800

Heap:
 PSYoungGen      total 584704K, used 80751K [0x00000000d5580000, 0x0000000100000000, 0x0000000100000000)
  eden space 470528K, 0% used [0x00000000d5580000,0x00000000d5580000,0x00000000f2100000)
  from space 114176K, 70% used [0x00000000f2100000,0x00000000f6fdbc30,0x00000000f9080000)
  to   space 114176K, 0% used [0x00000000f9080000,0x00000000f9080000,0x0000000100000000)
 ParOldGen       total 590848K, used 590744K [0x0000000080000000, 0x00000000a4100000, 0x00000000d5580000)
  object space 590848K, 99% used [0x0000000080000000,0x00000000a40e60a8,0x00000000a4100000)
 Metaspace       used 6573K, capacity 7320K, committed 7680K, reserved 1056768K
  class space    used 616K, capacity 656K, committed 768K, reserved 1048576K

Card table byte_map: [0x00007f1d1880a000,0x00007f1d18c0b000] byte_map_base: 0x00007f1d1840a000

Marking Bits: (ParMarkBitMap*) 0x00007f1d1b320100
 Begin Bits: [0x00007f1cfc000000, 0x00007f1cfe000000)
 End Bits:   [0x00007f1cfe000000, 0x00007f1d00000000)

Polling page: 0x00007f1d1bf68000

CodeCache: size=245760Kb used=13530Kb max_used=13530Kb free=232229Kb
 bounds [0x00007f1d05000000, 0x00007f1d05d60000, 0x00007f1d14000000]
 total_blobs=2841 nmethods=2573 adapters=182
 compilation: enabled

Compilation events (10 events):
Event: 142.769 Thread 0x00007f1d140b7000 nmethod 3310 0x00007f1d0533e710 code [0x00007f1d0533ed40, 0x00007f1d05343098]
Event: 142.769 Thread 0x00007f1d140b7000 3292       2       com.android.dx.ssa.back.InterferenceGraph::add (46 bytes)
Event: 142.769 Thread 0x00007f1d140b7000 nmethod 3292 0x00007f1d057500d0 code [0x00007f1d057502c0, 0x00007f1d05750768]
Event: 142.769 Thread 0x00007f1d140b7000 3316       2       com.android.dx.cf.code.BaseMachine::localArg (29 bytes)
Event: 142.769 Thread 0x00007f1d140b7000 nmethod 3316 0x00007f1d05c4af90 code [0x00007f1d05c4b120, 0x00007f1d05c4b398]
Event: 142.769 Thread 0x00007f1d140b7000 3318       2       com.android.dx.cf.code.BaseMachine::localInfo (6 bytes)
Event: 142.769 Thread 0x00007f1d140b7000 nmethod 3318 0x00007f1d055a0450 code [0x00007f1d055a05a0, 0x00007f1d055a06f0]
Event: 145.031 Thread 0x00007f1d140b7000 3320       2       com.android.dx.dex.code.RopTranslator$TranslationVisitor::visitPlainInsn (161 bytes)
Event: 147.741 Thread 0x00007f1d140b7000 nmethod 3320 0x00007f1d0533d750 code [0x00007f1d0533d960, 0x00007f1d0533df98]
Event: 148.003 Thread 0x00007f1d140b7000 3322       2       com.android.dx.ssa.MoveParamCombiner$1::visitNonMoveInsn (213 bytes)

GC Heap History (10 events):
Event: 58.243 GC heap after
Heap after GC invocations=20 (full 4):
 PSYoungGen      total 598528K, used 63250K [0x00000000d5580000, 0x0000000100000000, 0x0000000100000000)
  eden space 510464K, 0% used [0x00000000d5580000,0x00000000d5580000,0x00000000f4800000)
  from space 88064K, 71% used [0x00000000faa00000,0x00000000fe7c49c0,0x0000000100000000)
  to   space 94208K, 0% used [0x00000000f4800000,0x00000000f4800000,0x00000000fa400000)
 ParOldGen       total 431104K, used 308721K [0x0000000080000000, 0x000000009a500000, 0x00000000d5580000)
  object space 431104K, 71% used [0x0000000080000000,0x0000000092d7c4d0,0x000000009a500000)
 Metaspace       used 6561K, capacity 7320K, committed 7680K, reserved 1056768K
  class space    used 615K, capacity 656K, committed 768K, reserved 1048576K
}
Event: 63.746 GC heap before
{Heap before GC invocations=21 (full 4):
 PSYoungGen      total 598528K, used 573714K [0x00000000d5580000, 0x0000000100000000, 0x0000000100000000)
  eden space 510464K, 100% used [0x00000000d5580000,0x00000000f4800000,0x00000000f4800000)
  from space 88064K, 71% used [0x00000000faa00000,0x00000000fe7c49c0,0x0000000100000000)
  to   space 94208K, 0% used [0x00000000f4800000,0x00000000f4800000,0x00000000fa400000)
 ParOldGen       total 431104K, used 308721K [0x0000000080000000, 0x000000009a500000, 0x00000000d5580000)
  object space 431104K, 71% used [0x0000000080000000,0x0000000092d7c4d0,0x000000009a500000)
 Metaspace       used 6565K, capacity 7320K, committed 7680K, reserved 1056768K
  class space    used 615K, capacity 656K, committed 768K, reserved 1048576K
Event: 67.298 GC heap after
Heap after GC invocations=21 (full 4):
 PSYoungGen      total 589824K, used 79012K [0x00000000d5580000, 0x0000000100000000, 0x0000000100000000)
  eden space 510464K, 0% used [0x00000000d5580000,0x00000000d5580000,0x00000000f4800000)
  from space 79360K, 99% used [0x00000000f4800000,0x00000000f95293e0,0x00000000f9580000)
  to   space 103936K, 0% used [0x00000000f9a80000,0x00000000f9a80000,0x0000000100000000)
 ParOldGen       total 431104K, used 369268K [0x0000000080000000, 0x000000009a500000, 0x00000000d5580000)
  object space 431104K, 85% used [0x0000000080000000,0x000000009689d118,0x000000009a500000)
 Metaspace       used 6565K, capacity 7320K, committed 7680K, reserved 1056768K
  class space    used 615K, capacity 656K, committed 768K, reserved 1048576K
}
Event: 67.298 GC heap before
{Heap before GC invocations=22 (full 5):
 PSYoungGen      total 589824K, used 79012K [0x00000000d5580000, 0x0000000100000000, 0x0000000100000000)
  eden space 510464K, 0% used [0x00000000d5580000,0x00000000d5580000,0x00000000f4800000)
  from space 79360K, 99% used [0x00000000f4800000,0x00000000f95293e0,0x00000000f9580000)
  to   space 103936K, 0% used [0x00000000f9a80000,0x00000000f9a80000,0x0000000100000000)
 ParOldGen       total 431104K, used 369268K [0x0000000080000000, 0x000000009a500000, 0x00000000d5580000)
  object space 431104K, 85% used [0x0000000080000000,0x000000009689d118,0x000000009a500000)
 Metaspace       used 6565K, capacity 7320K, committed 7680K, reserved 1056768K
  class space    used 615K, capacity 656K, committed 768K, reserved 1048576K
Event: 76.555 GC heap after
Heap after GC invocations=22 (full 5):
 PSYoungGen      total 589824K, used 15851K [0x00000000d5580000, 0x0000000100000000, 0x0000000100000000)
  eden space 510464K, 0% used [0x00000000d5580000,0x00000000d5580000,0x00000000f4800000)
  from space 79360K, 19% used [0x00000000f4800000,0x00000000f577ada0,0x00000000f9580000)
  to   space 103936K, 0% used [0x00000000f9a80000,0x00000000f9a80000,0x0000000100000000)
 ParOldGen       total 590848K, used 431077K [0x0000000080000000, 0x00000000a4100000, 0x00000000d5580000)
  object space 590848K, 72% used [0x0000000080000000,0x000000009a4f9580,0x00000000a4100000)
 Metaspace       used 6565K, capacity 7320K, committed 7680K, reserved 1056768K
  class space    used 615K, capacity 656K, committed 768K, reserved 1048576K
}
Event: 82.443 GC heap before
{Heap before GC invocations=23 (full 5):
 PSYoungGen      total 589824K, used 526315K [0x00000000d5580000, 0x0000000100000000, 0x0000000100000000)
  eden space 510464K, 100% used [0x00000000d5580000,0x00000000f4800000,0x00000000f4800000)
  from space 79360K, 19% used [0x00000000f4800000,0x00000000f577ada0,0x00000000f9580000)
  to   space 103936K, 0% used [0x00000000f9a80000,0x00000000f9a80000,0x0000000100000000)
 ParOldGen       total 590848K, used 431077K [0x0000000080000000, 0x00000000a4100000, 0x00000000d5580000)
  object space 590848K, 72% used [0x0000000080000000,0x000000009a4f9580,0x00000000a4100000)
 Metaspace       used 6565K, capacity 7320K, committed 7680K, reserved 1056768K
  class space    used 615K, capacity 656K, committed 768K, reserved 1048576K
Event: 88.560 GC heap after
Heap after GC invocations=23 (full 5):
 PSYoungGen      total 574464K, used 84590K [0x00000000d5580000, 0x0000000100000000, 0x0000000100000000)
  eden space 470528K, 0% used [0x00000000d5580000,0x00000000d5580000,0x00000000f2100000)
  from space 103936K, 81% used [0x00000000f9a80000,0x00000000fed1bb20,0x0000000100000000)
  to   space 114176K, 0% used [0x00000000f2100000,0x00000000f2100000,0x00000000f9080000)
 ParOldGen       total 590848K, used 443489K [0x0000000080000000, 0x00000000a4100000, 0x00000000d5580000)
  object space 590848K, 75% used [0x0000000080000000,0x000000009b118780,0x00000000a4100000)
 Metaspace       used 6565K, capacity 7320K, committed 7680K, reserved 1056768K
  class space    used 615K, capacity 656K, committed 768K, reserved 1048576K
}
Event: 150.922 GC heap before
{Heap before GC invocations=24 (full 5):
 PSYoungGen      total 574464K, used 555118K [0x00000000d5580000, 0x0000000100000000, 0x0000000100000000)
  eden space 470528K, 100% used [0x00000000d5580000,0x00000000f2100000,0x00000000f2100000)
  from space 103936K, 81% used [0x00000000f9a80000,0x00000000fed1bb20,0x0000000100000000)
  to   space 114176K, 0% used [0x00000000f2100000,0x00000000f2100000,0x00000000f9080000)
 ParOldGen       total 590848K, used 443489K [0x0000000080000000, 0x00000000a4100000, 0x00000000d5580000)
  object space 590848K, 75% used [0x0000000080000000,0x000000009b118780,0x00000000a4100000)
 Metaspace       used 6573K, capacity 7320K, committed 7680K, reserved 1056768K
  class space    used 616K, capacity 656K, committed 768K, reserved 1048576K
Event: 161.870 GC heap after
Heap after GC invocations=24 (full 5):
 PSYoungGen      total 584704K, used 114156K [0x00000000d5580000, 0x0000000100000000, 0x0000000100000000)
  eden space 470528K, 0% used [0x00000000d5580000,0x00000000d5580000,0x00000000f2100000)
  from space 114176K, 99% used [0x00000000f2100000,0x00000000f907b058,0x00000000f9080000)
  to   space 114176K, 0% used [0x00000000f9080000,0x00000000f9080000,0x0000000100000000)
 ParOldGen       total 590848K, used 560153K [0x0000000080000000, 0x00000000a4100000, 0x00000000d5580000)
  object space 590848K, 94% used [0x0000000080000000,0x00000000a2306788,0x00000000a4100000)
 Metaspace       used 6573K, capacity 7320K, committed 7680K, reserved 1056768K
  class space    used 616K, capacity 656K, committed 768K, reserved 1048576K
}
Event: 162.277 GC heap before
{Heap before GC invocations=25 (full 6):
 PSYoungGen      total 584704K, used 114156K [0x00000000d5580000, 0x0000000100000000, 0x0000000100000000)
  eden space 470528K, 0% used [0x00000000d5580000,0x00000000d5580000,0x00000000f2100000)
  from space 114176K, 99% used [0x00000000f2100000,0x00000000f907b058,0x00000000f9080000)
  to   space 114176K, 0% used [0x00000000f9080000,0x00000000f9080000,0x0000000100000000)
 ParOldGen       total 590848K, used 560153K [0x0000000080000000, 0x00000000a4100000, 0x00000000d5580000)
  object space 590848K, 94% used [0x0000000080000000,0x00000000a2306788,0x00000000a4100000)
 Metaspace       used 6573K, capacity 7320K, committed 7680K, reserved 1056768K
  class space    used 616K, capacity 656K, committed 768K, reserved 1048576K

Deoptimization events (10 events):
Event: 93.295 Thread 0x00007f1d1419d800 Uncommon trap: reason=predicate action=maybe_recompile pc=0x00007f1d05b10430 method=com.android.dx.ssa.DomFront.run()[Lcom/android/dx/ssa/DomFront$DomInfo; @ 175
Event: 142.249 Thread 0x00007f1d1419f800 Uncommon trap: reason=unstable_if action=reinterpret pc=0x00007f1d057e532c method=com.android.dx.cf.code.Simulator$SimVisitor.visitLocal(IIIILcom/android/dx/rop/type/Type;I)V @ 162
Event: 142.505 Thread 0x00007f1d1419f800 Uncommon trap: reason=unstable_if action=reinterpret pc=0x00007f1d0562351c method=com.android.dx.dex.code.RopTranslator$TranslationVisitor.visitPlainInsn(Lcom/android/dx/rop/code/PlainInsn;)V @ 11
Event: 144.529 Thread 0x00007f1d1419d800 Uncommon trap: reason=unstable_if action=reinterpret pc=0x00007f1d05718984 method=com.android.dx.dex.code.RopTranslator$TranslationVisitor.visitPlainInsn(Lcom/android/dx/rop/code/PlainInsn;)V @ 11
Event: 144.529 Thread 0x00007f1d1419f800 Uncommon trap: reason=unstable_if action=reinterpret pc=0x00007f1d056e974c method=com.android.dx.ssa.MoveParamCombiner$1.visitNonMoveInsn(Lcom/android/dx/ssa/NormalSsaInsn;)V @ 71
Event: 144.529 Thread 0x00007f1d14198800 Uncommon trap: reason=unstable_if action=reinterpret pc=0x00007f1d056e974c method=com.android.dx.ssa.MoveParamCombiner$1.visitNonMoveInsn(Lcom/android/dx/ssa/NormalSsaInsn;)V @ 71
Event: 145.023 Thread 0x00007f1d1419f800 Uncommon trap: reason=class_check action=maybe_recompile pc=0x00007f1d05a5f36c method=com.android.dx.ssa.SCCP.simulateBranch(Lcom/android/dx/ssa/SsaInsn;)V @ 339
Event: 145.027 Thread 0x00007f1d1419f800 Uncommon trap: reason=class_check action=maybe_recompile pc=0x00007f1d05a5f36c method=com.android.dx.ssa.SCCP.simulateBranch(Lcom/android/dx/ssa/SsaInsn;)V @ 339
Event: 145.509 Thread 0x00007f1d14198800 Uncommon trap: reason=unstable_if action=reinterpret pc=0x00007f1d051f06ec method=java.util.TimSort.sort([Ljava/lang/Object;IILjava/util/Comparator;[Ljava/lang/Object;II)V @ 53
Event: 148.848 Thread 0x00007f1d14198800 Uncommon trap: reason=predicate action=maybe_recompile pc=0x00007f1d0554634c method=com.android.dx.ssa.back.InterferenceGraph.<init>(I)V @ 23

Internal exceptions (6 events):
Event: 0.204 Thread 0x00007f1d1400a000 Exception <a 'java/lang/NoSuchMethodError': Method sun.misc.Unsafe.defineClass(Ljava/lang/String;[BII)Ljava/lang/Class; name or signature does not match> (0x00000000d5592bf0) thrown at [/HUDSON3/workspace/8-2-build-linux-amd64/jdk8u73/6086/hotspot/src/sha
Event: 0.204 Thread 0x00007f1d1400a000 Exception <a 'java/lang/NoSuchMethodError': Method sun.misc.Unsafe.prefetchRead(Ljava/lang/Object;J)V name or signature does not match> (0x00000000d5592ed8) thrown at [/HUDSON3/workspace/8-2-build-linux-amd64/jdk8u73/6086/hotspot/src/share/vm/prims/jni.cp
Event: 1.854 Thread 0x00007f1d1419c000 Implicit null exception at 0x00007f1d052dd74c to 0x00007f1d052dfe69
Event: 2.292 Thread 0x00007f1d1419f800 Exception <a 'java/lang/ArrayIndexOutOfBoundsException': 18> (0x00000000d6d4a2c0) thrown at [/HUDSON3/workspace/8-2-build-linux-amd64/jdk8u73/6086/hotspot/src/share/vm/interpreter/interpreterRuntime.cpp, line 366]
Event: 2.292 Thread 0x00007f1d1419f800 Exception <a 'java/lang/ArrayIndexOutOfBoundsException': 145> (0x00000000d6d4be40) thrown at [/HUDSON3/workspace/8-2-build-linux-amd64/jdk8u73/6086/hotspot/src/share/vm/interpreter/interpreterRuntime.cpp, line 366]
Event: 2.299 Thread 0x00007f1d1419f800 Exception <a 'java/lang/ArrayIndexOutOfBoundsException': 40> (0x00000000d6d4d128) thrown at [/HUDSON3/workspace/8-2-build-linux-amd64/jdk8u73/6086/hotspot/src/share/vm/interpreter/interpreterRuntime.cpp, line 366]

Events (10 events):
Event: 145.027 Thread 0x00007f1d1419f800 Uncommon trap: trap_request=0xffffffde fr.pc=0x00007f1d05a5f36c
Event: 145.027 Thread 0x00007f1d1419f800 DEOPT PACKING pc=0x00007f1d05a5f36c sp=0x00007f1cf6a1cbe0
Event: 145.027 Thread 0x00007f1d1419f800 DEOPT UNPACKING pc=0x00007f1d05005229 sp=0x00007f1cf6a1cbb8 mode 2
Event: 145.509 Thread 0x00007f1d14198800 Uncommon trap: trap_request=0xffffff65 fr.pc=0x00007f1d051f06ec
Event: 145.509 Thread 0x00007f1d14198800 DEOPT PACKING pc=0x00007f1d051f06ec sp=0x00007f1cf6e20c50
Event: 145.509 Thread 0x00007f1d14198800 DEOPT UNPACKING pc=0x00007f1d05005229 sp=0x00007f1cf6e20bf0 mode 2
Event: 148.744 Thread 0x00007f1d14198800 Uncommon trap: trap_request=0xffffff86 fr.pc=0x00007f1d0554634c
Event: 148.848 Thread 0x00007f1d14198800 DEOPT PACKING pc=0x00007f1d0554634c sp=0x00007f1cf6e21070
Event: 148.995 Executing VM operation: ParallelGCFailedAllocation
Event: 149.581 Thread 0x00007f1d14198800 DEOPT UNPACKING pc=0x00007f1d05005229 sp=0x00007f1cf6e21030 mode 2


Dynamic libraries:
00400000-00401000 r-xp 00000000 08:06 1974662                            /home/adament/mkn/android/jdk1.8.0_73/bin/java
00600000-00601000 rw-p 00000000 08:06 1974662                            /home/adament/mkn/android/jdk1.8.0_73/bin/java
00757000-00799000 rw-p 00000000 00:00 0                                  [heap]
80000000-a4100000 rw-p 00000000 00:00 0 
b0880000-d5580000 ---p 00000000 00:00 0 
d5580000-100000000 rw-p 00000000 00:00 0 
100000000-1000c0000 rw-p 00000000 00:00 0 
1000c0000-140000000 ---p 00000000 00:00 0 
7f1cc0000000-7f1cc003d000 rw-p 00000000 00:00 0 
7f1cc003d000-7f1cc4000000 ---p 00000000 00:00 0 
7f1cc8000000-7f1cc8021000 rw-p 00000000 00:00 0 
7f1cc8021000-7f1ccc000000 ---p 00000000 00:00 0 
7f1ccc000000-7f1ccc045000 rw-p 00000000 00:00 0 
7f1ccc045000-7f1cd0000000 ---p 00000000 00:00 0 
7f1cd0000000-7f1cd0021000 rw-p 00000000 00:00 0 
7f1cd0021000-7f1cd4000000 ---p 00000000 00:00 0 
7f1cd4000000-7f1cd4048000 rw-p 00000000 00:00 0 
7f1cd4048000-7f1cd8000000 ---p 00000000 00:00 0 
7f1cd8000000-7f1cd8bb5000 rw-p 00000000 00:00 0 
7f1cd8bb5000-7f1cdc000000 ---p 00000000 00:00 0 
7f1cdc000000-7f1cdc021000 rw-p 00000000 00:00 0 
7f1cdc021000-7f1ce0000000 ---p 00000000 00:00 0 
7f1ce0000000-7f1ce0021000 rw-p 00000000 00:00 0 
7f1ce0021000-7f1ce4000000 ---p 00000000 00:00 0 
7f1ce4000000-7f1ce6638000 rw-p 00000000 00:00 0 
7f1ce6638000-7f1ce8000000 ---p 00000000 00:00 0 
7f1ce8000000-7f1ce8021000 rw-p 00000000 00:00 0 
7f1ce8021000-7f1cec000000 ---p 00000000 00:00 0 
7f1cec000000-7f1cec021000 rw-p 00000000 00:00 0 
7f1cec021000-7f1cf0000000 ---p 00000000 00:00 0 
7f1cf0000000-7f1cf029d000 rw-p 00000000 00:00 0 
7f1cf029d000-7f1cf4000000 ---p 00000000 00:00 0 
7f1cf691e000-7f1cf6921000 ---p 00000000 00:00 0 
7f1cf6921000-7f1cf6a1f000 rw-p 00000000 00:00 0                          [stack:17621]
7f1cf6a1f000-7f1cf6a22000 ---p 00000000 00:00 0 
7f1cf6a22000-7f1cf6b20000 rw-p 00000000 00:00 0                          [stack:17620]
7f1cf6b20000-7f1cf6b23000 ---p 00000000 00:00 0 
7f1cf6b23000-7f1cf6c21000 rw-p 00000000 00:00 0                          [stack:17619]
7f1cf6c21000-7f1cf6c24000 ---p 00000000 00:00 0 
7f1cf6c24000-7f1cf6d22000 rw-p 00000000 00:00 0                          [stack:17618]
7f1cf6d22000-7f1cf6d25000 ---p 00000000 00:00 0 
7f1cf6d25000-7f1cf6e23000 rw-p 00000000 00:00 0                          [stack:17617]
7f1cf6e23000-7f1cf6f29000 r--s 00b5a000 08:06 3806456                    /home/adament/EstiloRobe/estiloRobe/build/intermediates/transforms/jarMerging/debug/jars/1/1f/combined.jar
7f1cf6f29000-7f1cf6f2a000 ---p 00000000 00:00 0 
7f1cf6f2a000-7f1cf702a000 rw-p 00000000 00:00 0                          [stack:17616]
7f1cf702a000-7f1cf702d000 ---p 00000000 00:00 0 
7f1cf702d000-7f1cf712b000 rw-p 00000000 00:00 0                          [stack:17615]
7f1cf712b000-7f1cf712e000 ---p 00000000 00:00 0 
7f1cf712e000-7f1cf722c000 rw-p 00000000 00:00 0                          [stack:17614]
7f1cf722c000-7f1cf722f000 ---p 00000000 00:00 0 
7f1cf722f000-7f1cf732d000 rw-p 00000000 00:00 0                          [stack:17613]
7f1cf732d000-7f1cf7330000 ---p 00000000 00:00 0 
7f1cf7330000-7f1cf742e000 rw-p 00000000 00:00 0                          [stack:17612]
7f1cf742e000-7f1cf76f7000 r--p 00000000 08:06 138881                     /usr/lib/locale/locale-archive
7f1cf76f7000-7f1cf76fa000 ---p 00000000 00:00 0 
7f1cf76fa000-7f1cf77f8000 rw-p 00000000 00:00 0                          [stack:17611]
7f1cf77f8000-7f1cf77fb000 ---p 00000000 00:00 0 
7f1cf77fb000-7f1cf78f9000 rw-p 00000000 00:00 0                          [stack:17610]
7f1cf78f9000-7f1cf78fa000 ---p 00000000 00:00 0 
7f1cf78fa000-7f1cf8000000 rw-p 00000000 00:00 0                          [stack:17609]
7f1cf8000000-7f1cf8021000 rw-p 00000000 00:00 0 
7f1cf8021000-7f1cfc000000 ---p 00000000 00:00 0 
7f1cfc000000-7f1d00000000 rw-p 00000000 00:00 0 
7f1d00000000-7f1d00021000 rw-p 00000000 00:00 0 
7f1d00021000-7f1d04000000 ---p 00000000 00:00 0 
7f1d040fd000-7f1d04ac0000 rw-p 00000000 00:00 0 
7f1d04ac0000-7f1d04c00000 ---p 00000000 00:00 0 
7f1d04c00000-7f1d05000000 rw-p 00000000 00:00 0 
7f1d05000000-7f1d05d60000 rwxp 00000000 00:00 0 
7f1d05d60000-7f1d14000000 ---p 00000000 00:00 0 
7f1d14000000-7f1d143b0000 rw-p 00000000 00:00 0 
7f1d143b0000-7f1d18000000 ---p 00000000 00:00 0 
7f1d1807e000-7f1d1810f000 rw-p 00000000 00:00 0 
7f1d1810f000-7f1d182e7000 r--s 03d23000 08:06 2102216                    /home/adament/mkn/android/jdk1.8.0_73/jre/lib/rt.jar
7f1d182e7000-7f1d1835d000 rw-p 00000000 00:00 0 
7f1d1835d000-7f1d1835e000 ---p 00000000 00:00 0 
7f1d1835e000-7f1d1845e000 rw-p 00000000 00:00 0                          [stack:17608]
7f1d1845e000-7f1d1845f000 ---p 00000000 00:00 0 
7f1d1845f000-7f1d18680000 rw-p 00000000 00:00 0                          [stack:17607]
7f1d18680000-7f1d1880a000 ---p 00000000 00:00 0 
7f1d1880a000-7f1d1892b000 rw-p 00000000 00:00 0 
7f1d1892b000-7f1d18ab4000 ---p 00000000 00:00 0 
7f1d18ab4000-7f1d18c0a000 rw-p 00000000 00:00 0 
7f1d18c0a000-7f1d18c41000 rw-p 00000000 00:00 0 
7f1d18c41000-7f1d18fcb000 ---p 00000000 00:00 0 
7f1d18fcb000-7f1d18fe5000 r-xp 00000000 08:06 2493507                    /home/adament/mkn/android/jdk1.8.0_73/jre/lib/amd64/libzip.so
7f1d18fe5000-7f1d191e5000 ---p 0001a000 08:06 2493507                    /home/adament/mkn/android/jdk1.8.0_73/jre/lib/amd64/libzip.so
7f1d191e5000-7f1d191e6000 rw-p 0001a000 08:06 2493507                    /home/adament/mkn/android/jdk1.8.0_73/jre/lib/amd64/libzip.so
7f1d191e6000-7f1d191f1000 r-xp 00000000 08:06 2363499                    /lib/x86_64-linux-gnu/libnss_files-2.19.so
7f1d191f1000-7f1d193f0000 ---p 0000b000 08:06 2363499                    /lib/x86_64-linux-gnu/libnss_files-2.19.so
7f1d193f0000-7f1d193f1000 r--p 0000a000 08:06 2363499                    /lib/x86_64-linux-gnu/libnss_files-2.19.so
7f1d193f1000-7f1d193f2000 rw-p 0000b000 08:06 2363499                    /lib/x86_64-linux-gnu/libnss_files-2.19.so
7f1d193f2000-7f1d193fd000 r-xp 00000000 08:06 2363509                    /lib/x86_64-linux-gnu/libnss_nis-2.19.so
7f1d193fd000-7f1d195fc000 ---p 0000b000 08:06 2363509                    /lib/x86_64-linux-gnu/libnss_nis-2.19.so
7f1d195fc000-7f1d195fd000 r--p 0000a000 08:06 2363509                    /lib/x86_64-linux-gnu/libnss_nis-2.19.so
7f1d195fd000-7f1d195fe000 rw-p 0000b000 08:06 2363509                    /lib/x86_64-linux-gnu/libnss_nis-2.19.so
7f1d195fe000-7f1d19615000 r-xp 00000000 08:06 2363493                    /lib/x86_64-linux-gnu/libnsl-2.19.so
7f1d19615000-7f1d19814000 ---p 00017000 08:06 2363493                    /lib/x86_64-linux-gnu/libnsl-2.19.so
7f1d19814000-7f1d19815000 r--p 00016000 08:06 2363493                    /lib/x86_64-linux-gnu/libnsl-2.19.so
7f1d19815000-7f1d19816000 rw-p 00017000 08:06 2363493                    /lib/x86_64-linux-gnu/libnsl-2.19.so
7f1d19816000-7f1d19818000 rw-p 00000000 00:00 0 
7f1d19818000-7f1d19821000 r-xp 00000000 08:06 2363495                    /lib/x86_64-linux-gnu/libnss_compat-2.19.so
7f1d19821000-7f1d19a20000 ---p 00009000 08:06 2363495                    /lib/x86_64-linux-gnu/libnss_compat-2.19.so
7f1d19a20000-7f1d19a21000 r--p 00008000 08:06 2363495                    /lib/x86_64-linux-gnu/libnss_compat-2.19.so
7f1d19a21000-7f1d19a22000 rw-p 00009000 08:06 2363495                    /lib/x86_64-linux-gnu/libnss_compat-2.19.so
7f1d19a22000-7f1d19a4c000 r-xp 00000000 08:06 2493472                    /home/adament/mkn/android/jdk1.8.0_73/jre/lib/amd64/libjava.so
7f1d19a4c000-7f1d19c4c000 ---p 0002a000 08:06 2493472                    /home/adament/mkn/android/jdk1.8.0_73/jre/lib/amd64/libjava.so
7f1d19c4c000-7f1d19c4e000 rw-p 0002a000 08:06 2493472                    /home/adament/mkn/android/jdk1.8.0_73/jre/lib/amd64/libjava.so
7f1d19c4e000-7f1d19c5b000 r-xp 00000000 08:06 2493506                    /home/adament/mkn/android/jdk1.8.0_73/jre/lib/amd64/libverify.so
7f1d19c5b000-7f1d19e5b000 ---p 0000d000 08:06 2493506                    /home/adament/mkn/android/jdk1.8.0_73/jre/lib/amd64/libverify.so
7f1d19e5b000-7f1d19e5d000 rw-p 0000d000 08:06 2493506                    /home/adament/mkn/android/jdk1.8.0_73/jre/lib/amd64/libverify.so
7f1d19e5d000-7f1d19e64000 r-xp 00000000 08:06 2363552                    /lib/x86_64-linux-gnu/librt-2.19.so
7f1d19e64000-7f1d1a063000 ---p 00007000 08:06 2363552                    /lib/x86_64-linux-gnu/librt-2.19.so
7f1d1a063000-7f1d1a064000 r--p 00006000 08:06 2363552                    /lib/x86_64-linux-gnu/librt-2.19.so
7f1d1a064000-7f1d1a065000 rw-p 00007000 08:06 2363552                    /lib/x86_64-linux-gnu/librt-2.19.so
7f1d1a065000-7f1d1a16a000 r-xp 00000000 08:06 2363474                    /lib/x86_64-linux-gnu/libm-2.19.so
7f1d1a16a000-7f1d1a369000 ---p 00105000 08:06 2363474                    /lib/x86_64-linux-gnu/libm-2.19.so
7f1d1a369000-7f1d1a36a000 r--p 00104000 08:06 2363474                    /lib/x86_64-linux-gnu/libm-2.19.so
7f1d1a36a000-7f1d1a36b000 rw-p 00105000 08:06 2363474                    /lib/x86_64-linux-gnu/libm-2.19.so
7f1d1a36b000-7f1d1b02a000 r-xp 00000000 08:06 2624044                    /home/adament/mkn/android/jdk1.8.0_73/jre/lib/amd64/server/libjvm.so
7f1d1b02a000-7f1d1b229000 ---p 00cbf000 08:06 2624044                    /home/adament/mkn/android/jdk1.8.0_73/jre/lib/amd64/server/libjvm.so
7f1d1b229000-7f1d1b302000 rw-p 00cbe000 08:06 2624044                    /home/adament/mkn/android/jdk1.8.0_73/jre/lib/amd64/server/libjvm.so
7f1d1b302000-7f1d1b34b000 rw-p 00000000 00:00 0 
7f1d1b34b000-7f1d1b506000 r-xp 00000000 08:06 2363421                    /lib/x86_64-linux-gnu/libc-2.19.so
7f1d1b506000-7f1d1b706000 ---p 001bb000 08:06 2363421                    /lib/x86_64-linux-gnu/libc-2.19.so
7f1d1b706000-7f1d1b70a000 r--p 001bb000 08:06 2363421                    /lib/x86_64-linux-gnu/libc-2.19.so
7f1d1b70a000-7f1d1b70c000 rw-p 001bf000 08:06 2363421                    /lib/x86_64-linux-gnu/libc-2.19.so
7f1d1b70c000-7f1d1b711000 rw-p 00000000 00:00 0 
7f1d1b711000-7f1d1b714000 r-xp 00000000 08:06 2363438                    /lib/x86_64-linux-gnu/libdl-2.19.so
7f1d1b714000-7f1d1b913000 ---p 00003000 08:06 2363438                    /lib/x86_64-linux-gnu/libdl-2.19.so
7f1d1b913000-7f1d1b914000 r--p 00002000 08:06 2363438                    /lib/x86_64-linux-gnu/libdl-2.19.so
7f1d1b914000-7f1d1b915000 rw-p 00003000 08:06 2363438                    /lib/x86_64-linux-gnu/libdl-2.19.so
7f1d1b915000-7f1d1b92a000 r-xp 00000000 08:06 2493603                    /home/adament/mkn/android/jdk1.8.0_73/lib/amd64/jli/libjli.so
7f1d1b92a000-7f1d1bb2a000 ---p 00015000 08:06 2493603                    /home/adament/mkn/android/jdk1.8.0_73/lib/amd64/jli/libjli.so
7f1d1bb2a000-7f1d1bb2b000 rw-p 00015000 08:06 2493603                    /home/adament/mkn/android/jdk1.8.0_73/lib/amd64/jli/libjli.so
7f1d1bb2b000-7f1d1bb44000 r-xp 00000000 08:06 2363544                    /lib/x86_64-linux-gnu/libpthread-2.19.so
7f1d1bb44000-7f1d1bd43000 ---p 00019000 08:06 2363544                    /lib/x86_64-linux-gnu/libpthread-2.19.so
7f1d1bd43000-7f1d1bd44000 r--p 00018000 08:06 2363544                    /lib/x86_64-linux-gnu/libpthread-2.19.so
7f1d1bd44000-7f1d1bd45000 rw-p 00019000 08:06 2363544                    /lib/x86_64-linux-gnu/libpthread-2.19.so
7f1d1bd45000-7f1d1bd49000 rw-p 00000000 00:00 0 
7f1d1bd49000-7f1d1bd6c000 r-xp 00000000 08:06 2363395                    /lib/x86_64-linux-gnu/ld-2.19.so
7f1d1bd75000-7f1d1be41000 rw-p 00000000 00:00 0 
7f1d1be41000-7f1d1be44000 ---p 00000000 00:00 0 
7f1d1be44000-7f1d1bf46000 rw-p 00000000 00:00 0                          [stack:17606]
7f1d1bf4f000-7f1d1bf50000 rw-p 00000000 00:00 0 
7f1d1bf50000-7f1d1bf5f000 r--s 000df000 08:06 2493619                    /home/adament/mkn/android/sdk/build-tools/23.0.2/lib/dx.jar
7f1d1bf5f000-7f1d1bf67000 rw-s 00000000 08:06 7477581                    /tmp/hsperfdata_adament/17601
7f1d1bf67000-7f1d1bf68000 rw-p 00000000 00:00 0 
7f1d1bf68000-7f1d1bf69000 ---p 00000000 00:00 0 
7f1d1bf69000-7f1d1bf6b000 rw-p 00000000 00:00 0 
7f1d1bf6b000-7f1d1bf6c000 r--p 00022000 08:06 2363395                    /lib/x86_64-linux-gnu/ld-2.19.so
7f1d1bf6c000-7f1d1bf6d000 rw-p 00023000 08:06 2363395                    /lib/x86_64-linux-gnu/ld-2.19.so
7f1d1bf6d000-7f1d1bf6e000 rw-p 00000000 00:00 0 
7fff48c2d000-7fff48c4e000 rw-p 00000000 00:00 0                          [stack]
7fff48cdb000-7fff48cdd000 r-xp 00000000 00:00 0                          [vdso]
ffffffffff600000-ffffffffff601000 r-xp 00000000 00:00 0                  [vsyscall]

VM Arguments:
jvm_args: -Djava.awt.headless=true -Xmx2048M -Dfile.encoding=UTF-8 -Duser.country=IN -Duser.language=en -Duser.variant 
java_command: com.android.dx.command.Main --dex --num-threads=4 --multi-dex --main-dex-list /home/adament/EstiloRobe/estiloRobe/build/intermediates/multi-dex/debug/maindexlist.txt --output /home/adament/EstiloRobe/estiloRobe/build/intermediates/transforms/dex/debug/folders/1000/1f/main /home/adament/EstiloRobe/estiloRobe/build/intermediates/transforms/jarMerging/debug/jars/1/1f/combined.jar
java_class_path (initial): /home/adament/mkn/android/sdk/build-tools/23.0.2/lib/dx.jar
Launcher Type: SUN_STANDARD

Environment Variables:
JAVA_HOME=/home/adament/mkn/android/jdk1.8.0_73
PATH=/usr/local/sbin:/usr/local/bin:/usr/sbin:/usr/bin:/sbin:/bin:/usr/games:/usr/local/games:/home/adament/mkn/android/sdk/platform-tools
USERNAME=adament
LD_LIBRARY_PATH=/home/adament/mkn/android/android-studio/bin:
SHELL=/bin/bash
DISPLAY=:0

Signal Handlers:
SIGSEGV: [libjvm.so+0xabafa0], sa_mask[0]=11111111011111111101111111111110, sa_flags=SA_RESTART|SA_SIGINFO
SIGBUS: [libjvm.so+0xabafa0], sa_mask[0]=11111111011111111101111111111110, sa_flags=SA_RESTART|SA_SIGINFO
SIGFPE: [libjvm.so+0x9183c0], sa_mask[0]=11111111011111111101111111111110, sa_flags=SA_RESTART|SA_SIGINFO
SIGPIPE: [libjvm.so+0x9183c0], sa_mask[0]=11111111011111111101111111111110, sa_flags=SA_RESTART|SA_SIGINFO
SIGXFSZ: [libjvm.so+0x9183c0], sa_mask[0]=11111111011111111101111111111110, sa_flags=SA_RESTART|SA_SIGINFO
SIGILL: [libjvm.so+0x9183c0], sa_mask[0]=11111111011111111101111111111110, sa_flags=SA_RESTART|SA_SIGINFO
SIGUSR1: SIG_DFL, sa_mask[0]=00000000000000000000000000000000, sa_flags=none
SIGUSR2: [libjvm.so+0x9199f0], sa_mask[0]=00100000000000000000000000000000, sa_flags=SA_RESTART|SA_SIGINFO
SIGHUP: [libjvm.so+0x91adf0], sa_mask[0]=11111111011111111101111111111110, sa_flags=SA_RESTART|SA_SIGINFO
SIGINT: [libjvm.so+0x91adf0], sa_mask[0]=11111111011111111101111111111110, sa_flags=SA_RESTART|SA_SIGINFO
SIGTERM: [libjvm.so+0x91adf0], sa_mask[0]=11111111011111111101111111111110, sa_flags=SA_RESTART|SA_SIGINFO
SIGQUIT: [libjvm.so+0x91adf0], sa_mask[0]=11111111011111111101111111111110, sa_flags=SA_RESTART|SA_SIGINFO


---------------  S Y S T E M  ---------------

OS:DISTRIB_ID=LinuxMint
DISTRIB_RELEASE=17.1
DISTRIB_CODENAME=rebecca
DISTRIB_DESCRIPTION="Linux Mint 17.1 Rebecca"

uname:Linux 3.13.0-37-generic #64-Ubuntu SMP Mon Sep 22 21:28:38 UTC 2014 x86_64
libc:glibc 2.19 NPTL 2.19 
rlimit: STACK 8192k, CORE 0k, NPROC 30684, NOFILE 4096, AS infinity
load average:15.67 7.99 4.41

/proc/meminfo:
MemTotal:        3958712 kB
MemFree:          112348 kB
Buffers:             536 kB
Cached:           205112 kB
SwapCached:        81024 kB
Active:          2617572 kB
Inactive:        1014984 kB
Active(anon):    2610192 kB
Inactive(anon):   986036 kB
Active(file):       7380 kB
Inactive(file):    28948 kB
Unevictable:          32 kB
Mlocked:              32 kB
SwapTotal:       1998844 kB
SwapFree:           1008 kB
Dirty:               104 kB
Writeback:             0 kB
AnonPages:       3348304 kB
Mapped:            44100 kB
Shmem:            169136 kB
Slab:              79896 kB
SReclaimable:      42256 kB
SUnreclaim:        37640 kB
KernelStack:        5136 kB
PageTables:        56132 kB
NFS_Unstable:          0 kB
Bounce:                0 kB
WritebackTmp:          0 kB
CommitLimit:     3978200 kB
Committed_AS:    9757256 kB
VmallocTotal:   34359738367 kB
VmallocUsed:      543712 kB
VmallocChunk:   34359187932 kB
HardwareCorrupted:     0 kB
AnonHugePages:    698368 kB
HugePages_Total:       0
HugePages_Free:        0
HugePages_Rsvd:        0
HugePages_Surp:        0
Hugepagesize:       2048 kB
DirectMap4k:       68648 kB
DirectMap2M:     4036608 kB


CPU:total 2 (2 cores per cpu, 1 threads per core) family 6 model 42 stepping 7, cmov, cx8, fxsr, mmx, sse, sse2, sse3, ssse3, sse4.1, sse4.2, popcnt, clmul, tsc, tscinvbit

/proc/cpuinfo:
processor	: 0
vendor_id	: GenuineIntel
cpu family	: 6
model		: 42
model name	: Intel(R) Pentium(R) CPU G620 @ 2.60GHz
stepping	: 7
microcode	: 0xd
cpu MHz		: 2594.354
cache size	: 3072 KB
physical id	: 0
siblings	: 2
core id		: 0
cpu cores	: 2
apicid		: 0
initial apicid	: 0
fpu		: yes
fpu_exception	: yes
cpuid level	: 13
wp		: yes
flags		: fpu vme de pse tsc msr pae mce cx8 apic sep mtrr pge mca cmov pat pse36 clflush dts acpi mmx fxsr sse sse2 ss ht tm pbe syscall nx rdtscp lm constant_tsc arch_perfmon pebs bts rep_good nopl xtopology nonstop_tsc aperfmperf eagerfpu pni pclmulqdq dtes64 monitor ds_cpl vmx est tm2 ssse3 cx16 xtpr pdcm pcid sse4_1 sse4_2 popcnt tsc_deadline_timer xsave lahf_lm arat epb xsaveopt pln pts dtherm tpr_shadow vnmi flexpriority ept vpid
bogomips	: 5188.70
clflush size	: 64
cache_alignment	: 64
address sizes	: 36 bits physical, 48 bits virtual
power management:

processor	: 1
vendor_id	: GenuineIntel
cpu family	: 6
model		: 42
model name	: Intel(R) Pentium(R) CPU G620 @ 2.60GHz
stepping	: 7
microcode	: 0xd
cpu MHz		: 2594.354
cache size	: 3072 KB
physical id	: 0
siblings	: 2
core id		: 1
cpu cores	: 2
apicid		: 2
initial apicid	: 2
fpu		: yes
fpu_exception	: yes
cpuid level	: 13
wp		: yes
flags		: fpu vme de pse tsc msr pae mce cx8 apic sep mtrr pge mca cmov pat pse36 clflush dts acpi mmx fxsr sse sse2 ss ht tm pbe syscall nx rdtscp lm constant_tsc arch_perfmon pebs bts rep_good nopl xtopology nonstop_tsc aperfmperf eagerfpu pni pclmulqdq dtes64 monitor ds_cpl vmx est tm2 ssse3 cx16 xtpr pdcm pcid sse4_1 sse4_2 popcnt tsc_deadline_timer xsave lahf_lm arat epb xsaveopt pln pts dtherm tpr_shadow vnmi flexpriority ept vpid
bogomips	: 5188.70
clflush size	: 64
cache_alignment	: 64
address sizes	: 36 bits physical, 48 bits virtual
power management:



Memory: 4k page, physical 3958712k(112348k free), swap 1998844k(1008k free)

vm_info: Java HotSpot(TM) 64-Bit Server VM (25.73-b02) for linux-amd64 JRE (1.8.0_73-b02), built on Jan 29 2016 17:39:45 by "java_re" with gcc 4.3.0 20080428 (Red Hat 4.3.0-8)

time: Wed Apr 20 19:26:37 2016
elapsed time: 193 seconds (0d 0h 3m 13s)

