#
# There is insufficient memory for the Java Runtime Environment to continue.
# Native memory allocation (mmap) failed to map 247463936 bytes for committing reserved memory.
# Possible reasons:
#   The system is out of physical RAM or swap space
#   In 32 bit mode, the process size limit was hit
# Possible solutions:
#   Reduce memory load on the system
#   Increase physical memory or swap space
#   Check if swap backing store is full
#   Use 64 bit Java on a 64 bit OS
#   Decrease Java heap size (-Xmx/-Xms)
#   Decrease number of Java threads
#   Decrease Java thread stack sizes (-Xss)
#   Set larger code cache with -XX:ReservedCodeCacheSize=
# This output file may be truncated or incomplete.
#
#  Out of Memory Error (os_linux.cpp:2627), pid=12233, tid=140144347875072
#
# JRE version: Java(TM) SE Runtime Environment (8.0_73-b02) (build 1.8.0_73-b02)
# Java VM: Java HotSpot(TM) 64-Bit Server VM (25.73-b02 mixed mode linux-amd64 compressed oops)
# Failed to write core dump. Core dumps have been disabled. To enable core dumping, try "ulimit -c unlimited" before starting Java again
#

---------------  T H R E A D  ---------------

Current thread (0x00007f75fc074000):  VMThread [stack: 0x00007f75e6028000,0x00007f75e6129000] [id=12241]

Stack: [0x00007f75e6028000,0x00007f75e6129000],  sp=0x00007f75e61271e0,  free space=1020k
Native frames: (J=compiled Java code, j=interpreted, Vv=VM code, C=native code)
V  [libjvm.so+0xaba71a]  VMError::report_and_die()+0x2ba
V  [libjvm.so+0x4f9ecb]  report_vm_out_of_memory(char const*, int, unsigned long, VMErrorType, char const*)+0x8b
V  [libjvm.so+0x91b553]  os::Linux::commit_memory_impl(char*, unsigned long, bool)+0x103
V  [libjvm.so+0x91baa9]  os::pd_commit_memory(char*, unsigned long, unsigned long, bool)+0x29
V  [libjvm.so+0x915dba]  os::commit_memory(char*, unsigned long, unsigned long, bool)+0x2a
V  [libjvm.so+0x989463]  PSVirtualSpace::expand_by(unsigned long)+0x53
V  [libjvm.so+0x979d50]  PSOldGen::expand(unsigned long)+0x170
V  [libjvm.so+0x979f5b]  PSOldGen::resize(unsigned long)+0x1cb
V  [libjvm.so+0x981c31]  PSParallelCompact::invoke_no_policy(bool)+0x991
V  [libjvm.so+0x98758d]  PSScavenge::invoke()+0x1ad
V  [libjvm.so+0x93f1b0]  ParallelScavengeHeap::failed_mem_allocate(unsigned long)+0x70
V  [libjvm.so+0xabc137]  VM_ParallelGCFailedAllocation::doit()+0x97
V  [libjvm.so+0xac3b65]  VM_Operation::evaluate()+0x55
V  [libjvm.so+0xac1f3a]  VMThread::evaluate_operation(VM_Operation*)+0xba
V  [libjvm.so+0xac22be]  VMThread::loop()+0x1ce
V  [libjvm.so+0xac2730]  VMThread::run()+0x70
V  [libjvm.so+0x91d918]  java_start(Thread*)+0x108

VM_Operation (0x00007f75e5559e30): ParallelGCFailedAllocation, mode: safepoint, requested by thread 0x00007f75fc1bf000


---------------  P R O C E S S  ---------------

Java Threads: ( => current thread )
  0x00007f75fc126800 JavaThread "pool-1-thread-1" [_thread_blocked, id=12278, stack(0x00007f75e4f56000,0x00007f75e5057000)]
  0x00007f75fc1c1800 JavaThread "pool-3-thread-1" [_thread_blocked, id=12250, stack(0x00007f75e535a000,0x00007f75e545b000)]
  0x00007f75fc1bf000 JavaThread "pool-2-thread-1" [_thread_blocked, id=12249, stack(0x00007f75e545b000,0x00007f75e555c000)]
  0x00007f75fc0cc000 JavaThread "Service Thread" daemon [_thread_blocked, id=12247, stack(0x00007f75e5759000,0x00007f75e585a000)]
  0x00007f75fc0b7000 JavaThread "C1 CompilerThread1" daemon [_thread_blocked, id=12246, stack(0x00007f75e585a000,0x00007f75e595b000)]
  0x00007f75fc0b4000 JavaThread "C2 CompilerThread0" daemon [_thread_blocked, id=12245, stack(0x00007f75e595b000,0x00007f75e5a5c000)]
  0x00007f75fc0b2800 JavaThread "Signal Dispatcher" daemon [_thread_blocked, id=12244, stack(0x00007f75e5a5c000,0x00007f75e5b5d000)]
  0x00007f75fc07b000 JavaThread "Finalizer" daemon [_thread_blocked, id=12243, stack(0x00007f75e5e26000,0x00007f75e5f27000)]
  0x00007f75fc079000 JavaThread "Reference Handler" daemon [_thread_blocked, id=12242, stack(0x00007f75e5f27000,0x00007f75e6028000)]
  0x00007f75fc00a000 JavaThread "main" [_thread_blocked, id=12238, stack(0x00007f76023f7000,0x00007f76024f8000)]

Other Threads:
=>0x00007f75fc074000 VMThread [stack: 0x00007f75e6028000,0x00007f75e6129000] [id=12241]
  0x00007f75fc0ce800 WatcherThread [stack: 0x00007f75e5658000,0x00007f75e5759000] [id=12248]

VM state:at safepoint (normal execution)

VM Mutex/Monitor currently owned by a thread:  ([mutex/lock_event])
[0x00007f75fc006070] ExpandHeap_lock - owner thread: 0x00007f75fc074000
[0x00007f75fc0066f0] Threads_lock - owner thread: 0x00007f75fc074000
[0x00007f75fc006bf0] Heap_lock - owner thread: 0x00007f75fc1bf000

Heap:
 PSYoungGen      total 509440K, used 49524K [0x00000000d5580000, 0x0000000100000000, 0x0000000100000000)
  eden space 320000K, 0% used [0x00000000d5580000,0x00000000d5580000,0x00000000e8e00000)
  from space 189440K, 26% used [0x00000000e8e00000,0x00000000ebe5d0c0,0x00000000f4700000)
  to   space 189440K, 0% used [0x00000000f4700000,0x00000000f4700000,0x0000000100000000)
 ParOldGen       total 941056K, used 940697K [0x0000000080000000, 0x00000000b9700000, 0x00000000d5580000)
  object space 941056K, 99% used [0x0000000080000000,0x00000000b96a6710,0x00000000b9700000)
 Metaspace       used 6954K, capacity 7608K, committed 7936K, reserved 1056768K
  class space    used 636K, capacity 688K, committed 768K, reserved 1048576K

Card table byte_map: [0x00007f75ebbbc000,0x00007f75ebfbd000] byte_map_base: 0x00007f75eb7bc000

Marking Bits: (ParMarkBitMap*) 0x00007f76018d6100
 Begin Bits: [0x00007f75e7911000, 0x00007f75e9911000)
 End Bits:   [0x00007f75e9911000, 0x00007f75eb911000)

Polling page: 0x00007f760251e000

CodeCache: size=245760Kb used=14977Kb max_used=14977Kb free=230782Kb
 bounds [0x00007f75ec37d000, 0x00007f75ed23d000, 0x00007f75fb37d000]
 total_blobs=3420 nmethods=3152 adapters=182
 compilation: enabled

Compilation events (10 events):
Event: 91.747 Thread 0x00007f75fc0b7000 nmethod 4121 0x00007f75ed220b10 code [0x00007f75ed220cc0, 0x00007f75ed220fd8]
Event: 91.747 Thread 0x00007f75fc0b7000 4120       2       com.android.dx.dex.code.form.Form3rc::isCompatible (113 bytes)
Event: 91.747 Thread 0x00007f75fc0b7000 nmethod 4120 0x00007f75ed21e590 code [0x00007f75ed21e760, 0x00007f75ed21ec78]
Event: 91.749 Thread 0x00007f75fc0b7000 4122       2       com.android.dx.dex.code.CatchHandlerList::get (9 bytes)
Event: 91.749 Thread 0x00007f75fc0b7000 nmethod 4122 0x00007f75ed220750 code [0x00007f75ed2208c0, 0x00007f75ed220a68]
Event: 91.755 Thread 0x00007f75fc0b4000 nmethod 4118 0x00007f75ed229610 code [0x00007f75ed2297c0, 0x00007f75ed229da8]
Event: 91.755 Thread 0x00007f75fc0b4000 4123       4       java.util.ComparableTimSort::sort (219 bytes)
Event: 91.756 Thread 0x00007f75fc0b7000 4124       1       com.android.dx.dex.code.CatchHandlerList$Entry::getExceptionType (5 bytes)
Event: 91.756 Thread 0x00007f75fc0b7000 nmethod 4124 0x00007f75ed220490 code [0x00007f75ed2205e0, 0x00007f75ed2206f0]
Event: 91.773 Thread 0x00007f75fc0b7000 4125       3       com.android.dx.dex.code.StdCatchBuilder::build (262 bytes)

GC Heap History (10 events):
Event: 84.851 GC heap after
Heap after GC invocations=31 (full 8):
 PSYoungGen      total 502272K, used 0K [0x00000000d5580000, 0x00000000ff900000, 0x0000000100000000)
  eden space 327680K, 0% used [0x00000000d5580000,0x00000000d5580000,0x00000000e9580000)
  from space 174592K, 0% used [0x00000000e9580000,0x00000000e9580000,0x00000000f4000000)
  to   space 165376K, 0% used [0x00000000f5780000,0x00000000f5780000,0x00000000ff900000)
 ParOldGen       total 941056K, used 731476K [0x0000000080000000, 0x00000000b9700000, 0x00000000d5580000)
  object space 941056K, 77% used [0x0000000080000000,0x00000000aca55270,0x00000000b9700000)
 Metaspace       used 6606K, capacity 7320K, committed 7680K, reserved 1056768K
  class space    used 616K, capacity 656K, committed 768K, reserved 1048576K
}
Event: 87.049 GC heap before
{Heap before GC invocations=32 (full 8):
 PSYoungGen      total 502272K, used 327680K [0x00000000d5580000, 0x00000000ff900000, 0x0000000100000000)
  eden space 327680K, 100% used [0x00000000d5580000,0x00000000e9580000,0x00000000e9580000)
  from space 174592K, 0% used [0x00000000e9580000,0x00000000e9580000,0x00000000f4000000)
  to   space 165376K, 0% used [0x00000000f5780000,0x00000000f5780000,0x00000000ff900000)
 ParOldGen       total 941056K, used 731476K [0x0000000080000000, 0x00000000b9700000, 0x00000000d5580000)
  object space 941056K, 77% used [0x0000000080000000,0x00000000aca55270,0x00000000b9700000)
 Metaspace       used 6629K, capacity 7320K, committed 7680K, reserved 1056768K
  class space    used 619K, capacity 656K, committed 768K, reserved 1048576K
Event: 87.252 GC heap after
Heap after GC invocations=32 (full 8):
 PSYoungGen      total 506880K, used 51774K [0x00000000d5580000, 0x00000000fe800000, 0x0000000100000000)
  eden space 358912K, 0% used [0x00000000d5580000,0x00000000d5580000,0x00000000eb400000)
  from space 147968K, 34% used [0x00000000f5780000,0x00000000f8a0f9b8,0x00000000fe800000)
  to   space 157696K, 0% used [0x00000000eb400000,0x00000000eb400000,0x00000000f4e00000)
 ParOldGen       total 941056K, used 731476K [0x0000000080000000, 0x00000000b9700000, 0x00000000d5580000)
  object space 941056K, 77% used [0x0000000080000000,0x00000000aca55270,0x00000000b9700000)
 Metaspace       used 6629K, capacity 7320K, committed 7680K, reserved 1056768K
  class space    used 619K, capacity 656K, committed 768K, reserved 1048576K
}
Event: 88.822 GC heap before
{Heap before GC invocations=33 (full 8):
 PSYoungGen      total 506880K, used 410686K [0x00000000d5580000, 0x00000000fe800000, 0x0000000100000000)
  eden space 358912K, 100% used [0x00000000d5580000,0x00000000eb400000,0x00000000eb400000)
  from space 147968K, 34% used [0x00000000f5780000,0x00000000f8a0f9b8,0x00000000fe800000)
  to   space 157696K, 0% used [0x00000000eb400000,0x00000000eb400000,0x00000000f4e00000)
 ParOldGen       total 941056K, used 731476K [0x0000000080000000, 0x00000000b9700000, 0x00000000d5580000)
  object space 941056K, 77% used [0x0000000080000000,0x00000000aca55270,0x00000000b9700000)
 Metaspace       used 6714K, capacity 7384K, committed 7680K, reserved 1056768K
  class space    used 622K, capacity 656K, committed 768K, reserved 1048576K
Event: 89.013 GC heap after
Heap after GC invocations=33 (full 8):
 PSYoungGen      total 516608K, used 109389K [0x00000000d5580000, 0x0000000100000000, 0x0000000100000000)
  eden space 358912K, 0% used [0x00000000d5580000,0x00000000d5580000,0x00000000eb400000)
  from space 157696K, 69% used [0x00000000eb400000,0x00000000f1ed3468,0x00000000f4e00000)
  to   space 165376K, 0% used [0x00000000f5e80000,0x00000000f5e80000,0x0000000100000000)
 ParOldGen       total 941056K, used 731476K [0x0000000080000000, 0x00000000b9700000, 0x00000000d5580000)
  object space 941056K, 77% used [0x0000000080000000,0x00000000aca55270,0x00000000b9700000)
 Metaspace       used 6714K, capacity 7384K, committed 7680K, reserved 1056768K
  class space    used 622K, capacity 656K, committed 768K, reserved 1048576K
}
Event: 90.092 GC heap before
{Heap before GC invocations=34 (full 8):
 PSYoungGen      total 516608K, used 468301K [0x00000000d5580000, 0x0000000100000000, 0x0000000100000000)
  eden space 358912K, 100% used [0x00000000d5580000,0x00000000eb400000,0x00000000eb400000)
  from space 157696K, 69% used [0x00000000eb400000,0x00000000f1ed3468,0x00000000f4e00000)
  to   space 165376K, 0% used [0x00000000f5e80000,0x00000000f5e80000,0x0000000100000000)
 ParOldGen       total 941056K, used 731476K [0x0000000080000000, 0x00000000b9700000, 0x00000000d5580000)
  object space 941056K, 77% used [0x0000000080000000,0x00000000aca55270,0x00000000b9700000)
 Metaspace       used 6716K, capacity 7384K, committed 7680K, reserved 1056768K
  class space    used 623K, capacity 656K, committed 768K, reserved 1048576K
Event: 90.359 GC heap after
Heap after GC invocations=34 (full 8):
 PSYoungGen      total 485376K, used 160365K [0x00000000d5580000, 0x0000000100000000, 0x0000000100000000)
  eden space 320000K, 0% used [0x00000000d5580000,0x00000000d5580000,0x00000000e8e00000)
  from space 165376K, 96% used [0x00000000f5e80000,0x00000000ffb1b428,0x0000000100000000)
  to   space 189440K, 0% used [0x00000000e8e00000,0x00000000e8e00000,0x00000000f4700000)
 ParOldGen       total 941056K, used 731476K [0x0000000080000000, 0x00000000b9700000, 0x00000000d5580000)
  object space 941056K, 77% used [0x0000000080000000,0x00000000aca55270,0x00000000b9700000)
 Metaspace       used 6716K, capacity 7384K, committed 7680K, reserved 1056768K
  class space    used 623K, capacity 656K, committed 768K, reserved 1048576K
}
Event: 91.847 GC heap before
{Heap before GC invocations=35 (full 8):
 PSYoungGen      total 485376K, used 480365K [0x00000000d5580000, 0x0000000100000000, 0x0000000100000000)
  eden space 320000K, 100% used [0x00000000d5580000,0x00000000e8e00000,0x00000000e8e00000)
  from space 165376K, 96% used [0x00000000f5e80000,0x00000000ffb1b428,0x0000000100000000)
  to   space 189440K, 0% used [0x00000000e8e00000,0x00000000e8e00000,0x00000000f4700000)
 ParOldGen       total 941056K, used 731476K [0x0000000080000000, 0x00000000b9700000, 0x00000000d5580000)
  object space 941056K, 77% used [0x0000000080000000,0x00000000aca55270,0x00000000b9700000)
 Metaspace       used 6954K, capacity 7608K, committed 7936K, reserved 1056768K
  class space    used 636K, capacity 688K, committed 768K, reserved 1048576K
Event: 92.264 GC heap after
Heap after GC invocations=35 (full 8):
 PSYoungGen      total 509440K, used 189434K [0x00000000d5580000, 0x0000000100000000, 0x0000000100000000)
  eden space 320000K, 0% used [0x00000000d5580000,0x00000000d5580000,0x00000000e8e00000)
  from space 189440K, 99% used [0x00000000e8e00000,0x00000000f46feae8,0x00000000f4700000)
  to   space 189440K, 0% used [0x00000000f4700000,0x00000000f4700000,0x0000000100000000)
 ParOldGen       total 941056K, used 838914K [0x0000000080000000, 0x00000000b9700000, 0x00000000d5580000)
  object space 941056K, 89% used [0x0000000080000000,0x00000000b33409b8,0x00000000b9700000)
 Metaspace       used 6954K, capacity 7608K, committed 7936K, reserved 1056768K
  class space    used 636K, capacity 688K, committed 768K, reserved 1048576K
}
Event: 92.264 GC heap before
{Heap before GC invocations=36 (full 9):
 PSYoungGen      total 509440K, used 189434K [0x00000000d5580000, 0x0000000100000000, 0x0000000100000000)
  eden space 320000K, 0% used [0x00000000d5580000,0x00000000d5580000,0x00000000e8e00000)
  from space 189440K, 99% used [0x00000000e8e00000,0x00000000f46feae8,0x00000000f4700000)
  to   space 189440K, 0% used [0x00000000f4700000,0x00000000f4700000,0x0000000100000000)
 ParOldGen       total 941056K, used 838914K [0x0000000080000000, 0x00000000b9700000, 0x00000000d5580000)
  object space 941056K, 89% used [0x0000000080000000,0x00000000b33409b8,0x00000000b9700000)
 Metaspace       used 6954K, capacity 7608K, committed 7936K, reserved 1056768K
  class space    used 636K, capacity 688K, committed 768K, reserved 1048576K

Deoptimization events (10 events):
Event: 91.452 Thread 0x00007f75fc126800 Uncommon trap: reason=speculate_class_check action=maybe_recompile pc=0x00007f75ec747560 method=com.android.dx.util.FixedSizeList.equals(Ljava/lang/Object;)Z @ 25
Event: 91.452 Thread 0x00007f75fc126800 Uncommon trap: reason=speculate_class_check action=maybe_recompile pc=0x00007f75ec747560 method=com.android.dx.util.FixedSizeList.equals(Ljava/lang/Object;)Z @ 25
Event: 91.453 Thread 0x00007f75fc126800 Uncommon trap: reason=unstable_if action=reinterpret pc=0x00007f75ecc3984c method=java.util.TreeMap.put(Ljava/lang/Object;Ljava/lang/Object;)Ljava/lang/Object; @ 163
Event: 91.496 Thread 0x00007f75fc126800 Uncommon trap: reason=unstable_if action=reinterpret pc=0x00007f75ecda4174 method=com.android.dx.rop.code.RegisterSpecSet.equals(Ljava/lang/Object;)Z @ 30
Event: 91.556 Thread 0x00007f75fc126800 Uncommon trap: reason=array_check action=maybe_recompile pc=0x00007f75ed1d8c90 method=java.util.ComparableTimSort.binarySort([Ljava/lang/Object;III)V @ 183
Event: 91.577 Thread 0x00007f75fc126800 Uncommon trap: reason=array_check action=maybe_recompile pc=0x00007f75ed1d8bd8 method=java.util.ComparableTimSort.binarySort([Ljava/lang/Object;III)V @ 193
Event: 91.605 Thread 0x00007f75fc126800 Uncommon trap: reason=array_check action=maybe_recompile pc=0x00007f75ed1d8bd8 method=java.util.ComparableTimSort.binarySort([Ljava/lang/Object;III)V @ 193
Event: 91.640 Thread 0x00007f75fc126800 Uncommon trap: reason=array_check action=maybe_recompile pc=0x00007f75ed1d8c90 method=java.util.ComparableTimSort.binarySort([Ljava/lang/Object;III)V @ 183
Event: 91.727 Thread 0x00007f75fc126800 Uncommon trap: reason=array_check action=maybe_recompile pc=0x00007f75ed218850 method=java.util.ComparableTimSort.binarySort([Ljava/lang/Object;III)V @ 215
Event: 91.745 Thread 0x00007f75fc126800 Uncommon trap: reason=array_check action=maybe_recompile pc=0x00007f75ed218850 method=java.util.ComparableTimSort.binarySort([Ljava/lang/Object;III)V @ 215

Internal exceptions (10 events):
Event: 1.383 Thread 0x00007f75fc19c800 Implicit null exception at 0x00007f75ec62b1c9 to 0x00007f75ec62d9bd
Event: 1.955 Thread 0x00007f75fc1bf000 Exception <a 'java/lang/ArrayIndexOutOfBoundsException': 18> (0x00000000d6b76688) thrown at [/HUDSON3/workspace/8-2-build-linux-amd64/jdk8u73/6086/hotspot/src/share/vm/interpreter/interpreterRuntime.cpp, line 366]
Event: 1.956 Thread 0x00007f75fc1bf000 Exception <a 'java/lang/ArrayIndexOutOfBoundsException': 145> (0x00000000d6b78208) thrown at [/HUDSON3/workspace/8-2-build-linux-amd64/jdk8u73/6086/hotspot/src/share/vm/interpreter/interpreterRuntime.cpp, line 366]
Event: 1.957 Thread 0x00007f75fc1bf000 Exception <a 'java/lang/ArrayIndexOutOfBoundsException': 40> (0x00000000d6b794f0) thrown at [/HUDSON3/workspace/8-2-build-linux-amd64/jdk8u73/6086/hotspot/src/share/vm/interpreter/interpreterRuntime.cpp, line 366]
Event: 47.445 Thread 0x00007f75fc1c5800 Implicit null exception at 0x00007f75ed08b260 to 0x00007f75ed08f419
Event: 87.974 Thread 0x00007f75fc1c5800 Implicit null exception at 0x00007f75ec9d2906 to 0x00007f75ec9d3675
Event: 88.177 Thread 0x00007f75fc1c2800 Implicit null exception at 0x00007f75ec922621 to 0x00007f75ec923435
Event: 88.178 Thread 0x00007f75fc1c2800 Implicit null exception at 0x00007f75ec53f98b to 0x00007f75ec53fb1d
Event: 88.180 Thread 0x00007f75fc1c2800 Implicit null exception at 0x00007f75ec9ac977 to 0x00007f75ec9acaed
Event: 88.180 Thread 0x00007f75fc1c2800 Implicit null exception at 0x00007f75ec9ad835 to 0x00007f75ec9ad93d

Events (10 events):
Event: 91.640 Thread 0x00007f75fc126800 DEOPT UNPACKING pc=0x00007f75ec382229 sp=0x00007f75e5054d98 mode 2
Event: 91.727 Thread 0x00007f75fc126800 Uncommon trap: trap_request=0xffffffd6 fr.pc=0x00007f75ed218850
Event: 91.727 Thread 0x00007f75fc126800 DEOPT PACKING pc=0x00007f75ed218850 sp=0x00007f75e5054e60
Event: 91.727 Thread 0x00007f75fc126800 DEOPT UNPACKING pc=0x00007f75ec382229 sp=0x00007f75e5054d90 mode 2
Event: 91.745 Thread 0x00007f75fc126800 Uncommon trap: trap_request=0xffffffd6 fr.pc=0x00007f75ed218850
Event: 91.745 Thread 0x00007f75fc126800 DEOPT PACKING pc=0x00007f75ed218850 sp=0x00007f75e5054ce0
Event: 91.745 Thread 0x00007f75fc126800 DEOPT UNPACKING pc=0x00007f75ec382229 sp=0x00007f75e5054c10 mode 2
Event: 91.773 Thread 0x00007f75fc126800 DEOPT PACKING pc=0x00007f75ed1dcba9 sp=0x00007f75e5054ef0
Event: 91.773 Thread 0x00007f75fc126800 DEOPT UNPACKING pc=0x00007f75ec3c4233 sp=0x00007f75e5054d18 mode 0
Event: 91.788 Executing VM operation: ParallelGCFailedAllocation


Dynamic libraries:
00400000-00401000 r-xp 00000000 08:06 1974662                            /home/adament/mkn/android/jdk1.8.0_73/bin/java
00600000-00601000 rw-p 00000000 08:06 1974662                            /home/adament/mkn/android/jdk1.8.0_73/bin/java
00720000-00741000 rw-p 00000000 00:00 0                                  [heap]
80000000-b9700000 rw-p 00000000 00:00 0 
c8300000-d5580000 ---p 00000000 00:00 0 
d5580000-100000000 rw-p 00000000 00:00 0 
100000000-1000c0000 rw-p 00000000 00:00 0 
1000c0000-140000000 ---p 00000000 00:00 0 
7f75a8000000-7f75a804f000 rw-p 00000000 00:00 0 
7f75a804f000-7f75ac000000 ---p 00000000 00:00 0 
7f75b0000000-7f75b0021000 rw-p 00000000 00:00 0 
7f75b0021000-7f75b4000000 ---p 00000000 00:00 0 
7f75b4000000-7f75b4034000 rw-p 00000000 00:00 0 
7f75b4034000-7f75b8000000 ---p 00000000 00:00 0 
7f75b8000000-7f75b8021000 rw-p 00000000 00:00 0 
7f75b8021000-7f75bc000000 ---p 00000000 00:00 0 
7f75bc000000-7f75bc03d000 rw-p 00000000 00:00 0 
7f75bc03d000-7f75c0000000 ---p 00000000 00:00 0 
7f75c0000000-7f75c0ba7000 rw-p 00000000 00:00 0 
7f75c0ba7000-7f75c4000000 ---p 00000000 00:00 0 
7f75c4000000-7f75c4021000 rw-p 00000000 00:00 0 
7f75c4021000-7f75c8000000 ---p 00000000 00:00 0 
7f75c8000000-7f75c8021000 rw-p 00000000 00:00 0 
7f75c8021000-7f75cc000000 ---p 00000000 00:00 0 
7f75cc000000-7f75ce951000 rw-p 00000000 00:00 0 
7f75ce951000-7f75d0000000 ---p 00000000 00:00 0 
7f75d0000000-7f75d0021000 rw-p 00000000 00:00 0 
7f75d0021000-7f75d4000000 ---p 00000000 00:00 0 
7f75d4000000-7f75d4021000 rw-p 00000000 00:00 0 
7f75d4021000-7f75d8000000 ---p 00000000 00:00 0 
7f75d8000000-7f75d8021000 rw-p 00000000 00:00 0 
7f75d8021000-7f75dc000000 ---p 00000000 00:00 0 
7f75dc000000-7f75dc28e000 rw-p 00000000 00:00 0 
7f75dc28e000-7f75e0000000 ---p 00000000 00:00 0 
7f75e0000000-7f75e0021000 rw-p 00000000 00:00 0 
7f75e0021000-7f75e4000000 ---p 00000000 00:00 0 
7f75e4f56000-7f75e4f59000 ---p 00000000 00:00 0 
7f75e4f59000-7f75e5057000 rw-p 00000000 00:00 0                          [stack:12278]
7f75e5057000-7f75e505a000 ---p 00000000 00:00 0 
7f75e505a000-7f75e5158000 rw-p 00000000 00:00 0 
7f75e5158000-7f75e515b000 ---p 00000000 00:00 0 
7f75e515b000-7f75e5259000 rw-p 00000000 00:00 0 
7f75e5259000-7f75e525c000 ---p 00000000 00:00 0 
7f75e525c000-7f75e535a000 rw-p 00000000 00:00 0 
7f75e535a000-7f75e535d000 ---p 00000000 00:00 0 
7f75e535d000-7f75e545b000 rw-p 00000000 00:00 0                          [stack:12250]
7f75e545b000-7f75e545e000 ---p 00000000 00:00 0 
7f75e545e000-7f75e555c000 rw-p 00000000 00:00 0                          [stack:12249]
7f75e5658000-7f75e5659000 ---p 00000000 00:00 0 
7f75e5659000-7f75e5759000 rw-p 00000000 00:00 0                          [stack:12248]
7f75e5759000-7f75e575c000 ---p 00000000 00:00 0 
7f75e575c000-7f75e585a000 rw-p 00000000 00:00 0                          [stack:12247]
7f75e585a000-7f75e585d000 ---p 00000000 00:00 0 
7f75e585d000-7f75e595b000 rw-p 00000000 00:00 0                          [stack:12246]
7f75e595b000-7f75e595e000 ---p 00000000 00:00 0 
7f75e595e000-7f75e5a5c000 rw-p 00000000 00:00 0                          [stack:12245]
7f75e5a5c000-7f75e5a5f000 ---p 00000000 00:00 0 
7f75e5a5f000-7f75e5b5d000 rw-p 00000000 00:00 0                          [stack:12244]
7f75e5b5d000-7f75e5e26000 r--p 00000000 08:06 138881                     /usr/lib/locale/locale-archive
7f75e5e26000-7f75e5e29000 ---p 00000000 00:00 0 
7f75e5e29000-7f75e5f27000 rw-p 00000000 00:00 0                          [stack:12243]
7f75e5f27000-7f75e5f2a000 ---p 00000000 00:00 0 
7f75e5f2a000-7f75e6028000 rw-p 00000000 00:00 0                          [stack:12242]
7f75e6028000-7f75e6029000 ---p 00000000 00:00 0 
7f75e6029000-7f75e6ac3000 rw-p 00000000 00:00 0                          [stack:12241]
7f75e6ac3000-7f75e6c9b000 r--s 03d23000 08:06 2102216                    /home/adament/mkn/android/jdk1.8.0_73/jre/lib/rt.jar
7f75e6c9b000-7f75e7411000 rw-p 00000000 00:00 0 
7f75e7411000-7f75e7511000 ---p 00000000 00:00 0 
7f75e7511000-7f75ebadd000 rw-p 00000000 00:00 0 
7f75ebadd000-7f75ebbbc000 ---p 00000000 00:00 0 
7f75ebbbc000-7f75ebd88000 rw-p 00000000 00:00 0 
7f75ebd88000-7f75ebe66000 ---p 00000000 00:00 0 
7f75ebe66000-7f75ebfbc000 rw-p 00000000 00:00 0 
7f75ebfbc000-7f75ebff8000 rw-p 00000000 00:00 0 
7f75ebff8000-7f75ec37d000 ---p 00000000 00:00 0 
7f75ec37d000-7f75ed23d000 rwxp 00000000 00:00 0 
7f75ed23d000-7f75fb37d000 ---p 00000000 00:00 0 
7f75fb37d000-7f75fb397000 r-xp 00000000 08:06 2493507                    /home/adament/mkn/android/jdk1.8.0_73/jre/lib/amd64/libzip.so
7f75fb397000-7f75fb597000 ---p 0001a000 08:06 2493507                    /home/adament/mkn/android/jdk1.8.0_73/jre/lib/amd64/libzip.so
7f75fb597000-7f75fb598000 rw-p 0001a000 08:06 2493507                    /home/adament/mkn/android/jdk1.8.0_73/jre/lib/amd64/libzip.so
7f75fb598000-7f75fb5a3000 r-xp 00000000 08:06 2363499                    /lib/x86_64-linux-gnu/libnss_files-2.19.so
7f75fb5a3000-7f75fb7a2000 ---p 0000b000 08:06 2363499                    /lib/x86_64-linux-gnu/libnss_files-2.19.so
7f75fb7a2000-7f75fb7a3000 r--p 0000a000 08:06 2363499                    /lib/x86_64-linux-gnu/libnss_files-2.19.so
7f75fb7a3000-7f75fb7a4000 rw-p 0000b000 08:06 2363499                    /lib/x86_64-linux-gnu/libnss_files-2.19.so
7f75fb7a4000-7f75fb7af000 r-xp 00000000 08:06 2363509                    /lib/x86_64-linux-gnu/libnss_nis-2.19.so
7f75fb7af000-7f75fb9ae000 ---p 0000b000 08:06 2363509                    /lib/x86_64-linux-gnu/libnss_nis-2.19.so
7f75fb9ae000-7f75fb9af000 r--p 0000a000 08:06 2363509                    /lib/x86_64-linux-gnu/libnss_nis-2.19.so
7f75fb9af000-7f75fb9b0000 rw-p 0000b000 08:06 2363509                    /lib/x86_64-linux-gnu/libnss_nis-2.19.so
7f75fb9b0000-7f75fb9c7000 r-xp 00000000 08:06 2363493                    /lib/x86_64-linux-gnu/libnsl-2.19.so
7f75fb9c7000-7f75fbbc6000 ---p 00017000 08:06 2363493                    /lib/x86_64-linux-gnu/libnsl-2.19.so
7f75fbbc6000-7f75fbbc7000 r--p 00016000 08:06 2363493                    /lib/x86_64-linux-gnu/libnsl-2.19.so
7f75fbbc7000-7f75fbbc8000 rw-p 00017000 08:06 2363493                    /lib/x86_64-linux-gnu/libnsl-2.19.so
7f75fbbc8000-7f75fbbca000 rw-p 00000000 00:00 0 
7f75fbbca000-7f75fbbd3000 r-xp 00000000 08:06 2363495                    /lib/x86_64-linux-gnu/libnss_compat-2.19.so
7f75fbbd3000-7f75fbdd2000 ---p 00009000 08:06 2363495                    /lib/x86_64-linux-gnu/libnss_compat-2.19.so
7f75fbdd2000-7f75fbdd3000 r--p 00008000 08:06 2363495                    /lib/x86_64-linux-gnu/libnss_compat-2.19.so
7f75fbdd3000-7f75fbdd4000 rw-p 00009000 08:06 2363495                    /lib/x86_64-linux-gnu/libnss_compat-2.19.so
7f75fbdd4000-7f75fbdfe000 r-xp 00000000 08:06 2493472                    /home/adament/mkn/android/jdk1.8.0_73/jre/lib/amd64/libjava.so
7f75fbdfe000-7f75fbffe000 ---p 0002a000 08:06 2493472                    /home/adament/mkn/android/jdk1.8.0_73/jre/lib/amd64/libjava.so
7f75fbffe000-7f75fc000000 rw-p 0002a000 08:06 2493472                    /home/adament/mkn/android/jdk1.8.0_73/jre/lib/amd64/libjava.so
7f75fc000000-7f75fc3d0000 rw-p 00000000 00:00 0 
7f75fc3d0000-7f7600000000 ---p 00000000 00:00 0 
7f7600002000-7f7600003000 ---p 00000000 00:00 0 
7f7600003000-7f7600103000 rw-p 00000000 00:00 0                          [stack:12240]
7f7600103000-7f7600104000 ---p 00000000 00:00 0 
7f7600104000-7f7600204000 rw-p 00000000 00:00 0                          [stack:12239]
7f7600204000-7f7600211000 r-xp 00000000 08:06 2493506                    /home/adament/mkn/android/jdk1.8.0_73/jre/lib/amd64/libverify.so
7f7600211000-7f7600411000 ---p 0000d000 08:06 2493506                    /home/adament/mkn/android/jdk1.8.0_73/jre/lib/amd64/libverify.so
7f7600411000-7f7600413000 rw-p 0000d000 08:06 2493506                    /home/adament/mkn/android/jdk1.8.0_73/jre/lib/amd64/libverify.so
7f7600413000-7f760041a000 r-xp 00000000 08:06 2363552                    /lib/x86_64-linux-gnu/librt-2.19.so
7f760041a000-7f7600619000 ---p 00007000 08:06 2363552                    /lib/x86_64-linux-gnu/librt-2.19.so
7f7600619000-7f760061a000 r--p 00006000 08:06 2363552                    /lib/x86_64-linux-gnu/librt-2.19.so
7f760061a000-7f760061b000 rw-p 00007000 08:06 2363552                    /lib/x86_64-linux-gnu/librt-2.19.so
7f760061b000-7f7600720000 r-xp 00000000 08:06 2363474                    /lib/x86_64-linux-gnu/libm-2.19.so
7f7600720000-7f760091f000 ---p 00105000 08:06 2363474                    /lib/x86_64-linux-gnu/libm-2.19.so
7f760091f000-7f7600920000 r--p 00104000 08:06 2363474                    /lib/x86_64-linux-gnu/libm-2.19.so
7f7600920000-7f7600921000 rw-p 00105000 08:06 2363474                    /lib/x86_64-linux-gnu/libm-2.19.so
7f7600921000-7f76015e0000 r-xp 00000000 08:06 2624044                    /home/adament/mkn/android/jdk1.8.0_73/jre/lib/amd64/server/libjvm.so
7f76015e0000-7f76017df000 ---p 00cbf000 08:06 2624044                    /home/adament/mkn/android/jdk1.8.0_73/jre/lib/amd64/server/libjvm.so
7f76017df000-7f76018b8000 rw-p 00cbe000 08:06 2624044                    /home/adament/mkn/android/jdk1.8.0_73/jre/lib/amd64/server/libjvm.so
7f76018b8000-7f7601901000 rw-p 00000000 00:00 0 
7f7601901000-7f7601abc000 r-xp 00000000 08:06 2363421                    /lib/x86_64-linux-gnu/libc-2.19.so
7f7601abc000-7f7601cbc000 ---p 001bb000 08:06 2363421                    /lib/x86_64-linux-gnu/libc-2.19.so
7f7601cbc000-7f7601cc0000 r--p 001bb000 08:06 2363421                    /lib/x86_64-linux-gnu/libc-2.19.so
7f7601cc0000-7f7601cc2000 rw-p 001bf000 08:06 2363421                    /lib/x86_64-linux-gnu/libc-2.19.so
7f7601cc2000-7f7601cc7000 rw-p 00000000 00:00 0 
7f7601cc7000-7f7601cca000 r-xp 00000000 08:06 2363438                    /lib/x86_64-linux-gnu/libdl-2.19.so
7f7601cca000-7f7601ec9000 ---p 00003000 08:06 2363438                    /lib/x86_64-linux-gnu/libdl-2.19.so
7f7601ec9000-7f7601eca000 r--p 00002000 08:06 2363438                    /lib/x86_64-linux-gnu/libdl-2.19.so
7f7601eca000-7f7601ecb000 rw-p 00003000 08:06 2363438                    /lib/x86_64-linux-gnu/libdl-2.19.so
7f7601ecb000-7f7601ee0000 r-xp 00000000 08:06 2493603                    /home/adament/mkn/android/jdk1.8.0_73/lib/amd64/jli/libjli.so
7f7601ee0000-7f76020e0000 ---p 00015000 08:06 2493603                    /home/adament/mkn/android/jdk1.8.0_73/lib/amd64/jli/libjli.so
7f76020e0000-7f76020e1000 rw-p 00015000 08:06 2493603                    /home/adament/mkn/android/jdk1.8.0_73/lib/amd64/jli/libjli.so
7f76020e1000-7f76020fa000 r-xp 00000000 08:06 2363544                    /lib/x86_64-linux-gnu/libpthread-2.19.so
7f76020fa000-7f76022f9000 ---p 00019000 08:06 2363544                    /lib/x86_64-linux-gnu/libpthread-2.19.so
7f76022f9000-7f76022fa000 r--p 00018000 08:06 2363544                    /lib/x86_64-linux-gnu/libpthread-2.19.so
7f76022fa000-7f76022fb000 rw-p 00019000 08:06 2363544                    /lib/x86_64-linux-gnu/libpthread-2.19.so
7f76022fb000-7f76022ff000 rw-p 00000000 00:00 0 
7f76022ff000-7f7602322000 r-xp 00000000 08:06 2363395                    /lib/x86_64-linux-gnu/ld-2.19.so
7f760232b000-7f76023f7000 rw-p 00000000 00:00 0 
7f76023f7000-7f76023fa000 ---p 00000000 00:00 0 
7f76023fa000-7f76024fc000 rw-p 00000000 00:00 0                          [stack:12238]
7f7602505000-7f7602506000 rw-p 00000000 00:00 0 
7f7602506000-7f7602515000 r--s 000df000 08:06 2493619                    /home/adament/mkn/android/sdk/build-tools/23.0.2/lib/dx.jar
7f7602515000-7f760251d000 rw-s 00000000 08:06 7471649                    /tmp/hsperfdata_adament/12233
7f760251d000-7f760251e000 rw-p 00000000 00:00 0 
7f760251e000-7f760251f000 ---p 00000000 00:00 0 
7f760251f000-7f7602521000 rw-p 00000000 00:00 0 
7f7602521000-7f7602522000 r--p 00022000 08:06 2363395                    /lib/x86_64-linux-gnu/ld-2.19.so
7f7602522000-7f7602523000 rw-p 00023000 08:06 2363395                    /lib/x86_64-linux-gnu/ld-2.19.so
7f7602523000-7f7602524000 rw-p 00000000 00:00 0 
7fff639ae000-7fff639cf000 rw-p 00000000 00:00 0                          [stack]
7fff639fe000-7fff63a00000 r-xp 00000000 00:00 0                          [vdso]
ffffffffff600000-ffffffffff601000 r-xp 00000000 00:00 0                  [vsyscall]

VM Arguments:
jvm_args: -Djava.awt.headless=true -Xmx2048M -Dfile.encoding=UTF-8 -Duser.country=IN -Duser.language=en -Duser.variant 
java_command: com.android.dx.command.Main --dex --num-threads=4 --multi-dex --main-dex-list /home/adament/Music/EstiloRobe/estiloRobe/build/intermediates/multi-dex/debug/maindexlist.txt --output /home/adament/Music/EstiloRobe/estiloRobe/build/intermediates/transforms/dex/debug/folders/1000/1f/main /home/adament/Music/EstiloRobe/estiloRobe/build/intermediates/transforms/jarMerging/debug/jars/1/1f/combined.jar
java_class_path (initial): /home/adament/mkn/android/sdk/build-tools/23.0.2/lib/dx.jar
Launcher Type: SUN_STANDARD

Environment Variables:
JAVA_HOME=/home/adament/mkn/android/jdk1.8.0_73
PATH=/usr/local/sbin:/usr/local/bin:/usr/sbin:/usr/bin:/sbin:/bin:/usr/games:/usr/local/games:/home/adament/mkn/android/sdk/platform-tools
USERNAME=adament
LD_LIBRARY_PATH=/home/adament/mkn/android/android-studio/bin:
SHELL=/bin/bash
DISPLAY=:0

Signal Handlers:
SIGSEGV: [libjvm.so+0xabafa0], sa_mask[0]=11111111011111111101111111111110, sa_flags=SA_RESTART|SA_SIGINFO
SIGBUS: [libjvm.so+0xabafa0], sa_mask[0]=11111111011111111101111111111110, sa_flags=SA_RESTART|SA_SIGINFO
SIGFPE: [libjvm.so+0x9183c0], sa_mask[0]=11111111011111111101111111111110, sa_flags=SA_RESTART|SA_SIGINFO
SIGPIPE: [libjvm.so+0x9183c0], sa_mask[0]=11111111011111111101111111111110, sa_flags=SA_RESTART|SA_SIGINFO
SIGXFSZ: [libjvm.so+0x9183c0], sa_mask[0]=11111111011111111101111111111110, sa_flags=SA_RESTART|SA_SIGINFO
SIGILL: [libjvm.so+0x9183c0], sa_mask[0]=11111111011111111101111111111110, sa_flags=SA_RESTART|SA_SIGINFO
SIGUSR1: SIG_DFL, sa_mask[0]=00000000000000000000000000000000, sa_flags=none
SIGUSR2: [libjvm.so+0x9199f0], sa_mask[0]=00100000000000000000000000000000, sa_flags=SA_RESTART|SA_SIGINFO
SIGHUP: [libjvm.so+0x91adf0], sa_mask[0]=11111111011111111101111111111110, sa_flags=SA_RESTART|SA_SIGINFO
SIGINT: [libjvm.so+0x91adf0], sa_mask[0]=11111111011111111101111111111110, sa_flags=SA_RESTART|SA_SIGINFO
SIGTERM: [libjvm.so+0x91adf0], sa_mask[0]=11111111011111111101111111111110, sa_flags=SA_RESTART|SA_SIGINFO
SIGQUIT: [libjvm.so+0x91adf0], sa_mask[0]=11111111011111111101111111111110, sa_flags=SA_RESTART|SA_SIGINFO


---------------  S Y S T E M  ---------------

OS:DISTRIB_ID=LinuxMint
DISTRIB_RELEASE=17.1
DISTRIB_CODENAME=rebecca
DISTRIB_DESCRIPTION="Linux Mint 17.1 Rebecca"

uname:Linux 3.13.0-37-generic #64-Ubuntu SMP Mon Sep 22 21:28:38 UTC 2014 x86_64
libc:glibc 2.19 NPTL 2.19 
rlimit: STACK 8192k, CORE 0k, NPROC 30684, NOFILE 4096, AS infinity
load average:5.49 2.52 1.19

/proc/meminfo:
MemTotal:        3958712 kB
MemFree:          123980 kB
Buffers:            1396 kB
Cached:           198296 kB
SwapCached:        56848 kB
Active:          2628412 kB
Inactive:         983556 kB
Active(anon):    2611300 kB
Inactive(anon):   954248 kB
Active(file):      17112 kB
Inactive(file):    29308 kB
Unevictable:          32 kB
Mlocked:              32 kB
SwapTotal:       1998844 kB
SwapFree:          40744 kB
Dirty:               120 kB
Writeback:             0 kB
AnonPages:       3358472 kB
Mapped:            86716 kB
Shmem:            153148 kB
Slab:              81916 kB
SReclaimable:      45952 kB
SUnreclaim:        35964 kB
KernelStack:        4984 kB
PageTables:        57728 kB
NFS_Unstable:          0 kB
Bounce:                0 kB
WritebackTmp:          0 kB
CommitLimit:     3978200 kB
Committed_AS:    8993824 kB
VmallocTotal:   34359738367 kB
VmallocUsed:      543680 kB
VmallocChunk:   34359188412 kB
HardwareCorrupted:     0 kB
AnonHugePages:    550912 kB
HugePages_Total:       0
HugePages_Free:        0
HugePages_Rsvd:        0
HugePages_Surp:        0
Hugepagesize:       2048 kB
DirectMap4k:       74792 kB
DirectMap2M:     4030464 kB


CPU:total 2 (2 cores per cpu, 1 threads per core) family 6 model 42 stepping 7, cmov, cx8, fxsr, mmx, sse, sse2, sse3, ssse3, sse4.1, sse4.2, popcnt, clmul, tsc, tscinvbit

/proc/cpuinfo:
processor	: 0
vendor_id	: GenuineIntel
cpu family	: 6
model		: 42
model name	: Intel(R) Pentium(R) CPU G620 @ 2.60GHz
stepping	: 7
microcode	: 0xd
cpu MHz		: 2594.103
cache size	: 3072 KB
physical id	: 0
siblings	: 2
core id		: 0
cpu cores	: 2
apicid		: 0
initial apicid	: 0
fpu		: yes
fpu_exception	: yes
cpuid level	: 13
wp		: yes
flags		: fpu vme de pse tsc msr pae mce cx8 apic sep mtrr pge mca cmov pat pse36 clflush dts acpi mmx fxsr sse sse2 ss ht tm pbe syscall nx rdtscp lm constant_tsc arch_perfmon pebs bts rep_good nopl xtopology nonstop_tsc aperfmperf eagerfpu pni pclmulqdq dtes64 monitor ds_cpl vmx est tm2 ssse3 cx16 xtpr pdcm pcid sse4_1 sse4_2 popcnt tsc_deadline_timer xsave lahf_lm arat epb xsaveopt pln pts dtherm tpr_shadow vnmi flexpriority ept vpid
bogomips	: 5188.20
clflush size	: 64
cache_alignment	: 64
address sizes	: 36 bits physical, 48 bits virtual
power management:

processor	: 1
vendor_id	: GenuineIntel
cpu family	: 6
model		: 42
model name	: Intel(R) Pentium(R) CPU G620 @ 2.60GHz
stepping	: 7
microcode	: 0xd
cpu MHz		: 2594.103
cache size	: 3072 KB
physical id	: 0
siblings	: 2
core id		: 1
cpu cores	: 2
apicid		: 2
initial apicid	: 2
fpu		: yes
fpu_exception	: yes
cpuid level	: 13
wp		: yes
flags		: fpu vme de pse tsc msr pae mce cx8 apic sep mtrr pge mca cmov pat pse36 clflush dts acpi mmx fxsr sse sse2 ss ht tm pbe syscall nx rdtscp lm constant_tsc arch_perfmon pebs bts rep_good nopl xtopology nonstop_tsc aperfmperf eagerfpu pni pclmulqdq dtes64 monitor ds_cpl vmx est tm2 ssse3 cx16 xtpr pdcm pcid sse4_1 sse4_2 popcnt tsc_deadline_timer xsave lahf_lm arat epb xsaveopt pln pts dtherm tpr_shadow vnmi flexpriority ept vpid
bogomips	: 5188.20
clflush size	: 64
cache_alignment	: 64
address sizes	: 36 bits physical, 48 bits virtual
power management:



Memory: 4k page, physical 3958712k(123980k free), swap 1998844k(40744k free)

vm_info: Java HotSpot(TM) 64-Bit Server VM (25.73-b02) for linux-amd64 JRE (1.8.0_73-b02), built on Jan 29 2016 17:39:45 by "java_re" with gcc 4.3.0 20080428 (Red Hat 4.3.0-8)

time: Mon Apr  4 14:47:51 2016
elapsed time: 101 seconds (0d 0h 1m 41s)

