#
# There is insufficient memory for the Java Runtime Environment to continue.
# Native memory allocation (mmap) failed to map 220200960 bytes for committing reserved memory.
# Possible reasons:
#   The system is out of physical RAM or swap space
#   In 32 bit mode, the process size limit was hit
# Possible solutions:
#   Reduce memory load on the system
#   Increase physical memory or swap space
#   Check if swap backing store is full
#   Use 64 bit Java on a 64 bit OS
#   Decrease Java heap size (-Xmx/-Xms)
#   Decrease number of Java threads
#   Decrease Java thread stack sizes (-Xss)
#   Set larger code cache with -XX:ReservedCodeCacheSize=
# This output file may be truncated or incomplete.
#
#  Out of Memory Error (os_linux.cpp:2627), pid=7468, tid=140089728403200
#
# JRE version: Java(TM) SE Runtime Environment (8.0_73-b02) (build 1.8.0_73-b02)
# Java VM: Java HotSpot(TM) 64-Bit Server VM (25.73-b02 mixed mode linux-amd64 compressed oops)
# Failed to write core dump. Core dumps have been disabled. To enable core dumping, try "ulimit -c unlimited" before starting Java again
#

---------------  T H R E A D  ---------------

Current thread (0x00007f6944074000):  VMThread [stack: 0x00007f692e6f8000,0x00007f692e7f9000] [id=7476]

Stack: [0x00007f692e6f8000,0x00007f692e7f9000],  sp=0x00007f692e7f7060,  free space=1020k
Native frames: (J=compiled Java code, j=interpreted, Vv=VM code, C=native code)
V  [libjvm.so+0xaba71a]  VMError::report_and_die()+0x2ba
V  [libjvm.so+0x4f9ecb]  report_vm_out_of_memory(char const*, int, unsigned long, VMErrorType, char const*)+0x8b
V  [libjvm.so+0x91b553]  os::Linux::commit_memory_impl(char*, unsigned long, bool)+0x103
V  [libjvm.so+0x91baa9]  os::pd_commit_memory(char*, unsigned long, unsigned long, bool)+0x29
V  [libjvm.so+0x915dba]  os::commit_memory(char*, unsigned long, unsigned long, bool)+0x2a
V  [libjvm.so+0x989463]  PSVirtualSpace::expand_by(unsigned long)+0x53
V  [libjvm.so+0x979d50]  PSOldGen::expand(unsigned long)+0x170
V  [libjvm.so+0x979f5b]  PSOldGen::resize(unsigned long)+0x1cb
V  [libjvm.so+0x981c31]  PSParallelCompact::invoke_no_policy(bool)+0x991
V  [libjvm.so+0x98758d]  PSScavenge::invoke()+0x1ad
V  [libjvm.so+0x93f1b0]  ParallelScavengeHeap::failed_mem_allocate(unsigned long)+0x70
V  [libjvm.so+0xabc137]  VM_ParallelGCFailedAllocation::doit()+0x97
V  [libjvm.so+0xac3b65]  VM_Operation::evaluate()+0x55
V  [libjvm.so+0xac1f3a]  VMThread::evaluate_operation(VM_Operation*)+0xba
V  [libjvm.so+0xac22be]  VMThread::loop()+0x1ce
V  [libjvm.so+0xac2730]  VMThread::run()+0x70
V  [libjvm.so+0x91d918]  java_start(Thread*)+0x108

VM_Operation (0x00007f692d825e40): ParallelGCFailedAllocation, mode: safepoint, requested by thread 0x00007f694419b800


---------------  P R O C E S S  ---------------

Java Threads: ( => current thread )
  0x00007f69441b6000 JavaThread "pool-1-thread-1" [_thread_blocked, id=7502, stack(0x00007f692d626000,0x00007f692d727000)]
  0x00007f694419b800 JavaThread "pool-2-thread-4" [_thread_blocked, id=7488, stack(0x00007f692d727000,0x00007f692d828000)]
  0x00007f694419a800 JavaThread "pool-2-thread-3" [_thread_blocked, id=7487, stack(0x00007f692d828000,0x00007f692d929000)]
  0x00007f6944198000 JavaThread "pool-2-thread-2" [_thread_blocked, id=7486, stack(0x00007f692d929000,0x00007f692da2a000)]
  0x00007f6944197000 JavaThread "pool-3-thread-1" [_thread_blocked, id=7485, stack(0x00007f692da2a000,0x00007f692db2b000)]
  0x00007f6944194800 JavaThread "pool-2-thread-1" [_thread_blocked, id=7484, stack(0x00007f692db2b000,0x00007f692dc2c000)]
  0x00007f69440b7800 JavaThread "Service Thread" daemon [_thread_blocked, id=7482, stack(0x00007f692de29000,0x00007f692df2a000)]
  0x00007f69440b5000 JavaThread "C1 CompilerThread1" daemon [_thread_blocked, id=7481, stack(0x00007f692df2a000,0x00007f692e02b000)]
  0x00007f69440b2000 JavaThread "C2 CompilerThread0" daemon [_thread_blocked, id=7480, stack(0x00007f692e02b000,0x00007f692e12c000)]
  0x00007f69440b0800 JavaThread "Signal Dispatcher" daemon [_thread_blocked, id=7479, stack(0x00007f692e12c000,0x00007f692e22d000)]
  0x00007f694407b000 JavaThread "Finalizer" daemon [_thread_blocked, id=7478, stack(0x00007f692e4f6000,0x00007f692e5f7000)]
  0x00007f6944079000 JavaThread "Reference Handler" daemon [_thread_blocked, id=7477, stack(0x00007f692e5f7000,0x00007f692e6f8000)]
  0x00007f694400a000 JavaThread "main" [_thread_blocked, id=7473, stack(0x00007f694aae5000,0x00007f694abe6000)]

Other Threads:
=>0x00007f6944074000 VMThread [stack: 0x00007f692e6f8000,0x00007f692e7f9000] [id=7476]
  0x00007f69440ba800 WatcherThread [stack: 0x00007f692dd28000,0x00007f692de29000] [id=7483]

VM state:at safepoint (normal execution)

VM Mutex/Monitor currently owned by a thread:  ([mutex/lock_event])
[0x00007f6944006070] ExpandHeap_lock - owner thread: 0x00007f6944074000
[0x00007f69440066f0] Threads_lock - owner thread: 0x00007f6944074000
[0x00007f6944006bf0] Heap_lock - owner thread: 0x00007f694419b800

Heap:
 PSYoungGen      total 465920K, used 0K [0x00000000d5580000, 0x0000000100000000, 0x0000000100000000)
  eden space 232960K, 0% used [0x00000000d5580000,0x00000000d5580000,0x00000000e3900000)
  from space 232960K, 0% used [0x00000000f1c80000,0x00000000f1c80000,0x0000000100000000)
  to   space 232960K, 0% used [0x00000000e3900000,0x00000000e3900000,0x00000000f1c80000)
 ParOldGen       total 858624K, used 844982K [0x0000000080000000, 0x00000000b4680000, 0x00000000d5580000)
  object space 858624K, 98% used [0x0000000080000000,0x00000000b392d848,0x00000000b4680000)
 Metaspace       used 6956K, capacity 7608K, committed 7936K, reserved 1056768K
  class space    used 635K, capacity 688K, committed 768K, reserved 1048576K

Card table byte_map: [0x00007f6934418000,0x00007f6934819000] byte_map_base: 0x00007f6934018000

Marking Bits: (ParMarkBitMap*) 0x00007f6949fc4100
 Begin Bits: [0x00007f692ff6b000, 0x00007f6931f6b000)
 End Bits:   [0x00007f6931f6b000, 0x00007f6933f6b000)

Polling page: 0x00007f694ac0c000

CodeCache: size=245760Kb used=13132Kb max_used=13132Kb free=232627Kb
 bounds [0x00007f6934bd9000, 0x00007f69358b9000, 0x00007f6943bd9000]
 total_blobs=3003 nmethods=2735 adapters=182
 compilation: enabled

Compilation events (10 events):
Event: 62.309 Thread 0x00007f69440b5000 3325       2       com.android.dx.dex.code.form.Form20t::branchFits (22 bytes)
Event: 62.309 Thread 0x00007f69440b5000 nmethod 3325 0x00007f69358b5e10 code [0x00007f69358b5fa0, 0x00007f69358b6298]
Event: 62.312 Thread 0x00007f69440b5000 3326       2       com.android.dx.dex.code.CatchHandlerList::compareTo (9 bytes)
Event: 62.313 Thread 0x00007f69440b5000 nmethod 3326 0x00007f69358b64d0 code [0x00007f69358b6640, 0x00007f69358b67e8]
Event: 62.327 Thread 0x00007f69440b5000 3327       2       com.android.dx.dex.code.CatchTable::get (9 bytes)
Event: 62.327 Thread 0x00007f69440b5000 nmethod 3327 0x00007f69358b6890 code [0x00007f69358b6a00, 0x00007f69358b6ba8]
Event: 62.327 Thread 0x00007f69440b5000 3328       2       com.android.dx.dex.code.LocalSnapshot::withMapper (20 bytes)
Event: 62.328 Thread 0x00007f69440b5000 nmethod 3328 0x00007f69358b6c50 code [0x00007f69358b6de0, 0x00007f69358b70e8]
Event: 62.332 Thread 0x00007f69440b5000 3329       2       com.android.dx.dex.code.CatchTable$Entry::<init> (66 bytes)
Event: 62.333 Thread 0x00007f69440b5000 nmethod 3329 0x00007f69358b7290 code [0x00007f69358b7440, 0x00007f69358b77c8]

GC Heap History (10 events):
Event: 56.308 GC heap after
Heap after GC invocations=32 (full 6):
 PSYoungGen      total 446976K, used 72910K [0x00000000d5580000, 0x00000000fe280000, 0x0000000100000000)
  eden space 244736K, 0% used [0x00000000d5580000,0x00000000d5580000,0x00000000e4480000)
  from space 202240K, 36% used [0x00000000f1d00000,0x00000000f6433bf0,0x00000000fe280000)
  to   space 211968K, 0% used [0x00000000e4480000,0x00000000e4480000,0x00000000f1380000)
 ParOldGen       total 858624K, used 740944K [0x0000000080000000, 0x00000000b4680000, 0x00000000d5580000)
  object space 858624K, 86% used [0x0000000080000000,0x00000000ad3940f0,0x00000000b4680000)
 Metaspace       used 6590K, capacity 7320K, committed 7680K, reserved 1056768K
  class space    used 616K, capacity 656K, committed 768K, reserved 1048576K
}
Event: 57.436 GC heap before
{Heap before GC invocations=33 (full 6):
 PSYoungGen      total 446976K, used 317646K [0x00000000d5580000, 0x00000000fe280000, 0x0000000100000000)
  eden space 244736K, 100% used [0x00000000d5580000,0x00000000e4480000,0x00000000e4480000)
  from space 202240K, 36% used [0x00000000f1d00000,0x00000000f6433bf0,0x00000000fe280000)
  to   space 211968K, 0% used [0x00000000e4480000,0x00000000e4480000,0x00000000f1380000)
 ParOldGen       total 858624K, used 740944K [0x0000000080000000, 0x00000000b4680000, 0x00000000d5580000)
  object space 858624K, 86% used [0x0000000080000000,0x00000000ad3940f0,0x00000000b4680000)
 Metaspace       used 6591K, capacity 7320K, committed 7680K, reserved 1056768K
  class space    used 616K, capacity 656K, committed 768K, reserved 1048576K
Event: 57.603 GC heap after
Heap after GC invocations=33 (full 6):
 PSYoungGen      total 456704K, used 109277K [0x00000000d5580000, 0x00000000ffb00000, 0x0000000100000000)
  eden space 244736K, 0% used [0x00000000d5580000,0x00000000d5580000,0x00000000e4480000)
  from space 211968K, 51% used [0x00000000e4480000,0x00000000eaf37448,0x00000000f1380000)
  to   space 208896K, 0% used [0x00000000f2f00000,0x00000000f2f00000,0x00000000ffb00000)
 ParOldGen       total 858624K, used 740944K [0x0000000080000000, 0x00000000b4680000, 0x00000000d5580000)
  object space 858624K, 86% used [0x0000000080000000,0x00000000ad3940f0,0x00000000b4680000)
 Metaspace       used 6591K, capacity 7320K, committed 7680K, reserved 1056768K
  class space    used 616K, capacity 656K, committed 768K, reserved 1048576K
}
Event: 58.584 GC heap before
{Heap before GC invocations=34 (full 6):
 PSYoungGen      total 456704K, used 354013K [0x00000000d5580000, 0x00000000ffb00000, 0x0000000100000000)
  eden space 244736K, 100% used [0x00000000d5580000,0x00000000e4480000,0x00000000e4480000)
  from space 211968K, 51% used [0x00000000e4480000,0x00000000eaf37448,0x00000000f1380000)
  to   space 208896K, 0% used [0x00000000f2f00000,0x00000000f2f00000,0x00000000ffb00000)
 ParOldGen       total 858624K, used 740944K [0x0000000080000000, 0x00000000b4680000, 0x00000000d5580000)
  object space 858624K, 86% used [0x0000000080000000,0x00000000ad3940f0,0x00000000b4680000)
 Metaspace       used 6670K, capacity 7320K, committed 7680K, reserved 1056768K
  class space    used 620K, capacity 656K, committed 768K, reserved 1048576K
Event: 58.816 GC heap after
Heap after GC invocations=34 (full 6):
 PSYoungGen      total 468480K, used 146413K [0x00000000d5580000, 0x0000000100000000, 0x0000000100000000)
  eden space 259584K, 0% used [0x00000000d5580000,0x00000000d5580000,0x00000000e5300000)
  from space 208896K, 70% used [0x00000000f2f00000,0x00000000fbdfb5e0,0x00000000ffb00000)
  to   space 219648K, 0% used [0x00000000e5300000,0x00000000e5300000,0x00000000f2980000)
 ParOldGen       total 858624K, used 740952K [0x0000000080000000, 0x00000000b4680000, 0x00000000d5580000)
  object space 858624K, 86% used [0x0000000080000000,0x00000000ad3960f0,0x00000000b4680000)
 Metaspace       used 6670K, capacity 7320K, committed 7680K, reserved 1056768K
  class space    used 620K, capacity 656K, committed 768K, reserved 1048576K
}
Event: 59.702 GC heap before
{Heap before GC invocations=35 (full 6):
 PSYoungGen      total 468480K, used 405997K [0x00000000d5580000, 0x0000000100000000, 0x0000000100000000)
  eden space 259584K, 100% used [0x00000000d5580000,0x00000000e5300000,0x00000000e5300000)
  from space 208896K, 70% used [0x00000000f2f00000,0x00000000fbdfb5e0,0x00000000ffb00000)
  to   space 219648K, 0% used [0x00000000e5300000,0x00000000e5300000,0x00000000f2980000)
 ParOldGen       total 858624K, used 740952K [0x0000000080000000, 0x00000000b4680000, 0x00000000d5580000)
  object space 858624K, 86% used [0x0000000080000000,0x00000000ad3960f0,0x00000000b4680000)
 Metaspace       used 6700K, capacity 7384K, committed 7680K, reserved 1056768K
  class space    used 622K, capacity 656K, committed 768K, reserved 1048576K
Event: 60.046 GC heap after
Heap after GC invocations=35 (full 6):
 PSYoungGen      total 444928K, used 184891K [0x00000000d5580000, 0x0000000100000000, 0x0000000100000000)
  eden space 259584K, 0% used [0x00000000d5580000,0x00000000d5580000,0x00000000e5300000)
  from space 185344K, 99% used [0x00000000e5300000,0x00000000f078ec68,0x00000000f0800000)
  to   space 232960K, 0% used [0x00000000f1c80000,0x00000000f1c80000,0x0000000100000000)
 ParOldGen       total 858624K, used 740952K [0x0000000080000000, 0x00000000b4680000, 0x00000000d5580000)
  object space 858624K, 86% used [0x0000000080000000,0x00000000ad3960f0,0x00000000b4680000)
 Metaspace       used 6700K, capacity 7384K, committed 7680K, reserved 1056768K
  class space    used 622K, capacity 656K, committed 768K, reserved 1048576K
}
Event: 62.337 GC heap before
{Heap before GC invocations=36 (full 6):
 PSYoungGen      total 444928K, used 444475K [0x00000000d5580000, 0x0000000100000000, 0x0000000100000000)
  eden space 259584K, 100% used [0x00000000d5580000,0x00000000e5300000,0x00000000e5300000)
  from space 185344K, 99% used [0x00000000e5300000,0x00000000f078ec68,0x00000000f0800000)
  to   space 232960K, 0% used [0x00000000f1c80000,0x00000000f1c80000,0x0000000100000000)
 ParOldGen       total 858624K, used 740952K [0x0000000080000000, 0x00000000b4680000, 0x00000000d5580000)
  object space 858624K, 86% used [0x0000000080000000,0x00000000ad3960f0,0x00000000b4680000)
 Metaspace       used 6956K, capacity 7608K, committed 7936K, reserved 1056768K
  class space    used 635K, capacity 688K, committed 768K, reserved 1048576K
Event: 63.665 GC heap after
Heap after GC invocations=36 (full 6):
 PSYoungGen      total 465920K, used 160088K [0x00000000d5580000, 0x0000000100000000, 0x0000000100000000)
  eden space 232960K, 0% used [0x00000000d5580000,0x00000000d5580000,0x00000000e3900000)
  from space 232960K, 68% used [0x00000000f1c80000,0x00000000fb8d63a8,0x0000000100000000)
  to   space 232960K, 0% used [0x00000000e3900000,0x00000000e3900000,0x00000000f1c80000)
 ParOldGen       total 858624K, used 811816K [0x0000000080000000, 0x00000000b4680000, 0x00000000d5580000)
  object space 858624K, 94% used [0x0000000080000000,0x00000000b18ca178,0x00000000b4680000)
 Metaspace       used 6956K, capacity 7608K, committed 7936K, reserved 1056768K
  class space    used 635K, capacity 688K, committed 768K, reserved 1048576K
}
Event: 63.665 GC heap before
{Heap before GC invocations=37 (full 7):
 PSYoungGen      total 465920K, used 160088K [0x00000000d5580000, 0x0000000100000000, 0x0000000100000000)
  eden space 232960K, 0% used [0x00000000d5580000,0x00000000d5580000,0x00000000e3900000)
  from space 232960K, 68% used [0x00000000f1c80000,0x00000000fb8d63a8,0x0000000100000000)
  to   space 232960K, 0% used [0x00000000e3900000,0x00000000e3900000,0x00000000f1c80000)
 ParOldGen       total 858624K, used 811816K [0x0000000080000000, 0x00000000b4680000, 0x00000000d5580000)
  object space 858624K, 94% used [0x0000000080000000,0x00000000b18ca178,0x00000000b4680000)
 Metaspace       used 6956K, capacity 7608K, committed 7936K, reserved 1056768K
  class space    used 635K, capacity 688K, committed 768K, reserved 1048576K

Deoptimization events (10 events):
Event: 61.745 Thread 0x00007f69441b6000 Uncommon trap: reason=speculate_class_check action=maybe_recompile pc=0x00007f69351959e8 method=com.android.dx.util.FixedSizeList.equals(Ljava/lang/Object;)Z @ 25
Event: 61.745 Thread 0x00007f69441b6000 Uncommon trap: reason=class_check action=maybe_recompile pc=0x00007f6935076668 method=java.util.Arrays.equals([Ljava/lang/Object;[Ljava/lang/Object;)Z @ 62
Event: 61.745 Thread 0x00007f69441b6000 Uncommon trap: reason=speculate_class_check action=maybe_recompile pc=0x00007f69351959e8 method=com.android.dx.util.FixedSizeList.equals(Ljava/lang/Object;)Z @ 25
Event: 61.745 Thread 0x00007f69441b6000 Uncommon trap: reason=class_check action=maybe_recompile pc=0x00007f6935076668 method=java.util.Arrays.equals([Ljava/lang/Object;[Ljava/lang/Object;)Z @ 62
Event: 61.745 Thread 0x00007f69441b6000 Uncommon trap: reason=speculate_class_check action=maybe_recompile pc=0x00007f69351959e8 method=com.android.dx.util.FixedSizeList.equals(Ljava/lang/Object;)Z @ 25
Event: 61.745 Thread 0x00007f69441b6000 Uncommon trap: reason=class_check action=maybe_recompile pc=0x00007f6935076668 method=java.util.Arrays.equals([Ljava/lang/Object;[Ljava/lang/Object;)Z @ 62
Event: 61.745 Thread 0x00007f69441b6000 Uncommon trap: reason=speculate_class_check action=maybe_recompile pc=0x00007f69351959e8 method=com.android.dx.util.FixedSizeList.equals(Ljava/lang/Object;)Z @ 25
Event: 61.745 Thread 0x00007f69441b6000 Uncommon trap: reason=class_check action=maybe_recompile pc=0x00007f6935076668 method=java.util.Arrays.equals([Ljava/lang/Object;[Ljava/lang/Object;)Z @ 62
Event: 61.745 Thread 0x00007f69441b6000 Uncommon trap: reason=unstable_if action=reinterpret pc=0x00007f6935638e0c method=java.util.TreeMap.put(Ljava/lang/Object;Ljava/lang/Object;)Ljava/lang/Object; @ 163
Event: 61.794 Thread 0x00007f69441b6000 Uncommon trap: reason=unstable_if action=reinterpret pc=0x00007f693544b534 method=com.android.dx.rop.code.RegisterSpecSet.equals(Ljava/lang/Object;)Z @ 30

Internal exceptions (6 events):
Event: 0.066 Thread 0x00007f694400a000 Exception <a 'java/lang/NoSuchMethodError': Method sun.misc.Unsafe.defineClass(Ljava/lang/String;[BII)Ljava/lang/Class; name or signature does not match> (0x00000000d5592a50) thrown at [/HUDSON3/workspace/8-2-build-linux-amd64/jdk8u73/6086/hotspot/src/sha
Event: 0.066 Thread 0x00007f694400a000 Exception <a 'java/lang/NoSuchMethodError': Method sun.misc.Unsafe.prefetchRead(Ljava/lang/Object;J)V name or signature does not match> (0x00000000d5592d38) thrown at [/HUDSON3/workspace/8-2-build-linux-amd64/jdk8u73/6086/hotspot/src/share/vm/prims/jni.cp
Event: 1.301 Thread 0x00007f6944198000 Implicit null exception at 0x00007f6934ebd549 to 0x00007f6934ebfd35
Event: 1.769 Thread 0x00007f6944194800 Exception <a 'java/lang/ArrayIndexOutOfBoundsException': 18> (0x00000000d693a1b8) thrown at [/HUDSON3/workspace/8-2-build-linux-amd64/jdk8u73/6086/hotspot/src/share/vm/interpreter/interpreterRuntime.cpp, line 366]
Event: 1.770 Thread 0x00007f6944194800 Exception <a 'java/lang/ArrayIndexOutOfBoundsException': 145> (0x00000000d693bd38) thrown at [/HUDSON3/workspace/8-2-build-linux-amd64/jdk8u73/6086/hotspot/src/share/vm/interpreter/interpreterRuntime.cpp, line 366]
Event: 1.772 Thread 0x00007f6944194800 Exception <a 'java/lang/ArrayIndexOutOfBoundsException': 40> (0x00000000d693d020) thrown at [/HUDSON3/workspace/8-2-build-linux-amd64/jdk8u73/6086/hotspot/src/share/vm/interpreter/interpreterRuntime.cpp, line 366]

Events (10 events):
Event: 62.118 Thread 0x00007f694419b800 DEOPT UNPACKING pc=0x00007f6934c20233 sp=0x00007f692d825d80 mode 0
Event: 62.160 Thread 0x00007f6944198000 DEOPT PACKING pc=0x00007f6934f8a3f1 sp=0x00007f692da280d0
Event: 62.160 Thread 0x00007f6944198000 DEOPT UNPACKING pc=0x00007f6934c20233 sp=0x00007f692da27e80 mode 0
Event: 62.208 Thread 0x00007f694419a800 DEOPT PACKING pc=0x00007f6934f8a3f1 sp=0x00007f692d927050
Event: 62.208 Thread 0x00007f694419a800 DEOPT UNPACKING pc=0x00007f6934c20233 sp=0x00007f692d926e00 mode 0
Event: 62.271 Thread 0x00007f69441b6000 DEOPT PACKING pc=0x00007f6934f81f04 sp=0x00007f692d724ea0
Event: 62.271 Thread 0x00007f69441b6000 DEOPT UNPACKING pc=0x00007f6934c20233 sp=0x00007f692d724c08 mode 0
Event: 62.280 Thread 0x00007f6944194800 DEOPT PACKING pc=0x00007f6934f8a42d sp=0x00007f692dc29dd0
Event: 62.280 Thread 0x00007f6944194800 DEOPT UNPACKING pc=0x00007f6934c20233 sp=0x00007f692dc29b80 mode 0
Event: 62.337 Executing VM operation: ParallelGCFailedAllocation


Dynamic libraries:
00400000-00401000 r-xp 00000000 08:06 1974662                            /home/adament/mkn/android/jdk1.8.0_73/bin/java
00600000-00601000 rw-p 00000000 08:06 1974662                            /home/adament/mkn/android/jdk1.8.0_73/bin/java
010f9000-0113b000 rw-p 00000000 00:00 0                                  [heap]
80000000-b4680000 rw-p 00000000 00:00 0 
c1880000-d5580000 ---p 00000000 00:00 0 
d5580000-100000000 rw-p 00000000 00:00 0 
100000000-1000c0000 rw-p 00000000 00:00 0 
1000c0000-140000000 ---p 00000000 00:00 0 
7f68f0000000-7f68f0053000 rw-p 00000000 00:00 0 
7f68f0053000-7f68f4000000 ---p 00000000 00:00 0 
7f68f8000000-7f68f8021000 rw-p 00000000 00:00 0 
7f68f8021000-7f68fc000000 ---p 00000000 00:00 0 
7f68fc000000-7f68fc02d000 rw-p 00000000 00:00 0 
7f68fc02d000-7f6900000000 ---p 00000000 00:00 0 
7f6900000000-7f6900021000 rw-p 00000000 00:00 0 
7f6900021000-7f6904000000 ---p 00000000 00:00 0 
7f6904000000-7f6904027000 rw-p 00000000 00:00 0 
7f6904027000-7f6908000000 ---p 00000000 00:00 0 
7f6908000000-7f6908937000 rw-p 00000000 00:00 0 
7f6908937000-7f690c000000 ---p 00000000 00:00 0 
7f690c000000-7f690c021000 rw-p 00000000 00:00 0 
7f690c021000-7f6910000000 ---p 00000000 00:00 0 
7f6910000000-7f6910021000 rw-p 00000000 00:00 0 
7f6910021000-7f6914000000 ---p 00000000 00:00 0 
7f6914000000-7f6915e6c000 rw-p 00000000 00:00 0 
7f6915e6c000-7f6918000000 ---p 00000000 00:00 0 
7f6918000000-7f6918021000 rw-p 00000000 00:00 0 
7f6918021000-7f691c000000 ---p 00000000 00:00 0 
7f691c000000-7f691c021000 rw-p 00000000 00:00 0 
7f691c021000-7f6920000000 ---p 00000000 00:00 0 
7f6920000000-7f6920021000 rw-p 00000000 00:00 0 
7f6920021000-7f6924000000 ---p 00000000 00:00 0 
7f6924000000-7f6924296000 rw-p 00000000 00:00 0 
7f6924296000-7f6928000000 ---p 00000000 00:00 0 
7f6928000000-7f6928021000 rw-p 00000000 00:00 0 
7f6928021000-7f692c000000 ---p 00000000 00:00 0 
7f692d626000-7f692d629000 ---p 00000000 00:00 0 
7f692d629000-7f692d727000 rw-p 00000000 00:00 0                          [stack:7502]
7f692d727000-7f692d72a000 ---p 00000000 00:00 0 
7f692d72a000-7f692d828000 rw-p 00000000 00:00 0                          [stack:7488]
7f692d828000-7f692d82b000 ---p 00000000 00:00 0 
7f692d82b000-7f692d929000 rw-p 00000000 00:00 0                          [stack:7487]
7f692d929000-7f692d92c000 ---p 00000000 00:00 0 
7f692d92c000-7f692da2a000 rw-p 00000000 00:00 0                          [stack:7486]
7f692da2a000-7f692da2d000 ---p 00000000 00:00 0 
7f692da2d000-7f692db2b000 rw-p 00000000 00:00 0                          [stack:7485]
7f692db2b000-7f692db2e000 ---p 00000000 00:00 0 
7f692db2e000-7f692dc2c000 rw-p 00000000 00:00 0                          [stack:7484]
7f692dc2c000-7f692dd28000 r--s 00ae7000 08:06 7603870                    /home/adament/Music/EstiloRobe/estiloRobe/build/intermediates/transforms/jarMerging/debug/jars/1/1f/combined.jar
7f692dd28000-7f692dd29000 ---p 00000000 00:00 0 
7f692dd29000-7f692de29000 rw-p 00000000 00:00 0                          [stack:7483]
7f692de29000-7f692de2c000 ---p 00000000 00:00 0 
7f692de2c000-7f692df2a000 rw-p 00000000 00:00 0                          [stack:7482]
7f692df2a000-7f692df2d000 ---p 00000000 00:00 0 
7f692df2d000-7f692e02b000 rw-p 00000000 00:00 0                          [stack:7481]
7f692e02b000-7f692e02e000 ---p 00000000 00:00 0 
7f692e02e000-7f692e12c000 rw-p 00000000 00:00 0                          [stack:7480]
7f692e12c000-7f692e12f000 ---p 00000000 00:00 0 
7f692e12f000-7f692e22d000 rw-p 00000000 00:00 0                          [stack:7479]
7f692e22d000-7f692e4f6000 r--p 00000000 08:06 138881                     /usr/lib/locale/locale-archive
7f692e4f6000-7f692e4f9000 ---p 00000000 00:00 0 
7f692e4f9000-7f692e5f7000 rw-p 00000000 00:00 0                          [stack:7478]
7f692e5f7000-7f692e5fa000 ---p 00000000 00:00 0 
7f692e5fa000-7f692e6f8000 rw-p 00000000 00:00 0                          [stack:7477]
7f692e6f8000-7f692e6f9000 ---p 00000000 00:00 0 
7f692e6f9000-7f692f193000 rw-p 00000000 00:00 0                          [stack:7476]
7f692f193000-7f692f36b000 r--s 03d23000 08:06 2102216                    /home/adament/mkn/android/jdk1.8.0_73/jre/lib/rt.jar
7f692f36b000-7f692fa6b000 rw-p 00000000 00:00 0 
7f692fa6b000-7f692fb6b000 ---p 00000000 00:00 0 
7f692fb6b000-7f6933f6b000 rw-p 00000000 00:00 0 
7f6933f6b000-7f6933f6c000 ---p 00000000 00:00 0 
7f6933f6c000-7f693406c000 rw-p 00000000 00:00 0                          [stack:7475]
7f693406c000-7f693406d000 ---p 00000000 00:00 0 
7f693406d000-7f6934311000 rw-p 00000000 00:00 0                          [stack:7474]
7f6934311000-7f6934418000 ---p 00000000 00:00 0 
7f6934418000-7f69345bc000 rw-p 00000000 00:00 0 
7f69345bc000-7f69346c2000 ---p 00000000 00:00 0 
7f69346c2000-7f6934818000 rw-p 00000000 00:00 0 
7f6934818000-7f693484d000 rw-p 00000000 00:00 0 
7f693484d000-7f6934bd9000 ---p 00000000 00:00 0 
7f6934bd9000-7f69358b9000 rwxp 00000000 00:00 0 
7f69358b9000-7f6943bd9000 ---p 00000000 00:00 0 
7f6943bd9000-7f6943bf3000 r-xp 00000000 08:06 2493507                    /home/adament/mkn/android/jdk1.8.0_73/jre/lib/amd64/libzip.so
7f6943bf3000-7f6943df3000 ---p 0001a000 08:06 2493507                    /home/adament/mkn/android/jdk1.8.0_73/jre/lib/amd64/libzip.so
7f6943df3000-7f6943df4000 rw-p 0001a000 08:06 2493507                    /home/adament/mkn/android/jdk1.8.0_73/jre/lib/amd64/libzip.so
7f6943df4000-7f6943dff000 r-xp 00000000 08:06 2363499                    /lib/x86_64-linux-gnu/libnss_files-2.19.so
7f6943dff000-7f6943ffe000 ---p 0000b000 08:06 2363499                    /lib/x86_64-linux-gnu/libnss_files-2.19.so
7f6943ffe000-7f6943fff000 r--p 0000a000 08:06 2363499                    /lib/x86_64-linux-gnu/libnss_files-2.19.so
7f6943fff000-7f6944000000 rw-p 0000b000 08:06 2363499                    /lib/x86_64-linux-gnu/libnss_files-2.19.so
7f6944000000-7f69443a6000 rw-p 00000000 00:00 0 
7f69443a6000-7f6948000000 ---p 00000000 00:00 0 
7f6948020000-7f6948096000 rw-p 00000000 00:00 0 
7f6948096000-7f69480a1000 r-xp 00000000 08:06 2363509                    /lib/x86_64-linux-gnu/libnss_nis-2.19.so
7f69480a1000-7f69482a0000 ---p 0000b000 08:06 2363509                    /lib/x86_64-linux-gnu/libnss_nis-2.19.so
7f69482a0000-7f69482a1000 r--p 0000a000 08:06 2363509                    /lib/x86_64-linux-gnu/libnss_nis-2.19.so
7f69482a1000-7f69482a2000 rw-p 0000b000 08:06 2363509                    /lib/x86_64-linux-gnu/libnss_nis-2.19.so
7f69482a2000-7f69482b9000 r-xp 00000000 08:06 2363493                    /lib/x86_64-linux-gnu/libnsl-2.19.so
7f69482b9000-7f69484b8000 ---p 00017000 08:06 2363493                    /lib/x86_64-linux-gnu/libnsl-2.19.so
7f69484b8000-7f69484b9000 r--p 00016000 08:06 2363493                    /lib/x86_64-linux-gnu/libnsl-2.19.so
7f69484b9000-7f69484ba000 rw-p 00017000 08:06 2363493                    /lib/x86_64-linux-gnu/libnsl-2.19.so
7f69484ba000-7f69484bc000 rw-p 00000000 00:00 0 
7f69484bc000-7f69484c5000 r-xp 00000000 08:06 2363495                    /lib/x86_64-linux-gnu/libnss_compat-2.19.so
7f69484c5000-7f69486c4000 ---p 00009000 08:06 2363495                    /lib/x86_64-linux-gnu/libnss_compat-2.19.so
7f69486c4000-7f69486c5000 r--p 00008000 08:06 2363495                    /lib/x86_64-linux-gnu/libnss_compat-2.19.so
7f69486c5000-7f69486c6000 rw-p 00009000 08:06 2363495                    /lib/x86_64-linux-gnu/libnss_compat-2.19.so
7f69486c6000-7f69486f0000 r-xp 00000000 08:06 2493472                    /home/adament/mkn/android/jdk1.8.0_73/jre/lib/amd64/libjava.so
7f69486f0000-7f69488f0000 ---p 0002a000 08:06 2493472                    /home/adament/mkn/android/jdk1.8.0_73/jre/lib/amd64/libjava.so
7f69488f0000-7f69488f2000 rw-p 0002a000 08:06 2493472                    /home/adament/mkn/android/jdk1.8.0_73/jre/lib/amd64/libjava.so
7f69488f2000-7f69488ff000 r-xp 00000000 08:06 2493506                    /home/adament/mkn/android/jdk1.8.0_73/jre/lib/amd64/libverify.so
7f69488ff000-7f6948aff000 ---p 0000d000 08:06 2493506                    /home/adament/mkn/android/jdk1.8.0_73/jre/lib/amd64/libverify.so
7f6948aff000-7f6948b01000 rw-p 0000d000 08:06 2493506                    /home/adament/mkn/android/jdk1.8.0_73/jre/lib/amd64/libverify.so
7f6948b01000-7f6948b08000 r-xp 00000000 08:06 2363552                    /lib/x86_64-linux-gnu/librt-2.19.so
7f6948b08000-7f6948d07000 ---p 00007000 08:06 2363552                    /lib/x86_64-linux-gnu/librt-2.19.so
7f6948d07000-7f6948d08000 r--p 00006000 08:06 2363552                    /lib/x86_64-linux-gnu/librt-2.19.so
7f6948d08000-7f6948d09000 rw-p 00007000 08:06 2363552                    /lib/x86_64-linux-gnu/librt-2.19.so
7f6948d09000-7f6948e0e000 r-xp 00000000 08:06 2363474                    /lib/x86_64-linux-gnu/libm-2.19.so
7f6948e0e000-7f694900d000 ---p 00105000 08:06 2363474                    /lib/x86_64-linux-gnu/libm-2.19.so
7f694900d000-7f694900e000 r--p 00104000 08:06 2363474                    /lib/x86_64-linux-gnu/libm-2.19.so
7f694900e000-7f694900f000 rw-p 00105000 08:06 2363474                    /lib/x86_64-linux-gnu/libm-2.19.so
7f694900f000-7f6949cce000 r-xp 00000000 08:06 2624044                    /home/adament/mkn/android/jdk1.8.0_73/jre/lib/amd64/server/libjvm.so
7f6949cce000-7f6949ecd000 ---p 00cbf000 08:06 2624044                    /home/adament/mkn/android/jdk1.8.0_73/jre/lib/amd64/server/libjvm.so
7f6949ecd000-7f6949fa6000 rw-p 00cbe000 08:06 2624044                    /home/adament/mkn/android/jdk1.8.0_73/jre/lib/amd64/server/libjvm.so
7f6949fa6000-7f6949fef000 rw-p 00000000 00:00 0 
7f6949fef000-7f694a1aa000 r-xp 00000000 08:06 2363421                    /lib/x86_64-linux-gnu/libc-2.19.so
7f694a1aa000-7f694a3aa000 ---p 001bb000 08:06 2363421                    /lib/x86_64-linux-gnu/libc-2.19.so
7f694a3aa000-7f694a3ae000 r--p 001bb000 08:06 2363421                    /lib/x86_64-linux-gnu/libc-2.19.so
7f694a3ae000-7f694a3b0000 rw-p 001bf000 08:06 2363421                    /lib/x86_64-linux-gnu/libc-2.19.so
7f694a3b0000-7f694a3b5000 rw-p 00000000 00:00 0 
7f694a3b5000-7f694a3b8000 r-xp 00000000 08:06 2363438                    /lib/x86_64-linux-gnu/libdl-2.19.so
7f694a3b8000-7f694a5b7000 ---p 00003000 08:06 2363438                    /lib/x86_64-linux-gnu/libdl-2.19.so
7f694a5b7000-7f694a5b8000 r--p 00002000 08:06 2363438                    /lib/x86_64-linux-gnu/libdl-2.19.so
7f694a5b8000-7f694a5b9000 rw-p 00003000 08:06 2363438                    /lib/x86_64-linux-gnu/libdl-2.19.so
7f694a5b9000-7f694a5ce000 r-xp 00000000 08:06 2493603                    /home/adament/mkn/android/jdk1.8.0_73/lib/amd64/jli/libjli.so
7f694a5ce000-7f694a7ce000 ---p 00015000 08:06 2493603                    /home/adament/mkn/android/jdk1.8.0_73/lib/amd64/jli/libjli.so
7f694a7ce000-7f694a7cf000 rw-p 00015000 08:06 2493603                    /home/adament/mkn/android/jdk1.8.0_73/lib/amd64/jli/libjli.so
7f694a7cf000-7f694a7e8000 r-xp 00000000 08:06 2363544                    /lib/x86_64-linux-gnu/libpthread-2.19.so
7f694a7e8000-7f694a9e7000 ---p 00019000 08:06 2363544                    /lib/x86_64-linux-gnu/libpthread-2.19.so
7f694a9e7000-7f694a9e8000 r--p 00018000 08:06 2363544                    /lib/x86_64-linux-gnu/libpthread-2.19.so
7f694a9e8000-7f694a9e9000 rw-p 00019000 08:06 2363544                    /lib/x86_64-linux-gnu/libpthread-2.19.so
7f694a9e9000-7f694a9ed000 rw-p 00000000 00:00 0 
7f694a9ed000-7f694aa10000 r-xp 00000000 08:06 2363395                    /lib/x86_64-linux-gnu/ld-2.19.so
7f694aa19000-7f694aae5000 rw-p 00000000 00:00 0 
7f694aae5000-7f694aae8000 ---p 00000000 00:00 0 
7f694aae8000-7f694abea000 rw-p 00000000 00:00 0                          [stack:7473]
7f694abf3000-7f694abf4000 rw-p 00000000 00:00 0 
7f694abf4000-7f694ac03000 r--s 000df000 08:06 2493619                    /home/adament/mkn/android/sdk/build-tools/23.0.2/lib/dx.jar
7f694ac03000-7f694ac0b000 rw-s 00000000 08:06 7475255                    /tmp/hsperfdata_adament/7468
7f694ac0b000-7f694ac0c000 rw-p 00000000 00:00 0 
7f694ac0c000-7f694ac0d000 ---p 00000000 00:00 0 
7f694ac0d000-7f694ac0f000 rw-p 00000000 00:00 0 
7f694ac0f000-7f694ac10000 r--p 00022000 08:06 2363395                    /lib/x86_64-linux-gnu/ld-2.19.so
7f694ac10000-7f694ac11000 rw-p 00023000 08:06 2363395                    /lib/x86_64-linux-gnu/ld-2.19.so
7f694ac11000-7f694ac12000 rw-p 00000000 00:00 0 
7fffc8112000-7fffc8133000 rw-p 00000000 00:00 0                          [stack]
7fffc81fe000-7fffc8200000 r-xp 00000000 00:00 0                          [vdso]
ffffffffff600000-ffffffffff601000 r-xp 00000000 00:00 0                  [vsyscall]

VM Arguments:
jvm_args: -Djava.awt.headless=true -Xmx2048M -Dfile.encoding=UTF-8 -Duser.country=IN -Duser.language=en -Duser.variant 
java_command: com.android.dx.command.Main --dex --num-threads=4 --multi-dex --main-dex-list /home/adament/Music/EstiloRobe/estiloRobe/build/intermediates/multi-dex/debug/maindexlist.txt --output /home/adament/Music/EstiloRobe/estiloRobe/build/intermediates/transforms/dex/debug/folders/1000/1f/main /home/adament/Music/EstiloRobe/estiloRobe/build/intermediates/transforms/jarMerging/debug/jars/1/1f/combined.jar
java_class_path (initial): /home/adament/mkn/android/sdk/build-tools/23.0.2/lib/dx.jar
Launcher Type: SUN_STANDARD

Environment Variables:
JAVA_HOME=/home/adament/mkn/android/jdk1.8.0_73
PATH=/usr/local/sbin:/usr/local/bin:/usr/sbin:/usr/bin:/sbin:/bin:/usr/games:/usr/local/games:/home/adament/mkn/android/sdk/platform-tools
USERNAME=adament
LD_LIBRARY_PATH=/home/adament/mkn/android/android-studio/bin:
SHELL=/bin/bash
DISPLAY=:0

Signal Handlers:
SIGSEGV: [libjvm.so+0xabafa0], sa_mask[0]=11111111011111111101111111111110, sa_flags=SA_RESTART|SA_SIGINFO
SIGBUS: [libjvm.so+0xabafa0], sa_mask[0]=11111111011111111101111111111110, sa_flags=SA_RESTART|SA_SIGINFO
SIGFPE: [libjvm.so+0x9183c0], sa_mask[0]=11111111011111111101111111111110, sa_flags=SA_RESTART|SA_SIGINFO
SIGPIPE: [libjvm.so+0x9183c0], sa_mask[0]=11111111011111111101111111111110, sa_flags=SA_RESTART|SA_SIGINFO
SIGXFSZ: [libjvm.so+0x9183c0], sa_mask[0]=11111111011111111101111111111110, sa_flags=SA_RESTART|SA_SIGINFO
SIGILL: [libjvm.so+0x9183c0], sa_mask[0]=11111111011111111101111111111110, sa_flags=SA_RESTART|SA_SIGINFO
SIGUSR1: SIG_DFL, sa_mask[0]=00000000000000000000000000000000, sa_flags=none
SIGUSR2: [libjvm.so+0x9199f0], sa_mask[0]=00100000000000000000000000000000, sa_flags=SA_RESTART|SA_SIGINFO
SIGHUP: [libjvm.so+0x91adf0], sa_mask[0]=11111111011111111101111111111110, sa_flags=SA_RESTART|SA_SIGINFO
SIGINT: [libjvm.so+0x91adf0], sa_mask[0]=11111111011111111101111111111110, sa_flags=SA_RESTART|SA_SIGINFO
SIGTERM: [libjvm.so+0x91adf0], sa_mask[0]=11111111011111111101111111111110, sa_flags=SA_RESTART|SA_SIGINFO
SIGQUIT: [libjvm.so+0x91adf0], sa_mask[0]=11111111011111111101111111111110, sa_flags=SA_RESTART|SA_SIGINFO


---------------  S Y S T E M  ---------------

OS:DISTRIB_ID=LinuxMint
DISTRIB_RELEASE=17.1
DISTRIB_CODENAME=rebecca
DISTRIB_DESCRIPTION="Linux Mint 17.1 Rebecca"

uname:Linux 3.13.0-37-generic #64-Ubuntu SMP Mon Sep 22 21:28:38 UTC 2014 x86_64
libc:glibc 2.19 NPTL 2.19 
rlimit: STACK 8192k, CORE 0k, NPROC 30684, NOFILE 4096, AS infinity
load average:3.74 1.65 1.13

/proc/meminfo:
MemTotal:        3958712 kB
MemFree:          104532 kB
Buffers:            1248 kB
Cached:           153392 kB
SwapCached:        74588 kB
Active:          2698688 kB
Inactive:         978344 kB
Active(anon):    2688580 kB
Inactive(anon):   960508 kB
Active(file):      10108 kB
Inactive(file):    17836 kB
Unevictable:          32 kB
Mlocked:              32 kB
SwapTotal:       1998844 kB
SwapFree:           1084 kB
Dirty:                60 kB
Writeback:             0 kB
AnonPages:       3448776 kB
Mapped:            73096 kB
Shmem:            126628 kB
Slab:              64048 kB
SReclaimable:      31956 kB
SUnreclaim:        32092 kB
KernelStack:        4704 kB
PageTables:        48048 kB
NFS_Unstable:          0 kB
Bounce:                0 kB
WritebackTmp:          0 kB
CommitLimit:     3978200 kB
Committed_AS:    8505284 kB
VmallocTotal:   34359738367 kB
VmallocUsed:      543712 kB
VmallocChunk:   34359188396 kB
HardwareCorrupted:     0 kB
AnonHugePages:    718848 kB
HugePages_Total:       0
HugePages_Free:        0
HugePages_Rsvd:        0
HugePages_Surp:        0
Hugepagesize:       2048 kB
DirectMap4k:       74792 kB
DirectMap2M:     4030464 kB


CPU:total 2 (2 cores per cpu, 1 threads per core) family 6 model 42 stepping 7, cmov, cx8, fxsr, mmx, sse, sse2, sse3, ssse3, sse4.1, sse4.2, popcnt, clmul, tsc, tscinvbit

/proc/cpuinfo:
processor	: 0
vendor_id	: GenuineIntel
cpu family	: 6
model		: 42
model name	: Intel(R) Pentium(R) CPU G620 @ 2.60GHz
stepping	: 7
microcode	: 0xd
cpu MHz		: 2594.197
cache size	: 3072 KB
physical id	: 0
siblings	: 2
core id		: 0
cpu cores	: 2
apicid		: 0
initial apicid	: 0
fpu		: yes
fpu_exception	: yes
cpuid level	: 13
wp		: yes
flags		: fpu vme de pse tsc msr pae mce cx8 apic sep mtrr pge mca cmov pat pse36 clflush dts acpi mmx fxsr sse sse2 ss ht tm pbe syscall nx rdtscp lm constant_tsc arch_perfmon pebs bts rep_good nopl xtopology nonstop_tsc aperfmperf eagerfpu pni pclmulqdq dtes64 monitor ds_cpl vmx est tm2 ssse3 cx16 xtpr pdcm pcid sse4_1 sse4_2 popcnt tsc_deadline_timer xsave lahf_lm arat epb xsaveopt pln pts dtherm tpr_shadow vnmi flexpriority ept vpid
bogomips	: 5188.39
clflush size	: 64
cache_alignment	: 64
address sizes	: 36 bits physical, 48 bits virtual
power management:

processor	: 1
vendor_id	: GenuineIntel
cpu family	: 6
model		: 42
model name	: Intel(R) Pentium(R) CPU G620 @ 2.60GHz
stepping	: 7
microcode	: 0xd
cpu MHz		: 2594.197
cache size	: 3072 KB
physical id	: 0
siblings	: 2
core id		: 1
cpu cores	: 2
apicid		: 2
initial apicid	: 2
fpu		: yes
fpu_exception	: yes
cpuid level	: 13
wp		: yes
flags		: fpu vme de pse tsc msr pae mce cx8 apic sep mtrr pge mca cmov pat pse36 clflush dts acpi mmx fxsr sse sse2 ss ht tm pbe syscall nx rdtscp lm constant_tsc arch_perfmon pebs bts rep_good nopl xtopology nonstop_tsc aperfmperf eagerfpu pni pclmulqdq dtes64 monitor ds_cpl vmx est tm2 ssse3 cx16 xtpr pdcm pcid sse4_1 sse4_2 popcnt tsc_deadline_timer xsave lahf_lm arat epb xsaveopt pln pts dtherm tpr_shadow vnmi flexpriority ept vpid
bogomips	: 5188.39
clflush size	: 64
cache_alignment	: 64
address sizes	: 36 bits physical, 48 bits virtual
power management:



Memory: 4k page, physical 3958712k(104532k free), swap 1998844k(1084k free)

vm_info: Java HotSpot(TM) 64-Bit Server VM (25.73-b02) for linux-amd64 JRE (1.8.0_73-b02), built on Jan 29 2016 17:39:45 by "java_re" with gcc 4.3.0 20080428 (Red Hat 4.3.0-8)

time: Wed Apr  6 12:40:13 2016
elapsed time: 72 seconds (0d 0h 1m 12s)

