#
# There is insufficient memory for the Java Runtime Environment to continue.
# Native memory allocation (mmap) failed to map 224395264 bytes for committing reserved memory.
# Possible reasons:
#   The system is out of physical RAM or swap space
#   In 32 bit mode, the process size limit was hit
# Possible solutions:
#   Reduce memory load on the system
#   Increase physical memory or swap space
#   Check if swap backing store is full
#   Use 64 bit Java on a 64 bit OS
#   Decrease Java heap size (-Xmx/-Xms)
#   Decrease number of Java threads
#   Decrease Java thread stack sizes (-Xss)
#   Set larger code cache with -XX:ReservedCodeCacheSize=
# This output file may be truncated or incomplete.
#
#  Out of Memory Error (os_linux.cpp:2627), pid=17372, tid=140415215830784
#
# JRE version: Java(TM) SE Runtime Environment (8.0_73-b02) (build 1.8.0_73-b02)
# Java VM: Java HotSpot(TM) 64-Bit Server VM (25.73-b02 mixed mode linux-amd64 compressed oops)
# Failed to write core dump. Core dumps have been disabled. To enable core dumping, try "ulimit -c unlimited" before starting Java again
#

---------------  T H R E A D  ---------------

Current thread (0x00007fb510074000):  VMThread [stack: 0x00007fb4f6ff8000,0x00007fb4f70f9000] [id=17380]

Stack: [0x00007fb4f6ff8000,0x00007fb4f70f9000],  sp=0x00007fb4f70f7060,  free space=1020k
Native frames: (J=compiled Java code, j=interpreted, Vv=VM code, C=native code)
V  [libjvm.so+0xaba71a]  VMError::report_and_die()+0x2ba
V  [libjvm.so+0x4f9ecb]  report_vm_out_of_memory(char const*, int, unsigned long, VMErrorType, char const*)+0x8b
V  [libjvm.so+0x91b553]  os::Linux::commit_memory_impl(char*, unsigned long, bool)+0x103
V  [libjvm.so+0x91baa9]  os::pd_commit_memory(char*, unsigned long, unsigned long, bool)+0x29
V  [libjvm.so+0x915dba]  os::commit_memory(char*, unsigned long, unsigned long, bool)+0x2a
V  [libjvm.so+0x989463]  PSVirtualSpace::expand_by(unsigned long)+0x53
V  [libjvm.so+0x979d50]  PSOldGen::expand(unsigned long)+0x170
V  [libjvm.so+0x979f5b]  PSOldGen::resize(unsigned long)+0x1cb
V  [libjvm.so+0x981c31]  PSParallelCompact::invoke_no_policy(bool)+0x991
V  [libjvm.so+0x98758d]  PSScavenge::invoke()+0x1ad
V  [libjvm.so+0x93f1b0]  ParallelScavengeHeap::failed_mem_allocate(unsigned long)+0x70
V  [libjvm.so+0xabc137]  VM_ParallelGCFailedAllocation::doit()+0x97
V  [libjvm.so+0xac3b65]  VM_Operation::evaluate()+0x55
V  [libjvm.so+0xac1f3a]  VMThread::evaluate_operation(VM_Operation*)+0xba
V  [libjvm.so+0xac22be]  VMThread::loop()+0x1ce
V  [libjvm.so+0xac2730]  VMThread::run()+0x70
V  [libjvm.so+0x91d918]  java_start(Thread*)+0x108

VM_Operation (0x00007fb4f601eeb0): ParallelGCFailedAllocation, mode: safepoint, requested by thread 0x00007fb51017d000


---------------  P R O C E S S  ---------------

Java Threads: ( => current thread )
  0x00007fb51017d000 JavaThread "pool-1-thread-1" [_thread_blocked, id=17413, stack(0x00007fb4f5f20000,0x00007fb4f6021000)]
  0x00007fb510194000 JavaThread "pool-2-thread-4" [_thread_blocked, id=17392, stack(0x00007fb4f6021000,0x00007fb4f6122000)]
  0x00007fb510192800 JavaThread "pool-2-thread-3" [_thread_blocked, id=17391, stack(0x00007fb4f6122000,0x00007fb4f6223000)]
  0x00007fb510190800 JavaThread "pool-2-thread-2" [_thread_blocked, id=17390, stack(0x00007fb4f6223000,0x00007fb4f6324000)]
  0x00007fb51018f800 JavaThread "pool-3-thread-1" [_thread_blocked, id=17389, stack(0x00007fb4f6324000,0x00007fb4f6425000)]
  0x00007fb51018d000 JavaThread "pool-2-thread-1" [_thread_blocked, id=17388, stack(0x00007fb4f6425000,0x00007fb4f6526000)]
  0x00007fb5100b7800 JavaThread "Service Thread" daemon [_thread_blocked, id=17386, stack(0x00007fb4f6729000,0x00007fb4f682a000)]
  0x00007fb5100b5000 JavaThread "C1 CompilerThread1" daemon [_thread_blocked, id=17385, stack(0x00007fb4f682a000,0x00007fb4f692b000)]
  0x00007fb5100b2000 JavaThread "C2 CompilerThread0" daemon [_thread_blocked, id=17384, stack(0x00007fb4f692b000,0x00007fb4f6a2c000)]
  0x00007fb5100b0800 JavaThread "Signal Dispatcher" daemon [_thread_blocked, id=17383, stack(0x00007fb4f6a2c000,0x00007fb4f6b2d000)]
  0x00007fb51007b000 JavaThread "Finalizer" daemon [_thread_blocked, id=17382, stack(0x00007fb4f6df6000,0x00007fb4f6ef7000)]
  0x00007fb510079000 JavaThread "Reference Handler" daemon [_thread_blocked, id=17381, stack(0x00007fb4f6ef7000,0x00007fb4f6ff8000)]
  0x00007fb51000a000 JavaThread "main" [_thread_blocked, id=17377, stack(0x00007fb517414000,0x00007fb517515000)]

Other Threads:
=>0x00007fb510074000 VMThread [stack: 0x00007fb4f6ff8000,0x00007fb4f70f9000] [id=17380]
  0x00007fb5100ba800 WatcherThread [stack: 0x00007fb4f6628000,0x00007fb4f6729000] [id=17387]

VM state:at safepoint (normal execution)

VM Mutex/Monitor currently owned by a thread:  ([mutex/lock_event])
[0x00007fb5100060d0] ExpandHeap_lock - owner thread: 0x00007fb510074000
[0x00007fb510006750] Threads_lock - owner thread: 0x00007fb510074000
[0x00007fb510006c50] Heap_lock - owner thread: 0x00007fb51017d000

Heap:
 PSYoungGen      total 474112K, used 0K [0x00000000d5580000, 0x0000000100000000, 0x0000000100000000)
  eden space 245248K, 0% used [0x00000000d5580000,0x00000000d5580000,0x00000000e4500000)
  from space 228864K, 0% used [0x00000000f2080000,0x00000000f2080000,0x0000000100000000)
  to   space 224768K, 0% used [0x00000000e4500000,0x00000000e4500000,0x00000000f2080000)
 ParOldGen       total 953856K, used 910523K [0x0000000080000000, 0x00000000ba380000, 0x00000000d5580000)
  object space 953856K, 95% used [0x0000000080000000,0x00000000b792edf0,0x00000000ba380000)
 Metaspace       used 6704K, capacity 7384K, committed 7680K, reserved 1056768K
  class space    used 622K, capacity 656K, committed 768K, reserved 1048576K

Card table byte_map: [0x00007fb500bff000,0x00007fb501000000] byte_map_base: 0x00007fb5007ff000

Marking Bits: (ParMarkBitMap*) 0x00007fb5168f3100
 Begin Bits: [0x00007fb4fc853000, 0x00007fb4fe853000)
 End Bits:   [0x00007fb4fe853000, 0x00007fb500853000)

Polling page: 0x00007fb51753b000

CodeCache: size=245760Kb used=13423Kb max_used=13450Kb free=232336Kb
 bounds [0x00007fb501000000, 0x00007fb501d90000, 0x00007fb510000000]
 total_blobs=2895 nmethods=2627 adapters=182
 compilation: enabled

Compilation events (10 events):
Event: 75.062 Thread 0x00007fb5100b5000 3223       3       com.android.dx.ssa.back.FirstFitLocalCombiningAllocator::findAnyFittingRange (189 bytes)
Event: 75.063 Thread 0x00007fb5100b5000 nmethod 3223 0x00007fb501208450 code [0x00007fb501208640, 0x00007fb501208f58]
Event: 75.112 Thread 0x00007fb5100b5000 3224       2       com.android.dx.rop.cst.CstMemberRef::equals (56 bytes)
Event: 75.112 Thread 0x00007fb5100b5000 nmethod 3224 0x00007fb501241150 code [0x00007fb5012412c0, 0x00007fb501241568]
Event: 75.143 Thread 0x00007fb5100b5000 3226       3       com.android.dx.cf.code.LocalVariableList::itemToLocal (47 bytes)
Event: 75.143 Thread 0x00007fb5100b5000 nmethod 3226 0x00007fb5015891d0 code [0x00007fb501589380, 0x00007fb5015898f8]
Event: 75.164 Thread 0x00007fb5100b5000 3227       2       com.android.dx.ssa.SsaInsn::setResultLocal (54 bytes)
Event: 75.164 Thread 0x00007fb5100b5000 nmethod 3227 0x00007fb501588bd0 code [0x00007fb501588d60, 0x00007fb501589008]
Event: 75.249 Thread 0x00007fb5100b5000 3229       2       com.android.dx.rop.code.Rops::opIfLt (13 bytes)
Event: 75.249 Thread 0x00007fb5100b5000 nmethod 3229 0x00007fb50134c3d0 code [0x00007fb50134c540, 0x00007fb50134c6c8]

GC Heap History (10 events):
Event: 71.500 GC heap after
Heap after GC invocations=33 (full 7):
 PSYoungGen      total 446976K, used 69523K [0x00000000d5580000, 0x00000000fe080000, 0x0000000100000000)
  eden space 250880K, 0% used [0x00000000d5580000,0x00000000d5580000,0x00000000e4a80000)
  from space 196096K, 35% used [0x00000000f2100000,0x00000000f64e4c10,0x00000000fe080000)
  to   space 207872K, 0% used [0x00000000e4a80000,0x00000000e4a80000,0x00000000f1580000)
 ParOldGen       total 953856K, used 782805K [0x0000000080000000, 0x00000000ba380000, 0x00000000d5580000)
  object space 953856K, 82% used [0x0000000080000000,0x00000000afc75420,0x00000000ba380000)
 Metaspace       used 6594K, capacity 7320K, committed 7680K, reserved 1056768K
  class space    used 616K, capacity 656K, committed 768K, reserved 1048576K
}
Event: 72.301 GC heap before
{Heap before GC invocations=34 (full 7):
 PSYoungGen      total 446976K, used 320403K [0x00000000d5580000, 0x00000000fe080000, 0x0000000100000000)
  eden space 250880K, 100% used [0x00000000d5580000,0x00000000e4a80000,0x00000000e4a80000)
  from space 196096K, 35% used [0x00000000f2100000,0x00000000f64e4c10,0x00000000fe080000)
  to   space 207872K, 0% used [0x00000000e4a80000,0x00000000e4a80000,0x00000000f1580000)
 ParOldGen       total 953856K, used 782805K [0x0000000080000000, 0x00000000ba380000, 0x00000000d5580000)
  object space 953856K, 82% used [0x0000000080000000,0x00000000afc75420,0x00000000ba380000)
 Metaspace       used 6669K, capacity 7384K, committed 7680K, reserved 1056768K
  class space    used 620K, capacity 656K, committed 768K, reserved 1048576K
Event: 72.543 GC heap after
Heap after GC invocations=34 (full 7):
 PSYoungGen      total 458752K, used 108296K [0x00000000d5580000, 0x00000000fff80000, 0x0000000100000000)
  eden space 250880K, 0% used [0x00000000d5580000,0x00000000d5580000,0x00000000e4a80000)
  from space 207872K, 52% used [0x00000000e4a80000,0x00000000eb442360,0x00000000f1580000)
  to   space 206336K, 0% used [0x00000000f3600000,0x00000000f3600000,0x00000000fff80000)
 ParOldGen       total 953856K, used 782805K [0x0000000080000000, 0x00000000ba380000, 0x00000000d5580000)
  object space 953856K, 82% used [0x0000000080000000,0x00000000afc75420,0x00000000ba380000)
 Metaspace       used 6669K, capacity 7384K, committed 7680K, reserved 1056768K
  class space    used 620K, capacity 656K, committed 768K, reserved 1048576K
}
Event: 73.262 GC heap before
{Heap before GC invocations=35 (full 7):
 PSYoungGen      total 458752K, used 359176K [0x00000000d5580000, 0x00000000fff80000, 0x0000000100000000)
  eden space 250880K, 100% used [0x00000000d5580000,0x00000000e4a80000,0x00000000e4a80000)
  from space 207872K, 52% used [0x00000000e4a80000,0x00000000eb442360,0x00000000f1580000)
  to   space 206336K, 0% used [0x00000000f3600000,0x00000000f3600000,0x00000000fff80000)
 ParOldGen       total 953856K, used 782805K [0x0000000080000000, 0x00000000ba380000, 0x00000000d5580000)
  object space 953856K, 82% used [0x0000000080000000,0x00000000afc75420,0x00000000ba380000)
 Metaspace       used 6702K, capacity 7384K, committed 7680K, reserved 1056768K
  class space    used 622K, capacity 656K, committed 768K, reserved 1048576K
Event: 73.635 GC heap after
Heap after GC invocations=35 (full 7):
 PSYoungGen      total 468992K, used 146423K [0x00000000d5580000, 0x0000000100000000, 0x0000000100000000)
  eden space 262656K, 0% used [0x00000000d5580000,0x00000000d5580000,0x00000000e5600000)
  from space 206336K, 70% used [0x00000000f3600000,0x00000000fc4fdf60,0x00000000fff80000)
  to   space 218112K, 0% used [0x00000000e5600000,0x00000000e5600000,0x00000000f2b00000)
 ParOldGen       total 953856K, used 782813K [0x0000000080000000, 0x00000000ba380000, 0x00000000d5580000)
  object space 953856K, 82% used [0x0000000080000000,0x00000000afc77420,0x00000000ba380000)
 Metaspace       used 6702K, capacity 7384K, committed 7680K, reserved 1056768K
  class space    used 622K, capacity 656K, committed 768K, reserved 1048576K
}
Event: 74.384 GC heap before
{Heap before GC invocations=36 (full 7):
 PSYoungGen      total 468992K, used 409079K [0x00000000d5580000, 0x0000000100000000, 0x0000000100000000)
  eden space 262656K, 100% used [0x00000000d5580000,0x00000000e5600000,0x00000000e5600000)
  from space 206336K, 70% used [0x00000000f3600000,0x00000000fc4fdf60,0x00000000fff80000)
  to   space 218112K, 0% used [0x00000000e5600000,0x00000000e5600000,0x00000000f2b00000)
 ParOldGen       total 953856K, used 782813K [0x0000000080000000, 0x00000000ba380000, 0x00000000d5580000)
  object space 953856K, 82% used [0x0000000080000000,0x00000000afc77420,0x00000000ba380000)
 Metaspace       used 6702K, capacity 7384K, committed 7680K, reserved 1056768K
  class space    used 622K, capacity 656K, committed 768K, reserved 1048576K
Event: 74.929 GC heap after
Heap after GC invocations=36 (full 7):
 PSYoungGen      total 414720K, used 152025K [0x00000000d5580000, 0x0000000100000000, 0x0000000100000000)
  eden space 262656K, 0% used [0x00000000d5580000,0x00000000d5580000,0x00000000e5600000)
  from space 152064K, 99% used [0x00000000e5600000,0x00000000eea76428,0x00000000eea80000)
  to   space 228864K, 0% used [0x00000000f2080000,0x00000000f2080000,0x0000000100000000)
 ParOldGen       total 953856K, used 817038K [0x0000000080000000, 0x00000000ba380000, 0x00000000d5580000)
  object space 953856K, 85% used [0x0000000080000000,0x00000000b1de3970,0x00000000ba380000)
 Metaspace       used 6702K, capacity 7384K, committed 7680K, reserved 1056768K
  class space    used 622K, capacity 656K, committed 768K, reserved 1048576K
}
Event: 75.634 GC heap before
{Heap before GC invocations=37 (full 7):
 PSYoungGen      total 414720K, used 414681K [0x00000000d5580000, 0x0000000100000000, 0x0000000100000000)
  eden space 262656K, 100% used [0x00000000d5580000,0x00000000e5600000,0x00000000e5600000)
  from space 152064K, 99% used [0x00000000e5600000,0x00000000eea76428,0x00000000eea80000)
  to   space 228864K, 0% used [0x00000000f2080000,0x00000000f2080000,0x0000000100000000)
 ParOldGen       total 953856K, used 817038K [0x0000000080000000, 0x00000000ba380000, 0x00000000d5580000)
  object space 953856K, 85% used [0x0000000080000000,0x00000000b1de3970,0x00000000ba380000)
 Metaspace       used 6704K, capacity 7384K, committed 7680K, reserved 1056768K
  class space    used 622K, capacity 656K, committed 768K, reserved 1048576K
Event: 76.276 GC heap after
Heap after GC invocations=37 (full 7):
 PSYoungGen      total 474112K, used 118625K [0x00000000d5580000, 0x0000000100000000, 0x0000000100000000)
  eden space 245248K, 0% used [0x00000000d5580000,0x00000000d5580000,0x00000000e4500000)
  from space 228864K, 51% used [0x00000000f2080000,0x00000000f94586a0,0x0000000100000000)
  to   space 224768K, 0% used [0x00000000e4500000,0x00000000e4500000,0x00000000f2080000)
 ParOldGen       total 953856K, used 888741K [0x0000000080000000, 0x00000000ba380000, 0x00000000d5580000)
  object space 953856K, 93% used [0x0000000080000000,0x00000000b63e96f0,0x00000000ba380000)
 Metaspace       used 6704K, capacity 7384K, committed 7680K, reserved 1056768K
  class space    used 622K, capacity 656K, committed 768K, reserved 1048576K
}
Event: 76.276 GC heap before
{Heap before GC invocations=38 (full 8):
 PSYoungGen      total 474112K, used 118625K [0x00000000d5580000, 0x0000000100000000, 0x0000000100000000)
  eden space 245248K, 0% used [0x00000000d5580000,0x00000000d5580000,0x00000000e4500000)
  from space 228864K, 51% used [0x00000000f2080000,0x00000000f94586a0,0x0000000100000000)
  to   space 224768K, 0% used [0x00000000e4500000,0x00000000e4500000,0x00000000f2080000)
 ParOldGen       total 953856K, used 888741K [0x0000000080000000, 0x00000000ba380000, 0x00000000d5580000)
  object space 953856K, 93% used [0x0000000080000000,0x00000000b63e96f0,0x00000000ba380000)
 Metaspace       used 6704K, capacity 7384K, committed 7680K, reserved 1056768K
  class space    used 622K, capacity 656K, committed 768K, reserved 1048576K

Deoptimization events (10 events):
Event: 72.076 Thread 0x00007fb51000a000 Uncommon trap: reason=unstable_if action=reinterpret pc=0x00007fb501c6bc34 method=com.android.dx.ssa.SCCP.replaceBranches()V @ 76
Event: 72.680 Thread 0x00007fb510190800 Uncommon trap: reason=unstable_if action=reinterpret pc=0x00007fb501cc6fc4 method=com.android.dx.ssa.back.FirstFitLocalCombiningAllocator.findNextUnreservedRopReg(IILcom/android/dx/ssa/back/FirstFitLocalCombiningAllocator$Alignment;)I @ 32
Event: 72.811 Thread 0x00007fb51018d000 Uncommon trap: reason=unstable_if action=reinterpret pc=0x00007fb501b7d888 method=com.android.dx.dex.code.OutputFinisher.hasLocalInfo(Lcom/android/dx/dex/code/DalvInsn;)Z @ 24
Event: 72.811 Thread 0x00007fb51018d000 Uncommon trap: reason=unstable_if action=reinterpret pc=0x00007fb501298314 method=com.android.dx.dex.code.OutputFinisher.hasLocalInfo(Lcom/android/dx/dex/code/DalvInsn;)Z @ 24
Event: 72.814 Thread 0x00007fb51018d000 Uncommon trap: reason=unstable_if action=reinterpret pc=0x00007fb501644560 method=com.android.dx.dex.code.OutputFinisher.hasLocalInfo(Lcom/android/dx/dex/code/DalvInsn;)Z @ 24
Event: 72.881 Thread 0x00007fb510194000 Uncommon trap: reason=unstable_if action=reinterpret pc=0x00007fb501c43de8 method=com.android.dx.ssa.back.FirstFitLocalCombiningAllocator.findNextUnreservedRopReg(IILcom/android/dx/ssa/back/FirstFitLocalCombiningAllocator$Alignment;)I @ 32
Event: 73.053 Thread 0x00007fb51000a000 Uncommon trap: reason=unstable_if action=reinterpret pc=0x00007fb501429bfc method=com.android.dx.rop.code.LocalItem.compareHandlesNulls(Lcom/android/dx/rop/cst/CstString;Lcom/android/dx/rop/cst/CstString;)I @ 8
Event: 73.875 Thread 0x00007fb510190800 Uncommon trap: reason=bimorphic action=maybe_recompile pc=0x00007fb501603240 method=com.android.dx.cf.code.BytecodeArray.parseInstruction(ILcom/android/dx/cf/code/BytecodeArray$Visitor;)I @ 891
Event: 73.875 Thread 0x00007fb510190800 Uncommon trap: reason=bimorphic action=maybe_recompile pc=0x00007fb501603240 method=com.android.dx.cf.code.BytecodeArray.parseInstruction(ILcom/android/dx/cf/code/BytecodeArray$Visitor;)I @ 891
Event: 74.930 Thread 0x00007fb510190800 Uncommon trap: reason=unstable_if action=reinterpret pc=0x00007fb5011bcbc4 method=java.util.ArrayList.<init>(I)V @ 5

Internal exceptions (7 events):
Event: 0.074 Thread 0x00007fb51000a000 Exception <a 'java/lang/NoSuchMethodError': Method sun.misc.Unsafe.defineClass(Ljava/lang/String;[BII)Ljava/lang/Class; name or signature does not match> (0x00000000d5592ab8) thrown at [/HUDSON3/workspace/8-2-build-linux-amd64/jdk8u73/6086/hotspot/src/sha
Event: 0.074 Thread 0x00007fb51000a000 Exception <a 'java/lang/NoSuchMethodError': Method sun.misc.Unsafe.prefetchRead(Ljava/lang/Object;J)V name or signature does not match> (0x00000000d5592da0) thrown at [/HUDSON3/workspace/8-2-build-linux-amd64/jdk8u73/6086/hotspot/src/share/vm/prims/jni.cp
Event: 1.362 Thread 0x00007fb51018d000 Implicit null exception at 0x00007fb5012fbbb4 to 0x00007fb5012fde1d
Event: 2.036 Thread 0x00007fb510194000 Exception <a 'java/lang/ArrayIndexOutOfBoundsException': 18> (0x00000000d6d2ca70) thrown at [/HUDSON3/workspace/8-2-build-linux-amd64/jdk8u73/6086/hotspot/src/share/vm/interpreter/interpreterRuntime.cpp, line 366]
Event: 2.036 Thread 0x00007fb510194000 Exception <a 'java/lang/ArrayIndexOutOfBoundsException': 145> (0x00000000d8993ae0) thrown at [/HUDSON3/workspace/8-2-build-linux-amd64/jdk8u73/6086/hotspot/src/share/vm/interpreter/interpreterRuntime.cpp, line 366]
Event: 2.037 Thread 0x00007fb510194000 Exception <a 'java/lang/ArrayIndexOutOfBoundsException': 40> (0x00000000d8994dc8) thrown at [/HUDSON3/workspace/8-2-build-linux-amd64/jdk8u73/6086/hotspot/src/share/vm/interpreter/interpreterRuntime.cpp, line 366]
Event: 73.042 Thread 0x00007fb51000a000 Implicit null exception at 0x00007fb501429a6f to 0x00007fb501429be9

Events (10 events):
Event: 75.561 Thread 0x00007fb51018d000 DEOPT UNPACKING pc=0x00007fb501047233 sp=0x00007fb4f6523c80 mode 0
Event: 75.561 Thread 0x00007fb51018d000 DEOPT PACKING pc=0x00007fb501325932 sp=0x00007fb4f6523b60
Event: 75.561 Thread 0x00007fb51018d000 DEOPT UNPACKING pc=0x00007fb501047233 sp=0x00007fb4f65238e8 mode 0
Event: 75.609 Thread 0x00007fb51018d000 DEOPT PACKING pc=0x00007fb501325932 sp=0x00007fb4f6523b60
Event: 75.609 Thread 0x00007fb51018d000 DEOPT UNPACKING pc=0x00007fb501047233 sp=0x00007fb4f65238e8 mode 0
Event: 75.622 Thread 0x00007fb510192800 DEOPT PACKING pc=0x00007fb501481601 sp=0x00007fb4f6221040
Event: 75.622 Thread 0x00007fb510192800 DEOPT UNPACKING pc=0x00007fb501047233 sp=0x00007fb4f6220df0 mode 0
Event: 75.623 Thread 0x00007fb51018d000 DEOPT PACKING pc=0x00007fb50152f2f7 sp=0x00007fb4f6523e30
Event: 75.623 Thread 0x00007fb51018d000 DEOPT UNPACKING pc=0x00007fb501047233 sp=0x00007fb4f6523c08 mode 0
Event: 75.630 Executing VM operation: ParallelGCFailedAllocation


Dynamic libraries:
00400000-00401000 r-xp 00000000 08:06 1974662                            /home/adament/mkn/android/jdk1.8.0_73/bin/java
00600000-00601000 rw-p 00000000 08:06 1974662                            /home/adament/mkn/android/jdk1.8.0_73/bin/java
01e1f000-02019000 rw-p 00000000 00:00 0                                  [heap]
80000000-ba380000 rw-p 00000000 00:00 0 
c7980000-d5580000 ---p 00000000 00:00 0 
d5580000-100000000 rw-p 00000000 00:00 0 
100000000-1000c0000 rw-p 00000000 00:00 0 
1000c0000-140000000 ---p 00000000 00:00 0 
7fb4c0000000-7fb4c0305000 rw-p 00000000 00:00 0 
7fb4c0305000-7fb4c4000000 ---p 00000000 00:00 0 
7fb4c4000000-7fb4c41ae000 rw-p 00000000 00:00 0 
7fb4c41ae000-7fb4c8000000 ---p 00000000 00:00 0 
7fb4c8000000-7fb4c822d000 rw-p 00000000 00:00 0 
7fb4c822d000-7fb4cc000000 ---p 00000000 00:00 0 
7fb4cc000000-7fb4cc021000 rw-p 00000000 00:00 0 
7fb4cc021000-7fb4d0000000 ---p 00000000 00:00 0 
7fb4d0000000-7fb4d0021000 rw-p 00000000 00:00 0 
7fb4d0021000-7fb4d4000000 ---p 00000000 00:00 0 
7fb4d4000000-7fb4d4021000 rw-p 00000000 00:00 0 
7fb4d4021000-7fb4d8000000 ---p 00000000 00:00 0 
7fb4d8000000-7fb4da3df000 rw-p 00000000 00:00 0 
7fb4da3df000-7fb4dc000000 ---p 00000000 00:00 0 
7fb4dc000000-7fb4dc673000 rw-p 00000000 00:00 0 
7fb4dc673000-7fb4e0000000 ---p 00000000 00:00 0 
7fb4e0000000-7fb4e0021000 rw-p 00000000 00:00 0 
7fb4e0021000-7fb4e4000000 ---p 00000000 00:00 0 
7fb4e4000000-7fb4e4021000 rw-p 00000000 00:00 0 
7fb4e4021000-7fb4e8000000 ---p 00000000 00:00 0 
7fb4e8000000-7fb4e82ae000 rw-p 00000000 00:00 0 
7fb4e82ae000-7fb4ec000000 ---p 00000000 00:00 0 
7fb4ec000000-7fb4ec021000 rw-p 00000000 00:00 0 
7fb4ec021000-7fb4f0000000 ---p 00000000 00:00 0 
7fb4f0000000-7fb4f0021000 rw-p 00000000 00:00 0 
7fb4f0021000-7fb4f4000000 ---p 00000000 00:00 0 
7fb4f5f20000-7fb4f5f23000 ---p 00000000 00:00 0 
7fb4f5f23000-7fb4f6021000 rw-p 00000000 00:00 0                          [stack:17413]
7fb4f6021000-7fb4f6024000 ---p 00000000 00:00 0 
7fb4f6024000-7fb4f6122000 rw-p 00000000 00:00 0                          [stack:17392]
7fb4f6122000-7fb4f6125000 ---p 00000000 00:00 0 
7fb4f6125000-7fb4f6223000 rw-p 00000000 00:00 0                          [stack:17391]
7fb4f6223000-7fb4f6226000 ---p 00000000 00:00 0 
7fb4f6226000-7fb4f6324000 rw-p 00000000 00:00 0                          [stack:17390]
7fb4f6324000-7fb4f6327000 ---p 00000000 00:00 0 
7fb4f6327000-7fb4f6425000 rw-p 00000000 00:00 0                          [stack:17389]
7fb4f6425000-7fb4f6428000 ---p 00000000 00:00 0 
7fb4f6428000-7fb4f6526000 rw-p 00000000 00:00 0                          [stack:17388]
7fb4f6526000-7fb4f6628000 r--s 00b2f000 08:06 3806456                    /home/adament/Android Projects/studio/EstiloRobe/estiloRobe/build/intermediates/transforms/jarMerging/debug/jars/1/1f/combined.jar
7fb4f6628000-7fb4f6629000 ---p 00000000 00:00 0 
7fb4f6629000-7fb4f6729000 rw-p 00000000 00:00 0                          [stack:17387]
7fb4f6729000-7fb4f672c000 ---p 00000000 00:00 0 
7fb4f672c000-7fb4f682a000 rw-p 00000000 00:00 0                          [stack:17386]
7fb4f682a000-7fb4f682d000 ---p 00000000 00:00 0 
7fb4f682d000-7fb4f692b000 rw-p 00000000 00:00 0                          [stack:17385]
7fb4f692b000-7fb4f692e000 ---p 00000000 00:00 0 
7fb4f692e000-7fb4f6a2c000 rw-p 00000000 00:00 0                          [stack:17384]
7fb4f6a2c000-7fb4f6a2f000 ---p 00000000 00:00 0 
7fb4f6a2f000-7fb4f6b2d000 rw-p 00000000 00:00 0                          [stack:17383]
7fb4f6b2d000-7fb4f6df6000 r--p 00000000 08:06 138881                     /usr/lib/locale/locale-archive
7fb4f6df6000-7fb4f6df9000 ---p 00000000 00:00 0 
7fb4f6df9000-7fb4f6ef7000 rw-p 00000000 00:00 0                          [stack:17382]
7fb4f6ef7000-7fb4f6efa000 ---p 00000000 00:00 0 
7fb4f6efa000-7fb4f6ff8000 rw-p 00000000 00:00 0                          [stack:17381]
7fb4f6ff8000-7fb4f6ff9000 ---p 00000000 00:00 0 
7fb4f6ff9000-7fb4f7ec0000 rw-p 00000000 00:00 0                          [stack:17380]
7fb4f7ec0000-7fb4f8000000 ---p 00000000 00:00 0 
7fb4f8000000-7fb4f8021000 rw-p 00000000 00:00 0 
7fb4f8021000-7fb4fc000000 ---p 00000000 00:00 0 
7fb4fc037000-7fb4fc27b000 rw-p 00000000 00:00 0 
7fb4fc27b000-7fb4fc453000 r--s 03d23000 08:06 2102216                    /home/adament/mkn/android/jdk1.8.0_73/jre/lib/rt.jar
7fb4fc453000-7fb500853000 rw-p 00000000 00:00 0 
7fb500853000-7fb500854000 ---p 00000000 00:00 0 
7fb500854000-7fb500b26000 rw-p 00000000 00:00 0                          [stack:17379]
7fb500b26000-7fb500bff000 ---p 00000000 00:00 0 
7fb500bff000-7fb500dd1000 rw-p 00000000 00:00 0 
7fb500dd1000-7fb500ea9000 ---p 00000000 00:00 0 
7fb500ea9000-7fb500fff000 rw-p 00000000 00:00 0 
7fb500fff000-7fb501000000 rw-p 00000000 00:00 0 
7fb501000000-7fb501d90000 rwxp 00000000 00:00 0 
7fb501d90000-7fb510000000 ---p 00000000 00:00 0 
7fb510000000-7fb5103c8000 rw-p 00000000 00:00 0 
7fb5103c8000-7fb514000000 ---p 00000000 00:00 0 
7fb514018000-7fb5140dd000 rw-p 00000000 00:00 0 
7fb5140dd000-7fb5140de000 ---p 00000000 00:00 0 
7fb5140de000-7fb514215000 rw-p 00000000 00:00 0                          [stack:17378]
7fb514215000-7fb51459e000 ---p 00000000 00:00 0 
7fb51459e000-7fb5145b8000 r-xp 00000000 08:06 2493507                    /home/adament/mkn/android/jdk1.8.0_73/jre/lib/amd64/libzip.so
7fb5145b8000-7fb5147b8000 ---p 0001a000 08:06 2493507                    /home/adament/mkn/android/jdk1.8.0_73/jre/lib/amd64/libzip.so
7fb5147b8000-7fb5147b9000 rw-p 0001a000 08:06 2493507                    /home/adament/mkn/android/jdk1.8.0_73/jre/lib/amd64/libzip.so
7fb5147b9000-7fb5147c4000 r-xp 00000000 08:06 2363499                    /lib/x86_64-linux-gnu/libnss_files-2.19.so
7fb5147c4000-7fb5149c3000 ---p 0000b000 08:06 2363499                    /lib/x86_64-linux-gnu/libnss_files-2.19.so
7fb5149c3000-7fb5149c4000 r--p 0000a000 08:06 2363499                    /lib/x86_64-linux-gnu/libnss_files-2.19.so
7fb5149c4000-7fb5149c5000 rw-p 0000b000 08:06 2363499                    /lib/x86_64-linux-gnu/libnss_files-2.19.so
7fb5149c5000-7fb5149d0000 r-xp 00000000 08:06 2363509                    /lib/x86_64-linux-gnu/libnss_nis-2.19.so
7fb5149d0000-7fb514bcf000 ---p 0000b000 08:06 2363509                    /lib/x86_64-linux-gnu/libnss_nis-2.19.so
7fb514bcf000-7fb514bd0000 r--p 0000a000 08:06 2363509                    /lib/x86_64-linux-gnu/libnss_nis-2.19.so
7fb514bd0000-7fb514bd1000 rw-p 0000b000 08:06 2363509                    /lib/x86_64-linux-gnu/libnss_nis-2.19.so
7fb514bd1000-7fb514be8000 r-xp 00000000 08:06 2363493                    /lib/x86_64-linux-gnu/libnsl-2.19.so
7fb514be8000-7fb514de7000 ---p 00017000 08:06 2363493                    /lib/x86_64-linux-gnu/libnsl-2.19.so
7fb514de7000-7fb514de8000 r--p 00016000 08:06 2363493                    /lib/x86_64-linux-gnu/libnsl-2.19.so
7fb514de8000-7fb514de9000 rw-p 00017000 08:06 2363493                    /lib/x86_64-linux-gnu/libnsl-2.19.so
7fb514de9000-7fb514deb000 rw-p 00000000 00:00 0 
7fb514deb000-7fb514df4000 r-xp 00000000 08:06 2363495                    /lib/x86_64-linux-gnu/libnss_compat-2.19.so
7fb514df4000-7fb514ff3000 ---p 00009000 08:06 2363495                    /lib/x86_64-linux-gnu/libnss_compat-2.19.so
7fb514ff3000-7fb514ff4000 r--p 00008000 08:06 2363495                    /lib/x86_64-linux-gnu/libnss_compat-2.19.so
7fb514ff4000-7fb514ff5000 rw-p 00009000 08:06 2363495                    /lib/x86_64-linux-gnu/libnss_compat-2.19.so
7fb514ff5000-7fb51501f000 r-xp 00000000 08:06 2493472                    /home/adament/mkn/android/jdk1.8.0_73/jre/lib/amd64/libjava.so
7fb51501f000-7fb51521f000 ---p 0002a000 08:06 2493472                    /home/adament/mkn/android/jdk1.8.0_73/jre/lib/amd64/libjava.so
7fb51521f000-7fb515221000 rw-p 0002a000 08:06 2493472                    /home/adament/mkn/android/jdk1.8.0_73/jre/lib/amd64/libjava.so
7fb515221000-7fb51522e000 r-xp 00000000 08:06 2493506                    /home/adament/mkn/android/jdk1.8.0_73/jre/lib/amd64/libverify.so
7fb51522e000-7fb51542e000 ---p 0000d000 08:06 2493506                    /home/adament/mkn/android/jdk1.8.0_73/jre/lib/amd64/libverify.so
7fb51542e000-7fb515430000 rw-p 0000d000 08:06 2493506                    /home/adament/mkn/android/jdk1.8.0_73/jre/lib/amd64/libverify.so
7fb515430000-7fb515437000 r-xp 00000000 08:06 2363552                    /lib/x86_64-linux-gnu/librt-2.19.so
7fb515437000-7fb515636000 ---p 00007000 08:06 2363552                    /lib/x86_64-linux-gnu/librt-2.19.so
7fb515636000-7fb515637000 r--p 00006000 08:06 2363552                    /lib/x86_64-linux-gnu/librt-2.19.so
7fb515637000-7fb515638000 rw-p 00007000 08:06 2363552                    /lib/x86_64-linux-gnu/librt-2.19.so
7fb515638000-7fb51573d000 r-xp 00000000 08:06 2363474                    /lib/x86_64-linux-gnu/libm-2.19.so
7fb51573d000-7fb51593c000 ---p 00105000 08:06 2363474                    /lib/x86_64-linux-gnu/libm-2.19.so
7fb51593c000-7fb51593d000 r--p 00104000 08:06 2363474                    /lib/x86_64-linux-gnu/libm-2.19.so
7fb51593d000-7fb51593e000 rw-p 00105000 08:06 2363474                    /lib/x86_64-linux-gnu/libm-2.19.so
7fb51593e000-7fb5165fd000 r-xp 00000000 08:06 2624044                    /home/adament/mkn/android/jdk1.8.0_73/jre/lib/amd64/server/libjvm.so
7fb5165fd000-7fb5167fc000 ---p 00cbf000 08:06 2624044                    /home/adament/mkn/android/jdk1.8.0_73/jre/lib/amd64/server/libjvm.so
7fb5167fc000-7fb5168d5000 rw-p 00cbe000 08:06 2624044                    /home/adament/mkn/android/jdk1.8.0_73/jre/lib/amd64/server/libjvm.so
7fb5168d5000-7fb51691e000 rw-p 00000000 00:00 0 
7fb51691e000-7fb516ad9000 r-xp 00000000 08:06 2363421                    /lib/x86_64-linux-gnu/libc-2.19.so
7fb516ad9000-7fb516cd9000 ---p 001bb000 08:06 2363421                    /lib/x86_64-linux-gnu/libc-2.19.so
7fb516cd9000-7fb516cdd000 r--p 001bb000 08:06 2363421                    /lib/x86_64-linux-gnu/libc-2.19.so
7fb516cdd000-7fb516cdf000 rw-p 001bf000 08:06 2363421                    /lib/x86_64-linux-gnu/libc-2.19.so
7fb516cdf000-7fb516ce4000 rw-p 00000000 00:00 0 
7fb516ce4000-7fb516ce7000 r-xp 00000000 08:06 2363438                    /lib/x86_64-linux-gnu/libdl-2.19.so
7fb516ce7000-7fb516ee6000 ---p 00003000 08:06 2363438                    /lib/x86_64-linux-gnu/libdl-2.19.so
7fb516ee6000-7fb516ee7000 r--p 00002000 08:06 2363438                    /lib/x86_64-linux-gnu/libdl-2.19.so
7fb516ee7000-7fb516ee8000 rw-p 00003000 08:06 2363438                    /lib/x86_64-linux-gnu/libdl-2.19.so
7fb516ee8000-7fb516efd000 r-xp 00000000 08:06 2493603                    /home/adament/mkn/android/jdk1.8.0_73/lib/amd64/jli/libjli.so
7fb516efd000-7fb5170fd000 ---p 00015000 08:06 2493603                    /home/adament/mkn/android/jdk1.8.0_73/lib/amd64/jli/libjli.so
7fb5170fd000-7fb5170fe000 rw-p 00015000 08:06 2493603                    /home/adament/mkn/android/jdk1.8.0_73/lib/amd64/jli/libjli.so
7fb5170fe000-7fb517117000 r-xp 00000000 08:06 2363544                    /lib/x86_64-linux-gnu/libpthread-2.19.so
7fb517117000-7fb517316000 ---p 00019000 08:06 2363544                    /lib/x86_64-linux-gnu/libpthread-2.19.so
7fb517316000-7fb517317000 r--p 00018000 08:06 2363544                    /lib/x86_64-linux-gnu/libpthread-2.19.so
7fb517317000-7fb517318000 rw-p 00019000 08:06 2363544                    /lib/x86_64-linux-gnu/libpthread-2.19.so
7fb517318000-7fb51731c000 rw-p 00000000 00:00 0 
7fb51731c000-7fb51733f000 r-xp 00000000 08:06 2363395                    /lib/x86_64-linux-gnu/ld-2.19.so
7fb517348000-7fb517414000 rw-p 00000000 00:00 0 
7fb517414000-7fb517417000 ---p 00000000 00:00 0 
7fb517417000-7fb517519000 rw-p 00000000 00:00 0                          [stack:17377]
7fb517522000-7fb517523000 rw-p 00000000 00:00 0 
7fb517523000-7fb517532000 r--s 000df000 08:06 2493619                    /home/adament/mkn/android/sdk/build-tools/23.0.2/lib/dx.jar
7fb517532000-7fb51753a000 rw-s 00000000 08:06 7472675                    /tmp/hsperfdata_adament/17372
7fb51753a000-7fb51753b000 rw-p 00000000 00:00 0 
7fb51753b000-7fb51753c000 ---p 00000000 00:00 0 
7fb51753c000-7fb51753e000 rw-p 00000000 00:00 0 
7fb51753e000-7fb51753f000 r--p 00022000 08:06 2363395                    /lib/x86_64-linux-gnu/ld-2.19.so
7fb51753f000-7fb517540000 rw-p 00023000 08:06 2363395                    /lib/x86_64-linux-gnu/ld-2.19.so
7fb517540000-7fb517541000 rw-p 00000000 00:00 0 
7fff48d53000-7fff48d74000 rw-p 00000000 00:00 0                          [stack]
7fff48dfe000-7fff48e00000 r-xp 00000000 00:00 0                          [vdso]
ffffffffff600000-ffffffffff601000 r-xp 00000000 00:00 0                  [vsyscall]

VM Arguments:
jvm_args: -Djava.awt.headless=true -Xmx2048M -Dfile.encoding=UTF-8 -Duser.country=IN -Duser.language=en -Duser.variant 
java_command: com.android.dx.command.Main --dex --num-threads=4 --multi-dex --main-dex-list /home/adament/Android Projects/studio/EstiloRobe/estiloRobe/build/intermediates/multi-dex/debug/maindexlist.txt --output /home/adament/Android Projects/studio/EstiloRobe/estiloRobe/build/intermediates/transforms/dex/debug/folders/1000/1f/main /home/adament/Android Projects/studio/EstiloRobe/estiloRobe/build/intermediates/transforms/jarMerging/debug/jars/1/1f/combined.jar
java_class_path (initial): /home/adament/mkn/android/sdk/build-tools/23.0.2/lib/dx.jar
Launcher Type: SUN_STANDARD

Environment Variables:
JAVA_HOME=/home/adament/mkn/android/jdk1.8.0_73
PATH=/usr/local/sbin:/usr/local/bin:/usr/sbin:/usr/bin:/sbin:/bin:/usr/games:/usr/local/games:/home/adament/mkn/android/sdk/platform-tools
USERNAME=adament
LD_LIBRARY_PATH=/home/adament/mkn/android/android-studio/bin:
SHELL=/bin/bash
DISPLAY=:0

Signal Handlers:
SIGSEGV: [libjvm.so+0xabafa0], sa_mask[0]=11111111011111111101111111111110, sa_flags=SA_RESTART|SA_SIGINFO
SIGBUS: [libjvm.so+0xabafa0], sa_mask[0]=11111111011111111101111111111110, sa_flags=SA_RESTART|SA_SIGINFO
SIGFPE: [libjvm.so+0x9183c0], sa_mask[0]=11111111011111111101111111111110, sa_flags=SA_RESTART|SA_SIGINFO
SIGPIPE: [libjvm.so+0x9183c0], sa_mask[0]=11111111011111111101111111111110, sa_flags=SA_RESTART|SA_SIGINFO
SIGXFSZ: [libjvm.so+0x9183c0], sa_mask[0]=11111111011111111101111111111110, sa_flags=SA_RESTART|SA_SIGINFO
SIGILL: [libjvm.so+0x9183c0], sa_mask[0]=11111111011111111101111111111110, sa_flags=SA_RESTART|SA_SIGINFO
SIGUSR1: SIG_DFL, sa_mask[0]=00000000000000000000000000000000, sa_flags=none
SIGUSR2: [libjvm.so+0x9199f0], sa_mask[0]=00100000000000000000000000000000, sa_flags=SA_RESTART|SA_SIGINFO
SIGHUP: [libjvm.so+0x91adf0], sa_mask[0]=11111111011111111101111111111110, sa_flags=SA_RESTART|SA_SIGINFO
SIGINT: [libjvm.so+0x91adf0], sa_mask[0]=11111111011111111101111111111110, sa_flags=SA_RESTART|SA_SIGINFO
SIGTERM: [libjvm.so+0x91adf0], sa_mask[0]=11111111011111111101111111111110, sa_flags=SA_RESTART|SA_SIGINFO
SIGQUIT: [libjvm.so+0x91adf0], sa_mask[0]=11111111011111111101111111111110, sa_flags=SA_RESTART|SA_SIGINFO


---------------  S Y S T E M  ---------------

OS:DISTRIB_ID=LinuxMint
DISTRIB_RELEASE=17.1
DISTRIB_CODENAME=rebecca
DISTRIB_DESCRIPTION="Linux Mint 17.1 Rebecca"

uname:Linux 3.13.0-37-generic #64-Ubuntu SMP Mon Sep 22 21:28:38 UTC 2014 x86_64
libc:glibc 2.19 NPTL 2.19 
rlimit: STACK 8192k, CORE 0k, NPROC 30684, NOFILE 4096, AS infinity
load average:4.64 2.91 2.81

/proc/meminfo:
MemTotal:        3958712 kB
MemFree:          112756 kB
Buffers:            1336 kB
Cached:           140120 kB
SwapCached:        52704 kB
Active:          2581876 kB
Inactive:         971868 kB
Active(anon):    2568220 kB
Inactive(anon):   952424 kB
Active(file):      13656 kB
Inactive(file):    19444 kB
Unevictable:          32 kB
Mlocked:              32 kB
SwapTotal:       1998844 kB
SwapFree:            156 kB
Dirty:                92 kB
Writeback:             0 kB
AnonPages:       3360840 kB
Mapped:            31848 kB
Shmem:            108236 kB
Slab:              65152 kB
SReclaimable:      31088 kB
SUnreclaim:        34064 kB
KernelStack:        4928 kB
PageTables:        51740 kB
NFS_Unstable:          0 kB
Bounce:                0 kB
WritebackTmp:          0 kB
CommitLimit:     3978200 kB
Committed_AS:    9150944 kB
VmallocTotal:   34359738367 kB
VmallocUsed:      543680 kB
VmallocChunk:   34359188364 kB
HardwareCorrupted:     0 kB
AnonHugePages:    485376 kB
HugePages_Total:       0
HugePages_Free:        0
HugePages_Rsvd:        0
HugePages_Surp:        0
Hugepagesize:       2048 kB
DirectMap4k:       82984 kB
DirectMap2M:     4022272 kB


CPU:total 2 (2 cores per cpu, 1 threads per core) family 6 model 42 stepping 7, cmov, cx8, fxsr, mmx, sse, sse2, sse3, ssse3, sse4.1, sse4.2, popcnt, clmul, tsc, tscinvbit

/proc/cpuinfo:
processor	: 0
vendor_id	: GenuineIntel
cpu family	: 6
model		: 42
model name	: Intel(R) Pentium(R) CPU G620 @ 2.60GHz
stepping	: 7
microcode	: 0xd
cpu MHz		: 2594.307
cache size	: 3072 KB
physical id	: 0
siblings	: 2
core id		: 0
cpu cores	: 2
apicid		: 0
initial apicid	: 0
fpu		: yes
fpu_exception	: yes
cpuid level	: 13
wp		: yes
flags		: fpu vme de pse tsc msr pae mce cx8 apic sep mtrr pge mca cmov pat pse36 clflush dts acpi mmx fxsr sse sse2 ss ht tm pbe syscall nx rdtscp lm constant_tsc arch_perfmon pebs bts rep_good nopl xtopology nonstop_tsc aperfmperf eagerfpu pni pclmulqdq dtes64 monitor ds_cpl vmx est tm2 ssse3 cx16 xtpr pdcm pcid sse4_1 sse4_2 popcnt tsc_deadline_timer xsave lahf_lm arat epb xsaveopt pln pts dtherm tpr_shadow vnmi flexpriority ept vpid
bogomips	: 5188.61
clflush size	: 64
cache_alignment	: 64
address sizes	: 36 bits physical, 48 bits virtual
power management:

processor	: 1
vendor_id	: GenuineIntel
cpu family	: 6
model		: 42
model name	: Intel(R) Pentium(R) CPU G620 @ 2.60GHz
stepping	: 7
microcode	: 0xd
cpu MHz		: 2594.307
cache size	: 3072 KB
physical id	: 0
siblings	: 2
core id		: 1
cpu cores	: 2
apicid		: 2
initial apicid	: 2
fpu		: yes
fpu_exception	: yes
cpuid level	: 13
wp		: yes
flags		: fpu vme de pse tsc msr pae mce cx8 apic sep mtrr pge mca cmov pat pse36 clflush dts acpi mmx fxsr sse sse2 ss ht tm pbe syscall nx rdtscp lm constant_tsc arch_perfmon pebs bts rep_good nopl xtopology nonstop_tsc aperfmperf eagerfpu pni pclmulqdq dtes64 monitor ds_cpl vmx est tm2 ssse3 cx16 xtpr pdcm pcid sse4_1 sse4_2 popcnt tsc_deadline_timer xsave lahf_lm arat epb xsaveopt pln pts dtherm tpr_shadow vnmi flexpriority ept vpid
bogomips	: 5188.61
clflush size	: 64
cache_alignment	: 64
address sizes	: 36 bits physical, 48 bits virtual
power management:



Memory: 4k page, physical 3958712k(112756k free), swap 1998844k(156k free)

vm_info: Java HotSpot(TM) 64-Bit Server VM (25.73-b02) for linux-amd64 JRE (1.8.0_73-b02), built on Jan 29 2016 17:39:45 by "java_re" with gcc 4.3.0 20080428 (Red Hat 4.3.0-8)

time: Sat Apr 30 18:08:19 2016
elapsed time: 81 seconds (0d 0h 1m 21s)

