#
# There is insufficient memory for the Java Runtime Environment to continue.
# Native memory allocation (mmap) failed to map 221773824 bytes for committing reserved memory.
# Possible reasons:
#   The system is out of physical RAM or swap space
#   In 32 bit mode, the process size limit was hit
# Possible solutions:
#   Reduce memory load on the system
#   Increase physical memory or swap space
#   Check if swap backing store is full
#   Use 64 bit Java on a 64 bit OS
#   Decrease Java heap size (-Xmx/-Xms)
#   Decrease number of Java threads
#   Decrease Java thread stack sizes (-Xss)
#   Set larger code cache with -XX:ReservedCodeCacheSize=
# This output file may be truncated or incomplete.
#
#  Out of Memory Error (os_linux.cpp:2627), pid=19201, tid=139780594321152
#
# JRE version: Java(TM) SE Runtime Environment (8.0_73-b02) (build 1.8.0_73-b02)
# Java VM: Java HotSpot(TM) 64-Bit Server VM (25.73-b02 mixed mode linux-amd64 compressed oops)
# Failed to write core dump. Core dumps have been disabled. To enable core dumping, try "ulimit -c unlimited" before starting Java again
#

---------------  T H R E A D  ---------------

Current thread (0x00007f2130074000):  VMThread [stack: 0x00007f21349bc000,0x00007f2134abd000] [id=19210]

Stack: [0x00007f21349bc000,0x00007f2134abd000],  sp=0x00007f2134abb1e0,  free space=1020k
Native frames: (J=compiled Java code, j=interpreted, Vv=VM code, C=native code)
V  [libjvm.so+0xaba71a]  VMError::report_and_die()+0x2ba
V  [libjvm.so+0x4f9ecb]  report_vm_out_of_memory(char const*, int, unsigned long, VMErrorType, char const*)+0x8b
V  [libjvm.so+0x91b553]  os::Linux::commit_memory_impl(char*, unsigned long, bool)+0x103
V  [libjvm.so+0x91baa9]  os::pd_commit_memory(char*, unsigned long, unsigned long, bool)+0x29
V  [libjvm.so+0x915dba]  os::commit_memory(char*, unsigned long, unsigned long, bool)+0x2a
V  [libjvm.so+0x989463]  PSVirtualSpace::expand_by(unsigned long)+0x53
V  [libjvm.so+0x979d50]  PSOldGen::expand(unsigned long)+0x170
V  [libjvm.so+0x979f5b]  PSOldGen::resize(unsigned long)+0x1cb
V  [libjvm.so+0x981c31]  PSParallelCompact::invoke_no_policy(bool)+0x991
V  [libjvm.so+0x98758d]  PSScavenge::invoke()+0x1ad
V  [libjvm.so+0x93f1b0]  ParallelScavengeHeap::failed_mem_allocate(unsigned long)+0x70
V  [libjvm.so+0xabc137]  VM_ParallelGCFailedAllocation::doit()+0x97
V  [libjvm.so+0xac3b65]  VM_Operation::evaluate()+0x55
V  [libjvm.so+0xac1f3a]  VMThread::evaluate_operation(VM_Operation*)+0xba
V  [libjvm.so+0xac22be]  VMThread::loop()+0x1ce
V  [libjvm.so+0xac2730]  VMThread::run()+0x70
V  [libjvm.so+0x91d918]  java_start(Thread*)+0x108

VM_Operation (0x00007f211cafed40): ParallelGCFailedAllocation, mode: safepoint, requested by thread 0x00007f213017b800


---------------  P R O C E S S  ---------------

Java Threads: ( => current thread )
  0x00007f213017d800 JavaThread "pool-2-thread-4" [_thread_blocked, id=19222, stack(0x00007f211c8ff000,0x00007f211ca00000)]
  0x00007f213017b800 JavaThread "pool-2-thread-3" [_thread_blocked, id=19221, stack(0x00007f211ca00000,0x00007f211cb01000)]
  0x00007f213017a000 JavaThread "pool-2-thread-2" [_thread_blocked, id=19220, stack(0x00007f211cb01000,0x00007f211cc02000)]
  0x00007f2130179000 JavaThread "pool-3-thread-1" [_thread_blocked, id=19219, stack(0x00007f211cc02000,0x00007f211cd03000)]
  0x00007f2130176800 JavaThread "pool-2-thread-1" [_thread_blocked, id=19218, stack(0x00007f211cd03000,0x00007f211ce04000)]
  0x00007f21300c4000 JavaThread "Service Thread" daemon [_thread_blocked, id=19216, stack(0x00007f21340ed000,0x00007f21341ee000)]
  0x00007f21300b7000 JavaThread "C1 CompilerThread1" daemon [_thread_blocked, id=19215, stack(0x00007f21341ee000,0x00007f21342ef000)]
  0x00007f21300b4000 JavaThread "C2 CompilerThread0" daemon [_thread_blocked, id=19214, stack(0x00007f21342ef000,0x00007f21343f0000)]
  0x00007f21300b2800 JavaThread "Signal Dispatcher" daemon [_thread_blocked, id=19213, stack(0x00007f21343f0000,0x00007f21344f1000)]
  0x00007f213007b000 JavaThread "Finalizer" daemon [_thread_blocked, id=19212, stack(0x00007f21347ba000,0x00007f21348bb000)]
  0x00007f2130079000 JavaThread "Reference Handler" daemon [_thread_blocked, id=19211, stack(0x00007f21348bb000,0x00007f21349bc000)]
  0x00007f213000a000 JavaThread "main" [_thread_blocked, id=19207, stack(0x00007f2139d89000,0x00007f2139e8a000)]

Other Threads:
=>0x00007f2130074000 VMThread [stack: 0x00007f21349bc000,0x00007f2134abd000] [id=19210]
  0x00007f21300ce800 WatcherThread [stack: 0x00007f211ceff000,0x00007f211d000000] [id=19217]

VM state:at safepoint (normal execution)

VM Mutex/Monitor currently owned by a thread:  ([mutex/lock_event])
[0x00007f2130006070] ExpandHeap_lock - owner thread: 0x00007f2130074000
[0x00007f21300066f0] Threads_lock - owner thread: 0x00007f2130074000
[0x00007f2130006bf0] Heap_lock - owner thread: 0x00007f213017b800

Heap:
 PSYoungGen      total 463360K, used 0K [0x00000000d5580000, 0x0000000100000000, 0x0000000100000000)
  eden space 232960K, 0% used [0x00000000d5580000,0x00000000d5580000,0x00000000e3900000)
  from space 230400K, 0% used [0x00000000f1f00000,0x00000000f1f00000,0x0000000100000000)
  to   space 232960K, 0% used [0x00000000e3900000,0x00000000e3900000,0x00000000f1c80000)
 ParOldGen       total 680448K, used 675329K [0x0000000080000000, 0x00000000a9880000, 0x00000000d5580000)
  object space 680448K, 99% used [0x0000000080000000,0x00000000a9380528,0x00000000a9880000)
 Metaspace       used 6575K, capacity 7320K, committed 7680K, reserved 1056768K
  class space    used 616K, capacity 656K, committed 768K, reserved 1048576K

Card table byte_map: [0x00007f2136752000,0x00007f2136b53000] byte_map_base: 0x00007f2136352000

Marking Bits: (ParMarkBitMap*) 0x00007f2139268100
 Begin Bits: [0x00007f211d000000, 0x00007f211f000000)
 End Bits:   [0x00007f211f000000, 0x00007f2121000000)

Polling page: 0x00007f2139eb0000

CodeCache: size=245760Kb used=12674Kb max_used=12686Kb free=233085Kb
 bounds [0x00007f2121000000, 0x00007f2121c80000, 0x00007f2130000000]
 total_blobs=2878 nmethods=2610 adapters=182
 compilation: enabled

Compilation events (10 events):
Event: 54.354 Thread 0x00007f21300b7000 2895       2       com.android.dx.ssa.back.LivenessAnalyzer::handleTailRecursion (94 bytes)
Event: 54.355 Thread 0x00007f21300b7000 nmethod 2895 0x00007f2121c4ba10 code [0x00007f2121c4bbc0, 0x00007f2121c4bfa8]
Event: 54.355 Thread 0x00007f21300b7000 2898       2       com.android.dx.ssa.back.LivenessAnalyzer::liveOutAtBlock (68 bytes)
Event: 54.355 Thread 0x00007f21300b7000 nmethod 2898 0x00007f2121c33750 code [0x00007f2121c33900, 0x00007f2121c33de8]
Event: 54.355 Thread 0x00007f21300b7000 2896       2       com.android.dx.ssa.SsaBasicBlock::addLiveIn (32 bytes)
Event: 54.356 Thread 0x00007f21300b7000 nmethod 2896 0x00007f2121c1d850 code [0x00007f2121c1d9e0, 0x00007f2121c1ddc8]
Event: 54.356 Thread 0x00007f21300b7000 2899       2       com.android.dx.ssa.SsaBasicBlock::addLiveOut (32 bytes)
Event: 54.356 Thread 0x00007f21300b7000 nmethod 2899 0x00007f2121c31fd0 code [0x00007f2121c32160, 0x00007f2121c32548]
Event: 54.356 Thread 0x00007f21300b7000 2894       2       com.android.dx.ssa.SetFactory::makeLivenessSet (26 bytes)
Event: 54.357 Thread 0x00007f21300b7000 nmethod 2894 0x00007f2121b8b210 code [0x00007f2121b8b3c0, 0x00007f2121b8b878]

GC Heap History (10 events):
Event: 29.046 GC heap after
Heap after GC invocations=26 (full 5):
 PSYoungGen      total 547328K, used 120289K [0x00000000d5580000, 0x0000000100000000, 0x0000000100000000)
  eden space 427008K, 0% used [0x00000000d5580000,0x00000000d5580000,0x00000000ef680000)
  from space 120320K, 99% used [0x00000000ef680000,0x00000000f6bf8590,0x00000000f6c00000)
  to   space 151552K, 0% used [0x00000000f6c00000,0x00000000f6c00000,0x0000000100000000)
 ParOldGen       total 482816K, used 378414K [0x0000000080000000, 0x000000009d780000, 0x00000000d5580000)
  object space 482816K, 78% used [0x0000000080000000,0x000000009718b978,0x000000009d780000)
 Metaspace       used 6565K, capacity 7320K, committed 7680K, reserved 1056768K
  class space    used 615K, capacity 656K, committed 768K, reserved 1048576K
}
Event: 32.343 GC heap before
{Heap before GC invocations=27 (full 5):
 PSYoungGen      total 547328K, used 547297K [0x00000000d5580000, 0x0000000100000000, 0x0000000100000000)
  eden space 427008K, 100% used [0x00000000d5580000,0x00000000ef680000,0x00000000ef680000)
  from space 120320K, 99% used [0x00000000ef680000,0x00000000f6bf8590,0x00000000f6c00000)
  to   space 151552K, 0% used [0x00000000f6c00000,0x00000000f6c00000,0x0000000100000000)
 ParOldGen       total 482816K, used 378414K [0x0000000080000000, 0x000000009d780000, 0x00000000d5580000)
  object space 482816K, 78% used [0x0000000080000000,0x000000009718b978,0x000000009d780000)
 Metaspace       used 6575K, capacity 7320K, committed 7680K, reserved 1056768K
  class space    used 616K, capacity 656K, committed 768K, reserved 1048576K
Event: 39.942 GC heap after
Heap after GC invocations=27 (full 5):
 PSYoungGen      total 408064K, used 151550K [0x00000000d5580000, 0x0000000100000000, 0x0000000100000000)
  eden space 256512K, 0% used [0x00000000d5580000,0x00000000d5580000,0x00000000e5000000)
  from space 151552K, 99% used [0x00000000f6c00000,0x00000000fffff878,0x0000000100000000)
  to   space 221184K, 0% used [0x00000000e5000000,0x00000000e5000000,0x00000000f2800000)
 ParOldGen       total 484352K, used 483994K [0x0000000080000000, 0x000000009d900000, 0x00000000d5580000)
  object space 484352K, 99% used [0x0000000080000000,0x000000009d8a6b10,0x000000009d900000)
 Metaspace       used 6575K, capacity 7320K, committed 7680K, reserved 1056768K
  class space    used 616K, capacity 656K, committed 768K, reserved 1048576K
}
Event: 39.945 GC heap before
{Heap before GC invocations=28 (full 6):
 PSYoungGen      total 408064K, used 151550K [0x00000000d5580000, 0x0000000100000000, 0x0000000100000000)
  eden space 256512K, 0% used [0x00000000d5580000,0x00000000d5580000,0x00000000e5000000)
  from space 151552K, 99% used [0x00000000f6c00000,0x00000000fffff878,0x0000000100000000)
  to   space 221184K, 0% used [0x00000000e5000000,0x00000000e5000000,0x00000000f2800000)
 ParOldGen       total 484352K, used 483994K [0x0000000080000000, 0x000000009d900000, 0x00000000d5580000)
  object space 484352K, 99% used [0x0000000080000000,0x000000009d8a6b10,0x000000009d900000)
 Metaspace       used 6575K, capacity 7320K, committed 7680K, reserved 1056768K
  class space    used 616K, capacity 656K, committed 768K, reserved 1048576K
Event: 45.183 GC heap after
Heap after GC invocations=28 (full 6):
 PSYoungGen      total 408064K, used 137362K [0x00000000d5580000, 0x0000000100000000, 0x0000000100000000)
  eden space 256512K, 0% used [0x00000000d5580000,0x00000000d5580000,0x00000000e5000000)
  from space 151552K, 90% used [0x00000000f6c00000,0x00000000ff224bc8,0x0000000100000000)
  to   space 221184K, 0% used [0x00000000e5000000,0x00000000e5000000,0x00000000f2800000)
 ParOldGen       total 680448K, used 484095K [0x0000000080000000, 0x00000000a9880000, 0x00000000d5580000)
  object space 680448K, 71% used [0x0000000080000000,0x000000009d8bfc90,0x00000000a9880000)
 Metaspace       used 6575K, capacity 7320K, committed 7680K, reserved 1056768K
  class space    used 616K, capacity 656K, committed 768K, reserved 1048576K
}
Event: 46.066 GC heap before
{Heap before GC invocations=29 (full 6):
 PSYoungGen      total 408064K, used 393874K [0x00000000d5580000, 0x0000000100000000, 0x0000000100000000)
  eden space 256512K, 100% used [0x00000000d5580000,0x00000000e5000000,0x00000000e5000000)
  from space 151552K, 90% used [0x00000000f6c00000,0x00000000ff224bc8,0x0000000100000000)
  to   space 221184K, 0% used [0x00000000e5000000,0x00000000e5000000,0x00000000f2800000)
 ParOldGen       total 680448K, used 484095K [0x0000000080000000, 0x00000000a9880000, 0x00000000d5580000)
  object space 680448K, 71% used [0x0000000080000000,0x000000009d8bfc90,0x00000000a9880000)
 Metaspace       used 6575K, capacity 7320K, committed 7680K, reserved 1056768K
  class space    used 616K, capacity 656K, committed 768K, reserved 1048576K
Event: 53.137 GC heap after
Heap after GC invocations=29 (full 6):
 PSYoungGen      total 396800K, used 140010K [0x00000000d5580000, 0x0000000100000000, 0x0000000100000000)
  eden space 256512K, 0% used [0x00000000d5580000,0x00000000d5580000,0x00000000e5000000)
  from space 140288K, 99% used [0x00000000e5000000,0x00000000ed8ba890,0x00000000ed900000)
  to   space 230400K, 0% used [0x00000000f1f00000,0x00000000f1f00000,0x0000000100000000)
 ParOldGen       total 680448K, used 566590K [0x0000000080000000, 0x00000000a9880000, 0x00000000d5580000)
  object space 680448K, 83% used [0x0000000080000000,0x00000000a294f9e0,0x00000000a9880000)
 Metaspace       used 6575K, capacity 7320K, committed 7680K, reserved 1056768K
  class space    used 616K, capacity 656K, committed 768K, reserved 1048576K
}
Event: 54.484 GC heap before
{Heap before GC invocations=30 (full 6):
 PSYoungGen      total 396800K, used 396522K [0x00000000d5580000, 0x0000000100000000, 0x0000000100000000)
  eden space 256512K, 100% used [0x00000000d5580000,0x00000000e5000000,0x00000000e5000000)
  from space 140288K, 99% used [0x00000000e5000000,0x00000000ed8ba890,0x00000000ed900000)
  to   space 230400K, 0% used [0x00000000f1f00000,0x00000000f1f00000,0x0000000100000000)
 ParOldGen       total 680448K, used 566590K [0x0000000080000000, 0x00000000a9880000, 0x00000000d5580000)
  object space 680448K, 83% used [0x0000000080000000,0x00000000a294f9e0,0x00000000a9880000)
 Metaspace       used 6575K, capacity 7320K, committed 7680K, reserved 1056768K
  class space    used 616K, capacity 656K, committed 768K, reserved 1048576K
Event: 59.193 GC heap after
Heap after GC invocations=30 (full 6):
 PSYoungGen      total 463360K, used 143389K [0x00000000d5580000, 0x0000000100000000, 0x0000000100000000)
  eden space 232960K, 0% used [0x00000000d5580000,0x00000000d5580000,0x00000000e3900000)
  from space 230400K, 62% used [0x00000000f1f00000,0x00000000fab07488,0x0000000100000000)
  to   space 232960K, 0% used [0x00000000e3900000,0x00000000e3900000,0x00000000f1c80000)
 ParOldGen       total 680448K, used 615592K [0x0000000080000000, 0x00000000a9880000, 0x00000000d5580000)
  object space 680448K, 90% used [0x0000000080000000,0x00000000a592a2a8,0x00000000a9880000)
 Metaspace       used 6575K, capacity 7320K, committed 7680K, reserved 1056768K
  class space    used 616K, capacity 656K, committed 768K, reserved 1048576K
}
Event: 59.363 GC heap before
{Heap before GC invocations=31 (full 7):
 PSYoungGen      total 463360K, used 143389K [0x00000000d5580000, 0x0000000100000000, 0x0000000100000000)
  eden space 232960K, 0% used [0x00000000d5580000,0x00000000d5580000,0x00000000e3900000)
  from space 230400K, 62% used [0x00000000f1f00000,0x00000000fab07488,0x0000000100000000)
  to   space 232960K, 0% used [0x00000000e3900000,0x00000000e3900000,0x00000000f1c80000)
 ParOldGen       total 680448K, used 615592K [0x0000000080000000, 0x00000000a9880000, 0x00000000d5580000)
  object space 680448K, 90% used [0x0000000080000000,0x00000000a592a2a8,0x00000000a9880000)
 Metaspace       used 6575K, capacity 7320K, committed 7680K, reserved 1056768K
  class space    used 616K, capacity 656K, committed 768K, reserved 1048576K

Deoptimization events (10 events):
Event: 32.177 Thread 0x00007f213000a000 Uncommon trap: reason=unstable_if action=reinterpret pc=0x00007f2121b8c278 method=com.android.dx.cf.code.ByteCatchList.typeNotFound(Lcom/android/dx/cf/code/ByteCatchList$Item;[Lcom/android/dx/cf/code/ByteCatchList$Item;I)Z @ 34
Event: 45.645 Thread 0x00007f2130176800 Uncommon trap: reason=predicate action=maybe_recompile pc=0x00007f2121c2b680 method=com.android.dx.ssa.back.InterferenceGraph.<init>(I)V @ 23
Event: 45.650 Thread 0x00007f213017a000 Uncommon trap: reason=predicate action=maybe_recompile pc=0x00007f2121c2b680 method=com.android.dx.ssa.back.InterferenceGraph.<init>(I)V @ 23
Event: 45.752 Thread 0x00007f2130176800 Uncommon trap: reason=unloaded action=reinterpret pc=0x00007f21214dcbdc method=com.android.dx.ssa.SetFactory.makeLivenessSet(I)Lcom/android/dx/util/IntSet; @ 18
Event: 45.752 Thread 0x00007f213017d800 Uncommon trap: reason=predicate action=maybe_recompile pc=0x00007f2121b6ada0 method=com.android.dx.ssa.back.InterferenceGraph.<init>(I)V @ 23
Event: 45.753 Thread 0x00007f213017a000 Uncommon trap: reason=unloaded action=reinterpret pc=0x00007f21214dcbdc method=com.android.dx.ssa.SetFactory.makeLivenessSet(I)Lcom/android/dx/util/IntSet; @ 18
Event: 45.947 Thread 0x00007f213017d800 Uncommon trap: reason=class_check action=maybe_recompile pc=0x00007f2121a94638 method=com.android.dx.ssa.back.InterferenceGraph.mergeInterferenceSet(ILcom/android/dx/util/IntSet;)V @ 20
Event: 45.979 Thread 0x00007f2130176800 Uncommon trap: reason=class_check action=maybe_recompile pc=0x00007f2121a94638 method=com.android.dx.ssa.back.InterferenceGraph.mergeInterferenceSet(ILcom/android/dx/util/IntSet;)V @ 20
Event: 45.986 Thread 0x00007f213017a000 Uncommon trap: reason=class_check action=maybe_recompile pc=0x00007f2121a94638 method=com.android.dx.ssa.back.InterferenceGraph.mergeInterferenceSet(ILcom/android/dx/util/IntSet;)V @ 20
Event: 46.001 Thread 0x00007f2130176800 Uncommon trap: reason=class_check action=maybe_recompile pc=0x00007f2121a94638 method=com.android.dx.ssa.back.InterferenceGraph.mergeInterferenceSet(ILcom/android/dx/util/IntSet;)V @ 20

Internal exceptions (6 events):
Event: 0.125 Thread 0x00007f213000a000 Exception <a 'java/lang/NoSuchMethodError': Method sun.misc.Unsafe.defineClass(Ljava/lang/String;[BII)Ljava/lang/Class; name or signature does not match> (0x00000000d5592bf0) thrown at [/HUDSON3/workspace/8-2-build-linux-amd64/jdk8u73/6086/hotspot/src/sha
Event: 0.125 Thread 0x00007f213000a000 Exception <a 'java/lang/NoSuchMethodError': Method sun.misc.Unsafe.prefetchRead(Ljava/lang/Object;J)V name or signature does not match> (0x00000000d5592ed8) thrown at [/HUDSON3/workspace/8-2-build-linux-amd64/jdk8u73/6086/hotspot/src/share/vm/prims/jni.cp
Event: 1.884 Thread 0x00007f213017a000 Implicit null exception at 0x00007f2121325969 to 0x00007f2121328145
Event: 3.105 Thread 0x00007f213000a000 Exception <a 'java/lang/ArrayIndexOutOfBoundsException': 18> (0x00000000d747fba0) thrown at [/HUDSON3/workspace/8-2-build-linux-amd64/jdk8u73/6086/hotspot/src/share/vm/interpreter/interpreterRuntime.cpp, line 366]
Event: 3.105 Thread 0x00007f213017d800 Exception <a 'java/lang/ArrayIndexOutOfBoundsException': 145> (0x00000000d716bd58) thrown at [/HUDSON3/workspace/8-2-build-linux-amd64/jdk8u73/6086/hotspot/src/share/vm/interpreter/interpreterRuntime.cpp, line 366]
Event: 3.115 Thread 0x00007f213017d800 Exception <a 'java/lang/ArrayIndexOutOfBoundsException': 40> (0x00000000d716d040) thrown at [/HUDSON3/workspace/8-2-build-linux-amd64/jdk8u73/6086/hotspot/src/share/vm/interpreter/interpreterRuntime.cpp, line 366]

Events (10 events):
Event: 46.001 Thread 0x00007f2130176800 DEOPT UNPACKING pc=0x00007f2121005229 sp=0x00007f211ce01e30 mode 2
Event: 46.003 Thread 0x00007f213017d800 DEOPT PACKING pc=0x00007f2121a94638 sp=0x00007f211c9fdc90
Event: 46.003 Thread 0x00007f213017d800 DEOPT UNPACKING pc=0x00007f2121005229 sp=0x00007f211c9fdc30 mode 2
Event: 46.017 Thread 0x00007f213017a000 DEOPT PACKING pc=0x00007f2121a94638 sp=0x00007f211cbffd90
Event: 46.017 Thread 0x00007f213017a000 DEOPT UNPACKING pc=0x00007f2121005229 sp=0x00007f211cbffd30 mode 2
Event: 46.023 Executing VM operation: ParallelGCFailedAllocation
Event: 53.137 Executing VM operation: ParallelGCFailedAllocation done
Event: 54.456 Thread 0x00007f213017d800 DEOPT PACKING pc=0x00007f21214c6bf9 sp=0x00007f211c9fdd50
Event: 54.456 Thread 0x00007f213017d800 DEOPT UNPACKING pc=0x00007f2121047233 sp=0x00007f211c9fdb00 mode 0
Event: 54.484 Executing VM operation: ParallelGCFailedAllocation


Dynamic libraries:
00400000-00401000 r-xp 00000000 08:06 1974662                            /home/adament/mkn/android/jdk1.8.0_73/bin/java
00600000-00601000 rw-p 00000000 08:06 1974662                            /home/adament/mkn/android/jdk1.8.0_73/bin/java
010a7000-010e9000 rw-p 00000000 00:00 0                                  [heap]
80000000-a9880000 rw-p 00000000 00:00 0 
b6c00000-d5580000 ---p 00000000 00:00 0 
d5580000-100000000 rw-p 00000000 00:00 0 
100000000-1000c0000 rw-p 00000000 00:00 0 
1000c0000-140000000 ---p 00000000 00:00 0 
7f20e0000000-7f20e0026000 rw-p 00000000 00:00 0 
7f20e0026000-7f20e4000000 ---p 00000000 00:00 0 
7f20e4000000-7f20e4026000 rw-p 00000000 00:00 0 
7f20e4026000-7f20e8000000 ---p 00000000 00:00 0 
7f20e8000000-7f20e8035000 rw-p 00000000 00:00 0 
7f20e8035000-7f20ec000000 ---p 00000000 00:00 0 
7f20ec000000-7f20ec021000 rw-p 00000000 00:00 0 
7f20ec021000-7f20f0000000 ---p 00000000 00:00 0 
7f20f0000000-7f20f0021000 rw-p 00000000 00:00 0 
7f20f0021000-7f20f4000000 ---p 00000000 00:00 0 
7f20f4000000-7f20f4021000 rw-p 00000000 00:00 0 
7f20f4021000-7f20f8000000 ---p 00000000 00:00 0 
7f20f8000000-7f20fa1eb000 rw-p 00000000 00:00 0 
7f20fa1eb000-7f20fc000000 ---p 00000000 00:00 0 
7f20fc000000-7f20fc9ce000 rw-p 00000000 00:00 0 
7f20fc9ce000-7f2100000000 ---p 00000000 00:00 0 
7f2100000000-7f2100021000 rw-p 00000000 00:00 0 
7f2100021000-7f2104000000 ---p 00000000 00:00 0 
7f2104000000-7f2104021000 rw-p 00000000 00:00 0 
7f2104021000-7f2108000000 ---p 00000000 00:00 0 
7f2108000000-7f21082ae000 rw-p 00000000 00:00 0 
7f21082ae000-7f210c000000 ---p 00000000 00:00 0 
7f210c000000-7f210c021000 rw-p 00000000 00:00 0 
7f210c021000-7f2110000000 ---p 00000000 00:00 0 
7f2110000000-7f2110021000 rw-p 00000000 00:00 0 
7f2110021000-7f2114000000 ---p 00000000 00:00 0 
7f2118000000-7f2118021000 rw-p 00000000 00:00 0 
7f2118021000-7f211c000000 ---p 00000000 00:00 0 
7f211c8ff000-7f211c902000 ---p 00000000 00:00 0 
7f211c902000-7f211ca00000 rw-p 00000000 00:00 0                          [stack:19222]
7f211ca00000-7f211ca03000 ---p 00000000 00:00 0 
7f211ca03000-7f211cb01000 rw-p 00000000 00:00 0                          [stack:19221]
7f211cb01000-7f211cb04000 ---p 00000000 00:00 0 
7f211cb04000-7f211cc02000 rw-p 00000000 00:00 0                          [stack:19220]
7f211cc02000-7f211cc05000 ---p 00000000 00:00 0 
7f211cc05000-7f211cd03000 rw-p 00000000 00:00 0                          [stack:19219]
7f211cd03000-7f211cd06000 ---p 00000000 00:00 0 
7f211cd06000-7f211ce04000 rw-p 00000000 00:00 0                          [stack:19218]
7f211ce04000-7f211ceff000 r--s 00ae1000 08:06 7475241                    /home/adament/Music/EstiloRobe/estiloRobe/build/intermediates/transforms/jarMerging/debug/jars/1/1f/combined.jar
7f211ceff000-7f211cf00000 ---p 00000000 00:00 0 
7f211cf00000-7f2121000000 rw-p 00000000 00:00 0                          [stack:19217]
7f2121000000-7f2121c80000 rwxp 00000000 00:00 0 
7f2121c80000-7f2130000000 ---p 00000000 00:00 0 
7f2130000000-7f2130398000 rw-p 00000000 00:00 0 
7f2130398000-7f2134000000 ---p 00000000 00:00 0 
7f21340ed000-7f21340f0000 ---p 00000000 00:00 0 
7f21340f0000-7f21341ee000 rw-p 00000000 00:00 0                          [stack:19216]
7f21341ee000-7f21341f1000 ---p 00000000 00:00 0 
7f21341f1000-7f21342ef000 rw-p 00000000 00:00 0                          [stack:19215]
7f21342ef000-7f21342f2000 ---p 00000000 00:00 0 
7f21342f2000-7f21343f0000 rw-p 00000000 00:00 0                          [stack:19214]
7f21343f0000-7f21343f3000 ---p 00000000 00:00 0 
7f21343f3000-7f21344f1000 rw-p 00000000 00:00 0                          [stack:19213]
7f21344f1000-7f21347ba000 r--p 00000000 08:06 138881                     /usr/lib/locale/locale-archive
7f21347ba000-7f21347bd000 ---p 00000000 00:00 0 
7f21347bd000-7f21348bb000 rw-p 00000000 00:00 0                          [stack:19212]
7f21348bb000-7f21348be000 ---p 00000000 00:00 0 
7f21348be000-7f21349bc000 rw-p 00000000 00:00 0                          [stack:19211]
7f21349bc000-7f21349bd000 ---p 00000000 00:00 0 
7f21349bd000-7f2135457000 rw-p 00000000 00:00 0                          [stack:19210]
7f2135457000-7f213562f000 r--s 03d23000 08:06 2102216                    /home/adament/mkn/android/jdk1.8.0_73/jre/lib/rt.jar
7f213562f000-7f2135d65000 rw-p 00000000 00:00 0 
7f2135d65000-7f2135ea5000 ---p 00000000 00:00 0 
7f2135ea5000-7f21362a5000 rw-p 00000000 00:00 0 
7f21362a5000-7f21362a6000 ---p 00000000 00:00 0 
7f21362a6000-7f21363a6000 rw-p 00000000 00:00 0                          [stack:19209]
7f21363a6000-7f21363a7000 ---p 00000000 00:00 0 
7f21363a7000-7f21365f4000 rw-p 00000000 00:00 0                          [stack:19208]
7f21365f4000-7f2136752000 ---p 00000000 00:00 0 
7f2136752000-7f213689f000 rw-p 00000000 00:00 0 
7f213689f000-7f21369fc000 ---p 00000000 00:00 0 
7f21369fc000-7f2136b52000 rw-p 00000000 00:00 0 
7f2136b52000-7f2136b85000 rw-p 00000000 00:00 0 
7f2136b85000-7f2136f13000 ---p 00000000 00:00 0 
7f2136f13000-7f2136f2d000 r-xp 00000000 08:06 2493507                    /home/adament/mkn/android/jdk1.8.0_73/jre/lib/amd64/libzip.so
7f2136f2d000-7f213712d000 ---p 0001a000 08:06 2493507                    /home/adament/mkn/android/jdk1.8.0_73/jre/lib/amd64/libzip.so
7f213712d000-7f213712e000 rw-p 0001a000 08:06 2493507                    /home/adament/mkn/android/jdk1.8.0_73/jre/lib/amd64/libzip.so
7f213712e000-7f2137139000 r-xp 00000000 08:06 2363499                    /lib/x86_64-linux-gnu/libnss_files-2.19.so
7f2137139000-7f2137338000 ---p 0000b000 08:06 2363499                    /lib/x86_64-linux-gnu/libnss_files-2.19.so
7f2137338000-7f2137339000 r--p 0000a000 08:06 2363499                    /lib/x86_64-linux-gnu/libnss_files-2.19.so
7f2137339000-7f213733a000 rw-p 0000b000 08:06 2363499                    /lib/x86_64-linux-gnu/libnss_files-2.19.so
7f213733a000-7f2137345000 r-xp 00000000 08:06 2363509                    /lib/x86_64-linux-gnu/libnss_nis-2.19.so
7f2137345000-7f2137544000 ---p 0000b000 08:06 2363509                    /lib/x86_64-linux-gnu/libnss_nis-2.19.so
7f2137544000-7f2137545000 r--p 0000a000 08:06 2363509                    /lib/x86_64-linux-gnu/libnss_nis-2.19.so
7f2137545000-7f2137546000 rw-p 0000b000 08:06 2363509                    /lib/x86_64-linux-gnu/libnss_nis-2.19.so
7f2137546000-7f213755d000 r-xp 00000000 08:06 2363493                    /lib/x86_64-linux-gnu/libnsl-2.19.so
7f213755d000-7f213775c000 ---p 00017000 08:06 2363493                    /lib/x86_64-linux-gnu/libnsl-2.19.so
7f213775c000-7f213775d000 r--p 00016000 08:06 2363493                    /lib/x86_64-linux-gnu/libnsl-2.19.so
7f213775d000-7f213775e000 rw-p 00017000 08:06 2363493                    /lib/x86_64-linux-gnu/libnsl-2.19.so
7f213775e000-7f2137760000 rw-p 00000000 00:00 0 
7f2137760000-7f2137769000 r-xp 00000000 08:06 2363495                    /lib/x86_64-linux-gnu/libnss_compat-2.19.so
7f2137769000-7f2137968000 ---p 00009000 08:06 2363495                    /lib/x86_64-linux-gnu/libnss_compat-2.19.so
7f2137968000-7f2137969000 r--p 00008000 08:06 2363495                    /lib/x86_64-linux-gnu/libnss_compat-2.19.so
7f2137969000-7f213796a000 rw-p 00009000 08:06 2363495                    /lib/x86_64-linux-gnu/libnss_compat-2.19.so
7f213796a000-7f2137994000 r-xp 00000000 08:06 2493472                    /home/adament/mkn/android/jdk1.8.0_73/jre/lib/amd64/libjava.so
7f2137994000-7f2137b94000 ---p 0002a000 08:06 2493472                    /home/adament/mkn/android/jdk1.8.0_73/jre/lib/amd64/libjava.so
7f2137b94000-7f2137b96000 rw-p 0002a000 08:06 2493472                    /home/adament/mkn/android/jdk1.8.0_73/jre/lib/amd64/libjava.so
7f2137b96000-7f2137ba3000 r-xp 00000000 08:06 2493506                    /home/adament/mkn/android/jdk1.8.0_73/jre/lib/amd64/libverify.so
7f2137ba3000-7f2137da3000 ---p 0000d000 08:06 2493506                    /home/adament/mkn/android/jdk1.8.0_73/jre/lib/amd64/libverify.so
7f2137da3000-7f2137da5000 rw-p 0000d000 08:06 2493506                    /home/adament/mkn/android/jdk1.8.0_73/jre/lib/amd64/libverify.so
7f2137da5000-7f2137dac000 r-xp 00000000 08:06 2363552                    /lib/x86_64-linux-gnu/librt-2.19.so
7f2137dac000-7f2137fab000 ---p 00007000 08:06 2363552                    /lib/x86_64-linux-gnu/librt-2.19.so
7f2137fab000-7f2137fac000 r--p 00006000 08:06 2363552                    /lib/x86_64-linux-gnu/librt-2.19.so
7f2137fac000-7f2137fad000 rw-p 00007000 08:06 2363552                    /lib/x86_64-linux-gnu/librt-2.19.so
7f2137fad000-7f21380b2000 r-xp 00000000 08:06 2363474                    /lib/x86_64-linux-gnu/libm-2.19.so
7f21380b2000-7f21382b1000 ---p 00105000 08:06 2363474                    /lib/x86_64-linux-gnu/libm-2.19.so
7f21382b1000-7f21382b2000 r--p 00104000 08:06 2363474                    /lib/x86_64-linux-gnu/libm-2.19.so
7f21382b2000-7f21382b3000 rw-p 00105000 08:06 2363474                    /lib/x86_64-linux-gnu/libm-2.19.so
7f21382b3000-7f2138f72000 r-xp 00000000 08:06 2624044                    /home/adament/mkn/android/jdk1.8.0_73/jre/lib/amd64/server/libjvm.so
7f2138f72000-7f2139171000 ---p 00cbf000 08:06 2624044                    /home/adament/mkn/android/jdk1.8.0_73/jre/lib/amd64/server/libjvm.so
7f2139171000-7f213924a000 rw-p 00cbe000 08:06 2624044                    /home/adament/mkn/android/jdk1.8.0_73/jre/lib/amd64/server/libjvm.so
7f213924a000-7f2139293000 rw-p 00000000 00:00 0 
7f2139293000-7f213944e000 r-xp 00000000 08:06 2363421                    /lib/x86_64-linux-gnu/libc-2.19.so
7f213944e000-7f213964e000 ---p 001bb000 08:06 2363421                    /lib/x86_64-linux-gnu/libc-2.19.so
7f213964e000-7f2139652000 r--p 001bb000 08:06 2363421                    /lib/x86_64-linux-gnu/libc-2.19.so
7f2139652000-7f2139654000 rw-p 001bf000 08:06 2363421                    /lib/x86_64-linux-gnu/libc-2.19.so
7f2139654000-7f2139659000 rw-p 00000000 00:00 0 
7f2139659000-7f213965c000 r-xp 00000000 08:06 2363438                    /lib/x86_64-linux-gnu/libdl-2.19.so
7f213965c000-7f213985b000 ---p 00003000 08:06 2363438                    /lib/x86_64-linux-gnu/libdl-2.19.so
7f213985b000-7f213985c000 r--p 00002000 08:06 2363438                    /lib/x86_64-linux-gnu/libdl-2.19.so
7f213985c000-7f213985d000 rw-p 00003000 08:06 2363438                    /lib/x86_64-linux-gnu/libdl-2.19.so
7f213985d000-7f2139872000 r-xp 00000000 08:06 2493603                    /home/adament/mkn/android/jdk1.8.0_73/lib/amd64/jli/libjli.so
7f2139872000-7f2139a72000 ---p 00015000 08:06 2493603                    /home/adament/mkn/android/jdk1.8.0_73/lib/amd64/jli/libjli.so
7f2139a72000-7f2139a73000 rw-p 00015000 08:06 2493603                    /home/adament/mkn/android/jdk1.8.0_73/lib/amd64/jli/libjli.so
7f2139a73000-7f2139a8c000 r-xp 00000000 08:06 2363544                    /lib/x86_64-linux-gnu/libpthread-2.19.so
7f2139a8c000-7f2139c8b000 ---p 00019000 08:06 2363544                    /lib/x86_64-linux-gnu/libpthread-2.19.so
7f2139c8b000-7f2139c8c000 r--p 00018000 08:06 2363544                    /lib/x86_64-linux-gnu/libpthread-2.19.so
7f2139c8c000-7f2139c8d000 rw-p 00019000 08:06 2363544                    /lib/x86_64-linux-gnu/libpthread-2.19.so
7f2139c8d000-7f2139c91000 rw-p 00000000 00:00 0 
7f2139c91000-7f2139cb4000 r-xp 00000000 08:06 2363395                    /lib/x86_64-linux-gnu/ld-2.19.so
7f2139cbd000-7f2139d89000 rw-p 00000000 00:00 0 
7f2139d89000-7f2139d8c000 ---p 00000000 00:00 0 
7f2139d8c000-7f2139e8e000 rw-p 00000000 00:00 0                          [stack:19207]
7f2139e97000-7f2139e98000 rw-p 00000000 00:00 0 
7f2139e98000-7f2139ea7000 r--s 000df000 08:06 2493619                    /home/adament/mkn/android/sdk/build-tools/23.0.2/lib/dx.jar
7f2139ea7000-7f2139eaf000 rw-s 00000000 08:06 7476669                    /tmp/hsperfdata_adament/19201
7f2139eaf000-7f2139eb0000 rw-p 00000000 00:00 0 
7f2139eb0000-7f2139eb1000 ---p 00000000 00:00 0 
7f2139eb1000-7f2139eb3000 rw-p 00000000 00:00 0 
7f2139eb3000-7f2139eb4000 r--p 00022000 08:06 2363395                    /lib/x86_64-linux-gnu/ld-2.19.so
7f2139eb4000-7f2139eb5000 rw-p 00023000 08:06 2363395                    /lib/x86_64-linux-gnu/ld-2.19.so
7f2139eb5000-7f2139eb6000 rw-p 00000000 00:00 0 
7fffb99c0000-7fffb99e1000 rw-p 00000000 00:00 0                          [stack]
7fffb99fe000-7fffb9a00000 r-xp 00000000 00:00 0                          [vdso]
ffffffffff600000-ffffffffff601000 r-xp 00000000 00:00 0                  [vsyscall]

VM Arguments:
jvm_args: -Djava.awt.headless=true -Xmx2048M -Dfile.encoding=UTF-8 -Duser.country=IN -Duser.language=en -Duser.variant 
java_command: com.android.dx.command.Main --dex --num-threads=4 --multi-dex --main-dex-list /home/adament/Music/EstiloRobe/estiloRobe/build/intermediates/multi-dex/debug/maindexlist.txt --output /home/adament/Music/EstiloRobe/estiloRobe/build/intermediates/transforms/dex/debug/folders/1000/1f/main /home/adament/Music/EstiloRobe/estiloRobe/build/intermediates/transforms/jarMerging/debug/jars/1/1f/combined.jar
java_class_path (initial): /home/adament/mkn/android/sdk/build-tools/23.0.2/lib/dx.jar
Launcher Type: SUN_STANDARD

Environment Variables:
JAVA_HOME=/home/adament/mkn/android/jdk1.8.0_73
PATH=/usr/local/sbin:/usr/local/bin:/usr/sbin:/usr/bin:/sbin:/bin:/usr/games:/usr/local/games:/home/adament/mkn/android/sdk/platform-tools
USERNAME=adament
LD_LIBRARY_PATH=/home/adament/mkn/android/android-studio/bin:
SHELL=/bin/bash
DISPLAY=:0

Signal Handlers:
SIGSEGV: [libjvm.so+0xabafa0], sa_mask[0]=11111111011111111101111111111110, sa_flags=SA_RESTART|SA_SIGINFO
SIGBUS: [libjvm.so+0xabafa0], sa_mask[0]=11111111011111111101111111111110, sa_flags=SA_RESTART|SA_SIGINFO
SIGFPE: [libjvm.so+0x9183c0], sa_mask[0]=11111111011111111101111111111110, sa_flags=SA_RESTART|SA_SIGINFO
SIGPIPE: [libjvm.so+0x9183c0], sa_mask[0]=11111111011111111101111111111110, sa_flags=SA_RESTART|SA_SIGINFO
SIGXFSZ: [libjvm.so+0x9183c0], sa_mask[0]=11111111011111111101111111111110, sa_flags=SA_RESTART|SA_SIGINFO
SIGILL: [libjvm.so+0x9183c0], sa_mask[0]=11111111011111111101111111111110, sa_flags=SA_RESTART|SA_SIGINFO
SIGUSR1: SIG_DFL, sa_mask[0]=00000000000000000000000000000000, sa_flags=none
SIGUSR2: [libjvm.so+0x9199f0], sa_mask[0]=00100000000000000000000000000000, sa_flags=SA_RESTART|SA_SIGINFO
SIGHUP: [libjvm.so+0x91adf0], sa_mask[0]=11111111011111111101111111111110, sa_flags=SA_RESTART|SA_SIGINFO
SIGINT: [libjvm.so+0x91adf0], sa_mask[0]=11111111011111111101111111111110, sa_flags=SA_RESTART|SA_SIGINFO
SIGTERM: [libjvm.so+0x91adf0], sa_mask[0]=11111111011111111101111111111110, sa_flags=SA_RESTART|SA_SIGINFO
SIGQUIT: [libjvm.so+0x91adf0], sa_mask[0]=11111111011111111101111111111110, sa_flags=SA_RESTART|SA_SIGINFO


---------------  S Y S T E M  ---------------

OS:DISTRIB_ID=LinuxMint
DISTRIB_RELEASE=17.1
DISTRIB_CODENAME=rebecca
DISTRIB_DESCRIPTION="Linux Mint 17.1 Rebecca"

uname:Linux 3.13.0-37-generic #64-Ubuntu SMP Mon Sep 22 21:28:38 UTC 2014 x86_64
libc:glibc 2.19 NPTL 2.19 
rlimit: STACK 8192k, CORE 0k, NPROC 30684, NOFILE 4096, AS infinity
load average:14.86 7.87 4.35

/proc/meminfo:
MemTotal:        3958712 kB
MemFree:          104392 kB
Buffers:             264 kB
Cached:           164980 kB
SwapCached:        52864 kB
Active:          2641060 kB
Inactive:        1003792 kB
Active(anon):    2637740 kB
Inactive(anon):   988528 kB
Active(file):       3320 kB
Inactive(file):    15264 kB
Unevictable:          32 kB
Mlocked:              32 kB
SwapTotal:       1998844 kB
SwapFree:            464 kB
Dirty:               168 kB
Writeback:            84 kB
AnonPages:       3427816 kB
Mapped:            17784 kB
Shmem:            146496 kB
Slab:              77340 kB
SReclaimable:      42492 kB
SUnreclaim:        34848 kB
KernelStack:        4680 kB
PageTables:        48112 kB
NFS_Unstable:          0 kB
Bounce:                0 kB
WritebackTmp:          0 kB
CommitLimit:     3978200 kB
Committed_AS:    8085464 kB
VmallocTotal:   34359738367 kB
VmallocUsed:      543744 kB
VmallocChunk:   34359188460 kB
HardwareCorrupted:     0 kB
AnonHugePages:    759808 kB
HugePages_Total:       0
HugePages_Free:        0
HugePages_Rsvd:        0
HugePages_Surp:        0
Hugepagesize:       2048 kB
DirectMap4k:       72744 kB
DirectMap2M:     4032512 kB


CPU:total 2 (2 cores per cpu, 1 threads per core) family 6 model 42 stepping 7, cmov, cx8, fxsr, mmx, sse, sse2, sse3, ssse3, sse4.1, sse4.2, popcnt, clmul, tsc, tscinvbit

/proc/cpuinfo:
processor	: 0
vendor_id	: GenuineIntel
cpu family	: 6
model		: 42
model name	: Intel(R) Pentium(R) CPU G620 @ 2.60GHz
stepping	: 7
microcode	: 0xd
cpu MHz		: 2594.297
cache size	: 3072 KB
physical id	: 0
siblings	: 2
core id		: 0
cpu cores	: 2
apicid		: 0
initial apicid	: 0
fpu		: yes
fpu_exception	: yes
cpuid level	: 13
wp		: yes
flags		: fpu vme de pse tsc msr pae mce cx8 apic sep mtrr pge mca cmov pat pse36 clflush dts acpi mmx fxsr sse sse2 ss ht tm pbe syscall nx rdtscp lm constant_tsc arch_perfmon pebs bts rep_good nopl xtopology nonstop_tsc aperfmperf eagerfpu pni pclmulqdq dtes64 monitor ds_cpl vmx est tm2 ssse3 cx16 xtpr pdcm pcid sse4_1 sse4_2 popcnt tsc_deadline_timer xsave lahf_lm arat epb xsaveopt pln pts dtherm tpr_shadow vnmi flexpriority ept vpid
bogomips	: 5188.59
clflush size	: 64
cache_alignment	: 64
address sizes	: 36 bits physical, 48 bits virtual
power management:

processor	: 1
vendor_id	: GenuineIntel
cpu family	: 6
model		: 42
model name	: Intel(R) Pentium(R) CPU G620 @ 2.60GHz
stepping	: 7
microcode	: 0xd
cpu MHz		: 2594.297
cache size	: 3072 KB
physical id	: 0
siblings	: 2
core id		: 1
cpu cores	: 2
apicid		: 2
initial apicid	: 2
fpu		: yes
fpu_exception	: yes
cpuid level	: 13
wp		: yes
flags		: fpu vme de pse tsc msr pae mce cx8 apic sep mtrr pge mca cmov pat pse36 clflush dts acpi mmx fxsr sse sse2 ss ht tm pbe syscall nx rdtscp lm constant_tsc arch_perfmon pebs bts rep_good nopl xtopology nonstop_tsc aperfmperf eagerfpu pni pclmulqdq dtes64 monitor ds_cpl vmx est tm2 ssse3 cx16 xtpr pdcm pcid sse4_1 sse4_2 popcnt tsc_deadline_timer xsave lahf_lm arat epb xsaveopt pln pts dtherm tpr_shadow vnmi flexpriority ept vpid
bogomips	: 5188.59
clflush size	: 64
cache_alignment	: 64
address sizes	: 36 bits physical, 48 bits virtual
power management:



Memory: 4k page, physical 3958712k(103276k free), swap 1998844k(472k free)

vm_info: Java HotSpot(TM) 64-Bit Server VM (25.73-b02) for linux-amd64 JRE (1.8.0_73-b02), built on Jan 29 2016 17:39:45 by "java_re" with gcc 4.3.0 20080428 (Red Hat 4.3.0-8)

time: Tue Mar 29 15:31:58 2016
elapsed time: 95 seconds (0d 0h 1m 35s)

